-------------------------------------------------------------------------------
Test set: com.flowscript.sintactic.parsers.process.estructura_principal.ProcessDeclarationParserTest
-------------------------------------------------------------------------------
Tests run: 3, Failures: 0, Errors: 3, Skipped: 0, Time elapsed: 0.156 s <<< FAILURE! -- in com.flowscript.sintactic.parsers.process.estructura_principal.ProcessDeclarationParserTest
com.flowscript.sintactic.parsers.process.estructura_principal.ProcessDeclarationParserTest.testSimpleProcess -- Time elapsed: 0.003 s <<< ERROR!
java.lang.StackOverflowError
	at com.flowscript.sintactic.parsers.functions.control_flujo.IfStatementParser.<init>(IfStatementParser.java:79)
	at com.flowscript.sintactic.parsers.functions.control_ejecucion.StatementParser.<init>(StatementParser.java:97)
	at com.flowscript.sintactic.parsers.functions.control_flujo.IfStatementParser.<init>(IfStatementParser.java:79)
	at com.flowscript.sintactic.parsers.functions.control_ejecucion.StatementParser.<init>(StatementParser.java:97)
	at com.flowscript.sintactic.parsers.functions.control_flujo.IfStatementParser.<init>(IfStatementParser.java:79)
	at com.flowscript.sintactic.parsers.functions.control_ejecucion.StatementParser.<init>(StatementParser.java:97)
	at com.flowscript.sintactic.parsers.functions.control_flujo.IfStatementParser.<init>(IfStatementParser.java:79)
	at com.flowscript.sintactic.parsers.functions.control_ejecucion.StatementParser.<init>(StatementParser.java:97)
	at com.flowscript.sintactic.parsers.functions.control_flujo.IfStatementParser.<init>(IfStatementParser.java:79)
	at com.flowscript.sintactic.parsers.functions.control_ejecucion.StatementParser.<init>(StatementParser.java:97)
	at com.flowscript.sintactic.parsers.functions.control_flujo.IfStatementParser.<init>(IfStatementParser.java:79)
	at com.flowscript.sintactic.parsers.functions.control_ejecucion.StatementParser.<init>(StatementParser.java:97)
	at com.flowscript.sintactic.parsers.functions.control_flujo.IfStatementParser.<init>(IfStatementParser.java:79)
	at com.flowscript.sintactic.parsers.functions.control_ejecucion.StatementParser.<init>(StatementParser.java:97)
	at com.flowscript.sintactic.parsers.functions.control_flujo.IfStatementParser.<init>(IfStatementParser.java:79)
	at com.flowscript.sintactic.parsers.functions.control_ejecucion.StatementParser.<init>(StatementParser.java:97)
	at com.flowscript.sintactic.parsers.functions.control_flujo.IfStatementParser.<init>(IfStatementParser.java:79)
	at com.flowscript.sintactic.parsers.functions.control_ejecucion.StatementParser.<init>(StatementParser.java:97)
	at com.flowscript.sintactic.parsers.functions.control_flujo.IfStatementParser.<init>(IfStatementParser.java:79)
	at com.flowscript.sintactic.parsers.functions.control_ejecucion.StatementParser.<init>(StatementParser.java:97)
	at com.flowscript.sintactic.parsers.functions.control_flujo.IfStatementParser.<init>(IfStatementParser.java:79)
	at com.flowscript.sintactic.parsers.functions.control_ejecucion.StatementParser.<init>(StatementParser.java:97)
	at com.flowscript.sintactic.parsers.functions.control_flujo.IfStatementParser.<init>(IfStatementParser.java:79)
	at com.flowscript.sintactic.parsers.functions.control_ejecucion.StatementParser.<init>(StatementParser.java:97)
	at com.flowscript.sintactic.parsers.functions.control_flujo.IfStatementParser.<init>(IfStatementParser.java:79)
	at com.flowscript.sintactic.parsers.functions.control_ejecucion.StatementParser.<init>(StatementParser.java:97)
	at com.flowscript.sintactic.parsers.functions.control_flujo.IfStatementParser.<init>(IfStatementParser.java:79)
	at com.flowscript.sintactic.parsers.functions.control_ejecucion.StatementParser.<init>(StatementParser.java:97)
	at com.flowscript.sintactic.parsers.functions.control_flujo.IfStatementParser.<init>(IfStatementParser.java:79)
	at com.flowscript.sintactic.parsers.functions.control_ejecucion.StatementParser.<init>(StatementParser.java:97)
	at com.flowscript.sintactic.parsers.functions.control_flujo.IfStatementParser.<init>(IfStatementParser.java:79)
	at com.flowscript.sintactic.parsers.functions.control_ejecucion.StatementParser.<init>(StatementParser.java:97)
	at com.flowscript.sintactic.parsers.functions.control_flujo.IfStatementParser.<init>(IfStatementParser.java:79)
	at com.flowscript.sintactic.parsers.functions.control_ejecucion.StatementParser.<init>(StatementParser.java:97)
	at com.flowscript.sintactic.parsers.functions.control_flujo.IfStatementParser.<init>(IfStatementParser.java:79)
	at com.flowscript.sintactic.parsers.functions.control_ejecucion.StatementParser.<init>(StatementParser.java:97)
	at com.flowscript.sintactic.parsers.functions.control_flujo.IfStatementParser.<init>(IfStatementParser.java:79)
	at com.flowscript.sintactic.parsers.functions.control_ejecucion.StatementParser.<init>(StatementParser.java:97)
	at com.flowscript.sintactic.parsers.functions.control_flujo.IfStatementParser.<init>(IfStatementParser.java:79)
	at com.flowscript.sintactic.parsers.functions.control_ejecucion.StatementParser.<init>(StatementParser.java:97)
	at com.flowscript.sintactic.parsers.functions.control_flujo.IfStatementParser.<init>(IfStatementParser.java:79)
	at com.flowscript.sintactic.parsers.functions.control_ejecucion.StatementParser.<init>(StatementParser.java:97)
	at com.flowscript.sintactic.parsers.functions.control_flujo.IfStatementParser.<init>(IfStatementParser.java:79)
	at com.flowscript.sintactic.parsers.functions.control_ejecucion.StatementParser.<init>(StatementParser.java:97)
	at com.flowscript.sintactic.parsers.functions.control_flujo.IfStatementParser.<init>(IfStatementParser.java:79)
	at com.flowscript.sintactic.parsers.functions.control_ejecucion.StatementParser.<init>(StatementParser.java:97)
	at com.flowscript.sintactic.parsers.functions.control_flujo.IfStatementParser.<init>(IfStatementParser.java:79)
	at com.flowscript.sintactic.parsers.functions.control_ejecucion.StatementParser.<init>(StatementParser.java:97)
	at com.flowscript.sintactic.parsers.functions.control_flujo.IfStatementParser.<init>(IfStatementParser.java:79)
	at com.flowscript.sintactic.parsers.functions.control_ejecucion.StatementParser.<init>(StatementParser.java:97)
	at com.flowscript.sintactic.parsers.functions.control_flujo.IfStatementParser.<init>(IfStatementParser.java:79)
	at com.flowscript.sintactic.parsers.functions.control_ejecucion.StatementParser.<init>(StatementParser.java:97)
	at com.flowscript.sintactic.parsers.functions.control_flujo.IfStatementParser.<init>(IfStatementParser.java:79)
	at com.flowscript.sintactic.parsers.functions.control_ejecucion.StatementParser.<init>(StatementParser.java:97)
	at com.flowscript.sintactic.parsers.functions.control_flujo.IfStatementParser.<init>(IfStatementParser.java:79)
	at com.flowscript.sintactic.parsers.functions.control_ejecucion.StatementParser.<init>(StatementParser.java:97)
	at com.flowscript.sintactic.parsers.functions.control_flujo.IfStatementParser.<init>(IfStatementParser.java:79)
	at com.flowscript.sintactic.parsers.functions.control_ejecucion.StatementParser.<init>(StatementParser.java:97)
	at com.flowscript.sintactic.parsers.functions.control_flujo.IfStatementParser.<init>(IfStatementParser.java:79)
	at com.flowscript.sintactic.parsers.functions.control_ejecucion.StatementParser.<init>(StatementParser.java:97)
	at com.flowscript.sintactic.parsers.functions.control_flujo.IfStatementParser.<init>(IfStatementParser.java:79)
	at com.flowscript.sintactic.parsers.functions.control_ejecucion.StatementParser.<init>(StatementParser.java:97)
	at com.flowscript.sintactic.parsers.functions.control_flujo.IfStatementParser.<init>(IfStatementParser.java:79)
	at com.flowscript.sintactic.parsers.functions.control_ejecucion.StatementParser.<init>(StatementParser.java:97)
	at com.flowscript.sintactic.parsers.functions.control_flujo.IfStatementParser.<init>(IfStatementParser.java:79)
	at com.flowscript.sintactic.parsers.functions.control_ejecucion.StatementParser.<init>(StatementParser.java:97)
	at com.flowscript.sintactic.parsers.functions.control_flujo.IfStatementParser.<init>(IfStatementParser.java:79)
	at com.flowscript.sintactic.parsers.functions.control_ejecucion.StatementParser.<init>(StatementParser.java:97)
	at com.flowscript.sintactic.parsers.functions.control_flujo.IfStatementParser.<init>(IfStatementParser.java:79)
	at com.flowscript.sintactic.parsers.functions.control_ejecucion.StatementParser.<init>(StatementParser.java:97)
	at com.flowscript.sintactic.parsers.functions.control_flujo.IfStatementParser.<init>(IfStatementParser.java:79)
	at com.flowscript.sintactic.parsers.functions.control_ejecucion.StatementParser.<init>(StatementParser.java:97)
	at com.flowscript.sintactic.parsers.functions.control_flujo.IfStatementParser.<init>(IfStatementParser.java:79)
	at com.flowscript.sintactic.parsers.functions.control_ejecucion.StatementParser.<init>(StatementParser.java:97)
	at com.flowscript.sintactic.parsers.functions.control_flujo.IfStatementParser.<init>(IfStatementParser.java:79)
	at com.flowscript.sintactic.parsers.functions.control_ejecucion.StatementParser.<init>(StatementParser.java:97)
	at com.flowscript.sintactic.parsers.functions.control_flujo.IfStatementParser.<init>(IfStatementParser.java:79)
	at com.flowscript.sintactic.parsers.functions.control_ejecucion.StatementParser.<init>(StatementParser.java:97)
	at com.flowscript.sintactic.parsers.functions.control_flujo.IfStatementParser.<init>(IfStatementParser.java:79)
	at com.flowscript.sintactic.parsers.functions.control_ejecucion.StatementParser.<init>(StatementParser.java:97)
	at com.flowscript.sintactic.parsers.functions.control_flujo.IfStatementParser.<init>(IfStatementParser.java:79)
	at com.flowscript.sintactic.parsers.functions.control_ejecucion.StatementParser.<init>(StatementParser.java:97)
	at com.flowscript.sintactic.parsers.functions.control_flujo.IfStatementParser.<init>(IfStatementParser.java:79)
	at com.flowscript.sintactic.parsers.functions.control_ejecucion.StatementParser.<init>(StatementParser.java:97)
	at com.flowscript.sintactic.parsers.functions.control_flujo.IfStatementParser.<init>(IfStatementParser.java:79)
	at com.flowscript.sintactic.parsers.functions.control_ejecucion.StatementParser.<init>(StatementParser.java:97)
	at com.flowscript.sintactic.parsers.functions.control_flujo.IfStatementParser.<init>(IfStatementParser.java:79)
	at com.flowscript.sintactic.parsers.functions.control_ejecucion.StatementParser.<init>(StatementParser.java:97)
	at com.flowscript.sintactic.parsers.functions.control_flujo.IfStatementParser.<init>(IfStatementParser.java:79)
	at com.flowscript.sintactic.parsers.functions.control_ejecucion.StatementParser.<init>(StatementParser.java:97)
	at com.flowscript.sintactic.parsers.functions.control_flujo.IfStatementParser.<init>(IfStatementParser.java:79)
	at com.flowscript.sintactic.parsers.functions.control_ejecucion.StatementParser.<init>(StatementParser.java:97)
	at com.flowscript.sintactic.parsers.functions.control_flujo.IfStatementParser.<init>(IfStatementParser.java:79)
	at com.flowscript.sintactic.parsers.functions.control_ejecucion.StatementParser.<init>(StatementParser.java:97)
	at com.flowscript.sintactic.parsers.functions.control_flujo.IfStatementParser.<init>(IfStatementParser.java:79)
	at com.flowscript.sintactic.parsers.functions.control_ejecucion.StatementParser.<init>(StatementParser.java:97)
	at com.flowscript.sintactic.parsers.functions.control_flujo.IfStatementParser.<init>(IfStatementParser.java:79)
	at com.flowscript.sintactic.parsers.functions.control_ejecucion.StatementParser.<init>(StatementParser.java:97)
	at com.flowscript.sintactic.parsers.functions.control_flujo.IfStatementParser.<init>(IfStatementParser.java:79)
	at com.flowscript.sintactic.parsers.functions.control_ejecucion.StatementParser.<init>(StatementParser.java:97)
	at com.flowscript.sintactic.parsers.functions.control_flujo.IfStatementParser.<init>(IfStatementParser.java:79)
	at com.flowscript.sintactic.parsers.functions.control_ejecucion.StatementParser.<init>(StatementParser.java:97)
	at com.flowscript.sintactic.parsers.functions.control_flujo.IfStatementParser.<init>(IfStatementParser.java:79)
	at com.flowscript.sintactic.parsers.functions.control_ejecucion.StatementParser.<init>(StatementParser.java:97)
	at com.flowscript.sintactic.parsers.functions.control_flujo.IfStatementParser.<init>(IfStatementParser.java:79)
	at com.flowscript.sintactic.parsers.functions.control_ejecucion.StatementParser.<init>(StatementParser.java:97)
	at com.flowscript.sintactic.parsers.functions.control_flujo.IfStatementParser.<init>(IfStatementParser.java:79)
	at com.flowscript.sintactic.parsers.functions.control_ejecucion.StatementParser.<init>(StatementParser.java:97)
	at com.flowscript.sintactic.parsers.functions.control_flujo.IfStatementParser.<init>(IfStatementParser.java:79)
	at com.flowscript.sintactic.parsers.functions.control_ejecucion.StatementParser.<init>(StatementParser.java:97)
	at com.flowscript.sintactic.parsers.functions.control_flujo.IfStatementParser.<init>(IfStatementParser.java:79)
	at com.flowscript.sintactic.parsers.functions.control_ejecucion.StatementParser.<init>(StatementParser.java:97)
	at com.flowscript.sintactic.parsers.functions.control_flujo.IfStatementParser.<init>(IfStatementParser.java:79)
	at com.flowscript.sintactic.parsers.functions.control_ejecucion.StatementParser.<init>(StatementParser.java:97)
	at com.flowscript.sintactic.parsers.functions.control_flujo.IfStatementParser.<init>(IfStatementParser.java:79)
	at com.flowscript.sintactic.parsers.functions.control_ejecucion.StatementParser.<init>(StatementParser.java:97)
	at com.flowscript.sintactic.parsers.functions.control_flujo.IfStatementParser.<init>(IfStatementParser.java:79)
	at com.flowscript.sintactic.parsers.functions.control_ejecucion.StatementParser.<init>(StatementParser.java:97)
	at com.flowscript.sintactic.parsers.functions.control_flujo.IfStatementParser.<init>(IfStatementParser.java:79)
	at com.flowscript.sintactic.parsers.functions.control_ejecucion.StatementParser.<init>(StatementParser.java:97)
	at com.flowscript.sintactic.parsers.functions.control_flujo.IfStatementParser.<init>(IfStatementParser.java:79)
	at com.flowscript.sintactic.parsers.functions.control_ejecucion.StatementParser.<init>(StatementParser.java:97)
	at com.flowscript.sintactic.parsers.functions.control_flujo.IfStatementParser.<init>(IfStatementParser.java:79)
	at com.flowscript.sintactic.parsers.functions.control_ejecucion.StatementParser.<init>(StatementParser.java:97)
	at com.flowscript.sintactic.parsers.functions.control_flujo.IfStatementParser.<init>(IfStatementParser.java:79)
	at com.flowscript.sintactic.parsers.functions.control_ejecucion.StatementParser.<init>(StatementParser.java:97)
	at com.flowscript.sintactic.parsers.functions.control_flujo.IfStatementParser.<init>(IfStatementParser.java:79)
	at com.flowscript.sintactic.parsers.functions.control_ejecucion.StatementParser.<init>(StatementParser.java:97)
	at com.flowscript.sintactic.parsers.functions.control_flujo.IfStatementParser.<init>(IfStatementParser.java:79)
	at com.flowscript.sintactic.parsers.functions.control_ejecucion.StatementParser.<init>(StatementParser.java:97)
	at com.flowscript.sintactic.parsers.functions.control_flujo.IfStatementParser.<init>(IfStatementParser.java:79)
	at com.flowscript.sintactic.parsers.functions.control_ejecucion.StatementParser.<init>(StatementParser.java:97)
	at com.flowscript.sintactic.parsers.functions.control_flujo.IfStatementParser.<init>(IfStatementParser.java:79)
	at com.flowscript.sintactic.parsers.functions.control_ejecucion.StatementParser.<init>(StatementParser.java:97)
	at com.flowscript.sintactic.parsers.functions.control_flujo.IfStatementParser.<init>(IfStatementParser.java:79)
	at com.flowscript.sintactic.parsers.functions.control_ejecucion.StatementParser.<init>(StatementParser.java:97)
	at com.flowscript.sintactic.parsers.functions.control_flujo.IfStatementParser.<init>(IfStatementParser.java:79)
	at com.flowscript.sintactic.parsers.functions.control_ejecucion.StatementParser.<init>(StatementParser.java:97)
	at com.flowscript.sintactic.parsers.functions.control_flujo.IfStatementParser.<init>(IfStatementParser.java:79)
	at com.flowscript.sintactic.parsers.functions.control_ejecucion.StatementParser.<init>(StatementParser.java:97)
	at com.flowscript.sintactic.parsers.functions.control_flujo.IfStatementParser.<init>(IfStatementParser.java:79)
	at com.flowscript.sintactic.parsers.functions.control_ejecucion.StatementParser.<init>(StatementParser.java:97)
	at com.flowscript.sintactic.parsers.functions.control_flujo.IfStatementParser.<init>(IfStatementParser.java:79)
	at com.flowscript.sintactic.parsers.functions.control_ejecucion.StatementParser.<init>(StatementParser.java:97)
	at com.flowscript.sintactic.parsers.functions.control_flujo.IfStatementParser.<init>(IfStatementParser.java:79)
	at com.flowscript.sintactic.parsers.functions.control_ejecucion.StatementParser.<init>(StatementParser.java:97)
	at com.flowscript.sintactic.parsers.functions.control_flujo.IfStatementParser.<init>(IfStatementParser.java:79)
	at com.flowscript.sintactic.parsers.functions.control_ejecucion.StatementParser.<init>(StatementParser.java:97)
	at com.flowscript.sintactic.parsers.functions.control_flujo.IfStatementParser.<init>(IfStatementParser.java:79)
	at com.flowscript.sintactic.parsers.functions.control_ejecucion.StatementParser.<init>(StatementParser.java:97)
	at com.flowscript.sintactic.parsers.functions.control_flujo.IfStatementParser.<init>(IfStatementParser.java:79)
	at com.flowscript.sintactic.parsers.functions.control_ejecucion.StatementParser.<init>(StatementParser.java:97)
	at com.flowscript.sintactic.parsers.functions.control_flujo.IfStatementParser.<init>(IfStatementParser.java:79)
	at com.flowscript.sintactic.parsers.functions.control_ejecucion.StatementParser.<init>(StatementParser.java:97)
	at com.flowscript.sintactic.parsers.functions.control_flujo.IfStatementParser.<init>(IfStatementParser.java:79)
	at com.flowscript.sintactic.parsers.functions.control_ejecucion.StatementParser.<init>(StatementParser.java:97)
	at com.flowscript.sintactic.parsers.functions.control_flujo.IfStatementParser.<init>(IfStatementParser.java:79)
	at com.flowscript.sintactic.parsers.functions.control_ejecucion.StatementParser.<init>(StatementParser.java:97)
	at com.flowscript.sintactic.parsers.functions.control_flujo.IfStatementParser.<init>(IfStatementParser.java:79)
	at com.flowscript.sintactic.parsers.functions.control_ejecucion.StatementParser.<init>(StatementParser.java:97)
	at com.flowscript.sintactic.parsers.functions.control_flujo.IfStatementParser.<init>(IfStatementParser.java:79)
	at com.flowscript.sintactic.parsers.functions.control_ejecucion.StatementParser.<init>(StatementParser.java:97)
	at com.flowscript.sintactic.parsers.functions.control_flujo.IfStatementParser.<init>(IfStatementParser.java:79)
	at com.flowscript.sintactic.parsers.functions.control_ejecucion.StatementParser.<init>(StatementParser.java:97)
	at com.flowscript.sintactic.parsers.functions.control_flujo.IfStatementParser.<init>(IfStatementParser.java:79)
	at com.flowscript.sintactic.parsers.functions.control_ejecucion.StatementParser.<init>(StatementParser.java:97)
	at com.flowscript.sintactic.parsers.functions.control_flujo.IfStatementParser.<init>(IfStatementParser.java:79)
	at com.flowscript.sintactic.parsers.functions.control_ejecucion.StatementParser.<init>(StatementParser.java:97)
	at com.flowscript.sintactic.parsers.functions.control_flujo.IfStatementParser.<init>(IfStatementParser.java:79)
	at com.flowscript.sintactic.parsers.functions.control_ejecucion.StatementParser.<init>(StatementParser.java:97)
	at com.flowscript.sintactic.parsers.functions.control_flujo.IfStatementParser.<init>(IfStatementParser.java:79)
	at com.flowscript.sintactic.parsers.functions.control_ejecucion.StatementParser.<init>(StatementParser.java:97)
	at com.flowscript.sintactic.parsers.functions.control_flujo.IfStatementParser.<init>(IfStatementParser.java:79)
	at com.flowscript.sintactic.parsers.functions.control_ejecucion.StatementParser.<init>(StatementParser.java:97)
	at com.flowscript.sintactic.parsers.functions.control_flujo.IfStatementParser.<init>(IfStatementParser.java:79)
	at com.flowscript.sintactic.parsers.functions.control_ejecucion.StatementParser.<init>(StatementParser.java:97)
	at com.flowscript.sintactic.parsers.functions.control_flujo.IfStatementParser.<init>(IfStatementParser.java:79)
	at com.flowscript.sintactic.parsers.functions.control_ejecucion.StatementParser.<init>(StatementParser.java:97)
	at com.flowscript.sintactic.parsers.functions.control_flujo.IfStatementParser.<init>(IfStatementParser.java:79)
	at com.flowscript.sintactic.parsers.functions.control_ejecucion.StatementParser.<init>(StatementParser.java:97)
	at com.flowscript.sintactic.parsers.functions.control_flujo.IfStatementParser.<init>(IfStatementParser.java:79)
	at com.flowscript.sintactic.parsers.functions.control_ejecucion.StatementParser.<init>(StatementParser.java:97)
	at com.flowscript.sintactic.parsers.functions.control_flujo.IfStatementParser.<init>(IfStatementParser.java:79)
	at com.flowscript.sintactic.parsers.functions.control_ejecucion.StatementParser.<init>(StatementParser.java:97)
	at com.flowscript.sintactic.parsers.functions.control_flujo.IfStatementParser.<init>(IfStatementParser.java:79)
	at com.flowscript.sintactic.parsers.functions.control_ejecucion.StatementParser.<init>(StatementParser.java:97)
	at com.flowscript.sintactic.parsers.functions.control_flujo.IfStatementParser.<init>(IfStatementParser.java:79)
	at com.flowscript.sintactic.parsers.functions.control_ejecucion.StatementParser.<init>(StatementParser.java:97)
	at com.flowscript.sintactic.parsers.functions.control_flujo.IfStatementParser.<init>(IfStatementParser.java:79)
	at com.flowscript.sintactic.parsers.functions.control_ejecucion.StatementParser.<init>(StatementParser.java:97)
	at com.flowscript.sintactic.parsers.functions.control_flujo.IfStatementParser.<init>(IfStatementParser.java:79)
	at com.flowscript.sintactic.parsers.functions.control_ejecucion.StatementParser.<init>(StatementParser.java:97)
	at com.flowscript.sintactic.parsers.functions.control_flujo.IfStatementParser.<init>(IfStatementParser.java:79)
	at com.flowscript.sintactic.parsers.functions.control_ejecucion.StatementParser.<init>(StatementParser.java:97)
	at com.flowscript.sintactic.parsers.functions.control_flujo.IfStatementParser.<init>(IfStatementParser.java:79)
	at com.flowscript.sintactic.parsers.functions.control_ejecucion.StatementParser.<init>(StatementParser.java:97)
	at com.flowscript.sintactic.parsers.functions.control_flujo.IfStatementParser.<init>(IfStatementParser.java:79)
	at com.flowscript.sintactic.parsers.functions.control_ejecucion.StatementParser.<init>(StatementParser.java:97)
	at com.flowscript.sintactic.parsers.functions.control_flujo.IfStatementParser.<init>(IfStatementParser.java:79)
	at com.flowscript.sintactic.parsers.functions.control_ejecucion.StatementParser.<init>(StatementParser.java:97)
	at com.flowscript.sintactic.parsers.functions.control_flujo.IfStatementParser.<init>(IfStatementParser.java:79)
	at com.flowscript.sintactic.parsers.functions.control_ejecucion.StatementParser.<init>(StatementParser.java:97)
	at com.flowscript.sintactic.parsers.functions.control_flujo.IfStatementParser.<init>(IfStatementParser.java:79)
	at com.flowscript.sintactic.parsers.functions.control_ejecucion.StatementParser.<init>(StatementParser.java:97)
	at com.flowscript.sintactic.parsers.functions.control_flujo.IfStatementParser.<init>(IfStatementParser.java:79)
	at com.flowscript.sintactic.parsers.functions.control_ejecucion.StatementParser.<init>(StatementParser.java:97)
	at com.flowscript.sintactic.parsers.functions.control_flujo.IfStatementParser.<init>(IfStatementParser.java:79)
	at com.flowscript.sintactic.parsers.functions.control_ejecucion.StatementParser.<init>(StatementParser.java:97)
	at com.flowscript.sintactic.parsers.functions.control_flujo.IfStatementParser.<init>(IfStatementParser.java:79)
	at com.flowscript.sintactic.parsers.functions.control_ejecucion.StatementParser.<init>(StatementParser.java:97)
	at com.flowscript.sintactic.parsers.functions.control_flujo.IfStatementParser.<init>(IfStatementParser.java:79)
	at com.flowscript.sintactic.parsers.functions.control_ejecucion.StatementParser.<init>(StatementParser.java:97)
	at com.flowscript.sintactic.parsers.functions.control_flujo.IfStatementParser.<init>(IfStatementParser.java:79)
	at com.flowscript.sintactic.parsers.functions.control_ejecucion.StatementParser.<init>(StatementParser.java:97)
	at com.flowscript.sintactic.parsers.functions.control_flujo.IfStatementParser.<init>(IfStatementParser.java:79)
	at com.flowscript.sintactic.parsers.functions.control_ejecucion.StatementParser.<init>(StatementParser.java:97)
	at com.flowscript.sintactic.parsers.functions.control_flujo.IfStatementParser.<init>(IfStatementParser.java:79)
	at com.flowscript.sintactic.parsers.functions.control_ejecucion.StatementParser.<init>(StatementParser.java:97)
	at com.flowscript.sintactic.parsers.functions.control_flujo.IfStatementParser.<init>(IfStatementParser.java:79)
	at com.flowscript.sintactic.parsers.functions.control_ejecucion.StatementParser.<init>(StatementParser.java:97)
	at com.flowscript.sintactic.parsers.functions.control_flujo.IfStatementParser.<init>(IfStatementParser.java:79)
	at com.flowscript.sintactic.parsers.functions.control_ejecucion.StatementParser.<init>(StatementParser.java:97)
	at com.flowscript.sintactic.parsers.functions.control_flujo.IfStatementParser.<init>(IfStatementParser.java:79)
	at com.flowscript.sintactic.parsers.functions.control_ejecucion.StatementParser.<init>(StatementParser.java:97)
	at com.flowscript.sintactic.parsers.functions.control_flujo.IfStatementParser.<init>(IfStatementParser.java:79)
	at com.flowscript.sintactic.parsers.functions.control_ejecucion.StatementParser.<init>(StatementParser.java:97)
	at com.flowscript.sintactic.parsers.functions.control_flujo.IfStatementParser.<init>(IfStatementParser.java:79)
	at com.flowscript.sintactic.parsers.functions.control_ejecucion.StatementParser.<init>(StatementParser.java:97)
	at com.flowscript.sintactic.parsers.functions.control_flujo.IfStatementParser.<init>(IfStatementParser.java:79)
	at com.flowscript.sintactic.parsers.functions.control_ejecucion.StatementParser.<init>(StatementParser.java:97)
	at com.flowscript.sintactic.parsers.functions.control_flujo.IfStatementParser.<init>(IfStatementParser.java:79)
	at com.flowscript.sintactic.parsers.functions.control_ejecucion.StatementParser.<init>(StatementParser.java:97)
	at com.flowscript.sintactic.parsers.functions.control_flujo.IfStatementParser.<init>(IfStatementParser.java:79)
	at com.flowscript.sintactic.parsers.functions.control_ejecucion.StatementParser.<init>(StatementParser.java:97)
	at com.flowscript.sintactic.parsers.functions.control_flujo.IfStatementParser.<init>(IfStatementParser.java:79)
	at com.flowscript.sintactic.parsers.functions.control_ejecucion.StatementParser.<init>(StatementParser.java:97)
	at com.flowscript.sintactic.parsers.functions.control_flujo.IfStatementParser.<init>(IfStatementParser.java:79)
	at com.flowscript.sintactic.parsers.functions.control_ejecucion.StatementParser.<init>(StatementParser.java:97)
	at com.flowscript.sintactic.parsers.functions.control_flujo.IfStatementParser.<init>(IfStatementParser.java:79)
	at com.flowscript.sintactic.parsers.functions.control_ejecucion.StatementParser.<init>(StatementParser.java:97)
	at com.flowscript.sintactic.parsers.functions.control_flujo.IfStatementParser.<init>(IfStatementParser.java:79)
	at com.flowscript.sintactic.parsers.functions.control_ejecucion.StatementParser.<init>(StatementParser.java:97)
	at com.flowscript.sintactic.parsers.functions.control_flujo.IfStatementParser.<init>(IfStatementParser.java:79)
	at com.flowscript.sintactic.parsers.functions.control_ejecucion.StatementParser.<init>(StatementParser.java:97)
	at com.flowscript.sintactic.parsers.functions.control_flujo.IfStatementParser.<init>(IfStatementParser.java:79)
	at com.flowscript.sintactic.parsers.functions.control_ejecucion.StatementParser.<init>(StatementParser.java:97)
	at com.flowscript.sintactic.parsers.functions.control_flujo.IfStatementParser.<init>(IfStatementParser.java:79)
	at com.flowscript.sintactic.parsers.functions.control_ejecucion.StatementParser.<init>(StatementParser.java:97)
	at com.flowscript.sintactic.parsers.functions.control_flujo.IfStatementParser.<init>(IfStatementParser.java:79)
	at com.flowscript.sintactic.parsers.functions.control_ejecucion.StatementParser.<init>(StatementParser.java:97)
	at com.flowscript.sintactic.parsers.functions.control_flujo.IfStatementParser.<init>(IfStatementParser.java:79)
	at com.flowscript.sintactic.parsers.functions.control_ejecucion.StatementParser.<init>(StatementParser.java:97)
	at com.flowscript.sintactic.parsers.functions.control_flujo.IfStatementParser.<init>(IfStatementParser.java:79)
	at com.flowscript.sintactic.parsers.functions.control_ejecucion.StatementParser.<init>(StatementParser.java:97)
	at com.flowscript.sintactic.parsers.functions.control_flujo.IfStatementParser.<init>(IfStatementParser.java:79)
	at com.flowscript.sintactic.parsers.functions.control_ejecucion.StatementParser.<init>(StatementParser.java:97)
	at com.flowscript.sintactic.parsers.functions.control_flujo.IfStatementParser.<init>(IfStatementParser.java:79)
	at com.flowscript.sintactic.parsers.functions.control_ejecucion.StatementParser.<init>(StatementParser.java:97)
	at com.flowscript.sintactic.parsers.functions.control_flujo.IfStatementParser.<init>(IfStatementParser.java:79)
	at com.flowscript.sintactic.parsers.functions.control_ejecucion.StatementParser.<init>(StatementParser.java:97)
	at com.flowscript.sintactic.parsers.functions.control_flujo.IfStatementParser.<init>(IfStatementParser.java:79)
	at com.flowscript.sintactic.parsers.functions.control_ejecucion.StatementParser.<init>(StatementParser.java:97)
	at com.flowscript.sintactic.parsers.functions.control_flujo.IfStatementParser.<init>(IfStatementParser.java:79)
	at com.flowscript.sintactic.parsers.functions.control_ejecucion.StatementParser.<init>(StatementParser.java:97)
	at com.flowscript.sintactic.parsers.functions.control_flujo.IfStatementParser.<init>(IfStatementParser.java:79)
	at com.flowscript.sintactic.parsers.functions.control_ejecucion.StatementParser.<init>(StatementParser.java:97)
	at com.flowscript.sintactic.parsers.functions.control_flujo.IfStatementParser.<init>(IfStatementParser.java:79)
	at com.flowscript.sintactic.parsers.functions.control_ejecucion.StatementParser.<init>(StatementParser.java:97)
	at com.flowscript.sintactic.parsers.functions.control_flujo.IfStatementParser.<init>(IfStatementParser.java:79)
	at com.flowscript.sintactic.parsers.functions.control_ejecucion.StatementParser.<init>(StatementParser.java:97)
	at com.flowscript.sintactic.parsers.functions.control_flujo.IfStatementParser.<init>(IfStatementParser.java:79)
	at com.flowscript.sintactic.parsers.functions.control_ejecucion.StatementParser.<init>(StatementParser.java:97)
	at com.flowscript.sintactic.parsers.functions.control_flujo.IfStatementParser.<init>(IfStatementParser.java:79)
	at com.flowscript.sintactic.parsers.functions.control_ejecucion.StatementParser.<init>(StatementParser.java:97)
	at com.flowscript.sintactic.parsers.functions.control_flujo.IfStatementParser.<init>(IfStatementParser.java:79)
	at com.flowscript.sintactic.parsers.functions.control_ejecucion.StatementParser.<init>(StatementParser.java:97)
	at com.flowscript.sintactic.parsers.functions.control_flujo.IfStatementParser.<init>(IfStatementParser.java:79)
	at com.flowscript.sintactic.parsers.functions.control_ejecucion.StatementParser.<init>(StatementParser.java:97)
	at com.flowscript.sintactic.parsers.functions.control_flujo.IfStatementParser.<init>(IfStatementParser.java:79)
	at com.flowscript.sintactic.parsers.functions.control_ejecucion.StatementParser.<init>(StatementParser.java:97)
	at com.flowscript.sintactic.parsers.functions.control_flujo.IfStatementParser.<init>(IfStatementParser.java:79)
	at com.flowscript.sintactic.parsers.functions.control_ejecucion.StatementParser.<init>(StatementParser.java:97)
	at com.flowscript.sintactic.parsers.functions.control_flujo.IfStatementParser.<init>(IfStatementParser.java:79)
	at com.flowscript.sintactic.parsers.functions.control_ejecucion.StatementParser.<init>(StatementParser.java:97)
	at com.flowscript.sintactic.parsers.functions.control_flujo.IfStatementParser.<init>(IfStatementParser.java:79)
	at com.flowscript.sintactic.parsers.functions.control_ejecucion.StatementParser.<init>(StatementParser.java:97)
	at com.flowscript.sintactic.parsers.functions.control_flujo.IfStatementParser.<init>(IfStatementParser.java:79)
	at com.flowscript.sintactic.parsers.functions.control_ejecucion.StatementParser.<init>(StatementParser.java:97)
	at com.flowscript.sintactic.parsers.functions.control_flujo.IfStatementParser.<init>(IfStatementParser.java:79)
	at com.flowscript.sintactic.parsers.functions.control_ejecucion.StatementParser.<init>(StatementParser.java:97)
	at com.flowscript.sintactic.parsers.functions.control_flujo.IfStatementParser.<init>(IfStatementParser.java:79)
	at com.flowscript.sintactic.parsers.functions.control_ejecucion.StatementParser.<init>(StatementParser.java:97)
	at com.flowscript.sintactic.parsers.functions.control_flujo.IfStatementParser.<init>(IfStatementParser.java:79)
	at com.flowscript.sintactic.parsers.functions.control_ejecucion.StatementParser.<init>(StatementParser.java:97)
	at com.flowscript.sintactic.parsers.functions.control_flujo.IfStatementParser.<init>(IfStatementParser.java:79)
	at com.flowscript.sintactic.parsers.functions.control_ejecucion.StatementParser.<init>(StatementParser.java:97)
	at com.flowscript.sintactic.parsers.functions.control_flujo.IfStatementParser.<init>(IfStatementParser.java:79)
	at com.flowscript.sintactic.parsers.functions.control_ejecucion.StatementParser.<init>(StatementParser.java:97)
	at com.flowscript.sintactic.parsers.functions.control_flujo.IfStatementParser.<init>(IfStatementParser.java:79)
	at com.flowscript.sintactic.parsers.functions.control_ejecucion.StatementParser.<init>(StatementParser.java:97)
	at com.flowscript.sintactic.parsers.functions.control_flujo.IfStatementParser.<init>(IfStatementParser.java:79)
	at com.flowscript.sintactic.parsers.functions.control_ejecucion.StatementParser.<init>(StatementParser.java:97)
	at com.flowscript.sintactic.parsers.functions.control_flujo.IfStatementParser.<init>(IfStatementParser.java:79)
	at com.flowscript.sintactic.parsers.functions.control_ejecucion.StatementParser.<init>(StatementParser.java:97)
	at com.flowscript.sintactic.parsers.functions.control_flujo.IfStatementParser.<init>(IfStatementParser.java:79)
	at com.flowscript.sintactic.parsers.functions.control_ejecucion.StatementParser.<init>(StatementParser.java:97)
	at com.flowscript.sintactic.parsers.functions.control_flujo.IfStatementParser.<init>(IfStatementParser.java:79)
	at com.flowscript.sintactic.parsers.functions.control_ejecucion.StatementParser.<init>(StatementParser.java:97)
	at com.flowscript.sintactic.parsers.functions.control_flujo.IfStatementParser.<init>(IfStatementParser.java:79)
	at com.flowscript.sintactic.parsers.functions.control_ejecucion.StatementParser.<init>(StatementParser.java:97)
	at com.flowscript.sintactic.parsers.functions.control_flujo.IfStatementParser.<init>(IfStatementParser.java:79)
	at com.flowscript.sintactic.parsers.functions.control_ejecucion.StatementParser.<init>(StatementParser.java:97)
	at com.flowscript.sintactic.parsers.functions.control_flujo.IfStatementParser.<init>(IfStatementParser.java:79)
	at com.flowscript.sintactic.parsers.functions.control_ejecucion.StatementParser.<init>(StatementParser.java:97)
	at com.flowscript.sintactic.parsers.functions.control_flujo.IfStatementParser.<init>(IfStatementParser.java:79)
	at com.flowscript.sintactic.parsers.functions.control_ejecucion.StatementParser.<init>(StatementParser.java:97)
	at com.flowscript.sintactic.parsers.functions.control_flujo.IfStatementParser.<init>(IfStatementParser.java:79)
	at com.flowscript.sintactic.parsers.functions.control_ejecucion.StatementParser.<init>(StatementParser.java:97)
	at com.flowscript.sintactic.parsers.functions.control_flujo.IfStatementParser.<init>(IfStatementParser.java:79)
	at com.flowscript.sintactic.parsers.functions.control_ejecucion.StatementParser.<init>(StatementParser.java:97)
	at com.flowscript.sintactic.parsers.functions.control_flujo.IfStatementParser.<init>(IfStatementParser.java:79)
	at com.flowscript.sintactic.parsers.functions.control_ejecucion.StatementParser.<init>(StatementParser.java:97)
	at com.flowscript.sintactic.parsers.functions.control_flujo.IfStatementParser.<init>(IfStatementParser.java:79)
	at com.flowscript.sintactic.parsers.functions.control_ejecucion.StatementParser.<init>(StatementParser.java:97)
	at com.flowscript.sintactic.parsers.functions.control_flujo.IfStatementParser.<init>(IfStatementParser.java:79)
	at com.flowscript.sintactic.parsers.functions.control_ejecucion.StatementParser.<init>(StatementParser.java:97)
	at com.flowscript.sintactic.parsers.functions.control_flujo.IfStatementParser.<init>(IfStatementParser.java:79)
	at com.flowscript.sintactic.parsers.functions.control_ejecucion.StatementParser.<init>(StatementParser.java:97)
	at com.flowscript.sintactic.parsers.functions.control_flujo.IfStatementParser.<init>(IfStatementParser.java:79)
	at com.flowscript.sintactic.parsers.functions.control_ejecucion.StatementParser.<init>(StatementParser.java:97)
	at com.flowscript.sintactic.parsers.functions.control_flujo.IfStatementParser.<init>(IfStatementParser.java:79)
	at com.flowscript.sintactic.parsers.functions.control_ejecucion.StatementParser.<init>(StatementParser.java:97)
	at com.flowscript.sintactic.parsers.functions.control_flujo.IfStatementParser.<init>(IfStatementParser.java:79)
	at com.flowscript.sintactic.parsers.functions.control_ejecucion.StatementParser.<init>(StatementParser.java:97)
	at com.flowscript.sintactic.parsers.functions.control_flujo.IfStatementParser.<init>(IfStatementParser.java:79)
	at com.flowscript.sintactic.parsers.functions.control_ejecucion.StatementParser.<init>(StatementParser.java:97)
	at com.flowscript.sintactic.parsers.functions.control_flujo.IfStatementParser.<init>(IfStatementParser.java:79)
	at com.flowscript.sintactic.parsers.functions.control_ejecucion.StatementParser.<init>(StatementParser.java:97)
	at com.flowscript.sintactic.parsers.functions.control_flujo.IfStatementParser.<init>(IfStatementParser.java:79)
	at com.flowscript.sintactic.parsers.functions.control_ejecucion.StatementParser.<init>(StatementParser.java:97)
	at com.flowscript.sintactic.parsers.functions.control_flujo.IfStatementParser.<init>(IfStatementParser.java:79)
	at com.flowscript.sintactic.parsers.functions.control_ejecucion.StatementParser.<init>(StatementParser.java:97)
	at com.flowscript.sintactic.parsers.functions.control_flujo.IfStatementParser.<init>(IfStatementParser.java:79)
	at com.flowscript.sintactic.parsers.functions.control_ejecucion.StatementParser.<init>(StatementParser.java:97)
	at com.flowscript.sintactic.parsers.functions.control_flujo.IfStatementParser.<init>(IfStatementParser.java:79)
	at com.flowscript.sintactic.parsers.functions.control_ejecucion.StatementParser.<init>(StatementParser.java:97)
	at com.flowscript.sintactic.parsers.functions.control_flujo.IfStatementParser.<init>(IfStatementParser.java:79)
	at com.flowscript.sintactic.parsers.functions.control_ejecucion.StatementParser.<init>(StatementParser.java:97)
	at com.flowscript.sintactic.parsers.functions.control_flujo.IfStatementParser.<init>(IfStatementParser.java:79)
	at com.flowscript.sintactic.parsers.functions.control_ejecucion.StatementParser.<init>(StatementParser.java:97)
	at com.flowscript.sintactic.parsers.functions.control_flujo.IfStatementParser.<init>(IfStatementParser.java:79)
	at com.flowscript.sintactic.parsers.functions.control_ejecucion.StatementParser.<init>(StatementParser.java:97)
	at com.flowscript.sintactic.parsers.functions.control_flujo.IfStatementParser.<init>(IfStatementParser.java:79)
	at com.flowscript.sintactic.parsers.functions.control_ejecucion.StatementParser.<init>(StatementParser.java:97)
	at com.flowscript.sintactic.parsers.functions.control_flujo.IfStatementParser.<init>(IfStatementParser.java:79)
	at com.flowscript.sintactic.parsers.functions.control_ejecucion.StatementParser.<init>(StatementParser.java:97)
	at com.flowscript.sintactic.parsers.functions.control_flujo.IfStatementParser.<init>(IfStatementParser.java:79)
	at com.flowscript.sintactic.parsers.functions.control_ejecucion.StatementParser.<init>(StatementParser.java:97)
	at com.flowscript.sintactic.parsers.functions.control_flujo.IfStatementParser.<init>(IfStatementParser.java:79)
	at com.flowscript.sintactic.parsers.functions.control_ejecucion.StatementParser.<init>(StatementParser.java:97)
	at com.flowscript.sintactic.parsers.functions.control_flujo.IfStatementParser.<init>(IfStatementParser.java:79)
	at com.flowscript.sintactic.parsers.functions.control_ejecucion.StatementParser.<init>(StatementParser.java:97)
	at com.flowscript.sintactic.parsers.functions.control_flujo.IfStatementParser.<init>(IfStatementParser.java:79)
	at com.flowscript.sintactic.parsers.functions.control_ejecucion.StatementParser.<init>(StatementParser.java:97)
	at com.flowscript.sintactic.parsers.functions.control_flujo.IfStatementParser.<init>(IfStatementParser.java:79)
	at com.flowscript.sintactic.parsers.functions.control_ejecucion.StatementParser.<init>(StatementParser.java:97)
	at com.flowscript.sintactic.parsers.functions.control_flujo.IfStatementParser.<init>(IfStatementParser.java:79)
	at com.flowscript.sintactic.parsers.functions.control_ejecucion.StatementParser.<init>(StatementParser.java:97)
	at com.flowscript.sintactic.parsers.functions.control_flujo.IfStatementParser.<init>(IfStatementParser.java:79)
	at com.flowscript.sintactic.parsers.functions.control_ejecucion.StatementParser.<init>(StatementParser.java:97)
	at com.flowscript.sintactic.parsers.functions.control_flujo.IfStatementParser.<init>(IfStatementParser.java:79)
	at com.flowscript.sintactic.parsers.functions.control_ejecucion.StatementParser.<init>(StatementParser.java:97)
	at com.flowscript.sintactic.parsers.functions.control_flujo.IfStatementParser.<init>(IfStatementParser.java:79)
	at com.flowscript.sintactic.parsers.functions.control_ejecucion.StatementParser.<init>(StatementParser.java:97)
	at com.flowscript.sintactic.parsers.functions.control_flujo.IfStatementParser.<init>(IfStatementParser.java:79)
	at com.flowscript.sintactic.parsers.functions.control_ejecucion.StatementParser.<init>(StatementParser.java:97)
	at com.flowscript.sintactic.parsers.functions.control_flujo.IfStatementParser.<init>(IfStatementParser.java:79)
	at com.flowscript.sintactic.parsers.functions.control_ejecucion.StatementParser.<init>(StatementParser.java:97)
	at com.flowscript.sintactic.parsers.functions.control_flujo.IfStatementParser.<init>(IfStatementParser.java:79)
	at com.flowscript.sintactic.parsers.functions.control_ejecucion.StatementParser.<init>(StatementParser.java:97)
	at com.flowscript.sintactic.parsers.functions.control_flujo.IfStatementParser.<init>(IfStatementParser.java:79)
	at com.flowscript.sintactic.parsers.functions.control_ejecucion.StatementParser.<init>(StatementParser.java:97)
	at com.flowscript.sintactic.parsers.functions.control_flujo.IfStatementParser.<init>(IfStatementParser.java:79)
	at com.flowscript.sintactic.parsers.functions.control_ejecucion.StatementParser.<init>(StatementParser.java:97)
	at com.flowscript.sintactic.parsers.functions.control_flujo.IfStatementParser.<init>(IfStatementParser.java:79)
	at com.flowscript.sintactic.parsers.functions.control_ejecucion.StatementParser.<init>(StatementParser.java:97)
	at com.flowscript.sintactic.parsers.functions.control_flujo.IfStatementParser.<init>(IfStatementParser.java:79)
	at com.flowscript.sintactic.parsers.functions.control_ejecucion.StatementParser.<init>(StatementParser.java:97)
	at com.flowscript.sintactic.parsers.functions.control_flujo.IfStatementParser.<init>(IfStatementParser.java:79)
	at com.flowscript.sintactic.parsers.functions.control_ejecucion.StatementParser.<init>(StatementParser.java:97)
	at com.flowscript.sintactic.parsers.functions.control_flujo.IfStatementParser.<init>(IfStatementParser.java:79)
	at com.flowscript.sintactic.parsers.functions.control_ejecucion.StatementParser.<init>(StatementParser.java:97)
	at com.flowscript.sintactic.parsers.functions.control_flujo.IfStatementParser.<init>(IfStatementParser.java:79)
	at com.flowscript.sintactic.parsers.functions.control_ejecucion.StatementParser.<init>(StatementParser.java:97)
	at com.flowscript.sintactic.parsers.functions.control_flujo.IfStatementParser.<init>(IfStatementParser.java:79)
	at com.flowscript.sintactic.parsers.functions.control_ejecucion.StatementParser.<init>(StatementParser.java:97)
	at com.flowscript.sintactic.parsers.functions.control_flujo.IfStatementParser.<init>(IfStatementParser.java:79)
	at com.flowscript.sintactic.parsers.functions.control_ejecucion.StatementParser.<init>(StatementParser.java:97)
	at com.flowscript.sintactic.parsers.functions.control_flujo.IfStatementParser.<init>(IfStatementParser.java:79)
	at com.flowscript.sintactic.parsers.functions.control_ejecucion.StatementParser.<init>(StatementParser.java:97)
	at com.flowscript.sintactic.parsers.functions.control_flujo.IfStatementParser.<init>(IfStatementParser.java:79)
	at com.flowscript.sintactic.parsers.functions.control_ejecucion.StatementParser.<init>(StatementParser.java:97)
	at com.flowscript.sintactic.parsers.functions.control_flujo.IfStatementParser.<init>(IfStatementParser.java:79)
	at com.flowscript.sintactic.parsers.functions.control_ejecucion.StatementParser.<init>(StatementParser.java:97)
	at com.flowscript.sintactic.parsers.functions.control_flujo.IfStatementParser.<init>(IfStatementParser.java:79)
	at com.flowscript.sintactic.parsers.functions.control_ejecucion.StatementParser.<init>(StatementParser.java:97)
	at com.flowscript.sintactic.parsers.functions.control_flujo.IfStatementParser.<init>(IfStatementParser.java:79)
	at com.flowscript.sintactic.parsers.functions.control_ejecucion.StatementParser.<init>(StatementParser.java:97)
	at com.flowscript.sintactic.parsers.functions.control_flujo.IfStatementParser.<init>(IfStatementParser.java:79)
	at com.flowscript.sintactic.parsers.functions.control_ejecucion.StatementParser.<init>(StatementParser.java:97)
	at com.flowscript.sintactic.parsers.functions.control_flujo.IfStatementParser.<init>(IfStatementParser.java:79)
	at com.flowscript.sintactic.parsers.functions.control_ejecucion.StatementParser.<init>(StatementParser.java:97)
	at com.flowscript.sintactic.parsers.functions.control_flujo.IfStatementParser.<init>(IfStatementParser.java:79)
	at com.flowscript.sintactic.parsers.functions.control_ejecucion.StatementParser.<init>(StatementParser.java:97)
	at com.flowscript.sintactic.parsers.functions.control_flujo.IfStatementParser.<init>(IfStatementParser.java:79)
	at com.flowscript.sintactic.parsers.functions.control_ejecucion.StatementParser.<init>(StatementParser.java:97)
	at com.flowscript.sintactic.parsers.functions.control_flujo.IfStatementParser.<init>(IfStatementParser.java:79)
	at com.flowscript.sintactic.parsers.functions.control_ejecucion.StatementParser.<init>(StatementParser.java:97)
	at com.flowscript.sintactic.parsers.functions.control_flujo.IfStatementParser.<init>(IfStatementParser.java:79)
	at com.flowscript.sintactic.parsers.functions.control_ejecucion.StatementParser.<init>(StatementParser.java:97)
	at com.flowscript.sintactic.parsers.functions.control_flujo.IfStatementParser.<init>(IfStatementParser.java:79)
	at com.flowscript.sintactic.parsers.functions.control_ejecucion.StatementParser.<init>(StatementParser.java:97)
	at com.flowscript.sintactic.parsers.functions.control_flujo.IfStatementParser.<init>(IfStatementParser.java:79)
	at com.flowscript.sintactic.parsers.functions.control_ejecucion.StatementParser.<init>(StatementParser.java:97)
	at com.flowscript.sintactic.parsers.functions.control_flujo.IfStatementParser.<init>(IfStatementParser.java:79)
	at com.flowscript.sintactic.parsers.functions.control_ejecucion.StatementParser.<init>(StatementParser.java:97)
	at com.flowscript.sintactic.parsers.functions.control_flujo.IfStatementParser.<init>(IfStatementParser.java:79)
	at com.flowscript.sintactic.parsers.functions.control_ejecucion.StatementParser.<init>(StatementParser.java:97)
	at com.flowscript.sintactic.parsers.functions.control_flujo.IfStatementParser.<init>(IfStatementParser.java:79)
	at com.flowscript.sintactic.parsers.functions.control_ejecucion.StatementParser.<init>(StatementParser.java:97)
	at com.flowscript.sintactic.parsers.functions.control_flujo.IfStatementParser.<init>(IfStatementParser.java:79)
	at com.flowscript.sintactic.parsers.functions.control_ejecucion.StatementParser.<init>(StatementParser.java:97)
	at com.flowscript.sintactic.parsers.functions.control_flujo.IfStatementParser.<init>(IfStatementParser.java:79)
	at com.flowscript.sintactic.parsers.functions.control_ejecucion.StatementParser.<init>(StatementParser.java:97)
	at com.flowscript.sintactic.parsers.functions.control_flujo.IfStatementParser.<init>(IfStatementParser.java:79)
	at com.flowscript.sintactic.parsers.functions.control_ejecucion.StatementParser.<init>(StatementParser.java:97)
	at com.flowscript.sintactic.parsers.functions.control_flujo.IfStatementParser.<init>(IfStatementParser.java:79)
	at com.flowscript.sintactic.parsers.functions.control_ejecucion.StatementParser.<init>(StatementParser.java:97)
	at com.flowscript.sintactic.parsers.functions.control_flujo.IfStatementParser.<init>(IfStatementParser.java:79)
	at com.flowscript.sintactic.parsers.functions.control_ejecucion.StatementParser.<init>(StatementParser.java:97)
	at com.flowscript.sintactic.parsers.functions.control_flujo.IfStatementParser.<init>(IfStatementParser.java:79)
	at com.flowscript.sintactic.parsers.functions.control_ejecucion.StatementParser.<init>(StatementParser.java:97)
	at com.flowscript.sintactic.parsers.functions.control_flujo.IfStatementParser.<init>(IfStatementParser.java:79)
	at com.flowscript.sintactic.parsers.functions.control_ejecucion.StatementParser.<init>(StatementParser.java:97)
	at com.flowscript.sintactic.parsers.functions.control_flujo.IfStatementParser.<init>(IfStatementParser.java:79)
	at com.flowscript.sintactic.parsers.functions.control_ejecucion.StatementParser.<init>(StatementParser.java:97)
	at com.flowscript.sintactic.parsers.functions.control_flujo.IfStatementParser.<init>(IfStatementParser.java:79)
	at com.flowscript.sintactic.parsers.functions.control_ejecucion.StatementParser.<init>(StatementParser.java:97)
	at com.flowscript.sintactic.parsers.functions.control_flujo.IfStatementParser.<init>(IfStatementParser.java:79)
	at com.flowscript.sintactic.parsers.functions.control_ejecucion.StatementParser.<init>(StatementParser.java:97)
	at com.flowscript.sintactic.parsers.functions.control_flujo.IfStatementParser.<init>(IfStatementParser.java:79)
	at com.flowscript.sintactic.parsers.functions.control_ejecucion.StatementParser.<init>(StatementParser.java:97)
	at com.flowscript.sintactic.parsers.functions.control_flujo.IfStatementParser.<init>(IfStatementParser.java:79)
	at com.flowscript.sintactic.parsers.functions.control_ejecucion.StatementParser.<init>(StatementParser.java:97)
	at com.flowscript.sintactic.parsers.functions.control_flujo.IfStatementParser.<init>(IfStatementParser.java:79)
	at com.flowscript.sintactic.parsers.functions.control_ejecucion.StatementParser.<init>(StatementParser.java:97)
	at com.flowscript.sintactic.parsers.functions.control_flujo.IfStatementParser.<init>(IfStatementParser.java:79)
	at com.flowscript.sintactic.parsers.functions.control_ejecucion.StatementParser.<init>(StatementParser.java:97)
	at com.flowscript.sintactic.parsers.functions.control_flujo.IfStatementParser.<init>(IfStatementParser.java:79)
	at com.flowscript.sintactic.parsers.functions.control_ejecucion.StatementParser.<init>(StatementParser.java:97)
	at com.flowscript.sintactic.parsers.functions.control_flujo.IfStatementParser.<init>(IfStatementParser.java:79)
	at com.flowscript.sintactic.parsers.functions.control_ejecucion.StatementParser.<init>(StatementParser.java:97)
	at com.flowscript.sintactic.parsers.functions.control_flujo.IfStatementParser.<init>(IfStatementParser.java:79)
	at com.flowscript.sintactic.parsers.functions.control_ejecucion.StatementParser.<init>(StatementParser.java:97)
	at com.flowscript.sintactic.parsers.functions.control_flujo.IfStatementParser.<init>(IfStatementParser.java:79)
	at com.flowscript.sintactic.parsers.functions.control_ejecucion.StatementParser.<init>(StatementParser.java:97)
	at com.flowscript.sintactic.parsers.functions.control_flujo.IfStatementParser.<init>(IfStatementParser.java:79)
	at com.flowscript.sintactic.parsers.functions.control_ejecucion.StatementParser.<init>(StatementParser.java:97)
	at com.flowscript.sintactic.parsers.functions.control_flujo.IfStatementParser.<init>(IfStatementParser.java:79)
	at com.flowscript.sintactic.parsers.functions.control_ejecucion.StatementParser.<init>(StatementParser.java:97)
	at com.flowscript.sintactic.parsers.functions.control_flujo.IfStatementParser.<init>(IfStatementParser.java:79)
	at com.flowscript.sintactic.parsers.functions.control_ejecucion.StatementParser.<init>(StatementParser.java:97)
	at com.flowscript.sintactic.parsers.functions.control_flujo.IfStatementParser.<init>(IfStatementParser.java:79)
	at com.flowscript.sintactic.parsers.functions.control_ejecucion.StatementParser.<init>(StatementParser.java:97)
	at com.flowscript.sintactic.parsers.functions.control_flujo.IfStatementParser.<init>(IfStatementParser.java:79)
	at com.flowscript.sintactic.parsers.functions.control_ejecucion.StatementParser.<init>(StatementParser.java:97)
	at com.flowscript.sintactic.parsers.functions.control_flujo.IfStatementParser.<init>(IfStatementParser.java:79)
	at com.flowscript.sintactic.parsers.functions.control_ejecucion.StatementParser.<init>(StatementParser.java:97)
	at com.flowscript.sintactic.parsers.functions.control_flujo.IfStatementParser.<init>(IfStatementParser.java:79)
	at com.flowscript.sintactic.parsers.functions.control_ejecucion.StatementParser.<init>(StatementParser.java:97)
	at com.flowscript.sintactic.parsers.functions.control_flujo.IfStatementParser.<init>(IfStatementParser.java:79)
	at com.flowscript.sintactic.parsers.functions.control_ejecucion.StatementParser.<init>(StatementParser.java:97)
	at com.flowscript.sintactic.parsers.functions.control_flujo.IfStatementParser.<init>(IfStatementParser.java:79)
	at com.flowscript.sintactic.parsers.functions.control_ejecucion.StatementParser.<init>(StatementParser.java:97)
	at com.flowscript.sintactic.parsers.functions.control_flujo.IfStatementParser.<init>(IfStatementParser.java:79)
	at com.flowscript.sintactic.parsers.functions.control_ejecucion.StatementParser.<init>(StatementParser.java:97)
	at com.flowscript.sintactic.parsers.functions.control_flujo.IfStatementParser.<init>(IfStatementParser.java:79)
	at com.flowscript.sintactic.parsers.functions.control_ejecucion.StatementParser.<init>(StatementParser.java:97)
	at com.flowscript.sintactic.parsers.functions.control_flujo.IfStatementParser.<init>(IfStatementParser.java:79)
	at com.flowscript.sintactic.parsers.functions.control_ejecucion.StatementParser.<init>(StatementParser.java:97)
	at com.flowscript.sintactic.parsers.functions.control_flujo.IfStatementParser.<init>(IfStatementParser.java:79)
	at com.flowscript.sintactic.parsers.functions.control_ejecucion.StatementParser.<init>(StatementParser.java:97)
	at com.flowscript.sintactic.parsers.functions.control_flujo.IfStatementParser.<init>(IfStatementParser.java:79)
	at com.flowscript.sintactic.parsers.functions.control_ejecucion.StatementParser.<init>(StatementParser.java:97)
	at com.flowscript.sintactic.parsers.functions.control_flujo.IfStatementParser.<init>(IfStatementParser.java:79)
	at com.flowscript.sintactic.parsers.functions.control_ejecucion.StatementParser.<init>(StatementParser.java:97)
	at com.flowscript.sintactic.parsers.functions.control_flujo.IfStatementParser.<init>(IfStatementParser.java:79)
	at com.flowscript.sintactic.parsers.functions.control_ejecucion.StatementParser.<init>(StatementParser.java:97)
	at com.flowscript.sintactic.parsers.functions.control_flujo.IfStatementParser.<init>(IfStatementParser.java:79)
	at com.flowscript.sintactic.parsers.functions.control_ejecucion.StatementParser.<init>(StatementParser.java:97)
	at com.flowscript.sintactic.parsers.functions.control_flujo.IfStatementParser.<init>(IfStatementParser.java:79)
	at com.flowscript.sintactic.parsers.functions.control_ejecucion.StatementParser.<init>(StatementParser.java:97)
	at com.flowscript.sintactic.parsers.functions.control_flujo.IfStatementParser.<init>(IfStatementParser.java:79)
	at com.flowscript.sintactic.parsers.functions.control_ejecucion.StatementParser.<init>(StatementParser.java:97)
	at com.flowscript.sintactic.parsers.functions.control_flujo.IfStatementParser.<init>(IfStatementParser.java:79)
	at com.flowscript.sintactic.parsers.functions.control_ejecucion.StatementParser.<init>(StatementParser.java:97)
	at com.flowscript.sintactic.parsers.functions.control_flujo.IfStatementParser.<init>(IfStatementParser.java:79)
	at com.flowscript.sintactic.parsers.functions.control_ejecucion.StatementParser.<init>(StatementParser.java:97)
	at com.flowscript.sintactic.parsers.functions.control_flujo.IfStatementParser.<init>(IfStatementParser.java:79)
	at com.flowscript.sintactic.parsers.functions.control_ejecucion.StatementParser.<init>(StatementParser.java:97)
	at com.flowscript.sintactic.parsers.functions.control_flujo.IfStatementParser.<init>(IfStatementParser.java:79)
	at com.flowscript.sintactic.parsers.functions.control_ejecucion.StatementParser.<init>(StatementParser.java:97)
	at com.flowscript.sintactic.parsers.functions.control_flujo.IfStatementParser.<init>(IfStatementParser.java:79)
	at com.flowscript.sintactic.parsers.functions.control_ejecucion.StatementParser.<init>(StatementParser.java:97)
	at com.flowscript.sintactic.parsers.functions.control_flujo.IfStatementParser.<init>(IfStatementParser.java:79)
	at com.flowscript.sintactic.parsers.functions.control_ejecucion.StatementParser.<init>(StatementParser.java:97)
	at com.flowscript.sintactic.parsers.functions.control_flujo.IfStatementParser.<init>(IfStatementParser.java:79)
	at com.flowscript.sintactic.parsers.functions.control_ejecucion.StatementParser.<init>(StatementParser.java:97)
	at com.flowscript.sintactic.parsers.functions.control_flujo.IfStatementParser.<init>(IfStatementParser.java:79)
	at com.flowscript.sintactic.parsers.functions.control_ejecucion.StatementParser.<init>(StatementParser.java:97)
	at com.flowscript.sintactic.parsers.functions.control_flujo.IfStatementParser.<init>(IfStatementParser.java:79)
	at com.flowscript.sintactic.parsers.functions.control_ejecucion.StatementParser.<init>(StatementParser.java:97)
	at com.flowscript.sintactic.parsers.functions.control_flujo.IfStatementParser.<init>(IfStatementParser.java:79)
	at com.flowscript.sintactic.parsers.functions.control_ejecucion.StatementParser.<init>(StatementParser.java:97)
	at com.flowscript.sintactic.parsers.functions.control_flujo.IfStatementParser.<init>(IfStatementParser.java:79)
	at com.flowscript.sintactic.parsers.functions.control_ejecucion.StatementParser.<init>(StatementParser.java:97)
	at com.flowscript.sintactic.parsers.functions.control_flujo.IfStatementParser.<init>(IfStatementParser.java:79)
	at com.flowscript.sintactic.parsers.functions.control_ejecucion.StatementParser.<init>(StatementParser.java:97)
	at com.flowscript.sintactic.parsers.functions.control_flujo.IfStatementParser.<init>(IfStatementParser.java:79)
	at com.flowscript.sintactic.parsers.functions.control_ejecucion.StatementParser.<init>(StatementParser.java:97)
	at com.flowscript.sintactic.parsers.functions.control_flujo.IfStatementParser.<init>(IfStatementParser.java:79)
	at com.flowscript.sintactic.parsers.functions.control_ejecucion.StatementParser.<init>(StatementParser.java:97)
	at com.flowscript.sintactic.parsers.functions.control_flujo.IfStatementParser.<init>(IfStatementParser.java:79)
	at com.flowscript.sintactic.parsers.functions.control_ejecucion.StatementParser.<init>(StatementParser.java:97)
	at com.flowscript.sintactic.parsers.functions.control_flujo.IfStatementParser.<init>(IfStatementParser.java:79)
	at com.flowscript.sintactic.parsers.functions.control_ejecucion.StatementParser.<init>(StatementParser.java:97)
	at com.flowscript.sintactic.parsers.functions.control_flujo.IfStatementParser.<init>(IfStatementParser.java:79)
	at com.flowscript.sintactic.parsers.functions.control_ejecucion.StatementParser.<init>(StatementParser.java:97)
	at com.flowscript.sintactic.parsers.functions.control_flujo.IfStatementParser.<init>(IfStatementParser.java:79)
	at com.flowscript.sintactic.parsers.functions.control_ejecucion.StatementParser.<init>(StatementParser.java:97)
	at com.flowscript.sintactic.parsers.functions.control_flujo.IfStatementParser.<init>(IfStatementParser.java:79)
	at com.flowscript.sintactic.parsers.functions.control_ejecucion.StatementParser.<init>(StatementParser.java:97)
	at com.flowscript.sintactic.parsers.functions.control_flujo.IfStatementParser.<init>(IfStatementParser.java:79)
	at com.flowscript.sintactic.parsers.functions.control_ejecucion.StatementParser.<init>(StatementParser.java:97)
	at com.flowscript.sintactic.parsers.functions.control_flujo.IfStatementParser.<init>(IfStatementParser.java:79)
	at com.flowscript.sintactic.parsers.functions.control_ejecucion.StatementParser.<init>(StatementParser.java:97)
	at com.flowscript.sintactic.parsers.functions.control_flujo.IfStatementParser.<init>(IfStatementParser.java:79)
	at com.flowscript.sintactic.parsers.functions.control_ejecucion.StatementParser.<init>(StatementParser.java:97)
	at com.flowscript.sintactic.parsers.functions.control_flujo.IfStatementParser.<init>(IfStatementParser.java:79)
	at com.flowscript.sintactic.parsers.functions.control_ejecucion.StatementParser.<init>(StatementParser.java:97)
	at com.flowscript.sintactic.parsers.functions.control_flujo.IfStatementParser.<init>(IfStatementParser.java:79)
	at com.flowscript.sintactic.parsers.functions.control_ejecucion.StatementParser.<init>(StatementParser.java:97)
	at com.flowscript.sintactic.parsers.functions.control_flujo.IfStatementParser.<init>(IfStatementParser.java:79)
	at com.flowscript.sintactic.parsers.functions.control_ejecucion.StatementParser.<init>(StatementParser.java:97)
	at com.flowscript.sintactic.parsers.functions.control_flujo.IfStatementParser.<init>(IfStatementParser.java:79)
	at com.flowscript.sintactic.parsers.functions.control_ejecucion.StatementParser.<init>(StatementParser.java:97)
	at com.flowscript.sintactic.parsers.functions.control_flujo.IfStatementParser.<init>(IfStatementParser.java:79)
	at com.flowscript.sintactic.parsers.functions.control_ejecucion.StatementParser.<init>(StatementParser.java:97)
	at com.flowscript.sintactic.parsers.functions.control_flujo.IfStatementParser.<init>(IfStatementParser.java:79)
	at com.flowscript.sintactic.parsers.functions.control_ejecucion.StatementParser.<init>(StatementParser.java:97)
	at com.flowscript.sintactic.parsers.functions.control_flujo.IfStatementParser.<init>(IfStatementParser.java:79)
	at com.flowscript.sintactic.parsers.functions.control_ejecucion.StatementParser.<init>(StatementParser.java:97)
	at com.flowscript.sintactic.parsers.functions.control_flujo.IfStatementParser.<init>(IfStatementParser.java:79)
	at com.flowscript.sintactic.parsers.functions.control_ejecucion.StatementParser.<init>(StatementParser.java:97)
	at com.flowscript.sintactic.parsers.functions.control_flujo.IfStatementParser.<init>(IfStatementParser.java:79)
	at com.flowscript.sintactic.parsers.functions.control_ejecucion.StatementParser.<init>(StatementParser.java:97)
	at com.flowscript.sintactic.parsers.functions.control_flujo.IfStatementParser.<init>(IfStatementParser.java:79)
	at com.flowscript.sintactic.parsers.functions.control_ejecucion.StatementParser.<init>(StatementParser.java:97)
	at com.flowscript.sintactic.parsers.functions.control_flujo.IfStatementParser.<init>(IfStatementParser.java:79)
	at com.flowscript.sintactic.parsers.functions.control_ejecucion.StatementParser.<init>(StatementParser.java:97)
	at com.flowscript.sintactic.parsers.functions.control_flujo.IfStatementParser.<init>(IfStatementParser.java:79)
	at com.flowscript.sintactic.parsers.functions.control_ejecucion.StatementParser.<init>(StatementParser.java:97)
	at com.flowscript.sintactic.parsers.functions.control_flujo.IfStatementParser.<init>(IfStatementParser.java:79)
	at com.flowscript.sintactic.parsers.functions.control_ejecucion.StatementParser.<init>(StatementParser.java:97)
	at com.flowscript.sintactic.parsers.functions.control_flujo.IfStatementParser.<init>(IfStatementParser.java:79)
	at com.flowscript.sintactic.parsers.functions.control_ejecucion.StatementParser.<init>(StatementParser.java:97)
	at com.flowscript.sintactic.parsers.functions.control_flujo.IfStatementParser.<init>(IfStatementParser.java:79)
	at com.flowscript.sintactic.parsers.functions.control_ejecucion.StatementParser.<init>(StatementParser.java:97)
	at com.flowscript.sintactic.parsers.functions.control_flujo.IfStatementParser.<init>(IfStatementParser.java:79)
	at com.flowscript.sintactic.parsers.functions.control_ejecucion.StatementParser.<init>(StatementParser.java:97)
	at com.flowscript.sintactic.parsers.functions.control_flujo.IfStatementParser.<init>(IfStatementParser.java:79)
	at com.flowscript.sintactic.parsers.functions.control_ejecucion.StatementParser.<init>(StatementParser.java:97)
	at com.flowscript.sintactic.parsers.functions.control_flujo.IfStatementParser.<init>(IfStatementParser.java:79)
	at com.flowscript.sintactic.parsers.functions.control_ejecucion.StatementParser.<init>(StatementParser.java:97)
	at com.flowscript.sintactic.parsers.functions.control_flujo.IfStatementParser.<init>(IfStatementParser.java:79)
	at com.flowscript.sintactic.parsers.functions.control_ejecucion.StatementParser.<init>(StatementParser.java:97)
	at com.flowscript.sintactic.parsers.functions.control_flujo.IfStatementParser.<init>(IfStatementParser.java:79)
	at com.flowscript.sintactic.parsers.functions.control_ejecucion.StatementParser.<init>(StatementParser.java:97)
	at com.flowscript.sintactic.parsers.functions.control_flujo.IfStatementParser.<init>(IfStatementParser.java:79)
	at com.flowscript.sintactic.parsers.functions.control_ejecucion.StatementParser.<init>(StatementParser.java:97)
	at com.flowscript.sintactic.parsers.functions.control_flujo.IfStatementParser.<init>(IfStatementParser.java:79)
	at com.flowscript.sintactic.parsers.functions.control_ejecucion.StatementParser.<init>(StatementParser.java:97)
	at com.flowscript.sintactic.parsers.functions.control_flujo.IfStatementParser.<init>(IfStatementParser.java:79)
	at com.flowscript.sintactic.parsers.functions.control_ejecucion.StatementParser.<init>(StatementParser.java:97)
	at com.flowscript.sintactic.parsers.functions.control_flujo.IfStatementParser.<init>(IfStatementParser.java:79)
	at com.flowscript.sintactic.parsers.functions.control_ejecucion.StatementParser.<init>(StatementParser.java:97)
	at com.flowscript.sintactic.parsers.functions.control_flujo.IfStatementParser.<init>(IfStatementParser.java:79)
	at com.flowscript.sintactic.parsers.functions.control_ejecucion.StatementParser.<init>(StatementParser.java:97)
	at com.flowscript.sintactic.parsers.functions.control_flujo.IfStatementParser.<init>(IfStatementParser.java:79)
	at com.flowscript.sintactic.parsers.functions.control_ejecucion.StatementParser.<init>(StatementParser.java:97)
	at com.flowscript.sintactic.parsers.functions.control_flujo.IfStatementParser.<init>(IfStatementParser.java:79)
	at com.flowscript.sintactic.parsers.functions.control_ejecucion.StatementParser.<init>(StatementParser.java:97)
	at com.flowscript.sintactic.parsers.functions.control_flujo.IfStatementParser.<init>(IfStatementParser.java:79)
	at com.flowscript.sintactic.parsers.functions.control_ejecucion.StatementParser.<init>(StatementParser.java:97)
	at com.flowscript.sintactic.parsers.functions.control_flujo.IfStatementParser.<init>(IfStatementParser.java:79)
	at com.flowscript.sintactic.parsers.functions.control_ejecucion.StatementParser.<init>(StatementParser.java:97)
	at com.flowscript.sintactic.parsers.functions.control_flujo.IfStatementParser.<init>(IfStatementParser.java:79)
	at com.flowscript.sintactic.parsers.functions.control_ejecucion.StatementParser.<init>(StatementParser.java:97)
	at com.flowscript.sintactic.parsers.functions.control_flujo.IfStatementParser.<init>(IfStatementParser.java:79)
	at com.flowscript.sintactic.parsers.functions.control_ejecucion.StatementParser.<init>(StatementParser.java:97)
	at com.flowscript.sintactic.parsers.functions.control_flujo.IfStatementParser.<init>(IfStatementParser.java:79)
	at com.flowscript.sintactic.parsers.functions.control_ejecucion.StatementParser.<init>(StatementParser.java:97)
	at com.flowscript.sintactic.parsers.functions.control_flujo.IfStatementParser.<init>(IfStatementParser.java:79)
	at com.flowscript.sintactic.parsers.functions.control_ejecucion.StatementParser.<init>(StatementParser.java:97)
	at com.flowscript.sintactic.parsers.functions.control_flujo.IfStatementParser.<init>(IfStatementParser.java:79)
	at com.flowscript.sintactic.parsers.functions.control_ejecucion.StatementParser.<init>(StatementParser.java:97)
	at com.flowscript.sintactic.parsers.functions.control_flujo.IfStatementParser.<init>(IfStatementParser.java:79)
	at com.flowscript.sintactic.parsers.functions.control_ejecucion.StatementParser.<init>(StatementParser.java:97)
	at com.flowscript.sintactic.parsers.functions.control_flujo.IfStatementParser.<init>(IfStatementParser.java:79)
	at com.flowscript.sintactic.parsers.functions.control_ejecucion.StatementParser.<init>(StatementParser.java:97)
	at com.flowscript.sintactic.parsers.functions.control_flujo.IfStatementParser.<init>(IfStatementParser.java:79)
	at com.flowscript.sintactic.parsers.functions.control_ejecucion.StatementParser.<init>(StatementParser.java:97)
	at com.flowscript.sintactic.parsers.functions.control_flujo.IfStatementParser.<init>(IfStatementParser.java:79)
	at com.flowscript.sintactic.parsers.functions.control_ejecucion.StatementParser.<init>(StatementParser.java:97)
	at com.flowscript.sintactic.parsers.functions.control_flujo.IfStatementParser.<init>(IfStatementParser.java:79)
	at com.flowscript.sintactic.parsers.functions.control_ejecucion.StatementParser.<init>(StatementParser.java:97)
	at com.flowscript.sintactic.parsers.functions.control_flujo.IfStatementParser.<init>(IfStatementParser.java:79)
	at com.flowscript.sintactic.parsers.functions.control_ejecucion.StatementParser.<init>(StatementParser.java:97)
	at com.flowscript.sintactic.parsers.functions.control_flujo.IfStatementParser.<init>(IfStatementParser.java:79)
	at com.flowscript.sintactic.parsers.functions.control_ejecucion.StatementParser.<init>(StatementParser.java:97)
	at com.flowscript.sintactic.parsers.functions.control_flujo.IfStatementParser.<init>(IfStatementParser.java:79)
	at com.flowscript.sintactic.parsers.functions.control_ejecucion.StatementParser.<init>(StatementParser.java:97)
	at com.flowscript.sintactic.parsers.functions.control_flujo.IfStatementParser.<init>(IfStatementParser.java:79)
	at com.flowscript.sintactic.parsers.functions.control_ejecucion.StatementParser.<init>(StatementParser.java:97)
	at com.flowscript.sintactic.parsers.functions.control_flujo.IfStatementParser.<init>(IfStatementParser.java:79)
	at com.flowscript.sintactic.parsers.functions.control_ejecucion.StatementParser.<init>(StatementParser.java:97)
	at com.flowscript.sintactic.parsers.functions.control_flujo.IfStatementParser.<init>(IfStatementParser.java:79)
	at com.flowscript.sintactic.parsers.functions.control_ejecucion.StatementParser.<init>(StatementParser.java:97)
	at com.flowscript.sintactic.parsers.functions.control_flujo.IfStatementParser.<init>(IfStatementParser.java:79)
	at com.flowscript.sintactic.parsers.functions.control_ejecucion.StatementParser.<init>(StatementParser.java:97)
	at com.flowscript.sintactic.parsers.functions.control_flujo.IfStatementParser.<init>(IfStatementParser.java:79)
	at com.flowscript.sintactic.parsers.functions.control_ejecucion.StatementParser.<init>(StatementParser.java:97)
	at com.flowscript.sintactic.parsers.functions.control_flujo.IfStatementParser.<init>(IfStatementParser.java:79)
	at com.flowscript.sintactic.parsers.functions.control_ejecucion.StatementParser.<init>(StatementParser.java:97)
	at com.flowscript.sintactic.parsers.functions.control_flujo.IfStatementParser.<init>(IfStatementParser.java:79)
	at com.flowscript.sintactic.parsers.functions.control_ejecucion.StatementParser.<init>(StatementParser.java:97)
	at com.flowscript.sintactic.parsers.functions.control_flujo.IfStatementParser.<init>(IfStatementParser.java:79)
	at com.flowscript.sintactic.parsers.functions.control_ejecucion.StatementParser.<init>(StatementParser.java:97)
	at com.flowscript.sintactic.parsers.functions.control_flujo.IfStatementParser.<init>(IfStatementParser.java:79)
	at com.flowscript.sintactic.parsers.functions.control_ejecucion.StatementParser.<init>(StatementParser.java:97)
	at com.flowscript.sintactic.parsers.functions.control_flujo.IfStatementParser.<init>(IfStatementParser.java:79)
	at com.flowscript.sintactic.parsers.functions.control_ejecucion.StatementParser.<init>(StatementParser.java:97)
	at com.flowscript.sintactic.parsers.functions.control_flujo.IfStatementParser.<init>(IfStatementParser.java:79)
	at com.flowscript.sintactic.parsers.functions.control_ejecucion.StatementParser.<init>(StatementParser.java:97)
	at com.flowscript.sintactic.parsers.functions.control_flujo.IfStatementParser.<init>(IfStatementParser.java:79)
	at com.flowscript.sintactic.parsers.functions.control_ejecucion.StatementParser.<init>(StatementParser.java:97)
	at com.flowscript.sintactic.parsers.functions.control_flujo.IfStatementParser.<init>(IfStatementParser.java:79)
	at com.flowscript.sintactic.parsers.functions.control_ejecucion.StatementParser.<init>(StatementParser.java:97)
	at com.flowscript.sintactic.parsers.functions.control_flujo.IfStatementParser.<init>(IfStatementParser.java:79)
	at com.flowscript.sintactic.parsers.functions.control_ejecucion.StatementParser.<init>(StatementParser.java:97)
	at com.flowscript.sintactic.parsers.functions.control_flujo.IfStatementParser.<init>(IfStatementParser.java:79)
	at com.flowscript.sintactic.parsers.functions.control_ejecucion.StatementParser.<init>(StatementParser.java:97)
	at com.flowscript.sintactic.parsers.functions.control_flujo.IfStatementParser.<init>(IfStatementParser.java:79)
	at com.flowscript.sintactic.parsers.functions.control_ejecucion.StatementParser.<init>(StatementParser.java:97)
	at com.flowscript.sintactic.parsers.functions.control_flujo.IfStatementParser.<init>(IfStatementParser.java:79)
	at com.flowscript.sintactic.parsers.functions.control_ejecucion.StatementParser.<init>(StatementParser.java:97)
	at com.flowscript.sintactic.parsers.functions.control_flujo.IfStatementParser.<init>(IfStatementParser.java:79)
	at com.flowscript.sintactic.parsers.functions.control_ejecucion.StatementParser.<init>(StatementParser.java:97)
	at com.flowscript.sintactic.parsers.functions.control_flujo.IfStatementParser.<init>(IfStatementParser.java:79)
	at com.flowscript.sintactic.parsers.functions.control_ejecucion.StatementParser.<init>(StatementParser.java:97)
	at com.flowscript.sintactic.parsers.functions.control_flujo.IfStatementParser.<init>(IfStatementParser.java:79)
	at com.flowscript.sintactic.parsers.functions.control_ejecucion.StatementParser.<init>(StatementParser.java:97)
	at com.flowscript.sintactic.parsers.functions.control_flujo.IfStatementParser.<init>(IfStatementParser.java:79)
	at com.flowscript.sintactic.parsers.functions.control_ejecucion.StatementParser.<init>(StatementParser.java:97)
	at com.flowscript.sintactic.parsers.functions.control_flujo.IfStatementParser.<init>(IfStatementParser.java:79)
	at com.flowscript.sintactic.parsers.functions.control_ejecucion.StatementParser.<init>(StatementParser.java:97)
	at com.flowscript.sintactic.parsers.functions.control_flujo.IfStatementParser.<init>(IfStatementParser.java:79)
	at com.flowscript.sintactic.parsers.functions.control_ejecucion.StatementParser.<init>(StatementParser.java:97)
	at com.flowscript.sintactic.parsers.functions.control_flujo.IfStatementParser.<init>(IfStatementParser.java:79)
	at com.flowscript.sintactic.parsers.functions.control_ejecucion.StatementParser.<init>(StatementParser.java:97)
	at com.flowscript.sintactic.parsers.functions.control_flujo.IfStatementParser.<init>(IfStatementParser.java:79)
	at com.flowscript.sintactic.parsers.functions.control_ejecucion.StatementParser.<init>(StatementParser.java:97)
	at com.flowscript.sintactic.parsers.functions.control_flujo.IfStatementParser.<init>(IfStatementParser.java:79)
	at com.flowscript.sintactic.parsers.functions.control_ejecucion.StatementParser.<init>(StatementParser.java:97)
	at com.flowscript.sintactic.parsers.functions.control_flujo.IfStatementParser.<init>(IfStatementParser.java:79)
	at com.flowscript.sintactic.parsers.functions.control_ejecucion.StatementParser.<init>(StatementParser.java:97)
	at com.flowscript.sintactic.parsers.functions.control_flujo.IfStatementParser.<init>(IfStatementParser.java:79)
	at com.flowscript.sintactic.parsers.functions.control_ejecucion.StatementParser.<init>(StatementParser.java:97)
	at com.flowscript.sintactic.parsers.functions.control_flujo.IfStatementParser.<init>(IfStatementParser.java:79)
	at com.flowscript.sintactic.parsers.functions.control_ejecucion.StatementParser.<init>(StatementParser.java:97)
	at com.flowscript.sintactic.parsers.functions.control_flujo.IfStatementParser.<init>(IfStatementParser.java:79)
	at com.flowscript.sintactic.parsers.functions.control_ejecucion.StatementParser.<init>(StatementParser.java:97)
	at com.flowscript.sintactic.parsers.functions.control_flujo.IfStatementParser.<init>(IfStatementParser.java:79)
	at com.flowscript.sintactic.parsers.functions.control_ejecucion.StatementParser.<init>(StatementParser.java:97)
	at com.flowscript.sintactic.parsers.functions.control_flujo.IfStatementParser.<init>(IfStatementParser.java:79)
	at com.flowscript.sintactic.parsers.functions.control_ejecucion.StatementParser.<init>(StatementParser.java:97)
	at com.flowscript.sintactic.parsers.functions.control_flujo.IfStatementParser.<init>(IfStatementParser.java:79)
	at com.flowscript.sintactic.parsers.functions.control_ejecucion.StatementParser.<init>(StatementParser.java:97)
	at com.flowscript.sintactic.parsers.functions.control_flujo.IfStatementParser.<init>(IfStatementParser.java:79)
	at com.flowscript.sintactic.parsers.functions.control_ejecucion.StatementParser.<init>(StatementParser.java:97)
	at com.flowscript.sintactic.parsers.functions.control_flujo.IfStatementParser.<init>(IfStatementParser.java:79)
	at com.flowscript.sintactic.parsers.functions.control_ejecucion.StatementParser.<init>(StatementParser.java:97)
[...]
	at com.flowscript.sintactic.parsers.functions.control_flujo.IfStatementParser.<init>(IfStatementParser.java:79)
	at com.flowscript.sintactic.parsers.functions.control_ejecucion.StatementParser.<init>(StatementParser.java:97)
	at com.flowscript.sintactic.parsers.functions.control_flujo.IfStatementParser.<init>(IfStatementParser.java:79)
	at com.flowscript.sintactic.parsers.functions.control_ejecucion.StatementParser.<init>(StatementParser.java:97)
	at com.flowscript.sintactic.parsers.functions.control_flujo.IfStatementParser.<init>(IfStatementParser.java:79)
	at com.flowscript.sintactic.parsers.functions.control_ejecucion.StatementParser.<init>(StatementParser.java:97)
	at com.flowscript.sintactic.parsers.functions.control_flujo.IfStatementParser.<init>(IfStatementParser.java:79)
	at com.flowscript.sintactic.parsers.functions.control_ejecucion.StatementParser.<init>(StatementParser.java:97)
	at com.flowscript.sintactic.parsers.functions.control_flujo.IfStatementParser.<init>(IfStatementParser.java:79)
	at com.flowscript.sintactic.parsers.functions.control_ejecucion.StatementParser.<init>(StatementParser.java:97)
	at com.flowscript.sintactic.parsers.functions.control_flujo.IfStatementParser.<init>(IfStatementParser.java:79)
	at com.flowscript.sintactic.parsers.functions.control_ejecucion.StatementParser.<init>(StatementParser.java:97)
	at com.flowscript.sintactic.parsers.functions.control_flujo.IfStatementParser.<init>(IfStatementParser.java:79)
	at com.flowscript.sintactic.parsers.functions.control_ejecucion.StatementParser.<init>(StatementParser.java:97)
	at com.flowscript.sintactic.parsers.functions.control_flujo.IfStatementParser.<init>(IfStatementParser.java:79)
	at com.flowscript.sintactic.parsers.functions.control_ejecucion.StatementParser.<init>(StatementParser.java:97)
	at com.flowscript.sintactic.parsers.functions.control_flujo.IfStatementParser.<init>(IfStatementParser.java:79)
	at com.flowscript.sintactic.parsers.functions.control_ejecucion.StatementParser.<init>(StatementParser.java:97)
	at com.flowscript.sintactic.parsers.functions.control_flujo.IfStatementParser.<init>(IfStatementParser.java:79)
	at com.flowscript.sintactic.parsers.functions.control_ejecucion.StatementParser.<init>(StatementParser.java:97)
	at com.flowscript.sintactic.parsers.functions.control_flujo.IfStatementParser.<init>(IfStatementParser.java:79)
	at com.flowscript.sintactic.parsers.functions.control_ejecucion.StatementParser.<init>(StatementParser.java:97)
	at com.flowscript.sintactic.parsers.functions.control_flujo.IfStatementParser.<init>(IfStatementParser.java:79)
	at com.flowscript.sintactic.parsers.functions.control_ejecucion.StatementParser.<init>(StatementParser.java:97)
	at com.flowscript.sintactic.parsers.functions.control_flujo.IfStatementParser.<init>(IfStatementParser.java:79)
	at com.flowscript.sintactic.parsers.functions.control_ejecucion.StatementParser.<init>(StatementParser.java:97)
	at com.flowscript.sintactic.parsers.functions.control_flujo.IfStatementParser.<init>(IfStatementParser.java:79)
	at com.flowscript.sintactic.parsers.functions.control_ejecucion.StatementParser.<init>(StatementParser.java:97)
	at com.flowscript.sintactic.parsers.functions.control_flujo.IfStatementParser.<init>(IfStatementParser.java:79)
	at com.flowscript.sintactic.parsers.functions.control_ejecucion.StatementParser.<init>(StatementParser.java:97)
	at com.flowscript.sintactic.parsers.functions.control_flujo.IfStatementParser.<init>(IfStatementParser.java:79)
	at com.flowscript.sintactic.parsers.functions.control_ejecucion.StatementParser.<init>(StatementParser.java:97)
	at com.flowscript.sintactic.parsers.functions.control_flujo.IfStatementParser.<init>(IfStatementParser.java:79)
	at com.flowscript.sintactic.parsers.functions.control_ejecucion.StatementParser.<init>(StatementParser.java:97)
	at com.flowscript.sintactic.parsers.functions.control_flujo.IfStatementParser.<init>(IfStatementParser.java:79)
	at com.flowscript.sintactic.parsers.functions.control_ejecucion.StatementParser.<init>(StatementParser.java:97)
	at com.flowscript.sintactic.parsers.functions.control_flujo.IfStatementParser.<init>(IfStatementParser.java:79)
	at com.flowscript.sintactic.parsers.functions.control_ejecucion.StatementParser.<init>(StatementParser.java:97)
	at com.flowscript.sintactic.parsers.functions.control_flujo.IfStatementParser.<init>(IfStatementParser.java:79)
	at com.flowscript.sintactic.parsers.functions.control_ejecucion.StatementParser.<init>(StatementParser.java:97)
	at com.flowscript.sintactic.parsers.functions.control_flujo.IfStatementParser.<init>(IfStatementParser.java:79)
	at com.flowscript.sintactic.parsers.functions.control_ejecucion.StatementParser.<init>(StatementParser.java:97)
	at com.flowscript.sintactic.parsers.functions.control_flujo.IfStatementParser.<init>(IfStatementParser.java:79)
	at com.flowscript.sintactic.parsers.functions.control_ejecucion.StatementParser.<init>(StatementParser.java:97)
	at com.flowscript.sintactic.parsers.functions.control_flujo.IfStatementParser.<init>(IfStatementParser.java:79)
	at com.flowscript.sintactic.parsers.functions.control_ejecucion.StatementParser.<init>(StatementParser.java:97)
	at com.flowscript.sintactic.parsers.functions.control_flujo.IfStatementParser.<init>(IfStatementParser.java:79)
	at com.flowscript.sintactic.parsers.functions.control_ejecucion.StatementParser.<init>(StatementParser.java:97)
	at com.flowscript.sintactic.parsers.functions.control_flujo.IfStatementParser.<init>(IfStatementParser.java:79)
	at com.flowscript.sintactic.parsers.functions.control_ejecucion.StatementParser.<init>(StatementParser.java:97)
	at com.flowscript.sintactic.parsers.functions.control_flujo.IfStatementParser.<init>(IfStatementParser.java:79)
	at com.flowscript.sintactic.parsers.functions.control_ejecucion.StatementParser.<init>(StatementParser.java:97)
	at com.flowscript.sintactic.parsers.functions.control_flujo.IfStatementParser.<init>(IfStatementParser.java:79)
	at com.flowscript.sintactic.parsers.functions.control_ejecucion.StatementParser.<init>(StatementParser.java:97)
	at com.flowscript.sintactic.parsers.functions.control_flujo.IfStatementParser.<init>(IfStatementParser.java:79)
	at com.flowscript.sintactic.parsers.functions.control_ejecucion.StatementParser.<init>(StatementParser.java:97)
	at com.flowscript.sintactic.parsers.functions.control_flujo.IfStatementParser.<init>(IfStatementParser.java:79)
	at com.flowscript.sintactic.parsers.functions.control_ejecucion.StatementParser.<init>(StatementParser.java:97)
	at com.flowscript.sintactic.parsers.functions.control_flujo.IfStatementParser.<init>(IfStatementParser.java:79)
	at com.flowscript.sintactic.parsers.functions.control_ejecucion.StatementParser.<init>(StatementParser.java:97)
	at com.flowscript.sintactic.parsers.functions.control_flujo.IfStatementParser.<init>(IfStatementParser.java:79)
	at com.flowscript.sintactic.parsers.functions.control_ejecucion.StatementParser.<init>(StatementParser.java:97)
	at com.flowscript.sintactic.parsers.functions.control_flujo.IfStatementParser.<init>(IfStatementParser.java:79)
	at com.flowscript.sintactic.parsers.functions.control_ejecucion.StatementParser.<init>(StatementParser.java:97)
	at com.flowscript.sintactic.parsers.functions.control_flujo.IfStatementParser.<init>(IfStatementParser.java:79)
	at com.flowscript.sintactic.parsers.functions.control_ejecucion.StatementParser.<init>(StatementParser.java:97)
	at com.flowscript.sintactic.parsers.functions.control_flujo.IfStatementParser.<init>(IfStatementParser.java:79)
	at com.flowscript.sintactic.parsers.functions.control_ejecucion.StatementParser.<init>(StatementParser.java:97)
	at com.flowscript.sintactic.parsers.functions.control_flujo.IfStatementParser.<init>(IfStatementParser.java:79)
	at com.flowscript.sintactic.parsers.functions.control_ejecucion.StatementParser.<init>(StatementParser.java:97)
	at com.flowscript.sintactic.parsers.functions.control_flujo.IfStatementParser.<init>(IfStatementParser.java:79)
	at com.flowscript.sintactic.parsers.functions.control_ejecucion.StatementParser.<init>(StatementParser.java:97)
	at com.flowscript.sintactic.parsers.functions.control_flujo.IfStatementParser.<init>(IfStatementParser.java:79)
	at com.flowscript.sintactic.parsers.functions.control_ejecucion.StatementParser.<init>(StatementParser.java:97)
	at com.flowscript.sintactic.parsers.functions.control_flujo.IfStatementParser.<init>(IfStatementParser.java:79)
	at com.flowscript.sintactic.parsers.functions.control_ejecucion.StatementParser.<init>(StatementParser.java:97)
	at com.flowscript.sintactic.parsers.functions.control_flujo.IfStatementParser.<init>(IfStatementParser.java:79)
	at com.flowscript.sintactic.parsers.functions.control_ejecucion.StatementParser.<init>(StatementParser.java:97)
	at com.flowscript.sintactic.parsers.functions.control_flujo.IfStatementParser.<init>(IfStatementParser.java:79)
	at com.flowscript.sintactic.parsers.functions.control_ejecucion.StatementParser.<init>(StatementParser.java:97)
	at com.flowscript.sintactic.parsers.functions.control_flujo.IfStatementParser.<init>(IfStatementParser.java:79)
	at com.flowscript.sintactic.parsers.functions.control_ejecucion.StatementParser.<init>(StatementParser.java:97)
	at com.flowscript.sintactic.parsers.functions.control_flujo.IfStatementParser.<init>(IfStatementParser.java:79)
	at com.flowscript.sintactic.parsers.functions.control_ejecucion.StatementParser.<init>(StatementParser.java:97)
	at com.flowscript.sintactic.parsers.functions.control_flujo.IfStatementParser.<init>(IfStatementParser.java:79)
	at com.flowscript.sintactic.parsers.functions.control_ejecucion.StatementParser.<init>(StatementParser.java:97)
	at com.flowscript.sintactic.parsers.functions.control_flujo.IfStatementParser.<init>(IfStatementParser.java:79)
	at com.flowscript.sintactic.parsers.functions.control_ejecucion.StatementParser.<init>(StatementParser.java:97)
	at com.flowscript.sintactic.parsers.functions.control_flujo.IfStatementParser.<init>(IfStatementParser.java:79)
	at com.flowscript.sintactic.parsers.functions.control_ejecucion.StatementParser.<init>(StatementParser.java:97)
	at com.flowscript.sintactic.parsers.functions.control_flujo.IfStatementParser.<init>(IfStatementParser.java:79)
	at com.flowscript.sintactic.parsers.functions.control_ejecucion.StatementParser.<init>(StatementParser.java:97)
	at com.flowscript.sintactic.parsers.functions.control_flujo.IfStatementParser.<init>(IfStatementParser.java:79)
	at com.flowscript.sintactic.parsers.functions.control_ejecucion.StatementParser.<init>(StatementParser.java:97)
	at com.flowscript.sintactic.parsers.functions.control_flujo.IfStatementParser.<init>(IfStatementParser.java:79)
	at com.flowscript.sintactic.parsers.functions.control_ejecucion.StatementParser.<init>(StatementParser.java:97)
	at com.flowscript.sintactic.parsers.functions.control_flujo.IfStatementParser.<init>(IfStatementParser.java:79)
	at com.flowscript.sintactic.parsers.functions.control_ejecucion.StatementParser.<init>(StatementParser.java:97)
	at com.flowscript.sintactic.parsers.functions.control_flujo.IfStatementParser.<init>(IfStatementParser.java:79)
	at com.flowscript.sintactic.parsers.functions.control_ejecucion.StatementParser.<init>(StatementParser.java:97)
	at com.flowscript.sintactic.parsers.functions.control_flujo.IfStatementParser.<init>(IfStatementParser.java:79)
	at com.flowscript.sintactic.parsers.functions.control_ejecucion.StatementParser.<init>(StatementParser.java:97)
	at com.flowscript.sintactic.parsers.functions.control_flujo.IfStatementParser.<init>(IfStatementParser.java:79)
	at com.flowscript.sintactic.parsers.functions.control_ejecucion.StatementParser.<init>(StatementParser.java:97)
	at com.flowscript.sintactic.parsers.functions.control_flujo.IfStatementParser.<init>(IfStatementParser.java:79)
	at com.flowscript.sintactic.parsers.functions.control_ejecucion.StatementParser.<init>(StatementParser.java:97)
	at com.flowscript.sintactic.parsers.functions.control_flujo.IfStatementParser.<init>(IfStatementParser.java:79)
	at com.flowscript.sintactic.parsers.functions.control_ejecucion.StatementParser.<init>(StatementParser.java:97)
	at com.flowscript.sintactic.parsers.functions.control_flujo.IfStatementParser.<init>(IfStatementParser.java:79)
	at com.flowscript.sintactic.parsers.functions.control_ejecucion.StatementParser.<init>(StatementParser.java:97)
	at com.flowscript.sintactic.parsers.functions.control_flujo.IfStatementParser.<init>(IfStatementParser.java:79)
	at com.flowscript.sintactic.parsers.functions.control_ejecucion.StatementParser.<init>(StatementParser.java:97)
	at com.flowscript.sintactic.parsers.functions.control_flujo.IfStatementParser.<init>(IfStatementParser.java:79)
	at com.flowscript.sintactic.parsers.functions.control_ejecucion.StatementParser.<init>(StatementParser.java:97)
	at com.flowscript.sintactic.parsers.functions.control_flujo.IfStatementParser.<init>(IfStatementParser.java:79)
	at com.flowscript.sintactic.parsers.functions.control_ejecucion.StatementParser.<init>(StatementParser.java:97)
	at com.flowscript.sintactic.parsers.functions.control_flujo.IfStatementParser.<init>(IfStatementParser.java:79)
	at com.flowscript.sintactic.parsers.functions.control_ejecucion.StatementParser.<init>(StatementParser.java:97)
	at com.flowscript.sintactic.parsers.functions.control_flujo.IfStatementParser.<init>(IfStatementParser.java:79)
	at com.flowscript.sintactic.parsers.functions.control_ejecucion.StatementParser.<init>(StatementParser.java:97)
	at com.flowscript.sintactic.parsers.functions.control_flujo.IfStatementParser.<init>(IfStatementParser.java:79)
	at com.flowscript.sintactic.parsers.functions.control_ejecucion.StatementParser.<init>(StatementParser.java:97)
	at com.flowscript.sintactic.parsers.functions.control_flujo.IfStatementParser.<init>(IfStatementParser.java:79)
	at com.flowscript.sintactic.parsers.functions.control_ejecucion.StatementParser.<init>(StatementParser.java:97)
	at com.flowscript.sintactic.parsers.functions.control_flujo.IfStatementParser.<init>(IfStatementParser.java:79)
	at com.flowscript.sintactic.parsers.functions.control_ejecucion.StatementParser.<init>(StatementParser.java:97)
	at com.flowscript.sintactic.parsers.functions.control_flujo.IfStatementParser.<init>(IfStatementParser.java:79)
	at com.flowscript.sintactic.parsers.functions.control_ejecucion.StatementParser.<init>(StatementParser.java:97)
	at com.flowscript.sintactic.parsers.functions.control_flujo.IfStatementParser.<init>(IfStatementParser.java:79)
	at com.flowscript.sintactic.parsers.functions.control_ejecucion.StatementParser.<init>(StatementParser.java:97)
	at com.flowscript.sintactic.parsers.functions.control_flujo.IfStatementParser.<init>(IfStatementParser.java:79)
	at com.flowscript.sintactic.parsers.functions.control_ejecucion.StatementParser.<init>(StatementParser.java:97)
	at com.flowscript.sintactic.parsers.functions.control_flujo.IfStatementParser.<init>(IfStatementParser.java:79)
	at com.flowscript.sintactic.parsers.functions.control_ejecucion.StatementParser.<init>(StatementParser.java:97)
	at com.flowscript.sintactic.parsers.functions.control_flujo.IfStatementParser.<init>(IfStatementParser.java:79)
	at com.flowscript.sintactic.parsers.functions.control_ejecucion.StatementParser.<init>(StatementParser.java:97)
	at com.flowscript.sintactic.parsers.functions.control_flujo.IfStatementParser.<init>(IfStatementParser.java:79)
	at com.flowscript.sintactic.parsers.functions.control_ejecucion.StatementParser.<init>(StatementParser.java:97)
	at com.flowscript.sintactic.parsers.functions.control_flujo.IfStatementParser.<init>(IfStatementParser.java:79)
	at com.flowscript.sintactic.parsers.functions.control_ejecucion.StatementParser.<init>(StatementParser.java:97)
	at com.flowscript.sintactic.parsers.functions.control_flujo.IfStatementParser.<init>(IfStatementParser.java:79)
	at com.flowscript.sintactic.parsers.functions.control_ejecucion.StatementParser.<init>(StatementParser.java:97)
	at com.flowscript.sintactic.parsers.functions.control_flujo.IfStatementParser.<init>(IfStatementParser.java:79)
	at com.flowscript.sintactic.parsers.functions.control_ejecucion.StatementParser.<init>(StatementParser.java:97)
	at com.flowscript.sintactic.parsers.functions.control_flujo.IfStatementParser.<init>(IfStatementParser.java:79)
	at com.flowscript.sintactic.parsers.functions.control_ejecucion.StatementParser.<init>(StatementParser.java:97)
	at com.flowscript.sintactic.parsers.functions.control_flujo.IfStatementParser.<init>(IfStatementParser.java:79)
	at com.flowscript.sintactic.parsers.functions.control_ejecucion.StatementParser.<init>(StatementParser.java:97)
	at com.flowscript.sintactic.parsers.functions.control_flujo.IfStatementParser.<init>(IfStatementParser.java:79)
	at com.flowscript.sintactic.parsers.functions.control_ejecucion.StatementParser.<init>(StatementParser.java:97)
	at com.flowscript.sintactic.parsers.functions.control_flujo.IfStatementParser.<init>(IfStatementParser.java:79)
	at com.flowscript.sintactic.parsers.functions.control_ejecucion.StatementParser.<init>(StatementParser.java:97)
	at com.flowscript.sintactic.parsers.functions.control_flujo.IfStatementParser.<init>(IfStatementParser.java:79)
	at com.flowscript.sintactic.parsers.functions.control_ejecucion.StatementParser.<init>(StatementParser.java:97)
	at com.flowscript.sintactic.parsers.functions.control_flujo.IfStatementParser.<init>(IfStatementParser.java:79)
	at com.flowscript.sintactic.parsers.functions.control_ejecucion.StatementParser.<init>(StatementParser.java:97)
	at com.flowscript.sintactic.parsers.functions.control_flujo.IfStatementParser.<init>(IfStatementParser.java:79)
	at com.flowscript.sintactic.parsers.functions.control_ejecucion.StatementParser.<init>(StatementParser.java:97)
	at com.flowscript.sintactic.parsers.functions.control_flujo.IfStatementParser.<init>(IfStatementParser.java:79)
	at com.flowscript.sintactic.parsers.functions.control_ejecucion.StatementParser.<init>(StatementParser.java:97)
	at com.flowscript.sintactic.parsers.functions.control_flujo.IfStatementParser.<init>(IfStatementParser.java:79)
	at com.flowscript.sintactic.parsers.functions.control_ejecucion.StatementParser.<init>(StatementParser.java:97)
	at com.flowscript.sintactic.parsers.functions.control_flujo.IfStatementParser.<init>(IfStatementParser.java:79)
	at com.flowscript.sintactic.parsers.functions.control_ejecucion.StatementParser.<init>(StatementParser.java:97)
	at com.flowscript.sintactic.parsers.functions.control_flujo.IfStatementParser.<init>(IfStatementParser.java:79)
	at com.flowscript.sintactic.parsers.functions.control_ejecucion.StatementParser.<init>(StatementParser.java:97)
	at com.flowscript.sintactic.parsers.functions.control_flujo.IfStatementParser.<init>(IfStatementParser.java:79)
	at com.flowscript.sintactic.parsers.functions.control_ejecucion.StatementParser.<init>(StatementParser.java:97)
	at com.flowscript.sintactic.parsers.functions.control_flujo.IfStatementParser.<init>(IfStatementParser.java:79)
	at com.flowscript.sintactic.parsers.functions.control_ejecucion.StatementParser.<init>(StatementParser.java:97)
	at com.flowscript.sintactic.parsers.functions.control_flujo.IfStatementParser.<init>(IfStatementParser.java:79)
	at com.flowscript.sintactic.parsers.functions.control_ejecucion.StatementParser.<init>(StatementParser.java:97)
	at com.flowscript.sintactic.parsers.functions.control_flujo.IfStatementParser.<init>(IfStatementParser.java:79)
	at com.flowscript.sintactic.parsers.functions.control_ejecucion.StatementParser.<init>(StatementParser.java:97)
	at com.flowscript.sintactic.parsers.functions.control_flujo.IfStatementParser.<init>(IfStatementParser.java:79)
	at com.flowscript.sintactic.parsers.functions.control_ejecucion.StatementParser.<init>(StatementParser.java:97)

