-------------------------------------------------------------------------------
Test set: com.flowscript.sintactic.parsers.process.estructura_principal.ProcessBodyParserTest
-------------------------------------------------------------------------------
Tests run: 8, Failures: 0, Errors: 8, Skipped: 0, Time elapsed: 0.405 s <<< FAILURE! -- in com.flowscript.sintactic.parsers.process.estructura_principal.ProcessBodyParserTest
com.flowscript.sintactic.parsers.process.estructura_principal.ProcessBodyParserTest.testProcessBodyWithStartAndEnd -- Time elapsed: 0.012 s <<< ERROR!
java.lang.StackOverflowError
	at com.flowscript.sintactic.parsers.functions.control_flujo.IfStatementParser.<init>(IfStatementParser.java:79)
	at com.flowscript.sintactic.parsers.functions.control_ejecucion.StatementParser.<init>(StatementParser.java:97)
	at com.flowscript.sintactic.parsers.functions.control_flujo.IfStatementParser.<init>(IfStatementParser.java:79)
	at com.flowscript.sintactic.parsers.functions.control_ejecucion.StatementParser.<init>(StatementParser.java:97)
	at com.flowscript.sintactic.parsers.functions.control_flujo.IfStatementParser.<init>(IfStatementParser.java:79)
	at com.flowscript.sintactic.parsers.functions.control_ejecucion.StatementParser.<init>(StatementParser.java:97)
	at com.flowscript.sintactic.parsers.functions.control_flujo.IfStatementParser.<init>(IfStatementParser.java:79)
	at com.flowscript.sintactic.parsers.functions.control_ejecucion.StatementParser.<init>(StatementParser.java:97)
	at com.flowscript.sintactic.parsers.functions.control_flujo.IfStatementParser.<init>(IfStatementParser.java:79)
	at com.flowscript.sintactic.parsers.functions.control_ejecucion.StatementParser.<init>(StatementParser.java:97)
	at com.flowscript.sintactic.parsers.functions.control_flujo.IfStatementParser.<init>(IfStatementParser.java:79)
	at com.flowscript.sintactic.parsers.functions.control_ejecucion.StatementParser.<init>(StatementParser.java:97)
	at com.flowscript.sintactic.parsers.functions.control_flujo.IfStatementParser.<init>(IfStatementParser.java:79)
	at com.flowscript.sintactic.parsers.functions.control_ejecucion.StatementParser.<init>(StatementParser.java:97)
	at com.flowscript.sintactic.parsers.functions.control_flujo.IfStatementParser.<init>(IfStatementParser.java:79)
	at com.flowscript.sintactic.parsers.functions.control_ejecucion.StatementParser.<init>(StatementParser.java:97)
	at com.flowscript.sintactic.parsers.functions.control_flujo.IfStatementParser.<init>(IfStatementParser.java:79)
	at com.flowscript.sintactic.parsers.functions.control_ejecucion.StatementParser.<init>(StatementParser.java:97)
	at com.flowscript.sintactic.parsers.functions.control_flujo.IfStatementParser.<init>(IfStatementParser.java:79)
	at com.flowscript.sintactic.parsers.functions.control_ejecucion.StatementParser.<init>(StatementParser.java:97)
	at com.flowscript.sintactic.parsers.functions.control_flujo.IfStatementParser.<init>(IfStatementParser.java:79)
	at com.flowscript.sintactic.parsers.functions.control_ejecucion.StatementParser.<init>(StatementParser.java:97)
	at com.flowscript.sintactic.parsers.functions.control_flujo.IfStatementParser.<init>(IfStatementParser.java:79)
	at com.flowscript.sintactic.parsers.functions.control_ejecucion.StatementParser.<init>(StatementParser.java:97)
	at com.flowscript.sintactic.parsers.functions.control_flujo.IfStatementParser.<init>(IfStatementParser.java:79)
	at com.flowscript.sintactic.parsers.functions.control_ejecucion.StatementParser.<init>(StatementParser.java:97)
	at com.flowscript.sintactic.parsers.functions.control_flujo.IfStatementParser.<init>(IfStatementParser.java:79)
	at com.flowscript.sintactic.parsers.functions.control_ejecucion.StatementParser.<init>(StatementParser.java:97)
	at com.flowscript.sintactic.parsers.functions.control_flujo.IfStatementParser.<init>(IfStatementParser.java:79)
	at com.flowscript.sintactic.parsers.functions.control_ejecucion.StatementParser.<init>(StatementParser.java:97)
	at com.flowscript.sintactic.parsers.functions.control_flujo.IfStatementParser.<init>(IfStatementParser.java:79)
	at com.flowscript.sintactic.parsers.functions.control_ejecucion.StatementParser.<init>(StatementParser.java:97)
	at com.flowscript.sintactic.parsers.functions.control_flujo.IfStatementParser.<init>(IfStatementParser.java:79)
	at com.flowscript.sintactic.parsers.functions.control_ejecucion.StatementParser.<init>(StatementParser.java:97)
	at com.flowscript.sintactic.parsers.functions.control_flujo.IfStatementParser.<init>(IfStatementParser.java:79)
	at com.flowscript.sintactic.parsers.functions.control_ejecucion.StatementParser.<init>(StatementParser.java:97)
	at com.flowscript.sintactic.parsers.functions.control_flujo.IfStatementParser.<init>(IfStatementParser.java:79)
	at com.flowscript.sintactic.parsers.functions.control_ejecucion.StatementParser.<init>(StatementParser.java:97)
	at com.flowscript.sintactic.parsers.functions.control_flujo.IfStatementParser.<init>(IfStatementParser.java:79)
	at com.flowscript.sintactic.parsers.functions.control_ejecucion.StatementParser.<init>(StatementParser.java:97)
	at com.flowscript.sintactic.parsers.functions.control_flujo.IfStatementParser.<init>(IfStatementParser.java:79)
	at com.flowscript.sintactic.parsers.functions.control_ejecucion.StatementParser.<init>(StatementParser.java:97)
	at com.flowscript.sintactic.parsers.functions.control_flujo.IfStatementParser.<init>(IfStatementParser.java:79)
	at com.flowscript.sintactic.parsers.functions.control_ejecucion.StatementParser.<init>(StatementParser.java:97)
	at com.flowscript.sintactic.parsers.functions.control_flujo.IfStatementParser.<init>(IfStatementParser.java:79)
	at com.flowscript.sintactic.parsers.functions.control_ejecucion.StatementParser.<init>(StatementParser.java:97)
	at com.flowscript.sintactic.parsers.functions.control_flujo.IfStatementParser.<init>(IfStatementParser.java:79)
	at com.flowscript.sintactic.parsers.functions.control_ejecucion.StatementParser.<init>(StatementParser.java:97)
	at com.flowscript.sintactic.parsers.functions.control_flujo.IfStatementParser.<init>(IfStatementParser.java:79)
	at com.flowscript.sintactic.parsers.functions.control_ejecucion.StatementParser.<init>(StatementParser.java:97)
	at com.flowscript.sintactic.parsers.functions.control_flujo.IfStatementParser.<init>(IfStatementParser.java:79)
	at com.flowscript.sintactic.parsers.functions.control_ejecucion.StatementParser.<init>(StatementParser.java:97)
	at com.flowscript.sintactic.parsers.functions.control_flujo.IfStatementParser.<init>(IfStatementParser.java:79)
	at com.flowscript.sintactic.parsers.functions.control_ejecucion.StatementParser.<init>(StatementParser.java:97)
	at com.flowscript.sintactic.parsers.functions.control_flujo.IfStatementParser.<init>(IfStatementParser.java:79)
	at com.flowscript.sintactic.parsers.functions.control_ejecucion.StatementParser.<init>(StatementParser.java:97)
	at com.flowscript.sintactic.parsers.functions.control_flujo.IfStatementParser.<init>(IfStatementParser.java:79)
	at com.flowscript.sintactic.parsers.functions.control_ejecucion.StatementParser.<init>(StatementParser.java:97)
	at com.flowscript.sintactic.parsers.functions.control_flujo.IfStatementParser.<init>(IfStatementParser.java:79)
	at com.flowscript.sintactic.parsers.functions.control_ejecucion.StatementParser.<init>(StatementParser.java:97)
	at com.flowscript.sintactic.parsers.functions.control_flujo.IfStatementParser.<init>(IfStatementParser.java:79)
	at com.flowscript.sintactic.parsers.functions.control_ejecucion.StatementParser.<init>(StatementParser.java:97)
	at com.flowscript.sintactic.parsers.functions.control_flujo.IfStatementParser.<init>(IfStatementParser.java:79)
	at com.flowscript.sintactic.parsers.functions.control_ejecucion.StatementParser.<init>(StatementParser.java:97)
	at com.flowscript.sintactic.parsers.functions.control_flujo.IfStatementParser.<init>(IfStatementParser.java:79)
	at com.flowscript.sintactic.parsers.functions.control_ejecucion.StatementParser.<init>(StatementParser.java:97)
	at com.flowscript.sintactic.parsers.functions.control_flujo.IfStatementParser.<init>(IfStatementParser.java:79)
	at com.flowscript.sintactic.parsers.functions.control_ejecucion.StatementParser.<init>(StatementParser.java:97)
	at com.flowscript.sintactic.parsers.functions.control_flujo.IfStatementParser.<init>(IfStatementParser.java:79)
	at com.flowscript.sintactic.parsers.functions.control_ejecucion.StatementParser.<init>(StatementParser.java:97)
	at com.flowscript.sintactic.parsers.functions.control_flujo.IfStatementParser.<init>(IfStatementParser.java:79)
	at com.flowscript.sintactic.parsers.functions.control_ejecucion.StatementParser.<init>(StatementParser.java:97)
	at com.flowscript.sintactic.parsers.functions.control_flujo.IfStatementParser.<init>(IfStatementParser.java:79)
	at com.flowscript.sintactic.parsers.functions.control_ejecucion.StatementParser.<init>(StatementParser.java:97)
	at com.flowscript.sintactic.parsers.functions.control_flujo.IfStatementParser.<init>(IfStatementParser.java:79)
	at com.flowscript.sintactic.parsers.functions.control_ejecucion.StatementParser.<init>(StatementParser.java:97)
	at com.flowscript.sintactic.parsers.functions.control_flujo.IfStatementParser.<init>(IfStatementParser.java:79)
	at com.flowscript.sintactic.parsers.functions.control_ejecucion.StatementParser.<init>(StatementParser.java:97)
	at com.flowscript.sintactic.parsers.functions.control_flujo.IfStatementParser.<init>(IfStatementParser.java:79)
	at com.flowscript.sintactic.parsers.functions.control_ejecucion.StatementParser.<init>(StatementParser.java:97)
	at com.flowscript.sintactic.parsers.functions.control_flujo.IfStatementParser.<init>(IfStatementParser.java:79)
	at com.flowscript.sintactic.parsers.functions.control_ejecucion.StatementParser.<init>(StatementParser.java:97)
	at com.flowscript.sintactic.parsers.functions.control_flujo.IfStatementParser.<init>(IfStatementParser.java:79)
	at com.flowscript.sintactic.parsers.functions.control_ejecucion.StatementParser.<init>(StatementParser.java:97)
	at com.flowscript.sintactic.parsers.functions.control_flujo.IfStatementParser.<init>(IfStatementParser.java:79)
	at com.flowscript.sintactic.parsers.functions.control_ejecucion.StatementParser.<init>(StatementParser.java:97)
	at com.flowscript.sintactic.parsers.functions.control_flujo.IfStatementParser.<init>(IfStatementParser.java:79)
	at com.flowscript.sintactic.parsers.functions.control_ejecucion.StatementParser.<init>(StatementParser.java:97)
	at com.flowscript.sintactic.parsers.functions.control_flujo.IfStatementParser.<init>(IfStatementParser.java:79)
	at com.flowscript.sintactic.parsers.functions.control_ejecucion.StatementParser.<init>(StatementParser.java:97)
	at com.flowscript.sintactic.parsers.functions.control_flujo.IfStatementParser.<init>(IfStatementParser.java:79)
	at com.flowscript.sintactic.parsers.functions.control_ejecucion.StatementParser.<init>(StatementParser.java:97)
	at com.flowscript.sintactic.parsers.functions.control_flujo.IfStatementParser.<init>(IfStatementParser.java:79)
	at com.flowscript.sintactic.parsers.functions.control_ejecucion.StatementParser.<init>(StatementParser.java:97)
	at com.flowscript.sintactic.parsers.functions.control_flujo.IfStatementParser.<init>(IfStatementParser.java:79)
	at com.flowscript.sintactic.parsers.functions.control_ejecucion.StatementParser.<init>(StatementParser.java:97)
	at com.flowscript.sintactic.parsers.functions.control_flujo.IfStatementParser.<init>(IfStatementParser.java:79)
	at com.flowscript.sintactic.parsers.functions.control_ejecucion.StatementParser.<init>(StatementParser.java:97)
	at com.flowscript.sintactic.parsers.functions.control_flujo.IfStatementParser.<init>(IfStatementParser.java:79)
	at com.flowscript.sintactic.parsers.functions.control_ejecucion.StatementParser.<init>(StatementParser.java:97)
	at com.flowscript.sintactic.parsers.functions.control_flujo.IfStatementParser.<init>(IfStatementParser.java:79)
	at com.flowscript.sintactic.parsers.functions.control_ejecucion.StatementParser.<init>(StatementParser.java:97)
	at com.flowscript.sintactic.parsers.functions.control_flujo.IfStatementParser.<init>(IfStatementParser.java:79)
	at com.flowscript.sintactic.parsers.functions.control_ejecucion.StatementParser.<init>(StatementParser.java:97)
	at com.flowscript.sintactic.parsers.functions.control_flujo.IfStatementParser.<init>(IfStatementParser.java:79)
	at com.flowscript.sintactic.parsers.functions.control_ejecucion.StatementParser.<init>(StatementParser.java:97)
	at com.flowscript.sintactic.parsers.functions.control_flujo.IfStatementParser.<init>(IfStatementParser.java:79)
	at com.flowscript.sintactic.parsers.functions.control_ejecucion.StatementParser.<init>(StatementParser.java:97)
	at com.flowscript.sintactic.parsers.functions.control_flujo.IfStatementParser.<init>(IfStatementParser.java:79)
	at com.flowscript.sintactic.parsers.functions.control_ejecucion.StatementParser.<init>(StatementParser.java:97)
	at com.flowscript.sintactic.parsers.functions.control_flujo.IfStatementParser.<init>(IfStatementParser.java:79)
	at com.flowscript.sintactic.parsers.functions.control_ejecucion.StatementParser.<init>(StatementParser.java:97)
	at com.flowscript.sintactic.parsers.functions.control_flujo.IfStatementParser.<init>(IfStatementParser.java:79)
	at com.flowscript.sintactic.parsers.functions.control_ejecucion.StatementParser.<init>(StatementParser.java:97)
	at com.flowscript.sintactic.parsers.functions.control_flujo.IfStatementParser.<init>(IfStatementParser.java:79)
	at com.flowscript.sintactic.parsers.functions.control_ejecucion.StatementParser.<init>(StatementParser.java:97)
	at com.flowscript.sintactic.parsers.functions.control_flujo.IfStatementParser.<init>(IfStatementParser.java:79)
	at com.flowscript.sintactic.parsers.functions.control_ejecucion.StatementParser.<init>(StatementParser.java:97)
	at com.flowscript.sintactic.parsers.functions.control_flujo.IfStatementParser.<init>(IfStatementParser.java:79)
	at com.flowscript.sintactic.parsers.functions.control_ejecucion.StatementParser.<init>(StatementParser.java:97)
	at com.flowscript.sintactic.parsers.functions.control_flujo.IfStatementParser.<init>(IfStatementParser.java:79)
	at com.flowscript.sintactic.parsers.functions.control_ejecucion.StatementParser.<init>(StatementParser.java:97)
	at com.flowscript.sintactic.parsers.functions.control_flujo.IfStatementParser.<init>(IfStatementParser.java:79)
	at com.flowscript.sintactic.parsers.functions.control_ejecucion.StatementParser.<init>(StatementParser.java:97)
	at com.flowscript.sintactic.parsers.functions.control_flujo.IfStatementParser.<init>(IfStatementParser.java:79)
	at com.flowscript.sintactic.parsers.functions.control_ejecucion.StatementParser.<init>(StatementParser.java:97)
	at com.flowscript.sintactic.parsers.functions.control_flujo.IfStatementParser.<init>(IfStatementParser.java:79)
	at com.flowscript.sintactic.parsers.functions.control_ejecucion.StatementParser.<init>(StatementParser.java:97)
	at com.flowscript.sintactic.parsers.functions.control_flujo.IfStatementParser.<init>(IfStatementParser.java:79)
	at com.flowscript.sintactic.parsers.functions.control_ejecucion.StatementParser.<init>(StatementParser.java:97)
	at com.flowscript.sintactic.parsers.functions.control_flujo.IfStatementParser.<init>(IfStatementParser.java:79)
	at com.flowscript.sintactic.parsers.functions.control_ejecucion.StatementParser.<init>(StatementParser.java:97)
	at com.flowscript.sintactic.parsers.functions.control_flujo.IfStatementParser.<init>(IfStatementParser.java:79)
	at com.flowscript.sintactic.parsers.functions.control_ejecucion.StatementParser.<init>(StatementParser.java:97)
	at com.flowscript.sintactic.parsers.functions.control_flujo.IfStatementParser.<init>(IfStatementParser.java:79)
	at com.flowscript.sintactic.parsers.functions.control_ejecucion.StatementParser.<init>(StatementParser.java:97)
	at com.flowscript.sintactic.parsers.functions.control_flujo.IfStatementParser.<init>(IfStatementParser.java:79)
	at com.flowscript.sintactic.parsers.functions.control_ejecucion.StatementParser.<init>(StatementParser.java:97)
	at com.flowscript.sintactic.parsers.functions.control_flujo.IfStatementParser.<init>(IfStatementParser.java:79)
	at com.flowscript.sintactic.parsers.functions.control_ejecucion.StatementParser.<init>(StatementParser.java:97)
	at com.flowscript.sintactic.parsers.functions.control_flujo.IfStatementParser.<init>(IfStatementParser.java:79)
	at com.flowscript.sintactic.parsers.functions.control_ejecucion.StatementParser.<init>(StatementParser.java:97)
	at com.flowscript.sintactic.parsers.functions.control_flujo.IfStatementParser.<init>(IfStatementParser.java:79)
	at com.flowscript.sintactic.parsers.functions.control_ejecucion.StatementParser.<init>(StatementParser.java:97)
	at com.flowscript.sintactic.parsers.functions.control_flujo.IfStatementParser.<init>(IfStatementParser.java:79)
	at com.flowscript.sintactic.parsers.functions.control_ejecucion.StatementParser.<init>(StatementParser.java:97)
	at com.flowscript.sintactic.parsers.functions.control_flujo.IfStatementParser.<init>(IfStatementParser.java:79)
	at com.flowscript.sintactic.parsers.functions.control_ejecucion.StatementParser.<init>(StatementParser.java:97)
	at com.flowscript.sintactic.parsers.functions.control_flujo.IfStatementParser.<init>(IfStatementParser.java:79)
	at com.flowscript.sintactic.parsers.functions.control_ejecucion.StatementParser.<init>(StatementParser.java:97)
	at com.flowscript.sintactic.parsers.functions.control_flujo.IfStatementParser.<init>(IfStatementParser.java:79)
	at com.flowscript.sintactic.parsers.functions.control_ejecucion.StatementParser.<init>(StatementParser.java:97)
	at com.flowscript.sintactic.parsers.functions.control_flujo.IfStatementParser.<init>(IfStatementParser.java:79)
	at com.flowscript.sintactic.parsers.functions.control_ejecucion.StatementParser.<init>(StatementParser.java:97)
	at com.flowscript.sintactic.parsers.functions.control_flujo.IfStatementParser.<init>(IfStatementParser.java:79)
	at com.flowscript.sintactic.parsers.functions.control_ejecucion.StatementParser.<init>(StatementParser.java:97)
	at com.flowscript.sintactic.parsers.functions.control_flujo.IfStatementParser.<init>(IfStatementParser.java:79)
	at com.flowscript.sintactic.parsers.functions.control_ejecucion.StatementParser.<init>(StatementParser.java:97)
	at com.flowscript.sintactic.parsers.functions.control_flujo.IfStatementParser.<init>(IfStatementParser.java:79)
	at com.flowscript.sintactic.parsers.functions.control_ejecucion.StatementParser.<init>(StatementParser.java:97)
	at com.flowscript.sintactic.parsers.functions.control_flujo.IfStatementParser.<init>(IfStatementParser.java:79)
	at com.flowscript.sintactic.parsers.functions.control_ejecucion.StatementParser.<init>(StatementParser.java:97)
	at com.flowscript.sintactic.parsers.functions.control_flujo.IfStatementParser.<init>(IfStatementParser.java:79)
	at com.flowscript.sintactic.parsers.functions.control_ejecucion.StatementParser.<init>(StatementParser.java:97)
	at com.flowscript.sintactic.parsers.functions.control_flujo.IfStatementParser.<init>(IfStatementParser.java:79)
	at com.flowscript.sintactic.parsers.functions.control_ejecucion.StatementParser.<init>(StatementParser.java:97)
	at com.flowscript.sintactic.parsers.functions.control_flujo.IfStatementParser.<init>(IfStatementParser.java:79)
	at com.flowscript.sintactic.parsers.functions.control_ejecucion.StatementParser.<init>(StatementParser.java:97)
	at com.flowscript.sintactic.parsers.functions.control_flujo.IfStatementParser.<init>(IfStatementParser.java:79)
	at com.flowscript.sintactic.parsers.functions.control_ejecucion.StatementParser.<init>(StatementParser.java:97)
	at com.flowscript.sintactic.parsers.functions.control_flujo.IfStatementParser.<init>(IfStatementParser.java:79)
	at com.flowscript.sintactic.parsers.functions.control_ejecucion.StatementParser.<init>(StatementParser.java:97)
	at com.flowscript.sintactic.parsers.functions.control_flujo.IfStatementParser.<init>(IfStatementParser.java:79)
	at com.flowscript.sintactic.parsers.functions.control_ejecucion.StatementParser.<init>(StatementParser.java:97)
	at com.flowscript.sintactic.parsers.functions.control_flujo.IfStatementParser.<init>(IfStatementParser.java:79)
	at com.flowscript.sintactic.parsers.functions.control_ejecucion.StatementParser.<init>(StatementParser.java:97)
	at com.flowscript.sintactic.parsers.functions.control_flujo.IfStatementParser.<init>(IfStatementParser.java:79)
	at com.flowscript.sintactic.parsers.functions.control_ejecucion.StatementParser.<init>(StatementParser.java:97)
	at com.flowscript.sintactic.parsers.functions.control_flujo.IfStatementParser.<init>(IfStatementParser.java:79)
	at com.flowscript.sintactic.parsers.functions.control_ejecucion.StatementParser.<init>(StatementParser.java:97)
	at com.flowscript.sintactic.parsers.functions.control_flujo.IfStatementParser.<init>(IfStatementParser.java:79)
	at com.flowscript.sintactic.parsers.functions.control_ejecucion.StatementParser.<init>(StatementParser.java:97)
	at com.flowscript.sintactic.parsers.functions.control_flujo.IfStatementParser.<init>(IfStatementParser.java:79)
	at com.flowscript.sintactic.parsers.functions.control_ejecucion.StatementParser.<init>(StatementParser.java:97)
	at com.flowscript.sintactic.parsers.functions.control_flujo.IfStatementParser.<init>(IfStatementParser.java:79)
	at com.flowscript.sintactic.parsers.functions.control_ejecucion.StatementParser.<init>(StatementParser.java:97)
	at com.flowscript.sintactic.parsers.functions.control_flujo.IfStatementParser.<init>(IfStatementParser.java:79)
	at com.flowscript.sintactic.parsers.functions.control_ejecucion.StatementParser.<init>(StatementParser.java:97)
	at com.flowscript.sintactic.parsers.functions.control_flujo.IfStatementParser.<init>(IfStatementParser.java:79)
	at com.flowscript.sintactic.parsers.functions.control_ejecucion.StatementParser.<init>(StatementParser.java:97)
	at com.flowscript.sintactic.parsers.functions.control_flujo.IfStatementParser.<init>(IfStatementParser.java:79)
	at com.flowscript.sintactic.parsers.functions.control_ejecucion.StatementParser.<init>(StatementParser.java:97)
	at com.flowscript.sintactic.parsers.functions.control_flujo.IfStatementParser.<init>(IfStatementParser.java:79)
	at com.flowscript.sintactic.parsers.functions.control_ejecucion.StatementParser.<init>(StatementParser.java:97)
	at com.flowscript.sintactic.parsers.functions.control_flujo.IfStatementParser.<init>(IfStatementParser.java:79)
	at com.flowscript.sintactic.parsers.functions.control_ejecucion.StatementParser.<init>(StatementParser.java:97)
	at com.flowscript.sintactic.parsers.functions.control_flujo.IfStatementParser.<init>(IfStatementParser.java:79)
	at com.flowscript.sintactic.parsers.functions.control_ejecucion.StatementParser.<init>(StatementParser.java:97)
	at com.flowscript.sintactic.parsers.functions.control_flujo.IfStatementParser.<init>(IfStatementParser.java:79)
	at com.flowscript.sintactic.parsers.functions.control_ejecucion.StatementParser.<init>(StatementParser.java:97)
	at com.flowscript.sintactic.parsers.functions.control_flujo.IfStatementParser.<init>(IfStatementParser.java:79)
	at com.flowscript.sintactic.parsers.functions.control_ejecucion.StatementParser.<init>(StatementParser.java:97)
	at com.flowscript.sintactic.parsers.functions.control_flujo.IfStatementParser.<init>(IfStatementParser.java:79)
	at com.flowscript.sintactic.parsers.functions.control_ejecucion.StatementParser.<init>(StatementParser.java:97)
	at com.flowscript.sintactic.parsers.functions.control_flujo.IfStatementParser.<init>(IfStatementParser.java:79)
	at com.flowscript.sintactic.parsers.functions.control_ejecucion.StatementParser.<init>(StatementParser.java:97)
	at com.flowscript.sintactic.parsers.functions.control_flujo.IfStatementParser.<init>(IfStatementParser.java:79)
	at com.flowscript.sintactic.parsers.functions.control_ejecucion.StatementParser.<init>(StatementParser.java:97)
	at com.flowscript.sintactic.parsers.functions.control_flujo.IfStatementParser.<init>(IfStatementParser.java:79)
	at com.flowscript.sintactic.parsers.functions.control_ejecucion.StatementParser.<init>(StatementParser.java:97)
	at com.flowscript.sintactic.parsers.functions.control_flujo.IfStatementParser.<init>(IfStatementParser.java:79)
	at com.flowscript.sintactic.parsers.functions.control_ejecucion.StatementParser.<init>(StatementParser.java:97)
	at com.flowscript.sintactic.parsers.functions.control_flujo.IfStatementParser.<init>(IfStatementParser.java:79)
	at com.flowscript.sintactic.parsers.functions.control_ejecucion.StatementParser.<init>(StatementParser.java:97)
	at com.flowscript.sintactic.parsers.functions.control_flujo.IfStatementParser.<init>(IfStatementParser.java:79)
	at com.flowscript.sintactic.parsers.functions.control_ejecucion.StatementParser.<init>(StatementParser.java:97)
	at com.flowscript.sintactic.parsers.functions.control_flujo.IfStatementParser.<init>(IfStatementParser.java:79)
	at com.flowscript.sintactic.parsers.functions.control_ejecucion.StatementParser.<init>(StatementParser.java:97)
	at com.flowscript.sintactic.parsers.functions.control_flujo.IfStatementParser.<init>(IfStatementParser.java:79)
	at com.flowscript.sintactic.parsers.functions.control_ejecucion.StatementParser.<init>(StatementParser.java:97)
	at com.flowscript.sintactic.parsers.functions.control_flujo.IfStatementParser.<init>(IfStatementParser.java:79)
	at com.flowscript.sintactic.parsers.functions.control_ejecucion.StatementParser.<init>(StatementParser.java:97)
	at com.flowscript.sintactic.parsers.functions.control_flujo.IfStatementParser.<init>(IfStatementParser.java:79)
	at com.flowscript.sintactic.parsers.functions.control_ejecucion.StatementParser.<init>(StatementParser.java:97)
	at com.flowscript.sintactic.parsers.functions.control_flujo.IfStatementParser.<init>(IfStatementParser.java:79)
	at com.flowscript.sintactic.parsers.functions.control_ejecucion.StatementParser.<init>(StatementParser.java:97)
	at com.flowscript.sintactic.parsers.functions.control_flujo.IfStatementParser.<init>(IfStatementParser.java:79)
	at com.flowscript.sintactic.parsers.functions.control_ejecucion.StatementParser.<init>(StatementParser.java:97)
	at com.flowscript.sintactic.parsers.functions.control_flujo.IfStatementParser.<init>(IfStatementParser.java:79)
	at com.flowscript.sintactic.parsers.functions.control_ejecucion.StatementParser.<init>(StatementParser.java:97)
	at com.flowscript.sintactic.parsers.functions.control_flujo.IfStatementParser.<init>(IfStatementParser.java:79)
	at com.flowscript.sintactic.parsers.functions.control_ejecucion.StatementParser.<init>(StatementParser.java:97)
	at com.flowscript.sintactic.parsers.functions.control_flujo.IfStatementParser.<init>(IfStatementParser.java:79)
	at com.flowscript.sintactic.parsers.functions.control_ejecucion.StatementParser.<init>(StatementParser.java:97)
	at com.flowscript.sintactic.parsers.functions.control_flujo.IfStatementParser.<init>(IfStatementParser.java:79)
	at com.flowscript.sintactic.parsers.functions.control_ejecucion.StatementParser.<init>(StatementParser.java:97)
	at com.flowscript.sintactic.parsers.functions.control_flujo.IfStatementParser.<init>(IfStatementParser.java:79)
	at com.flowscript.sintactic.parsers.functions.control_ejecucion.StatementParser.<init>(StatementParser.java:97)
	at com.flowscript.sintactic.parsers.functions.control_flujo.IfStatementParser.<init>(IfStatementParser.java:79)
	at com.flowscript.sintactic.parsers.functions.control_ejecucion.StatementParser.<init>(StatementParser.java:97)
	at com.flowscript.sintactic.parsers.functions.control_flujo.IfStatementParser.<init>(IfStatementParser.java:79)
	at com.flowscript.sintactic.parsers.functions.control_ejecucion.StatementParser.<init>(StatementParser.java:97)
	at com.flowscript.sintactic.parsers.functions.control_flujo.IfStatementParser.<init>(IfStatementParser.java:79)
	at com.flowscript.sintactic.parsers.functions.control_ejecucion.StatementParser.<init>(StatementParser.java:97)
	at com.flowscript.sintactic.parsers.functions.control_flujo.IfStatementParser.<init>(IfStatementParser.java:79)
	at com.flowscript.sintactic.parsers.functions.control_ejecucion.StatementParser.<init>(StatementParser.java:97)
	at com.flowscript.sintactic.parsers.functions.control_flujo.IfStatementParser.<init>(IfStatementParser.java:79)
	at com.flowscript.sintactic.parsers.functions.control_ejecucion.StatementParser.<init>(StatementParser.java:97)
	at com.flowscript.sintactic.parsers.functions.control_flujo.IfStatementParser.<init>(IfStatementParser.java:79)
	at com.flowscript.sintactic.parsers.functions.control_ejecucion.StatementParser.<init>(StatementParser.java:97)
	at com.flowscript.sintactic.parsers.functions.control_flujo.IfStatementParser.<init>(IfStatementParser.java:79)
	at com.flowscript.sintactic.parsers.functions.control_ejecucion.StatementParser.<init>(StatementParser.java:97)
	at com.flowscript.sintactic.parsers.functions.control_flujo.IfStatementParser.<init>(IfStatementParser.java:79)
	at com.flowscript.sintactic.parsers.functions.control_ejecucion.StatementParser.<init>(StatementParser.java:97)
	at com.flowscript.sintactic.parsers.functions.control_flujo.IfStatementParser.<init>(IfStatementParser.java:79)
	at com.flowscript.sintactic.parsers.functions.control_ejecucion.StatementParser.<init>(StatementParser.java:97)
	at com.flowscript.sintactic.parsers.functions.control_flujo.IfStatementParser.<init>(IfStatementParser.java:79)
	at com.flowscript.sintactic.parsers.functions.control_ejecucion.StatementParser.<init>(StatementParser.java:97)
	at com.flowscript.sintactic.parsers.functions.control_flujo.IfStatementParser.<init>(IfStatementParser.java:79)
	at com.flowscript.sintactic.parsers.functions.control_ejecucion.StatementParser.<init>(StatementParser.java:97)
	at com.flowscript.sintactic.parsers.functions.control_flujo.IfStatementParser.<init>(IfStatementParser.java:79)
	at com.flowscript.sintactic.parsers.functions.control_ejecucion.StatementParser.<init>(StatementParser.java:97)
	at com.flowscript.sintactic.parsers.functions.control_flujo.IfStatementParser.<init>(IfStatementParser.java:79)
	at com.flowscript.sintactic.parsers.functions.control_ejecucion.StatementParser.<init>(StatementParser.java:97)
	at com.flowscript.sintactic.parsers.functions.control_flujo.IfStatementParser.<init>(IfStatementParser.java:79)
	at com.flowscript.sintactic.parsers.functions.control_ejecucion.StatementParser.<init>(StatementParser.java:97)
	at com.flowscript.sintactic.parsers.functions.control_flujo.IfStatementParser.<init>(IfStatementParser.java:79)
	at com.flowscript.sintactic.parsers.functions.control_ejecucion.StatementParser.<init>(StatementParser.java:97)
	at com.flowscript.sintactic.parsers.functions.control_flujo.IfStatementParser.<init>(IfStatementParser.java:79)
	at com.flowscript.sintactic.parsers.functions.control_ejecucion.StatementParser.<init>(StatementParser.java:97)
	at com.flowscript.sintactic.parsers.functions.control_flujo.IfStatementParser.<init>(IfStatementParser.java:79)
	at com.flowscript.sintactic.parsers.functions.control_ejecucion.StatementParser.<init>(StatementParser.java:97)
	at com.flowscript.sintactic.parsers.functions.control_flujo.IfStatementParser.<init>(IfStatementParser.java:79)
	at com.flowscript.sintactic.parsers.functions.control_ejecucion.StatementParser.<init>(StatementParser.java:97)
	at com.flowscript.sintactic.parsers.functions.control_flujo.IfStatementParser.<init>(IfStatementParser.java:79)
	at com.flowscript.sintactic.parsers.functions.control_ejecucion.StatementParser.<init>(StatementParser.java:97)
	at com.flowscript.sintactic.parsers.functions.control_flujo.IfStatementParser.<init>(IfStatementParser.java:79)
	at com.flowscript.sintactic.parsers.functions.control_ejecucion.StatementParser.<init>(StatementParser.java:97)
	at com.flowscript.sintactic.parsers.functions.control_flujo.IfStatementParser.<init>(IfStatementParser.java:79)
	at com.flowscript.sintactic.parsers.functions.control_ejecucion.StatementParser.<init>(StatementParser.java:97)
	at com.flowscript.sintactic.parsers.functions.control_flujo.IfStatementParser.<init>(IfStatementParser.java:79)
	at com.flowscript.sintactic.parsers.functions.control_ejecucion.StatementParser.<init>(StatementParser.java:97)
	at com.flowscript.sintactic.parsers.functions.control_flujo.IfStatementParser.<init>(IfStatementParser.java:79)
	at com.flowscript.sintactic.parsers.functions.control_ejecucion.StatementParser.<init>(StatementParser.java:97)
	at com.flowscript.sintactic.parsers.functions.control_flujo.IfStatementParser.<init>(IfStatementParser.java:79)
	at com.flowscript.sintactic.parsers.functions.control_ejecucion.StatementParser.<init>(StatementParser.java:97)
	at com.flowscript.sintactic.parsers.functions.control_flujo.IfStatementParser.<init>(IfStatementParser.java:79)
	at com.flowscript.sintactic.parsers.functions.control_ejecucion.StatementParser.<init>(StatementParser.java:97)
	at com.flowscript.sintactic.parsers.functions.control_flujo.IfStatementParser.<init>(IfStatementParser.java:79)
	at com.flowscript.sintactic.parsers.functions.control_ejecucion.StatementParser.<init>(StatementParser.java:97)
	at com.flowscript.sintactic.parsers.functions.control_flujo.IfStatementParser.<init>(IfStatementParser.java:79)
	at com.flowscript.sintactic.parsers.functions.control_ejecucion.StatementParser.<init>(StatementParser.java:97)
	at com.flowscript.sintactic.parsers.functions.control_flujo.IfStatementParser.<init>(IfStatementParser.java:79)
	at com.flowscript.sintactic.parsers.functions.control_ejecucion.StatementParser.<init>(StatementParser.java:97)
	at com.flowscript.sintactic.parsers.functions.control_flujo.IfStatementParser.<init>(IfStatementParser.java:79)
	at com.flowscript.sintactic.parsers.functions.control_ejecucion.StatementParser.<init>(StatementParser.java:97)
	at com.flowscript.sintactic.parsers.functions.control_flujo.IfStatementParser.<init>(IfStatementParser.java:79)
	at com.flowscript.sintactic.parsers.functions.control_ejecucion.StatementParser.<init>(StatementParser.java:97)
	at com.flowscript.sintactic.parsers.functions.control_flujo.IfStatementParser.<init>(IfStatementParser.java:79)
	at com.flowscript.sintactic.parsers.functions.control_ejecucion.StatementParser.<init>(StatementParser.java:97)
	at com.flowscript.sintactic.parsers.functions.control_flujo.IfStatementParser.<init>(IfStatementParser.java:79)
	at com.flowscript.sintactic.parsers.functions.control_ejecucion.StatementParser.<init>(StatementParser.java:97)
	at com.flowscript.sintactic.parsers.functions.control_flujo.IfStatementParser.<init>(IfStatementParser.java:79)
	at com.flowscript.sintactic.parsers.functions.control_ejecucion.StatementParser.<init>(StatementParser.java:97)
	at com.flowscript.sintactic.parsers.functions.control_flujo.IfStatementParser.<init>(IfStatementParser.java:79)
	at com.flowscript.sintactic.parsers.functions.control_ejecucion.StatementParser.<init>(StatementParser.java:97)
	at com.flowscript.sintactic.parsers.functions.control_flujo.IfStatementParser.<init>(IfStatementParser.java:79)
	at com.flowscript.sintactic.parsers.functions.control_ejecucion.StatementParser.<init>(StatementParser.java:97)
	at com.flowscript.sintactic.parsers.functions.control_flujo.IfStatementParser.<init>(IfStatementParser.java:79)
	at com.flowscript.sintactic.parsers.functions.control_ejecucion.StatementParser.<init>(StatementParser.java:97)
	at com.flowscript.sintactic.parsers.functions.control_flujo.IfStatementParser.<init>(IfStatementParser.java:79)
	at com.flowscript.sintactic.parsers.functions.control_ejecucion.StatementParser.<init>(StatementParser.java:97)
	at com.flowscript.sintactic.parsers.functions.control_flujo.IfStatementParser.<init>(IfStatementParser.java:79)
	at com.flowscript.sintactic.parsers.functions.control_ejecucion.StatementParser.<init>(StatementParser.java:97)
	at com.flowscript.sintactic.parsers.functions.control_flujo.IfStatementParser.<init>(IfStatementParser.java:79)
	at com.flowscript.sintactic.parsers.functions.control_ejecucion.StatementParser.<init>(StatementParser.java:97)
	at com.flowscript.sintactic.parsers.functions.control_flujo.IfStatementParser.<init>(IfStatementParser.java:79)
	at com.flowscript.sintactic.parsers.functions.control_ejecucion.StatementParser.<init>(StatementParser.java:97)
	at com.flowscript.sintactic.parsers.functions.control_flujo.IfStatementParser.<init>(IfStatementParser.java:79)
	at com.flowscript.sintactic.parsers.functions.control_ejecucion.StatementParser.<init>(StatementParser.java:97)
	at com.flowscript.sintactic.parsers.functions.control_flujo.IfStatementParser.<init>(IfStatementParser.java:79)
	at com.flowscript.sintactic.parsers.functions.control_ejecucion.StatementParser.<init>(StatementParser.java:97)
	at com.flowscript.sintactic.parsers.functions.control_flujo.IfStatementParser.<init>(IfStatementParser.java:79)
	at com.flowscript.sintactic.parsers.functions.control_ejecucion.StatementParser.<init>(StatementParser.java:97)
	at com.flowscript.sintactic.parsers.functions.control_flujo.IfStatementParser.<init>(IfStatementParser.java:79)
	at com.flowscript.sintactic.parsers.functions.control_ejecucion.StatementParser.<init>(StatementParser.java:97)
	at com.flowscript.sintactic.parsers.functions.control_flujo.IfStatementParser.<init>(IfStatementParser.java:79)
	at com.flowscript.sintactic.parsers.functions.control_ejecucion.StatementParser.<init>(StatementParser.java:97)
	at com.flowscript.sintactic.parsers.functions.control_flujo.IfStatementParser.<init>(IfStatementParser.java:79)
	at com.flowscript.sintactic.parsers.functions.control_ejecucion.StatementParser.<init>(StatementParser.java:97)
	at com.flowscript.sintactic.parsers.functions.control_flujo.IfStatementParser.<init>(IfStatementParser.java:79)
	at com.flowscript.sintactic.parsers.functions.control_ejecucion.StatementParser.<init>(StatementParser.java:97)
	at com.flowscript.sintactic.parsers.functions.control_flujo.IfStatementParser.<init>(IfStatementParser.java:79)
	at com.flowscript.sintactic.parsers.functions.control_ejecucion.StatementParser.<init>(StatementParser.java:97)
	at com.flowscript.sintactic.parsers.functions.control_flujo.IfStatementParser.<init>(IfStatementParser.java:79)
	at com.flowscript.sintactic.parsers.functions.control_ejecucion.StatementParser.<init>(StatementParser.java:97)
	at com.flowscript.sintactic.parsers.functions.control_flujo.IfStatementParser.<init>(IfStatementParser.java:79)
	at com.flowscript.sintactic.parsers.functions.control_ejecucion.StatementParser.<init>(StatementParser.java:97)
	at com.flowscript.sintactic.parsers.functions.control_flujo.IfStatementParser.<init>(IfStatementParser.java:79)
	at com.flowscript.sintactic.parsers.functions.control_ejecucion.StatementParser.<init>(StatementParser.java:97)
	at com.flowscript.sintactic.parsers.functions.control_flujo.IfStatementParser.<init>(IfStatementParser.java:79)
	at com.flowscript.sintactic.parsers.functions.control_ejecucion.StatementParser.<init>(StatementParser.java:97)
	at com.flowscript.sintactic.parsers.functions.control_flujo.IfStatementParser.<init>(IfStatementParser.java:79)
	at com.flowscript.sintactic.parsers.functions.control_ejecucion.StatementParser.<init>(StatementParser.java:97)
	at com.flowscript.sintactic.parsers.functions.control_flujo.IfStatementParser.<init>(IfStatementParser.java:79)
	at com.flowscript.sintactic.parsers.functions.control_ejecucion.StatementParser.<init>(StatementParser.java:97)
	at com.flowscript.sintactic.parsers.functions.control_flujo.IfStatementParser.<init>(IfStatementParser.java:79)
	at com.flowscript.sintactic.parsers.functions.control_ejecucion.StatementParser.<init>(StatementParser.java:97)
	at com.flowscript.sintactic.parsers.functions.control_flujo.IfStatementParser.<init>(IfStatementParser.java:79)
	at com.flowscript.sintactic.parsers.functions.control_ejecucion.StatementParser.<init>(StatementParser.java:97)
	at com.flowscript.sintactic.parsers.functions.control_flujo.IfStatementParser.<init>(IfStatementParser.java:79)
	at com.flowscript.sintactic.parsers.functions.control_ejecucion.StatementParser.<init>(StatementParser.java:97)
	at com.flowscript.sintactic.parsers.functions.control_flujo.IfStatementParser.<init>(IfStatementParser.java:79)
	at com.flowscript.sintactic.parsers.functions.control_ejecucion.StatementParser.<init>(StatementParser.java:97)
	at com.flowscript.sintactic.parsers.functions.control_flujo.IfStatementParser.<init>(IfStatementParser.java:79)
	at com.flowscript.sintactic.parsers.functions.control_ejecucion.StatementParser.<init>(StatementParser.java:97)
	at com.flowscript.sintactic.parsers.functions.control_flujo.IfStatementParser.<init>(IfStatementParser.java:79)
	at com.flowscript.sintactic.parsers.functions.control_ejecucion.StatementParser.<init>(StatementParser.java:97)
	at com.flowscript.sintactic.parsers.functions.control_flujo.IfStatementParser.<init>(IfStatementParser.java:79)
	at com.flowscript.sintactic.parsers.functions.control_ejecucion.StatementParser.<init>(StatementParser.java:97)
	at com.flowscript.sintactic.parsers.functions.control_flujo.IfStatementParser.<init>(IfStatementParser.java:79)
	at com.flowscript.sintactic.parsers.functions.control_ejecucion.StatementParser.<init>(StatementParser.java:97)
	at com.flowscript.sintactic.parsers.functions.control_flujo.IfStatementParser.<init>(IfStatementParser.java:79)
	at com.flowscript.sintactic.parsers.functions.control_ejecucion.StatementParser.<init>(StatementParser.java:97)
	at com.flowscript.sintactic.parsers.functions.control_flujo.IfStatementParser.<init>(IfStatementParser.java:79)
	at com.flowscript.sintactic.parsers.functions.control_ejecucion.StatementParser.<init>(StatementParser.java:97)
	at com.flowscript.sintactic.parsers.functions.control_flujo.IfStatementParser.<init>(IfStatementParser.java:79)
	at com.flowscript.sintactic.parsers.functions.control_ejecucion.StatementParser.<init>(StatementParser.java:97)
	at com.flowscript.sintactic.parsers.functions.control_flujo.IfStatementParser.<init>(IfStatementParser.java:79)
	at com.flowscript.sintactic.parsers.functions.control_ejecucion.StatementParser.<init>(StatementParser.java:97)
	at com.flowscript.sintactic.parsers.functions.control_flujo.IfStatementParser.<init>(IfStatementParser.java:79)
	at com.flowscript.sintactic.parsers.functions.control_ejecucion.StatementParser.<init>(StatementParser.java:97)
	at com.flowscript.sintactic.parsers.functions.control_flujo.IfStatementParser.<init>(IfStatementParser.java:79)
	at com.flowscript.sintactic.parsers.functions.control_ejecucion.StatementParser.<init>(StatementParser.java:97)
	at com.flowscript.sintactic.parsers.functions.control_flujo.IfStatementParser.<init>(IfStatementParser.java:79)
	at com.flowscript.sintactic.parsers.functions.control_ejecucion.StatementParser.<init>(StatementParser.java:97)
	at com.flowscript.sintactic.parsers.functions.control_flujo.IfStatementParser.<init>(IfStatementParser.java:79)
	at com.flowscript.sintactic.parsers.functions.control_ejecucion.StatementParser.<init>(StatementParser.java:97)
	at com.flowscript.sintactic.parsers.functions.control_flujo.IfStatementParser.<init>(IfStatementParser.java:79)
	at com.flowscript.sintactic.parsers.functions.control_ejecucion.StatementParser.<init>(StatementParser.java:97)
	at com.flowscript.sintactic.parsers.functions.control_flujo.IfStatementParser.<init>(IfStatementParser.java:79)
	at com.flowscript.sintactic.parsers.functions.control_ejecucion.StatementParser.<init>(StatementParser.java:97)
	at com.flowscript.sintactic.parsers.functions.control_flujo.IfStatementParser.<init>(IfStatementParser.java:79)
	at com.flowscript.sintactic.parsers.functions.control_ejecucion.StatementParser.<init>(StatementParser.java:97)
	at com.flowscript.sintactic.parsers.functions.control_flujo.IfStatementParser.<init>(IfStatementParser.java:79)
	at com.flowscript.sintactic.parsers.functions.control_ejecucion.StatementParser.<init>(StatementParser.java:97)
	at com.flowscript.sintactic.parsers.functions.control_flujo.IfStatementParser.<init>(IfStatementParser.java:79)
	at com.flowscript.sintactic.parsers.functions.control_ejecucion.StatementParser.<init>(StatementParser.java:97)
	at com.flowscript.sintactic.parsers.functions.control_flujo.IfStatementParser.<init>(IfStatementParser.java:79)
	at com.flowscript.sintactic.parsers.functions.control_ejecucion.StatementParser.<init>(StatementParser.java:97)
	at com.flowscript.sintactic.parsers.functions.control_flujo.IfStatementParser.<init>(IfStatementParser.java:79)
	at com.flowscript.sintactic.parsers.functions.control_ejecucion.StatementParser.<init>(StatementParser.java:97)
	at com.flowscript.sintactic.parsers.functions.control_flujo.IfStatementParser.<init>(IfStatementParser.java:79)
	at com.flowscript.sintactic.parsers.functions.control_ejecucion.StatementParser.<init>(StatementParser.java:97)
	at com.flowscript.sintactic.parsers.functions.control_flujo.IfStatementParser.<init>(IfStatementParser.java:79)
	at com.flowscript.sintactic.parsers.functions.control_ejecucion.StatementParser.<init>(StatementParser.java:97)
	at com.flowscript.sintactic.parsers.functions.control_flujo.IfStatementParser.<init>(IfStatementParser.java:79)
	at com.flowscript.sintactic.parsers.functions.control_ejecucion.StatementParser.<init>(StatementParser.java:97)
	at com.flowscript.sintactic.parsers.functions.control_flujo.IfStatementParser.<init>(IfStatementParser.java:79)
	at com.flowscript.sintactic.parsers.functions.control_ejecucion.StatementParser.<init>(StatementParser.java:97)
	at com.flowscript.sintactic.parsers.functions.control_flujo.IfStatementParser.<init>(IfStatementParser.java:79)
	at com.flowscript.sintactic.parsers.functions.control_ejecucion.StatementParser.<init>(StatementParser.java:97)
	at com.flowscript.sintactic.parsers.functions.control_flujo.IfStatementParser.<init>(IfStatementParser.java:79)
	at com.flowscript.sintactic.parsers.functions.control_ejecucion.StatementParser.<init>(StatementParser.java:97)
	at com.flowscript.sintactic.parsers.functions.control_flujo.IfStatementParser.<init>(IfStatementParser.java:79)
	at com.flowscript.sintactic.parsers.functions.control_ejecucion.StatementParser.<init>(StatementParser.java:97)
	at com.flowscript.sintactic.parsers.functions.control_flujo.IfStatementParser.<init>(IfStatementParser.java:79)
	at com.flowscript.sintactic.parsers.functions.control_ejecucion.StatementParser.<init>(StatementParser.java:97)
	at com.flowscript.sintactic.parsers.functions.control_flujo.IfStatementParser.<init>(IfStatementParser.java:79)
	at com.flowscript.sintactic.parsers.functions.control_ejecucion.StatementParser.<init>(StatementParser.java:97)
	at com.flowscript.sintactic.parsers.functions.control_flujo.IfStatementParser.<init>(IfStatementParser.java:79)
	at com.flowscript.sintactic.parsers.functions.control_ejecucion.StatementParser.<init>(StatementParser.java:97)
	at com.flowscript.sintactic.parsers.functions.control_flujo.IfStatementParser.<init>(IfStatementParser.java:79)
	at com.flowscript.sintactic.parsers.functions.control_ejecucion.StatementParser.<init>(StatementParser.java:97)
	at com.flowscript.sintactic.parsers.functions.control_flujo.IfStatementParser.<init>(IfStatementParser.java:79)
	at com.flowscript.sintactic.parsers.functions.control_ejecucion.StatementParser.<init>(StatementParser.java:97)
	at com.flowscript.sintactic.parsers.functions.control_flujo.IfStatementParser.<init>(IfStatementParser.java:79)
	at com.flowscript.sintactic.parsers.functions.control_ejecucion.StatementParser.<init>(StatementParser.java:97)
	at com.flowscript.sintactic.parsers.functions.control_flujo.IfStatementParser.<init>(IfStatementParser.java:79)
	at com.flowscript.sintactic.parsers.functions.control_ejecucion.StatementParser.<init>(StatementParser.java:97)
	at com.flowscript.sintactic.parsers.functions.control_flujo.IfStatementParser.<init>(IfStatementParser.java:79)
	at com.flowscript.sintactic.parsers.functions.control_ejecucion.StatementParser.<init>(StatementParser.java:97)
	at com.flowscript.sintactic.parsers.functions.control_flujo.IfStatementParser.<init>(IfStatementParser.java:79)
	at com.flowscript.sintactic.parsers.functions.control_ejecucion.StatementParser.<init>(StatementParser.java:97)
	at com.flowscript.sintactic.parsers.functions.control_flujo.IfStatementParser.<init>(IfStatementParser.java:79)
	at com.flowscript.sintactic.parsers.functions.control_ejecucion.StatementParser.<init>(StatementParser.java:97)
	at com.flowscript.sintactic.parsers.functions.control_flujo.IfStatementParser.<init>(IfStatementParser.java:79)
	at com.flowscript.sintactic.parsers.functions.control_ejecucion.StatementParser.<init>(StatementParser.java:97)
	at com.flowscript.sintactic.parsers.functions.control_flujo.IfStatementParser.<init>(IfStatementParser.java:79)
	at com.flowscript.sintactic.parsers.functions.control_ejecucion.StatementParser.<init>(StatementParser.java:97)
	at com.flowscript.sintactic.parsers.functions.control_flujo.IfStatementParser.<init>(IfStatementParser.java:79)
	at com.flowscript.sintactic.parsers.functions.control_ejecucion.StatementParser.<init>(StatementParser.java:97)
	at com.flowscript.sintactic.parsers.functions.control_flujo.IfStatementParser.<init>(IfStatementParser.java:79)
	at com.flowscript.sintactic.parsers.functions.control_ejecucion.StatementParser.<init>(StatementParser.java:97)
	at com.flowscript.sintactic.parsers.functions.control_flujo.IfStatementParser.<init>(IfStatementParser.java:79)
	at com.flowscript.sintactic.parsers.functions.control_ejecucion.StatementParser.<init>(StatementParser.java:97)
	at com.flowscript.sintactic.parsers.functions.control_flujo.IfStatementParser.<init>(IfStatementParser.java:79)
	at com.flowscript.sintactic.parsers.functions.control_ejecucion.StatementParser.<init>(StatementParser.java:97)
	at com.flowscript.sintactic.parsers.functions.control_flujo.IfStatementParser.<init>(IfStatementParser.java:79)
	at com.flowscript.sintactic.parsers.functions.control_ejecucion.StatementParser.<init>(StatementParser.java:97)
	at com.flowscript.sintactic.parsers.functions.control_flujo.IfStatementParser.<init>(IfStatementParser.java:79)
	at com.flowscript.sintactic.parsers.functions.control_ejecucion.StatementParser.<init>(StatementParser.java:97)
	at com.flowscript.sintactic.parsers.functions.control_flujo.IfStatementParser.<init>(IfStatementParser.java:79)
	at com.flowscript.sintactic.parsers.functions.control_ejecucion.StatementParser.<init>(StatementParser.java:97)
	at com.flowscript.sintactic.parsers.functions.control_flujo.IfStatementParser.<init>(IfStatementParser.java:79)
	at com.flowscript.sintactic.parsers.functions.control_ejecucion.StatementParser.<init>(StatementParser.java:97)
	at com.flowscript.sintactic.parsers.functions.control_flujo.IfStatementParser.<init>(IfStatementParser.java:79)
	at com.flowscript.sintactic.parsers.functions.control_ejecucion.StatementParser.<init>(StatementParser.java:97)
	at com.flowscript.sintactic.parsers.functions.control_flujo.IfStatementParser.<init>(IfStatementParser.java:79)
	at com.flowscript.sintactic.parsers.functions.control_ejecucion.StatementParser.<init>(StatementParser.java:97)
	at com.flowscript.sintactic.parsers.functions.control_flujo.IfStatementParser.<init>(IfStatementParser.java:79)
	at com.flowscript.sintactic.parsers.functions.control_ejecucion.StatementParser.<init>(StatementParser.java:97)
	at com.flowscript.sintactic.parsers.functions.control_flujo.IfStatementParser.<init>(IfStatementParser.java:79)
	at com.flowscript.sintactic.parsers.functions.control_ejecucion.StatementParser.<init>(StatementParser.java:97)
	at com.flowscript.sintactic.parsers.functions.control_flujo.IfStatementParser.<init>(IfStatementParser.java:79)
	at com.flowscript.sintactic.parsers.functions.control_ejecucion.StatementParser.<init>(StatementParser.java:97)
	at com.flowscript.sintactic.parsers.functions.control_flujo.IfStatementParser.<init>(IfStatementParser.java:79)
	at com.flowscript.sintactic.parsers.functions.control_ejecucion.StatementParser.<init>(StatementParser.java:97)
	at com.flowscript.sintactic.parsers.functions.control_flujo.IfStatementParser.<init>(IfStatementParser.java:79)
	at com.flowscript.sintactic.parsers.functions.control_ejecucion.StatementParser.<init>(StatementParser.java:97)
	at com.flowscript.sintactic.parsers.functions.control_flujo.IfStatementParser.<init>(IfStatementParser.java:79)
	at com.flowscript.sintactic.parsers.functions.control_ejecucion.StatementParser.<init>(StatementParser.java:97)
	at com.flowscript.sintactic.parsers.functions.control_flujo.IfStatementParser.<init>(IfStatementParser.java:79)
	at com.flowscript.sintactic.parsers.functions.control_ejecucion.StatementParser.<init>(StatementParser.java:97)
	at com.flowscript.sintactic.parsers.functions.control_flujo.IfStatementParser.<init>(IfStatementParser.java:79)
	at com.flowscript.sintactic.parsers.functions.control_ejecucion.StatementParser.<init>(StatementParser.java:97)
	at com.flowscript.sintactic.parsers.functions.control_flujo.IfStatementParser.<init>(IfStatementParser.java:79)
	at com.flowscript.sintactic.parsers.functions.control_ejecucion.StatementParser.<init>(StatementParser.java:97)
	at com.flowscript.sintactic.parsers.functions.control_flujo.IfStatementParser.<init>(IfStatementParser.java:79)
	at com.flowscript.sintactic.parsers.functions.control_ejecucion.StatementParser.<init>(StatementParser.java:97)
	at com.flowscript.sintactic.parsers.functions.control_flujo.IfStatementParser.<init>(IfStatementParser.java:79)
	at com.flowscript.sintactic.parsers.functions.control_ejecucion.StatementParser.<init>(StatementParser.java:97)
	at com.flowscript.sintactic.parsers.functions.control_flujo.IfStatementParser.<init>(IfStatementParser.java:79)
	at com.flowscript.sintactic.parsers.functions.control_ejecucion.StatementParser.<init>(StatementParser.java:97)
	at com.flowscript.sintactic.parsers.functions.control_flujo.IfStatementParser.<init>(IfStatementParser.java:79)
	at com.flowscript.sintactic.parsers.functions.control_ejecucion.StatementParser.<init>(StatementParser.java:97)
	at com.flowscript.sintactic.parsers.functions.control_flujo.IfStatementParser.<init>(IfStatementParser.java:79)
	at com.flowscript.sintactic.parsers.functions.control_ejecucion.StatementParser.<init>(StatementParser.java:97)
	at com.flowscript.sintactic.parsers.functions.control_flujo.IfStatementParser.<init>(IfStatementParser.java:79)
	at com.flowscript.sintactic.parsers.functions.control_ejecucion.StatementParser.<init>(StatementParser.java:97)
	at com.flowscript.sintactic.parsers.functions.control_flujo.IfStatementParser.<init>(IfStatementParser.java:79)
	at com.flowscript.sintactic.parsers.functions.control_ejecucion.StatementParser.<init>(StatementParser.java:97)
	at com.flowscript.sintactic.parsers.functions.control_flujo.IfStatementParser.<init>(IfStatementParser.java:79)
	at com.flowscript.sintactic.parsers.functions.control_ejecucion.StatementParser.<init>(StatementParser.java:97)
	at com.flowscript.sintactic.parsers.functions.control_flujo.IfStatementParser.<init>(IfStatementParser.java:79)
	at com.flowscript.sintactic.parsers.functions.control_ejecucion.StatementParser.<init>(StatementParser.java:97)
	at com.flowscript.sintactic.parsers.functions.control_flujo.IfStatementParser.<init>(IfStatementParser.java:79)
	at com.flowscript.sintactic.parsers.functions.control_ejecucion.StatementParser.<init>(StatementParser.java:97)
	at com.flowscript.sintactic.parsers.functions.control_flujo.IfStatementParser.<init>(IfStatementParser.java:79)
	at com.flowscript.sintactic.parsers.functions.control_ejecucion.StatementParser.<init>(StatementParser.java:97)
	at com.flowscript.sintactic.parsers.functions.control_flujo.IfStatementParser.<init>(IfStatementParser.java:79)
	at com.flowscript.sintactic.parsers.functions.control_ejecucion.StatementParser.<init>(StatementParser.java:97)
	at com.flowscript.sintactic.parsers.functions.control_flujo.IfStatementParser.<init>(IfStatementParser.java:79)
	at com.flowscript.sintactic.parsers.functions.control_ejecucion.StatementParser.<init>(StatementParser.java:97)
	at com.flowscript.sintactic.parsers.functions.control_flujo.IfStatementParser.<init>(IfStatementParser.java:79)
	at com.flowscript.sintactic.parsers.functions.control_ejecucion.StatementParser.<init>(StatementParser.java:97)
	at com.flowscript.sintactic.parsers.functions.control_flujo.IfStatementParser.<init>(IfStatementParser.java:79)
	at com.flowscript.sintactic.parsers.functions.control_ejecucion.StatementParser.<init>(StatementParser.java:97)
	at com.flowscript.sintactic.parsers.functions.control_flujo.IfStatementParser.<init>(IfStatementParser.java:79)
	at com.flowscript.sintactic.parsers.functions.control_ejecucion.StatementParser.<init>(StatementParser.java:97)
	at com.flowscript.sintactic.parsers.functions.control_flujo.IfStatementParser.<init>(IfStatementParser.java:79)
	at com.flowscript.sintactic.parsers.functions.control_ejecucion.StatementParser.<init>(StatementParser.java:97)
	at com.flowscript.sintactic.parsers.functions.control_flujo.IfStatementParser.<init>(IfStatementParser.java:79)
	at com.flowscript.sintactic.parsers.functions.control_ejecucion.StatementParser.<init>(StatementParser.java:97)
	at com.flowscript.sintactic.parsers.functions.control_flujo.IfStatementParser.<init>(IfStatementParser.java:79)
	at com.flowscript.sintactic.parsers.functions.control_ejecucion.StatementParser.<init>(StatementParser.java:97)
	at com.flowscript.sintactic.parsers.functions.control_flujo.IfStatementParser.<init>(IfStatementParser.java:79)
	at com.flowscript.sintactic.parsers.functions.control_ejecucion.StatementParser.<init>(StatementParser.java:97)
	at com.flowscript.sintactic.parsers.functions.control_flujo.IfStatementParser.<init>(IfStatementParser.java:79)
	at com.flowscript.sintactic.parsers.functions.control_ejecucion.StatementParser.<init>(StatementParser.java:97)
	at com.flowscript.sintactic.parsers.functions.control_flujo.IfStatementParser.<init>(IfStatementParser.java:79)
	at com.flowscript.sintactic.parsers.functions.control_ejecucion.StatementParser.<init>(StatementParser.java:97)
	at com.flowscript.sintactic.parsers.functions.control_flujo.IfStatementParser.<init>(IfStatementParser.java:79)
	at com.flowscript.sintactic.parsers.functions.control_ejecucion.StatementParser.<init>(StatementParser.java:97)
	at com.flowscript.sintactic.parsers.functions.control_flujo.IfStatementParser.<init>(IfStatementParser.java:79)
	at com.flowscript.sintactic.parsers.functions.control_ejecucion.StatementParser.<init>(StatementParser.java:97)
	at com.flowscript.sintactic.parsers.functions.control_flujo.IfStatementParser.<init>(IfStatementParser.java:79)
	at com.flowscript.sintactic.parsers.functions.control_ejecucion.StatementParser.<init>(StatementParser.java:97)
	at com.flowscript.sintactic.parsers.functions.control_flujo.IfStatementParser.<init>(IfStatementParser.java:79)
	at com.flowscript.sintactic.parsers.functions.control_ejecucion.StatementParser.<init>(StatementParser.java:97)
	at com.flowscript.sintactic.parsers.functions.control_flujo.IfStatementParser.<init>(IfStatementParser.java:79)
	at com.flowscript.sintactic.parsers.functions.control_ejecucion.StatementParser.<init>(StatementParser.java:97)
	at com.flowscript.sintactic.parsers.functions.control_flujo.IfStatementParser.<init>(IfStatementParser.java:79)
	at com.flowscript.sintactic.parsers.functions.control_ejecucion.StatementParser.<init>(StatementParser.java:97)
	at com.flowscript.sintactic.parsers.functions.control_flujo.IfStatementParser.<init>(IfStatementParser.java:79)
	at com.flowscript.sintactic.parsers.functions.control_ejecucion.StatementParser.<init>(StatementParser.java:97)
	at com.flowscript.sintactic.parsers.functions.control_flujo.IfStatementParser.<init>(IfStatementParser.java:79)
	at com.flowscript.sintactic.parsers.functions.control_ejecucion.StatementParser.<init>(StatementParser.java:97)
	at com.flowscript.sintactic.parsers.functions.control_flujo.IfStatementParser.<init>(IfStatementParser.java:79)
	at com.flowscript.sintactic.parsers.functions.control_ejecucion.StatementParser.<init>(StatementParser.java:97)
	at com.flowscript.sintactic.parsers.functions.control_flujo.IfStatementParser.<init>(IfStatementParser.java:79)
	at com.flowscript.sintactic.parsers.functions.control_ejecucion.StatementParser.<init>(StatementParser.java:97)
	at com.flowscript.sintactic.parsers.functions.control_flujo.IfStatementParser.<init>(IfStatementParser.java:79)
	at com.flowscript.sintactic.parsers.functions.control_ejecucion.StatementParser.<init>(StatementParser.java:97)
	at com.flowscript.sintactic.parsers.functions.control_flujo.IfStatementParser.<init>(IfStatementParser.java:79)
	at com.flowscript.sintactic.parsers.functions.control_ejecucion.StatementParser.<init>(StatementParser.java:97)
	at com.flowscript.sintactic.parsers.functions.control_flujo.IfStatementParser.<init>(IfStatementParser.java:79)
	at com.flowscript.sintactic.parsers.functions.control_ejecucion.StatementParser.<init>(StatementParser.java:97)
	at com.flowscript.sintactic.parsers.functions.control_flujo.IfStatementParser.<init>(IfStatementParser.java:79)
	at com.flowscript.sintactic.parsers.functions.control_ejecucion.StatementParser.<init>(StatementParser.java:97)
	at com.flowscript.sintactic.parsers.functions.control_flujo.IfStatementParser.<init>(IfStatementParser.java:79)
	at com.flowscript.sintactic.parsers.functions.control_ejecucion.StatementParser.<init>(StatementParser.java:97)
	at com.flowscript.sintactic.parsers.functions.control_flujo.IfStatementParser.<init>(IfStatementParser.java:79)
	at com.flowscript.sintactic.parsers.functions.control_ejecucion.StatementParser.<init>(StatementParser.java:97)
	at com.flowscript.sintactic.parsers.functions.control_flujo.IfStatementParser.<init>(IfStatementParser.java:79)
	at com.flowscript.sintactic.parsers.functions.control_ejecucion.StatementParser.<init>(StatementParser.java:97)
	at com.flowscript.sintactic.parsers.functions.control_flujo.IfStatementParser.<init>(IfStatementParser.java:79)
	at com.flowscript.sintactic.parsers.functions.control_ejecucion.StatementParser.<init>(StatementParser.java:97)
	at com.flowscript.sintactic.parsers.functions.control_flujo.IfStatementParser.<init>(IfStatementParser.java:79)
	at com.flowscript.sintactic.parsers.functions.control_ejecucion.StatementParser.<init>(StatementParser.java:97)
	at com.flowscript.sintactic.parsers.functions.control_flujo.IfStatementParser.<init>(IfStatementParser.java:79)
	at com.flowscript.sintactic.parsers.functions.control_ejecucion.StatementParser.<init>(StatementParser.java:97)
	at com.flowscript.sintactic.parsers.functions.control_flujo.IfStatementParser.<init>(IfStatementParser.java:79)
	at com.flowscript.sintactic.parsers.functions.control_ejecucion.StatementParser.<init>(StatementParser.java:97)
	at com.flowscript.sintactic.parsers.functions.control_flujo.IfStatementParser.<init>(IfStatementParser.java:79)
	at com.flowscript.sintactic.parsers.functions.control_ejecucion.StatementParser.<init>(StatementParser.java:97)
	at com.flowscript.sintactic.parsers.functions.control_flujo.IfStatementParser.<init>(IfStatementParser.java:79)
	at com.flowscript.sintactic.parsers.functions.control_ejecucion.StatementParser.<init>(StatementParser.java:97)
	at com.flowscript.sintactic.parsers.functions.control_flujo.IfStatementParser.<init>(IfStatementParser.java:79)
	at com.flowscript.sintactic.parsers.functions.control_ejecucion.StatementParser.<init>(StatementParser.java:97)
	at com.flowscript.sintactic.parsers.functions.control_flujo.IfStatementParser.<init>(IfStatementParser.java:79)
	at com.flowscript.sintactic.parsers.functions.control_ejecucion.StatementParser.<init>(StatementParser.java:97)
	at com.flowscript.sintactic.parsers.functions.control_flujo.IfStatementParser.<init>(IfStatementParser.java:79)
	at com.flowscript.sintactic.parsers.functions.control_ejecucion.StatementParser.<init>(StatementParser.java:97)
	at com.flowscript.sintactic.parsers.functions.control_flujo.IfStatementParser.<init>(IfStatementParser.java:79)
	at com.flowscript.sintactic.parsers.functions.control_ejecucion.StatementParser.<init>(StatementParser.java:97)
	at com.flowscript.sintactic.parsers.functions.control_flujo.IfStatementParser.<init>(IfStatementParser.java:79)
	at com.flowscript.sintactic.parsers.functions.control_ejecucion.StatementParser.<init>(StatementParser.java:97)
	at com.flowscript.sintactic.parsers.functions.control_flujo.IfStatementParser.<init>(IfStatementParser.java:79)
	at com.flowscript.sintactic.parsers.functions.control_ejecucion.StatementParser.<init>(StatementParser.java:97)
	at com.flowscript.sintactic.parsers.functions.control_flujo.IfStatementParser.<init>(IfStatementParser.java:79)
	at com.flowscript.sintactic.parsers.functions.control_ejecucion.StatementParser.<init>(StatementParser.java:97)
	at com.flowscript.sintactic.parsers.functions.control_flujo.IfStatementParser.<init>(IfStatementParser.java:79)
	at com.flowscript.sintactic.parsers.functions.control_ejecucion.StatementParser.<init>(StatementParser.java:97)
	at com.flowscript.sintactic.parsers.functions.control_flujo.IfStatementParser.<init>(IfStatementParser.java:79)
	at com.flowscript.sintactic.parsers.functions.control_ejecucion.StatementParser.<init>(StatementParser.java:97)
	at com.flowscript.sintactic.parsers.functions.control_flujo.IfStatementParser.<init>(IfStatementParser.java:79)
	at com.flowscript.sintactic.parsers.functions.control_ejecucion.StatementParser.<init>(StatementParser.java:97)
	at com.flowscript.sintactic.parsers.functions.control_flujo.IfStatementParser.<init>(IfStatementParser.java:79)
	at com.flowscript.sintactic.parsers.functions.control_ejecucion.StatementParser.<init>(StatementParser.java:97)
	at com.flowscript.sintactic.parsers.functions.control_flujo.IfStatementParser.<init>(IfStatementParser.java:79)
	at com.flowscript.sintactic.parsers.functions.control_ejecucion.StatementParser.<init>(StatementParser.java:97)
	at com.flowscript.sintactic.parsers.functions.control_flujo.IfStatementParser.<init>(IfStatementParser.java:79)
	at com.flowscript.sintactic.parsers.functions.control_ejecucion.StatementParser.<init>(StatementParser.java:97)
	at com.flowscript.sintactic.parsers.functions.control_flujo.IfStatementParser.<init>(IfStatementParser.java:79)
	at com.flowscript.sintactic.parsers.functions.control_ejecucion.StatementParser.<init>(StatementParser.java:97)
	at com.flowscript.sintactic.parsers.functions.control_flujo.IfStatementParser.<init>(IfStatementParser.java:79)
	at com.flowscript.sintactic.parsers.functions.control_ejecucion.StatementParser.<init>(StatementParser.java:97)
	at com.flowscript.sintactic.parsers.functions.control_flujo.IfStatementParser.<init>(IfStatementParser.java:79)
	at com.flowscript.sintactic.parsers.functions.control_ejecucion.StatementParser.<init>(StatementParser.java:97)
	at com.flowscript.sintactic.parsers.functions.control_flujo.IfStatementParser.<init>(IfStatementParser.java:79)
	at com.flowscript.sintactic.parsers.functions.control_ejecucion.StatementParser.<init>(StatementParser.java:97)
	at com.flowscript.sintactic.parsers.functions.control_flujo.IfStatementParser.<init>(IfStatementParser.java:79)
	at com.flowscript.sintactic.parsers.functions.control_ejecucion.StatementParser.<init>(StatementParser.java:97)
	at com.flowscript.sintactic.parsers.functions.control_flujo.IfStatementParser.<init>(IfStatementParser.java:79)
	at com.flowscript.sintactic.parsers.functions.control_ejecucion.StatementParser.<init>(StatementParser.java:97)
	at com.flowscript.sintactic.parsers.functions.control_flujo.IfStatementParser.<init>(IfStatementParser.java:79)
	at com.flowscript.sintactic.parsers.functions.control_ejecucion.StatementParser.<init>(StatementParser.java:97)
	at com.flowscript.sintactic.parsers.functions.control_flujo.IfStatementParser.<init>(IfStatementParser.java:79)
	at com.flowscript.sintactic.parsers.functions.control_ejecucion.StatementParser.<init>(StatementParser.java:97)
	at com.flowscript.sintactic.parsers.functions.control_flujo.IfStatementParser.<init>(IfStatementParser.java:79)
	at com.flowscript.sintactic.parsers.functions.control_ejecucion.StatementParser.<init>(StatementParser.java:97)
	at com.flowscript.sintactic.parsers.functions.control_flujo.IfStatementParser.<init>(IfStatementParser.java:79)
	at com.flowscript.sintactic.parsers.functions.control_ejecucion.StatementParser.<init>(StatementParser.java:97)
	at com.flowscript.sintactic.parsers.functions.control_flujo.IfStatementParser.<init>(IfStatementParser.java:79)
	at com.flowscript.sintactic.parsers.functions.control_ejecucion.StatementParser.<init>(StatementParser.java:97)
	at com.flowscript.sintactic.parsers.functions.control_flujo.IfStatementParser.<init>(IfStatementParser.java:79)
	at com.flowscript.sintactic.parsers.functions.control_ejecucion.StatementParser.<init>(StatementParser.java:97)
	at com.flowscript.sintactic.parsers.functions.control_flujo.IfStatementParser.<init>(IfStatementParser.java:79)
	at com.flowscript.sintactic.parsers.functions.control_ejecucion.StatementParser.<init>(StatementParser.java:97)
	at com.flowscript.sintactic.parsers.functions.control_flujo.IfStatementParser.<init>(IfStatementParser.java:79)
	at com.flowscript.sintactic.parsers.functions.control_ejecucion.StatementParser.<init>(StatementParser.java:97)
	at com.flowscript.sintactic.parsers.functions.control_flujo.IfStatementParser.<init>(IfStatementParser.java:79)
	at com.flowscript.sintactic.parsers.functions.control_ejecucion.StatementParser.<init>(StatementParser.java:97)
	at com.flowscript.sintactic.parsers.functions.control_flujo.IfStatementParser.<init>(IfStatementParser.java:79)
	at com.flowscript.sintactic.parsers.functions.control_ejecucion.StatementParser.<init>(StatementParser.java:97)
	at com.flowscript.sintactic.parsers.functions.control_flujo.IfStatementParser.<init>(IfStatementParser.java:79)
	at com.flowscript.sintactic.parsers.functions.control_ejecucion.StatementParser.<init>(StatementParser.java:97)
	at com.flowscript.sintactic.parsers.functions.control_flujo.IfStatementParser.<init>(IfStatementParser.java:79)
	at com.flowscript.sintactic.parsers.functions.control_ejecucion.StatementParser.<init>(StatementParser.java:97)
	at com.flowscript.sintactic.parsers.functions.control_flujo.IfStatementParser.<init>(IfStatementParser.java:79)
	at com.flowscript.sintactic.parsers.functions.control_ejecucion.StatementParser.<init>(StatementParser.java:97)
	at com.flowscript.sintactic.parsers.functions.control_flujo.IfStatementParser.<init>(IfStatementParser.java:79)
	at com.flowscript.sintactic.parsers.functions.control_ejecucion.StatementParser.<init>(StatementParser.java:97)
	at com.flowscript.sintactic.parsers.functions.control_flujo.IfStatementParser.<init>(IfStatementParser.java:79)
	at com.flowscript.sintactic.parsers.functions.control_ejecucion.StatementParser.<init>(StatementParser.java:97)
	at com.flowscript.sintactic.parsers.functions.control_flujo.IfStatementParser.<init>(IfStatementParser.java:79)
	at com.flowscript.sintactic.parsers.functions.control_ejecucion.StatementParser.<init>(StatementParser.java:97)
	at com.flowscript.sintactic.parsers.functions.control_flujo.IfStatementParser.<init>(IfStatementParser.java:79)
	at com.flowscript.sintactic.parsers.functions.control_ejecucion.StatementParser.<init>(StatementParser.java:97)
	at com.flowscript.sintactic.parsers.functions.control_flujo.IfStatementParser.<init>(IfStatementParser.java:79)
	at com.flowscript.sintactic.parsers.functions.control_ejecucion.StatementParser.<init>(StatementParser.java:97)
	at com.flowscript.sintactic.parsers.functions.control_flujo.IfStatementParser.<init>(IfStatementParser.java:79)
	at com.flowscript.sintactic.parsers.functions.control_ejecucion.StatementParser.<init>(StatementParser.java:97)
	at com.flowscript.sintactic.parsers.functions.control_flujo.IfStatementParser.<init>(IfStatementParser.java:79)
	at com.flowscript.sintactic.parsers.functions.control_ejecucion.StatementParser.<init>(StatementParser.java:97)
	at com.flowscript.sintactic.parsers.functions.control_flujo.IfStatementParser.<init>(IfStatementParser.java:79)
	at com.flowscript.sintactic.parsers.functions.control_ejecucion.StatementParser.<init>(StatementParser.java:97)
	at com.flowscript.sintactic.parsers.functions.control_flujo.IfStatementParser.<init>(IfStatementParser.java:79)
	at com.flowscript.sintactic.parsers.functions.control_ejecucion.StatementParser.<init>(StatementParser.java:97)
	at com.flowscript.sintactic.parsers.functions.control_flujo.IfStatementParser.<init>(IfStatementParser.java:79)
	at com.flowscript.sintactic.parsers.functions.control_ejecucion.StatementParser.<init>(StatementParser.java:97)
	at com.flowscript.sintactic.parsers.functions.control_flujo.IfStatementParser.<init>(IfStatementParser.java:79)
	at com.flowscript.sintactic.parsers.functions.control_ejecucion.StatementParser.<init>(StatementParser.java:97)
	at com.flowscript.sintactic.parsers.functions.control_flujo.IfStatementParser.<init>(IfStatementParser.java:79)
	at com.flowscript.sintactic.parsers.functions.control_ejecucion.StatementParser.<init>(StatementParser.java:97)
	at com.flowscript.sintactic.parsers.functions.control_flujo.IfStatementParser.<init>(IfStatementParser.java:79)
	at com.flowscript.sintactic.parsers.functions.control_ejecucion.StatementParser.<init>(StatementParser.java:97)
	at com.flowscript.sintactic.parsers.functions.control_flujo.IfStatementParser.<init>(IfStatementParser.java:79)
	at com.flowscript.sintactic.parsers.functions.control_ejecucion.StatementParser.<init>(StatementParser.java:97)
	at com.flowscript.sintactic.parsers.functions.control_flujo.IfStatementParser.<init>(IfStatementParser.java:79)
	at com.flowscript.sintactic.parsers.functions.control_ejecucion.StatementParser.<init>(StatementParser.java:97)
	at com.flowscript.sintactic.parsers.functions.control_flujo.IfStatementParser.<init>(IfStatementParser.java:79)
	at com.flowscript.sintactic.parsers.functions.control_ejecucion.StatementParser.<init>(StatementParser.java:97)
	at com.flowscript.sintactic.parsers.functions.control_flujo.IfStatementParser.<init>(IfStatementParser.java:79)
	at com.flowscript.sintactic.parsers.functions.control_ejecucion.StatementParser.<init>(StatementParser.java:97)
	at com.flowscript.sintactic.parsers.functions.control_flujo.IfStatementParser.<init>(IfStatementParser.java:79)
	at com.flowscript.sintactic.parsers.functions.control_ejecucion.StatementParser.<init>(StatementParser.java:97)
	at com.flowscript.sintactic.parsers.functions.control_flujo.IfStatementParser.<init>(IfStatementParser.java:79)
	at com.flowscript.sintactic.parsers.functions.control_ejecucion.StatementParser.<init>(StatementParser.java:97)
	at com.flowscript.sintactic.parsers.functions.control_flujo.IfStatementParser.<init>(IfStatementParser.java:79)
	at com.flowscript.sintactic.parsers.functions.control_ejecucion.StatementParser.<init>(StatementParser.java:97)
	at com.flowscript.sintactic.parsers.functions.control_flujo.IfStatementParser.<init>(IfStatementParser.java:79)
	at com.flowscript.sintactic.parsers.functions.control_ejecucion.StatementParser.<init>(StatementParser.java:97)
	at com.flowscript.sintactic.parsers.functions.control_flujo.IfStatementParser.<init>(IfStatementParser.java:79)
	at com.flowscript.sintactic.parsers.functions.control_ejecucion.StatementParser.<init>(StatementParser.java:97)
	at com.flowscript.sintactic.parsers.functions.control_flujo.IfStatementParser.<init>(IfStatementParser.java:79)
	at com.flowscript.sintactic.parsers.functions.control_ejecucion.StatementParser.<init>(StatementParser.java:97)
	at com.flowscript.sintactic.parsers.functions.control_flujo.IfStatementParser.<init>(IfStatementParser.java:79)
	at com.flowscript.sintactic.parsers.functions.control_ejecucion.StatementParser.<init>(StatementParser.java:97)
	at com.flowscript.sintactic.parsers.functions.control_flujo.IfStatementParser.<init>(IfStatementParser.java:79)
	at com.flowscript.sintactic.parsers.functions.control_ejecucion.StatementParser.<init>(StatementParser.java:97)
	at com.flowscript.sintactic.parsers.functions.control_flujo.IfStatementParser.<init>(IfStatementParser.java:79)
	at com.flowscript.sintactic.parsers.functions.control_ejecucion.StatementParser.<init>(StatementParser.java:97)
	at com.flowscript.sintactic.parsers.functions.control_flujo.IfStatementParser.<init>(IfStatementParser.java:79)
	at com.flowscript.sintactic.parsers.functions.control_ejecucion.StatementParser.<init>(StatementParser.java:97)
	at com.flowscript.sintactic.parsers.functions.control_flujo.IfStatementParser.<init>(IfStatementParser.java:79)
	at com.flowscript.sintactic.parsers.functions.control_ejecucion.StatementParser.<init>(StatementParser.java:97)
	at com.flowscript.sintactic.parsers.functions.control_flujo.IfStatementParser.<init>(IfStatementParser.java:79)
	at com.flowscript.sintactic.parsers.functions.control_ejecucion.StatementParser.<init>(StatementParser.java:97)
	at com.flowscript.sintactic.parsers.functions.control_flujo.IfStatementParser.<init>(IfStatementParser.java:79)
	at com.flowscript.sintactic.parsers.functions.control_ejecucion.StatementParser.<init>(StatementParser.java:97)
	at com.flowscript.sintactic.parsers.functions.control_flujo.IfStatementParser.<init>(IfStatementParser.java:79)
	at com.flowscript.sintactic.parsers.functions.control_ejecucion.StatementParser.<init>(StatementParser.java:97)
	at com.flowscript.sintactic.parsers.functions.control_flujo.IfStatementParser.<init>(IfStatementParser.java:79)
	at com.flowscript.sintactic.parsers.functions.control_ejecucion.StatementParser.<init>(StatementParser.java:97)
	at com.flowscript.sintactic.parsers.functions.control_flujo.IfStatementParser.<init>(IfStatementParser.java:79)
	at com.flowscript.sintactic.parsers.functions.control_ejecucion.StatementParser.<init>(StatementParser.java:97)
	at com.flowscript.sintactic.parsers.functions.control_flujo.IfStatementParser.<init>(IfStatementParser.java:79)
	at com.flowscript.sintactic.parsers.functions.control_ejecucion.StatementParser.<init>(StatementParser.java:97)
	at com.flowscript.sintactic.parsers.functions.control_flujo.IfStatementParser.<init>(IfStatementParser.java:79)
	at com.flowscript.sintactic.parsers.functions.control_ejecucion.StatementParser.<init>(StatementParser.java:97)
	at com.flowscript.sintactic.parsers.functions.control_flujo.IfStatementParser.<init>(IfStatementParser.java:79)
	at com.flowscript.sintactic.parsers.functions.control_ejecucion.StatementParser.<init>(StatementParser.java:97)
	at com.flowscript.sintactic.parsers.functions.control_flujo.IfStatementParser.<init>(IfStatementParser.java:79)
	at com.flowscript.sintactic.parsers.functions.control_ejecucion.StatementParser.<init>(StatementParser.java:97)
	at com.flowscript.sintactic.parsers.functions.control_flujo.IfStatementParser.<init>(IfStatementParser.java:79)
	at com.flowscript.sintactic.parsers.functions.control_ejecucion.StatementParser.<init>(StatementParser.java:97)
	at com.flowscript.sintactic.parsers.functions.control_flujo.IfStatementParser.<init>(IfStatementParser.java:79)
	at com.flowscript.sintactic.parsers.functions.control_ejecucion.StatementParser.<init>(StatementParser.java:97)
	at com.flowscript.sintactic.parsers.functions.control_flujo.IfStatementParser.<init>(IfStatementParser.java:79)
	at com.flowscript.sintactic.parsers.functions.control_ejecucion.StatementParser.<init>(StatementParser.java:97)
[...]
	at com.flowscript.sintactic.parsers.functions.control_flujo.IfStatementParser.<init>(IfStatementParser.java:79)
	at com.flowscript.sintactic.parsers.functions.control_ejecucion.StatementParser.<init>(StatementParser.java:97)
	at com.flowscript.sintactic.parsers.functions.control_flujo.IfStatementParser.<init>(IfStatementParser.java:79)
	at com.flowscript.sintactic.parsers.functions.control_ejecucion.StatementParser.<init>(StatementParser.java:97)
	at com.flowscript.sintactic.parsers.functions.control_flujo.IfStatementParser.<init>(IfStatementParser.java:79)
	at com.flowscript.sintactic.parsers.functions.control_ejecucion.StatementParser.<init>(StatementParser.java:97)
	at com.flowscript.sintactic.parsers.functions.control_flujo.IfStatementParser.<init>(IfStatementParser.java:79)
	at com.flowscript.sintactic.parsers.functions.control_ejecucion.StatementParser.<init>(StatementParser.java:97)
	at com.flowscript.sintactic.parsers.functions.control_flujo.IfStatementParser.<init>(IfStatementParser.java:79)
	at com.flowscript.sintactic.parsers.functions.control_ejecucion.StatementParser.<init>(StatementParser.java:97)
	at com.flowscript.sintactic.parsers.functions.control_flujo.IfStatementParser.<init>(IfStatementParser.java:79)
	at com.flowscript.sintactic.parsers.functions.control_ejecucion.StatementParser.<init>(StatementParser.java:97)
	at com.flowscript.sintactic.parsers.functions.control_flujo.IfStatementParser.<init>(IfStatementParser.java:79)
	at com.flowscript.sintactic.parsers.functions.control_ejecucion.StatementParser.<init>(StatementParser.java:97)
	at com.flowscript.sintactic.parsers.functions.control_flujo.IfStatementParser.<init>(IfStatementParser.java:79)
	at com.flowscript.sintactic.parsers.functions.control_ejecucion.StatementParser.<init>(StatementParser.java:97)
	at com.flowscript.sintactic.parsers.functions.control_flujo.IfStatementParser.<init>(IfStatementParser.java:79)
	at com.flowscript.sintactic.parsers.functions.control_ejecucion.StatementParser.<init>(StatementParser.java:97)
	at com.flowscript.sintactic.parsers.functions.control_flujo.IfStatementParser.<init>(IfStatementParser.java:79)
	at com.flowscript.sintactic.parsers.functions.control_ejecucion.StatementParser.<init>(StatementParser.java:97)
	at com.flowscript.sintactic.parsers.functions.control_flujo.IfStatementParser.<init>(IfStatementParser.java:79)
	at com.flowscript.sintactic.parsers.functions.control_ejecucion.StatementParser.<init>(StatementParser.java:97)
	at com.flowscript.sintactic.parsers.functions.control_flujo.IfStatementParser.<init>(IfStatementParser.java:79)
	at com.flowscript.sintactic.parsers.functions.control_ejecucion.StatementParser.<init>(StatementParser.java:97)
	at com.flowscript.sintactic.parsers.functions.control_flujo.IfStatementParser.<init>(IfStatementParser.java:79)
	at com.flowscript.sintactic.parsers.functions.control_ejecucion.StatementParser.<init>(StatementParser.java:97)
	at com.flowscript.sintactic.parsers.functions.control_flujo.IfStatementParser.<init>(IfStatementParser.java:79)
	at com.flowscript.sintactic.parsers.functions.control_ejecucion.StatementParser.<init>(StatementParser.java:97)
	at com.flowscript.sintactic.parsers.functions.control_flujo.IfStatementParser.<init>(IfStatementParser.java:79)
	at com.flowscript.sintactic.parsers.functions.control_ejecucion.StatementParser.<init>(StatementParser.java:97)
	at com.flowscript.sintactic.parsers.functions.control_flujo.IfStatementParser.<init>(IfStatementParser.java:79)
	at com.flowscript.sintactic.parsers.functions.control_ejecucion.StatementParser.<init>(StatementParser.java:97)
	at com.flowscript.sintactic.parsers.functions.control_flujo.IfStatementParser.<init>(IfStatementParser.java:79)
	at com.flowscript.sintactic.parsers.functions.control_ejecucion.StatementParser.<init>(StatementParser.java:97)
	at com.flowscript.sintactic.parsers.functions.control_flujo.IfStatementParser.<init>(IfStatementParser.java:79)
	at com.flowscript.sintactic.parsers.functions.control_ejecucion.StatementParser.<init>(StatementParser.java:97)
	at com.flowscript.sintactic.parsers.functions.control_flujo.IfStatementParser.<init>(IfStatementParser.java:79)
	at com.flowscript.sintactic.parsers.functions.control_ejecucion.StatementParser.<init>(StatementParser.java:97)
	at com.flowscript.sintactic.parsers.functions.control_flujo.IfStatementParser.<init>(IfStatementParser.java:79)
	at com.flowscript.sintactic.parsers.functions.control_ejecucion.StatementParser.<init>(StatementParser.java:97)
	at com.flowscript.sintactic.parsers.functions.control_flujo.IfStatementParser.<init>(IfStatementParser.java:79)
	at com.flowscript.sintactic.parsers.functions.control_ejecucion.StatementParser.<init>(StatementParser.java:97)
	at com.flowscript.sintactic.parsers.functions.control_flujo.IfStatementParser.<init>(IfStatementParser.java:79)
	at com.flowscript.sintactic.parsers.functions.control_ejecucion.StatementParser.<init>(StatementParser.java:97)
	at com.flowscript.sintactic.parsers.functions.control_flujo.IfStatementParser.<init>(IfStatementParser.java:79)
	at com.flowscript.sintactic.parsers.functions.control_ejecucion.StatementParser.<init>(StatementParser.java:97)
	at com.flowscript.sintactic.parsers.functions.control_flujo.IfStatementParser.<init>(IfStatementParser.java:79)
	at com.flowscript.sintactic.parsers.functions.control_ejecucion.StatementParser.<init>(StatementParser.java:97)
	at com.flowscript.sintactic.parsers.functions.control_flujo.IfStatementParser.<init>(IfStatementParser.java:79)
	at com.flowscript.sintactic.parsers.functions.control_ejecucion.StatementParser.<init>(StatementParser.java:97)
	at com.flowscript.sintactic.parsers.functions.control_flujo.IfStatementParser.<init>(IfStatementParser.java:79)
	at com.flowscript.sintactic.parsers.functions.control_ejecucion.StatementParser.<init>(StatementParser.java:97)
	at com.flowscript.sintactic.parsers.functions.control_flujo.IfStatementParser.<init>(IfStatementParser.java:79)
	at com.flowscript.sintactic.parsers.functions.control_ejecucion.StatementParser.<init>(StatementParser.java:97)
	at com.flowscript.sintactic.parsers.functions.control_flujo.IfStatementParser.<init>(IfStatementParser.java:79)
	at com.flowscript.sintactic.parsers.functions.control_ejecucion.StatementParser.<init>(StatementParser.java:97)
	at com.flowscript.sintactic.parsers.functions.control_flujo.IfStatementParser.<init>(IfStatementParser.java:79)
	at com.flowscript.sintactic.parsers.functions.control_ejecucion.StatementParser.<init>(StatementParser.java:97)
	at com.flowscript.sintactic.parsers.functions.control_flujo.IfStatementParser.<init>(IfStatementParser.java:79)
	at com.flowscript.sintactic.parsers.functions.control_ejecucion.StatementParser.<init>(StatementParser.java:97)
	at com.flowscript.sintactic.parsers.functions.control_flujo.IfStatementParser.<init>(IfStatementParser.java:79)
	at com.flowscript.sintactic.parsers.functions.control_ejecucion.StatementParser.<init>(StatementParser.java:97)
	at com.flowscript.sintactic.parsers.functions.control_flujo.IfStatementParser.<init>(IfStatementParser.java:79)
	at com.flowscript.sintactic.parsers.functions.control_ejecucion.StatementParser.<init>(StatementParser.java:97)
	at com.flowscript.sintactic.parsers.functions.control_flujo.IfStatementParser.<init>(IfStatementParser.java:79)
	at com.flowscript.sintactic.parsers.functions.control_ejecucion.StatementParser.<init>(StatementParser.java:97)
	at com.flowscript.sintactic.parsers.functions.control_flujo.IfStatementParser.<init>(IfStatementParser.java:79)
	at com.flowscript.sintactic.parsers.functions.control_ejecucion.StatementParser.<init>(StatementParser.java:97)
	at com.flowscript.sintactic.parsers.functions.control_flujo.IfStatementParser.<init>(IfStatementParser.java:79)
	at com.flowscript.sintactic.parsers.functions.control_ejecucion.StatementParser.<init>(StatementParser.java:97)
	at com.flowscript.sintactic.parsers.functions.control_flujo.IfStatementParser.<init>(IfStatementParser.java:79)
	at com.flowscript.sintactic.parsers.functions.control_ejecucion.StatementParser.<init>(StatementParser.java:97)
	at com.flowscript.sintactic.parsers.functions.control_flujo.IfStatementParser.<init>(IfStatementParser.java:79)
	at com.flowscript.sintactic.parsers.functions.control_ejecucion.StatementParser.<init>(StatementParser.java:97)
	at com.flowscript.sintactic.parsers.functions.control_flujo.IfStatementParser.<init>(IfStatementParser.java:79)
	at com.flowscript.sintactic.parsers.functions.control_ejecucion.StatementParser.<init>(StatementParser.java:97)
	at com.flowscript.sintactic.parsers.functions.control_flujo.IfStatementParser.<init>(IfStatementParser.java:79)
	at com.flowscript.sintactic.parsers.functions.control_ejecucion.StatementParser.<init>(StatementParser.java:97)
	at com.flowscript.sintactic.parsers.functions.control_flujo.IfStatementParser.<init>(IfStatementParser.java:79)
	at com.flowscript.sintactic.parsers.functions.control_ejecucion.StatementParser.<init>(StatementParser.java:97)
	at com.flowscript.sintactic.parsers.functions.control_flujo.IfStatementParser.<init>(IfStatementParser.java:79)
	at com.flowscript.sintactic.parsers.functions.control_ejecucion.StatementParser.<init>(StatementParser.java:97)
	at com.flowscript.sintactic.parsers.functions.control_flujo.IfStatementParser.<init>(IfStatementParser.java:79)
	at com.flowscript.sintactic.parsers.functions.control_ejecucion.StatementParser.<init>(StatementParser.java:97)
	at com.flowscript.sintactic.parsers.functions.control_flujo.IfStatementParser.<init>(IfStatementParser.java:79)
	at com.flowscript.sintactic.parsers.functions.control_ejecucion.StatementParser.<init>(StatementParser.java:97)
	at com.flowscript.sintactic.parsers.functions.control_flujo.IfStatementParser.<init>(IfStatementParser.java:79)
	at com.flowscript.sintactic.parsers.functions.control_ejecucion.StatementParser.<init>(StatementParser.java:97)
	at com.flowscript.sintactic.parsers.functions.control_flujo.IfStatementParser.<init>(IfStatementParser.java:79)
	at com.flowscript.sintactic.parsers.functions.control_ejecucion.StatementParser.<init>(StatementParser.java:97)
	at com.flowscript.sintactic.parsers.functions.control_flujo.IfStatementParser.<init>(IfStatementParser.java:79)
	at com.flowscript.sintactic.parsers.functions.control_ejecucion.StatementParser.<init>(StatementParser.java:97)
	at com.flowscript.sintactic.parsers.functions.control_flujo.IfStatementParser.<init>(IfStatementParser.java:79)
	at com.flowscript.sintactic.parsers.functions.control_ejecucion.StatementParser.<init>(StatementParser.java:97)
	at com.flowscript.sintactic.parsers.functions.control_flujo.IfStatementParser.<init>(IfStatementParser.java:79)
	at com.flowscript.sintactic.parsers.functions.control_ejecucion.StatementParser.<init>(StatementParser.java:97)
	at com.flowscript.sintactic.parsers.functions.control_flujo.IfStatementParser.<init>(IfStatementParser.java:79)
	at com.flowscript.sintactic.parsers.functions.control_ejecucion.StatementParser.<init>(StatementParser.java:97)
	at com.flowscript.sintactic.parsers.functions.control_flujo.IfStatementParser.<init>(IfStatementParser.java:79)
	at com.flowscript.sintactic.parsers.functions.control_ejecucion.StatementParser.<init>(StatementParser.java:97)
	at com.flowscript.sintactic.parsers.functions.control_flujo.IfStatementParser.<init>(IfStatementParser.java:79)
	at com.flowscript.sintactic.parsers.functions.control_ejecucion.StatementParser.<init>(StatementParser.java:97)
	at com.flowscript.sintactic.parsers.functions.control_flujo.IfStatementParser.<init>(IfStatementParser.java:79)
	at com.flowscript.sintactic.parsers.functions.control_ejecucion.StatementParser.<init>(StatementParser.java:97)
	at com.flowscript.sintactic.parsers.functions.control_flujo.IfStatementParser.<init>(IfStatementParser.java:79)
	at com.flowscript.sintactic.parsers.functions.control_ejecucion.StatementParser.<init>(StatementParser.java:97)
	at com.flowscript.sintactic.parsers.functions.control_flujo.IfStatementParser.<init>(IfStatementParser.java:79)
	at com.flowscript.sintactic.parsers.functions.control_ejecucion.StatementParser.<init>(StatementParser.java:97)
	at com.flowscript.sintactic.parsers.functions.control_flujo.IfStatementParser.<init>(IfStatementParser.java:79)
	at com.flowscript.sintactic.parsers.functions.control_ejecucion.StatementParser.<init>(StatementParser.java:97)
	at com.flowscript.sintactic.parsers.functions.control_flujo.IfStatementParser.<init>(IfStatementParser.java:79)
	at com.flowscript.sintactic.parsers.functions.control_ejecucion.StatementParser.<init>(StatementParser.java:97)
	at com.flowscript.sintactic.parsers.functions.control_flujo.IfStatementParser.<init>(IfStatementParser.java:79)
	at com.flowscript.sintactic.parsers.functions.control_ejecucion.StatementParser.<init>(StatementParser.java:97)
	at com.flowscript.sintactic.parsers.functions.control_flujo.IfStatementParser.<init>(IfStatementParser.java:79)
	at com.flowscript.sintactic.parsers.functions.control_ejecucion.StatementParser.<init>(StatementParser.java:97)
	at com.flowscript.sintactic.parsers.functions.control_flujo.IfStatementParser.<init>(IfStatementParser.java:79)
	at com.flowscript.sintactic.parsers.functions.control_ejecucion.StatementParser.<init>(StatementParser.java:97)
	at com.flowscript.sintactic.parsers.functions.control_flujo.IfStatementParser.<init>(IfStatementParser.java:79)
	at com.flowscript.sintactic.parsers.functions.control_ejecucion.StatementParser.<init>(StatementParser.java:97)
	at com.flowscript.sintactic.parsers.functions.control_flujo.IfStatementParser.<init>(IfStatementParser.java:79)
	at com.flowscript.sintactic.parsers.functions.control_ejecucion.StatementParser.<init>(StatementParser.java:97)
	at com.flowscript.sintactic.parsers.functions.control_flujo.IfStatementParser.<init>(IfStatementParser.java:79)
	at com.flowscript.sintactic.parsers.functions.control_ejecucion.StatementParser.<init>(StatementParser.java:97)
	at com.flowscript.sintactic.parsers.functions.control_flujo.IfStatementParser.<init>(IfStatementParser.java:79)
	at com.flowscript.sintactic.parsers.functions.control_ejecucion.StatementParser.<init>(StatementParser.java:97)
	at com.flowscript.sintactic.parsers.functions.control_flujo.IfStatementParser.<init>(IfStatementParser.java:79)
	at com.flowscript.sintactic.parsers.functions.control_ejecucion.StatementParser.<init>(StatementParser.java:97)
	at com.flowscript.sintactic.parsers.functions.control_flujo.IfStatementParser.<init>(IfStatementParser.java:79)
	at com.flowscript.sintactic.parsers.functions.control_ejecucion.StatementParser.<init>(StatementParser.java:97)
	at com.flowscript.sintactic.parsers.functions.control_flujo.IfStatementParser.<init>(IfStatementParser.java:79)
	at com.flowscript.sintactic.parsers.functions.control_ejecucion.StatementParser.<init>(StatementParser.java:97)
	at com.flowscript.sintactic.parsers.functions.control_flujo.IfStatementParser.<init>(IfStatementParser.java:79)
	at com.flowscript.sintactic.parsers.functions.control_ejecucion.StatementParser.<init>(StatementParser.java:97)
	at com.flowscript.sintactic.parsers.functions.control_flujo.IfStatementParser.<init>(IfStatementParser.java:79)
	at com.flowscript.sintactic.parsers.functions.control_ejecucion.StatementParser.<init>(StatementParser.java:97)
	at com.flowscript.sintactic.parsers.functions.control_flujo.IfStatementParser.<init>(IfStatementParser.java:79)
	at com.flowscript.sintactic.parsers.functions.control_ejecucion.StatementParser.<init>(StatementParser.java:97)
	at com.flowscript.sintactic.parsers.functions.control_flujo.IfStatementParser.<init>(IfStatementParser.java:79)
	at com.flowscript.sintactic.parsers.functions.control_ejecucion.StatementParser.<init>(StatementParser.java:97)
	at com.flowscript.sintactic.parsers.functions.control_flujo.IfStatementParser.<init>(IfStatementParser.java:79)
	at com.flowscript.sintactic.parsers.functions.control_ejecucion.StatementParser.<init>(StatementParser.java:97)
	at com.flowscript.sintactic.parsers.functions.control_flujo.IfStatementParser.<init>(IfStatementParser.java:79)
	at com.flowscript.sintactic.parsers.functions.control_ejecucion.StatementParser.<init>(StatementParser.java:97)
	at com.flowscript.sintactic.parsers.functions.control_flujo.IfStatementParser.<init>(IfStatementParser.java:79)
	at com.flowscript.sintactic.parsers.functions.control_ejecucion.StatementParser.<init>(StatementParser.java:97)
	at com.flowscript.sintactic.parsers.functions.control_flujo.IfStatementParser.<init>(IfStatementParser.java:79)
	at com.flowscript.sintactic.parsers.functions.control_ejecucion.StatementParser.<init>(StatementParser.java:97)
	at com.flowscript.sintactic.parsers.functions.control_flujo.IfStatementParser.<init>(IfStatementParser.java:79)
	at com.flowscript.sintactic.parsers.functions.control_ejecucion.StatementParser.<init>(StatementParser.java:97)
	at com.flowscript.sintactic.parsers.functions.control_flujo.IfStatementParser.<init>(IfStatementParser.java:79)
	at com.flowscript.sintactic.parsers.functions.control_ejecucion.StatementParser.<init>(StatementParser.java:97)
	at com.flowscript.sintactic.parsers.functions.control_flujo.IfStatementParser.<init>(IfStatementParser.java:79)
	at com.flowscript.sintactic.parsers.functions.control_ejecucion.StatementParser.<init>(StatementParser.java:97)
	at com.flowscript.sintactic.parsers.functions.control_flujo.IfStatementParser.<init>(IfStatementParser.java:79)
	at com.flowscript.sintactic.parsers.functions.control_ejecucion.StatementParser.<init>(StatementParser.java:97)
	at com.flowscript.sintactic.parsers.functions.control_flujo.IfStatementParser.<init>(IfStatementParser.java:79)
	at com.flowscript.sintactic.parsers.functions.control_ejecucion.StatementParser.<init>(StatementParser.java:97)
	at com.flowscript.sintactic.parsers.functions.control_flujo.IfStatementParser.<init>(IfStatementParser.java:79)
	at com.flowscript.sintactic.parsers.functions.control_ejecucion.StatementParser.<init>(StatementParser.java:97)
	at com.flowscript.sintactic.parsers.functions.control_flujo.IfStatementParser.<init>(IfStatementParser.java:79)
	at com.flowscript.sintactic.parsers.functions.control_ejecucion.StatementParser.<init>(StatementParser.java:97)
	at com.flowscript.sintactic.parsers.functions.control_flujo.IfStatementParser.<init>(IfStatementParser.java:79)
	at com.flowscript.sintactic.parsers.functions.control_ejecucion.StatementParser.<init>(StatementParser.java:97)
	at com.flowscript.sintactic.parsers.functions.control_flujo.IfStatementParser.<init>(IfStatementParser.java:79)
	at com.flowscript.sintactic.parsers.functions.control_ejecucion.StatementParser.<init>(StatementParser.java:97)
	at com.flowscript.sintactic.parsers.functions.control_flujo.IfStatementParser.<init>(IfStatementParser.java:79)
	at com.flowscript.sintactic.parsers.functions.control_ejecucion.StatementParser.<init>(StatementParser.java:97)
	at com.flowscript.sintactic.parsers.functions.control_flujo.IfStatementParser.<init>(IfStatementParser.java:79)
	at com.flowscript.sintactic.parsers.functions.control_ejecucion.StatementParser.<init>(StatementParser.java:97)
	at com.flowscript.sintactic.parsers.functions.control_flujo.IfStatementParser.<init>(IfStatementParser.java:79)
	at com.flowscript.sintactic.parsers.functions.control_ejecucion.StatementParser.<init>(StatementParser.java:97)
	at com.flowscript.sintactic.parsers.functions.control_flujo.IfStatementParser.<init>(IfStatementParser.java:79)
	at com.flowscript.sintactic.parsers.functions.control_ejecucion.StatementParser.<init>(StatementParser.java:97)
	at com.flowscript.sintactic.parsers.functions.control_flujo.IfStatementParser.<init>(IfStatementParser.java:79)
	at com.flowscript.sintactic.parsers.functions.control_ejecucion.StatementParser.<init>(StatementParser.java:97)

