-------------------------------------------------------------------------------
Test set: edu.eam.ingesoft.tlf.tester.FlowScriptProcessesTest
-------------------------------------------------------------------------------
Tests run: 34, Failures: 34, Errors: 0, Skipped: 0, Time elapsed: 0.131 s <<< FAILURE! -- in edu.eam.ingesoft.tlf.tester.FlowScriptProcessesTest
edu.eam.ingesoft.tlf.tester.FlowScriptProcessesTest.testFlowScriptProcesses -- Time elapsed: 0.019 s <<< FAILURE!
org.opentest4j.AssertionFailedError: 
No se pudieron encontrar las clases del lexer o parser.
Clases esperadas:
  - FlowScriptProcessesLexer
  - FlowScriptProcessesParser
Asegúrate de que:
1. La gramática FlowScriptProcesses.g4 esté en src/main/tlf/
2. ANTLR haya generado las clases en el paquete edu.eam.ingesoft.tlf
3. Las clases estén compiladas

Para generar las clases, ejecuta:
  antlr4 -package edu.eam.ingesoft.tlf FlowScriptProcesses.g4
  javac *.java
	at org.junit.jupiter.api.AssertionUtils.fail(AssertionUtils.java:38)
	at org.junit.jupiter.api.Assertions.fail(Assertions.java:138)
	at edu.eam.ingesoft.tlf.tester.FlowScriptProcessesTest.parseWithReflection(FlowScriptProcessesTest.java:212)
	at edu.eam.ingesoft.tlf.tester.FlowScriptProcessesTest.lambda$createTestsFromYaml$2(FlowScriptProcessesTest.java:118)
	at java.base/java.util.Optional.ifPresent(Optional.java:178)
	at java.base/java.util.ArrayList.forEach(ArrayList.java:1604)
	at java.base/java.util.ArrayList.forEach(ArrayList.java:1604)

edu.eam.ingesoft.tlf.tester.FlowScriptProcessesTest.testFlowScriptProcesses -- Time elapsed: 0.004 s <<< FAILURE!
org.opentest4j.AssertionFailedError: 
No se pudieron encontrar las clases del lexer o parser.
Clases esperadas:
  - FlowScriptProcessesLexer
  - FlowScriptProcessesParser
Asegúrate de que:
1. La gramática FlowScriptProcesses.g4 esté en src/main/tlf/
2. ANTLR haya generado las clases en el paquete edu.eam.ingesoft.tlf
3. Las clases estén compiladas

Para generar las clases, ejecuta:
  antlr4 -package edu.eam.ingesoft.tlf FlowScriptProcesses.g4
  javac *.java
	at org.junit.jupiter.api.AssertionUtils.fail(AssertionUtils.java:38)
	at org.junit.jupiter.api.Assertions.fail(Assertions.java:138)
	at edu.eam.ingesoft.tlf.tester.FlowScriptProcessesTest.parseWithReflection(FlowScriptProcessesTest.java:212)
	at edu.eam.ingesoft.tlf.tester.FlowScriptProcessesTest.lambda$createTestsFromYaml$2(FlowScriptProcessesTest.java:118)
	at java.base/java.util.Optional.ifPresent(Optional.java:178)
	at java.base/java.util.ArrayList.forEach(ArrayList.java:1604)
	at java.base/java.util.ArrayList.forEach(ArrayList.java:1604)

edu.eam.ingesoft.tlf.tester.FlowScriptProcessesTest.testFlowScriptProcesses -- Time elapsed: 0.003 s <<< FAILURE!
org.opentest4j.AssertionFailedError: 
No se pudieron encontrar las clases del lexer o parser.
Clases esperadas:
  - FlowScriptProcessesLexer
  - FlowScriptProcessesParser
Asegúrate de que:
1. La gramática FlowScriptProcesses.g4 esté en src/main/tlf/
2. ANTLR haya generado las clases en el paquete edu.eam.ingesoft.tlf
3. Las clases estén compiladas

Para generar las clases, ejecuta:
  antlr4 -package edu.eam.ingesoft.tlf FlowScriptProcesses.g4
  javac *.java
	at org.junit.jupiter.api.AssertionUtils.fail(AssertionUtils.java:38)
	at org.junit.jupiter.api.Assertions.fail(Assertions.java:138)
	at edu.eam.ingesoft.tlf.tester.FlowScriptProcessesTest.parseWithReflection(FlowScriptProcessesTest.java:212)
	at edu.eam.ingesoft.tlf.tester.FlowScriptProcessesTest.lambda$createTestsFromYaml$2(FlowScriptProcessesTest.java:118)
	at java.base/java.util.Optional.ifPresent(Optional.java:178)
	at java.base/java.util.ArrayList.forEach(ArrayList.java:1604)
	at java.base/java.util.ArrayList.forEach(ArrayList.java:1604)

edu.eam.ingesoft.tlf.tester.FlowScriptProcessesTest.testFlowScriptProcesses -- Time elapsed: 0.003 s <<< FAILURE!
org.opentest4j.AssertionFailedError: 
No se pudieron encontrar las clases del lexer o parser.
Clases esperadas:
  - FlowScriptProcessesLexer
  - FlowScriptProcessesParser
Asegúrate de que:
1. La gramática FlowScriptProcesses.g4 esté en src/main/tlf/
2. ANTLR haya generado las clases en el paquete edu.eam.ingesoft.tlf
3. Las clases estén compiladas

Para generar las clases, ejecuta:
  antlr4 -package edu.eam.ingesoft.tlf FlowScriptProcesses.g4
  javac *.java
	at org.junit.jupiter.api.AssertionUtils.fail(AssertionUtils.java:38)
	at org.junit.jupiter.api.Assertions.fail(Assertions.java:138)
	at edu.eam.ingesoft.tlf.tester.FlowScriptProcessesTest.parseWithReflection(FlowScriptProcessesTest.java:212)
	at edu.eam.ingesoft.tlf.tester.FlowScriptProcessesTest.lambda$createTestsFromYaml$2(FlowScriptProcessesTest.java:118)
	at java.base/java.util.Optional.ifPresent(Optional.java:178)
	at java.base/java.util.ArrayList.forEach(ArrayList.java:1604)
	at java.base/java.util.ArrayList.forEach(ArrayList.java:1604)

edu.eam.ingesoft.tlf.tester.FlowScriptProcessesTest.testFlowScriptProcesses -- Time elapsed: 0.003 s <<< FAILURE!
org.opentest4j.AssertionFailedError: 
No se pudieron encontrar las clases del lexer o parser.
Clases esperadas:
  - FlowScriptProcessesLexer
  - FlowScriptProcessesParser
Asegúrate de que:
1. La gramática FlowScriptProcesses.g4 esté en src/main/tlf/
2. ANTLR haya generado las clases en el paquete edu.eam.ingesoft.tlf
3. Las clases estén compiladas

Para generar las clases, ejecuta:
  antlr4 -package edu.eam.ingesoft.tlf FlowScriptProcesses.g4
  javac *.java
	at org.junit.jupiter.api.AssertionUtils.fail(AssertionUtils.java:38)
	at org.junit.jupiter.api.Assertions.fail(Assertions.java:138)
	at edu.eam.ingesoft.tlf.tester.FlowScriptProcessesTest.parseWithReflection(FlowScriptProcessesTest.java:212)
	at edu.eam.ingesoft.tlf.tester.FlowScriptProcessesTest.lambda$createTestsFromYaml$2(FlowScriptProcessesTest.java:118)
	at java.base/java.util.Optional.ifPresent(Optional.java:178)
	at java.base/java.util.ArrayList.forEach(ArrayList.java:1604)
	at java.base/java.util.ArrayList.forEach(ArrayList.java:1604)

edu.eam.ingesoft.tlf.tester.FlowScriptProcessesTest.testFlowScriptProcesses -- Time elapsed: 0.003 s <<< FAILURE!
org.opentest4j.AssertionFailedError: 
No se pudieron encontrar las clases del lexer o parser.
Clases esperadas:
  - FlowScriptProcessesLexer
  - FlowScriptProcessesParser
Asegúrate de que:
1. La gramática FlowScriptProcesses.g4 esté en src/main/tlf/
2. ANTLR haya generado las clases en el paquete edu.eam.ingesoft.tlf
3. Las clases estén compiladas

Para generar las clases, ejecuta:
  antlr4 -package edu.eam.ingesoft.tlf FlowScriptProcesses.g4
  javac *.java
	at org.junit.jupiter.api.AssertionUtils.fail(AssertionUtils.java:38)
	at org.junit.jupiter.api.Assertions.fail(Assertions.java:138)
	at edu.eam.ingesoft.tlf.tester.FlowScriptProcessesTest.parseWithReflection(FlowScriptProcessesTest.java:212)
	at edu.eam.ingesoft.tlf.tester.FlowScriptProcessesTest.lambda$createTestsFromYaml$2(FlowScriptProcessesTest.java:118)
	at java.base/java.util.Optional.ifPresent(Optional.java:178)
	at java.base/java.util.ArrayList.forEach(ArrayList.java:1604)
	at java.base/java.util.ArrayList.forEach(ArrayList.java:1604)

edu.eam.ingesoft.tlf.tester.FlowScriptProcessesTest.testFlowScriptProcesses -- Time elapsed: 0.002 s <<< FAILURE!
org.opentest4j.AssertionFailedError: 
No se pudieron encontrar las clases del lexer o parser.
Clases esperadas:
  - FlowScriptProcessesLexer
  - FlowScriptProcessesParser
Asegúrate de que:
1. La gramática FlowScriptProcesses.g4 esté en src/main/tlf/
2. ANTLR haya generado las clases en el paquete edu.eam.ingesoft.tlf
3. Las clases estén compiladas

Para generar las clases, ejecuta:
  antlr4 -package edu.eam.ingesoft.tlf FlowScriptProcesses.g4
  javac *.java
	at org.junit.jupiter.api.AssertionUtils.fail(AssertionUtils.java:38)
	at org.junit.jupiter.api.Assertions.fail(Assertions.java:138)
	at edu.eam.ingesoft.tlf.tester.FlowScriptProcessesTest.parseWithReflection(FlowScriptProcessesTest.java:212)
	at edu.eam.ingesoft.tlf.tester.FlowScriptProcessesTest.lambda$createTestsFromYaml$2(FlowScriptProcessesTest.java:118)
	at java.base/java.util.Optional.ifPresent(Optional.java:178)
	at java.base/java.util.ArrayList.forEach(ArrayList.java:1604)
	at java.base/java.util.ArrayList.forEach(ArrayList.java:1604)

edu.eam.ingesoft.tlf.tester.FlowScriptProcessesTest.testFlowScriptProcesses -- Time elapsed: 0.001 s <<< FAILURE!
org.opentest4j.AssertionFailedError: 
No se pudieron encontrar las clases del lexer o parser.
Clases esperadas:
  - FlowScriptProcessesLexer
  - FlowScriptProcessesParser
Asegúrate de que:
1. La gramática FlowScriptProcesses.g4 esté en src/main/tlf/
2. ANTLR haya generado las clases en el paquete edu.eam.ingesoft.tlf
3. Las clases estén compiladas

Para generar las clases, ejecuta:
  antlr4 -package edu.eam.ingesoft.tlf FlowScriptProcesses.g4
  javac *.java
	at org.junit.jupiter.api.AssertionUtils.fail(AssertionUtils.java:38)
	at org.junit.jupiter.api.Assertions.fail(Assertions.java:138)
	at edu.eam.ingesoft.tlf.tester.FlowScriptProcessesTest.parseWithReflection(FlowScriptProcessesTest.java:212)
	at edu.eam.ingesoft.tlf.tester.FlowScriptProcessesTest.lambda$createTestsFromYaml$2(FlowScriptProcessesTest.java:118)
	at java.base/java.util.Optional.ifPresent(Optional.java:178)
	at java.base/java.util.ArrayList.forEach(ArrayList.java:1604)
	at java.base/java.util.ArrayList.forEach(ArrayList.java:1604)

edu.eam.ingesoft.tlf.tester.FlowScriptProcessesTest.testFlowScriptProcesses -- Time elapsed: 0.001 s <<< FAILURE!
org.opentest4j.AssertionFailedError: 
No se pudieron encontrar las clases del lexer o parser.
Clases esperadas:
  - FlowScriptProcessesLexer
  - FlowScriptProcessesParser
Asegúrate de que:
1. La gramática FlowScriptProcesses.g4 esté en src/main/tlf/
2. ANTLR haya generado las clases en el paquete edu.eam.ingesoft.tlf
3. Las clases estén compiladas

Para generar las clases, ejecuta:
  antlr4 -package edu.eam.ingesoft.tlf FlowScriptProcesses.g4
  javac *.java
	at org.junit.jupiter.api.AssertionUtils.fail(AssertionUtils.java:38)
	at org.junit.jupiter.api.Assertions.fail(Assertions.java:138)
	at edu.eam.ingesoft.tlf.tester.FlowScriptProcessesTest.parseWithReflection(FlowScriptProcessesTest.java:212)
	at edu.eam.ingesoft.tlf.tester.FlowScriptProcessesTest.lambda$createTestsFromYaml$2(FlowScriptProcessesTest.java:118)
	at java.base/java.util.Optional.ifPresent(Optional.java:178)
	at java.base/java.util.ArrayList.forEach(ArrayList.java:1604)
	at java.base/java.util.ArrayList.forEach(ArrayList.java:1604)

edu.eam.ingesoft.tlf.tester.FlowScriptProcessesTest.testFlowScriptProcesses -- Time elapsed: 0.002 s <<< FAILURE!
org.opentest4j.AssertionFailedError: 
No se pudieron encontrar las clases del lexer o parser.
Clases esperadas:
  - FlowScriptProcessesLexer
  - FlowScriptProcessesParser
Asegúrate de que:
1. La gramática FlowScriptProcesses.g4 esté en src/main/tlf/
2. ANTLR haya generado las clases en el paquete edu.eam.ingesoft.tlf
3. Las clases estén compiladas

Para generar las clases, ejecuta:
  antlr4 -package edu.eam.ingesoft.tlf FlowScriptProcesses.g4
  javac *.java
	at org.junit.jupiter.api.AssertionUtils.fail(AssertionUtils.java:38)
	at org.junit.jupiter.api.Assertions.fail(Assertions.java:138)
	at edu.eam.ingesoft.tlf.tester.FlowScriptProcessesTest.parseWithReflection(FlowScriptProcessesTest.java:212)
	at edu.eam.ingesoft.tlf.tester.FlowScriptProcessesTest.lambda$createTestsFromYaml$2(FlowScriptProcessesTest.java:118)
	at java.base/java.util.Optional.ifPresent(Optional.java:178)
	at java.base/java.util.ArrayList.forEach(ArrayList.java:1604)
	at java.base/java.util.ArrayList.forEach(ArrayList.java:1604)

edu.eam.ingesoft.tlf.tester.FlowScriptProcessesTest.testFlowScriptProcesses -- Time elapsed: 0.001 s <<< FAILURE!
org.opentest4j.AssertionFailedError: 
No se pudieron encontrar las clases del lexer o parser.
Clases esperadas:
  - FlowScriptProcessesLexer
  - FlowScriptProcessesParser
Asegúrate de que:
1. La gramática FlowScriptProcesses.g4 esté en src/main/tlf/
2. ANTLR haya generado las clases en el paquete edu.eam.ingesoft.tlf
3. Las clases estén compiladas

Para generar las clases, ejecuta:
  antlr4 -package edu.eam.ingesoft.tlf FlowScriptProcesses.g4
  javac *.java
	at org.junit.jupiter.api.AssertionUtils.fail(AssertionUtils.java:38)
	at org.junit.jupiter.api.Assertions.fail(Assertions.java:138)
	at edu.eam.ingesoft.tlf.tester.FlowScriptProcessesTest.parseWithReflection(FlowScriptProcessesTest.java:212)
	at edu.eam.ingesoft.tlf.tester.FlowScriptProcessesTest.lambda$createTestsFromYaml$2(FlowScriptProcessesTest.java:118)
	at java.base/java.util.Optional.ifPresent(Optional.java:178)
	at java.base/java.util.ArrayList.forEach(ArrayList.java:1604)
	at java.base/java.util.ArrayList.forEach(ArrayList.java:1604)

edu.eam.ingesoft.tlf.tester.FlowScriptProcessesTest.testFlowScriptProcesses -- Time elapsed: 0.002 s <<< FAILURE!
org.opentest4j.AssertionFailedError: 
No se pudieron encontrar las clases del lexer o parser.
Clases esperadas:
  - FlowScriptProcessesLexer
  - FlowScriptProcessesParser
Asegúrate de que:
1. La gramática FlowScriptProcesses.g4 esté en src/main/tlf/
2. ANTLR haya generado las clases en el paquete edu.eam.ingesoft.tlf
3. Las clases estén compiladas

Para generar las clases, ejecuta:
  antlr4 -package edu.eam.ingesoft.tlf FlowScriptProcesses.g4
  javac *.java
	at org.junit.jupiter.api.AssertionUtils.fail(AssertionUtils.java:38)
	at org.junit.jupiter.api.Assertions.fail(Assertions.java:138)
	at edu.eam.ingesoft.tlf.tester.FlowScriptProcessesTest.parseWithReflection(FlowScriptProcessesTest.java:212)
	at edu.eam.ingesoft.tlf.tester.FlowScriptProcessesTest.lambda$createTestsFromYaml$2(FlowScriptProcessesTest.java:118)
	at java.base/java.util.Optional.ifPresent(Optional.java:178)
	at java.base/java.util.ArrayList.forEach(ArrayList.java:1604)
	at java.base/java.util.ArrayList.forEach(ArrayList.java:1604)

edu.eam.ingesoft.tlf.tester.FlowScriptProcessesTest.testFlowScriptProcesses -- Time elapsed: 0.001 s <<< FAILURE!
org.opentest4j.AssertionFailedError: 
No se pudieron encontrar las clases del lexer o parser.
Clases esperadas:
  - FlowScriptProcessesLexer
  - FlowScriptProcessesParser
Asegúrate de que:
1. La gramática FlowScriptProcesses.g4 esté en src/main/tlf/
2. ANTLR haya generado las clases en el paquete edu.eam.ingesoft.tlf
3. Las clases estén compiladas

Para generar las clases, ejecuta:
  antlr4 -package edu.eam.ingesoft.tlf FlowScriptProcesses.g4
  javac *.java
	at org.junit.jupiter.api.AssertionUtils.fail(AssertionUtils.java:38)
	at org.junit.jupiter.api.Assertions.fail(Assertions.java:138)
	at edu.eam.ingesoft.tlf.tester.FlowScriptProcessesTest.parseWithReflection(FlowScriptProcessesTest.java:212)
	at edu.eam.ingesoft.tlf.tester.FlowScriptProcessesTest.lambda$createTestsFromYaml$2(FlowScriptProcessesTest.java:118)
	at java.base/java.util.Optional.ifPresent(Optional.java:178)
	at java.base/java.util.ArrayList.forEach(ArrayList.java:1604)
	at java.base/java.util.ArrayList.forEach(ArrayList.java:1604)

edu.eam.ingesoft.tlf.tester.FlowScriptProcessesTest.testFlowScriptProcesses -- Time elapsed: 0.002 s <<< FAILURE!
org.opentest4j.AssertionFailedError: 
No se pudieron encontrar las clases del lexer o parser.
Clases esperadas:
  - FlowScriptProcessesLexer
  - FlowScriptProcessesParser
Asegúrate de que:
1. La gramática FlowScriptProcesses.g4 esté en src/main/tlf/
2. ANTLR haya generado las clases en el paquete edu.eam.ingesoft.tlf
3. Las clases estén compiladas

Para generar las clases, ejecuta:
  antlr4 -package edu.eam.ingesoft.tlf FlowScriptProcesses.g4
  javac *.java
	at org.junit.jupiter.api.AssertionUtils.fail(AssertionUtils.java:38)
	at org.junit.jupiter.api.Assertions.fail(Assertions.java:138)
	at edu.eam.ingesoft.tlf.tester.FlowScriptProcessesTest.parseWithReflection(FlowScriptProcessesTest.java:212)
	at edu.eam.ingesoft.tlf.tester.FlowScriptProcessesTest.lambda$createTestsFromYaml$2(FlowScriptProcessesTest.java:118)
	at java.base/java.util.Optional.ifPresent(Optional.java:178)
	at java.base/java.util.ArrayList.forEach(ArrayList.java:1604)
	at java.base/java.util.ArrayList.forEach(ArrayList.java:1604)

edu.eam.ingesoft.tlf.tester.FlowScriptProcessesTest.testFlowScriptProcesses -- Time elapsed: 0.002 s <<< FAILURE!
org.opentest4j.AssertionFailedError: 
No se pudieron encontrar las clases del lexer o parser.
Clases esperadas:
  - FlowScriptProcessesLexer
  - FlowScriptProcessesParser
Asegúrate de que:
1. La gramática FlowScriptProcesses.g4 esté en src/main/tlf/
2. ANTLR haya generado las clases en el paquete edu.eam.ingesoft.tlf
3. Las clases estén compiladas

Para generar las clases, ejecuta:
  antlr4 -package edu.eam.ingesoft.tlf FlowScriptProcesses.g4
  javac *.java
	at org.junit.jupiter.api.AssertionUtils.fail(AssertionUtils.java:38)
	at org.junit.jupiter.api.Assertions.fail(Assertions.java:138)
	at edu.eam.ingesoft.tlf.tester.FlowScriptProcessesTest.parseWithReflection(FlowScriptProcessesTest.java:212)
	at edu.eam.ingesoft.tlf.tester.FlowScriptProcessesTest.lambda$createTestsFromYaml$2(FlowScriptProcessesTest.java:118)
	at java.base/java.util.Optional.ifPresent(Optional.java:178)
	at java.base/java.util.ArrayList.forEach(ArrayList.java:1604)
	at java.base/java.util.ArrayList.forEach(ArrayList.java:1604)

edu.eam.ingesoft.tlf.tester.FlowScriptProcessesTest.testFlowScriptProcesses -- Time elapsed: 0.002 s <<< FAILURE!
org.opentest4j.AssertionFailedError: 
No se pudieron encontrar las clases del lexer o parser.
Clases esperadas:
  - FlowScriptProcessesLexer
  - FlowScriptProcessesParser
Asegúrate de que:
1. La gramática FlowScriptProcesses.g4 esté en src/main/tlf/
2. ANTLR haya generado las clases en el paquete edu.eam.ingesoft.tlf
3. Las clases estén compiladas

Para generar las clases, ejecuta:
  antlr4 -package edu.eam.ingesoft.tlf FlowScriptProcesses.g4
  javac *.java
	at org.junit.jupiter.api.AssertionUtils.fail(AssertionUtils.java:38)
	at org.junit.jupiter.api.Assertions.fail(Assertions.java:138)
	at edu.eam.ingesoft.tlf.tester.FlowScriptProcessesTest.parseWithReflection(FlowScriptProcessesTest.java:212)
	at edu.eam.ingesoft.tlf.tester.FlowScriptProcessesTest.lambda$createTestsFromYaml$2(FlowScriptProcessesTest.java:118)
	at java.base/java.util.Optional.ifPresent(Optional.java:178)
	at java.base/java.util.ArrayList.forEach(ArrayList.java:1604)
	at java.base/java.util.ArrayList.forEach(ArrayList.java:1604)

edu.eam.ingesoft.tlf.tester.FlowScriptProcessesTest.testFlowScriptProcesses -- Time elapsed: 0.001 s <<< FAILURE!
org.opentest4j.AssertionFailedError: 
No se pudieron encontrar las clases del lexer o parser.
Clases esperadas:
  - FlowScriptProcessesLexer
  - FlowScriptProcessesParser
Asegúrate de que:
1. La gramática FlowScriptProcesses.g4 esté en src/main/tlf/
2. ANTLR haya generado las clases en el paquete edu.eam.ingesoft.tlf
3. Las clases estén compiladas

Para generar las clases, ejecuta:
  antlr4 -package edu.eam.ingesoft.tlf FlowScriptProcesses.g4
  javac *.java
	at org.junit.jupiter.api.AssertionUtils.fail(AssertionUtils.java:38)
	at org.junit.jupiter.api.Assertions.fail(Assertions.java:138)
	at edu.eam.ingesoft.tlf.tester.FlowScriptProcessesTest.parseWithReflection(FlowScriptProcessesTest.java:212)
	at edu.eam.ingesoft.tlf.tester.FlowScriptProcessesTest.lambda$createTestsFromYaml$2(FlowScriptProcessesTest.java:118)
	at java.base/java.util.Optional.ifPresent(Optional.java:178)
	at java.base/java.util.ArrayList.forEach(ArrayList.java:1604)
	at java.base/java.util.ArrayList.forEach(ArrayList.java:1604)

edu.eam.ingesoft.tlf.tester.FlowScriptProcessesTest.testFlowScriptProcesses -- Time elapsed: 0.002 s <<< FAILURE!
org.opentest4j.AssertionFailedError: 
No se pudieron encontrar las clases del lexer o parser.
Clases esperadas:
  - FlowScriptProcessesLexer
  - FlowScriptProcessesParser
Asegúrate de que:
1. La gramática FlowScriptProcesses.g4 esté en src/main/tlf/
2. ANTLR haya generado las clases en el paquete edu.eam.ingesoft.tlf
3. Las clases estén compiladas

Para generar las clases, ejecuta:
  antlr4 -package edu.eam.ingesoft.tlf FlowScriptProcesses.g4
  javac *.java
	at org.junit.jupiter.api.AssertionUtils.fail(AssertionUtils.java:38)
	at org.junit.jupiter.api.Assertions.fail(Assertions.java:138)
	at edu.eam.ingesoft.tlf.tester.FlowScriptProcessesTest.parseWithReflection(FlowScriptProcessesTest.java:212)
	at edu.eam.ingesoft.tlf.tester.FlowScriptProcessesTest.lambda$createTestsFromYaml$2(FlowScriptProcessesTest.java:118)
	at java.base/java.util.Optional.ifPresent(Optional.java:178)
	at java.base/java.util.ArrayList.forEach(ArrayList.java:1604)
	at java.base/java.util.ArrayList.forEach(ArrayList.java:1604)

edu.eam.ingesoft.tlf.tester.FlowScriptProcessesTest.testFlowScriptProcesses -- Time elapsed: 0.002 s <<< FAILURE!
org.opentest4j.AssertionFailedError: 
No se pudieron encontrar las clases del lexer o parser.
Clases esperadas:
  - FlowScriptProcessesLexer
  - FlowScriptProcessesParser
Asegúrate de que:
1. La gramática FlowScriptProcesses.g4 esté en src/main/tlf/
2. ANTLR haya generado las clases en el paquete edu.eam.ingesoft.tlf
3. Las clases estén compiladas

Para generar las clases, ejecuta:
  antlr4 -package edu.eam.ingesoft.tlf FlowScriptProcesses.g4
  javac *.java
	at org.junit.jupiter.api.AssertionUtils.fail(AssertionUtils.java:38)
	at org.junit.jupiter.api.Assertions.fail(Assertions.java:138)
	at edu.eam.ingesoft.tlf.tester.FlowScriptProcessesTest.parseWithReflection(FlowScriptProcessesTest.java:212)
	at edu.eam.ingesoft.tlf.tester.FlowScriptProcessesTest.lambda$createTestsFromYaml$2(FlowScriptProcessesTest.java:118)
	at java.base/java.util.Optional.ifPresent(Optional.java:178)
	at java.base/java.util.ArrayList.forEach(ArrayList.java:1604)
	at java.base/java.util.ArrayList.forEach(ArrayList.java:1604)

edu.eam.ingesoft.tlf.tester.FlowScriptProcessesTest.testFlowScriptProcesses -- Time elapsed: 0.001 s <<< FAILURE!
org.opentest4j.AssertionFailedError: 
No se pudieron encontrar las clases del lexer o parser.
Clases esperadas:
  - FlowScriptProcessesLexer
  - FlowScriptProcessesParser
Asegúrate de que:
1. La gramática FlowScriptProcesses.g4 esté en src/main/tlf/
2. ANTLR haya generado las clases en el paquete edu.eam.ingesoft.tlf
3. Las clases estén compiladas

Para generar las clases, ejecuta:
  antlr4 -package edu.eam.ingesoft.tlf FlowScriptProcesses.g4
  javac *.java
	at org.junit.jupiter.api.AssertionUtils.fail(AssertionUtils.java:38)
	at org.junit.jupiter.api.Assertions.fail(Assertions.java:138)
	at edu.eam.ingesoft.tlf.tester.FlowScriptProcessesTest.parseWithReflection(FlowScriptProcessesTest.java:212)
	at edu.eam.ingesoft.tlf.tester.FlowScriptProcessesTest.lambda$createTestsFromYaml$2(FlowScriptProcessesTest.java:118)
	at java.base/java.util.Optional.ifPresent(Optional.java:178)
	at java.base/java.util.ArrayList.forEach(ArrayList.java:1604)
	at java.base/java.util.ArrayList.forEach(ArrayList.java:1604)

edu.eam.ingesoft.tlf.tester.FlowScriptProcessesTest.testFlowScriptProcesses -- Time elapsed: 0 s <<< FAILURE!
org.opentest4j.AssertionFailedError: 
No se pudieron encontrar las clases del lexer o parser.
Clases esperadas:
  - FlowScriptProcessesLexer
  - FlowScriptProcessesParser
Asegúrate de que:
1. La gramática FlowScriptProcesses.g4 esté en src/main/tlf/
2. ANTLR haya generado las clases en el paquete edu.eam.ingesoft.tlf
3. Las clases estén compiladas

Para generar las clases, ejecuta:
  antlr4 -package edu.eam.ingesoft.tlf FlowScriptProcesses.g4
  javac *.java
	at org.junit.jupiter.api.AssertionUtils.fail(AssertionUtils.java:38)
	at org.junit.jupiter.api.Assertions.fail(Assertions.java:138)
	at edu.eam.ingesoft.tlf.tester.FlowScriptProcessesTest.parseWithReflection(FlowScriptProcessesTest.java:212)
	at edu.eam.ingesoft.tlf.tester.FlowScriptProcessesTest.lambda$createTestsFromYaml$2(FlowScriptProcessesTest.java:118)
	at java.base/java.util.Optional.ifPresent(Optional.java:178)
	at java.base/java.util.ArrayList.forEach(ArrayList.java:1604)
	at java.base/java.util.ArrayList.forEach(ArrayList.java:1604)

edu.eam.ingesoft.tlf.tester.FlowScriptProcessesTest.testFlowScriptProcesses -- Time elapsed: 0.001 s <<< FAILURE!
org.opentest4j.AssertionFailedError: 
No se pudieron encontrar las clases del lexer o parser.
Clases esperadas:
  - FlowScriptProcessesLexer
  - FlowScriptProcessesParser
Asegúrate de que:
1. La gramática FlowScriptProcesses.g4 esté en src/main/tlf/
2. ANTLR haya generado las clases en el paquete edu.eam.ingesoft.tlf
3. Las clases estén compiladas

Para generar las clases, ejecuta:
  antlr4 -package edu.eam.ingesoft.tlf FlowScriptProcesses.g4
  javac *.java
	at org.junit.jupiter.api.AssertionUtils.fail(AssertionUtils.java:38)
	at org.junit.jupiter.api.Assertions.fail(Assertions.java:138)
	at edu.eam.ingesoft.tlf.tester.FlowScriptProcessesTest.parseWithReflection(FlowScriptProcessesTest.java:212)
	at edu.eam.ingesoft.tlf.tester.FlowScriptProcessesTest.lambda$createTestsFromYaml$2(FlowScriptProcessesTest.java:118)
	at java.base/java.util.Optional.ifPresent(Optional.java:178)
	at java.base/java.util.ArrayList.forEach(ArrayList.java:1604)
	at java.base/java.util.ArrayList.forEach(ArrayList.java:1604)

edu.eam.ingesoft.tlf.tester.FlowScriptProcessesTest.testFlowScriptProcesses -- Time elapsed: 0.001 s <<< FAILURE!
org.opentest4j.AssertionFailedError: 
No se pudieron encontrar las clases del lexer o parser.
Clases esperadas:
  - FlowScriptProcessesLexer
  - FlowScriptProcessesParser
Asegúrate de que:
1. La gramática FlowScriptProcesses.g4 esté en src/main/tlf/
2. ANTLR haya generado las clases en el paquete edu.eam.ingesoft.tlf
3. Las clases estén compiladas

Para generar las clases, ejecuta:
  antlr4 -package edu.eam.ingesoft.tlf FlowScriptProcesses.g4
  javac *.java
	at org.junit.jupiter.api.AssertionUtils.fail(AssertionUtils.java:38)
	at org.junit.jupiter.api.Assertions.fail(Assertions.java:138)
	at edu.eam.ingesoft.tlf.tester.FlowScriptProcessesTest.parseWithReflection(FlowScriptProcessesTest.java:212)
	at edu.eam.ingesoft.tlf.tester.FlowScriptProcessesTest.lambda$createTestsFromYaml$2(FlowScriptProcessesTest.java:118)
	at java.base/java.util.Optional.ifPresent(Optional.java:178)
	at java.base/java.util.ArrayList.forEach(ArrayList.java:1604)
	at java.base/java.util.ArrayList.forEach(ArrayList.java:1604)

edu.eam.ingesoft.tlf.tester.FlowScriptProcessesTest.testFlowScriptProcesses -- Time elapsed: 0.001 s <<< FAILURE!
org.opentest4j.AssertionFailedError: 
No se pudieron encontrar las clases del lexer o parser.
Clases esperadas:
  - FlowScriptProcessesLexer
  - FlowScriptProcessesParser
Asegúrate de que:
1. La gramática FlowScriptProcesses.g4 esté en src/main/tlf/
2. ANTLR haya generado las clases en el paquete edu.eam.ingesoft.tlf
3. Las clases estén compiladas

Para generar las clases, ejecuta:
  antlr4 -package edu.eam.ingesoft.tlf FlowScriptProcesses.g4
  javac *.java
	at org.junit.jupiter.api.AssertionUtils.fail(AssertionUtils.java:38)
	at org.junit.jupiter.api.Assertions.fail(Assertions.java:138)
	at edu.eam.ingesoft.tlf.tester.FlowScriptProcessesTest.parseWithReflection(FlowScriptProcessesTest.java:212)
	at edu.eam.ingesoft.tlf.tester.FlowScriptProcessesTest.lambda$createTestsFromYaml$2(FlowScriptProcessesTest.java:118)
	at java.base/java.util.Optional.ifPresent(Optional.java:178)
	at java.base/java.util.ArrayList.forEach(ArrayList.java:1604)
	at java.base/java.util.ArrayList.forEach(ArrayList.java:1604)

edu.eam.ingesoft.tlf.tester.FlowScriptProcessesTest.testFlowScriptProcesses -- Time elapsed: 0.001 s <<< FAILURE!
org.opentest4j.AssertionFailedError: 
No se pudieron encontrar las clases del lexer o parser.
Clases esperadas:
  - FlowScriptProcessesLexer
  - FlowScriptProcessesParser
Asegúrate de que:
1. La gramática FlowScriptProcesses.g4 esté en src/main/tlf/
2. ANTLR haya generado las clases en el paquete edu.eam.ingesoft.tlf
3. Las clases estén compiladas

Para generar las clases, ejecuta:
  antlr4 -package edu.eam.ingesoft.tlf FlowScriptProcesses.g4
  javac *.java
	at org.junit.jupiter.api.AssertionUtils.fail(AssertionUtils.java:38)
	at org.junit.jupiter.api.Assertions.fail(Assertions.java:138)
	at edu.eam.ingesoft.tlf.tester.FlowScriptProcessesTest.parseWithReflection(FlowScriptProcessesTest.java:212)
	at edu.eam.ingesoft.tlf.tester.FlowScriptProcessesTest.lambda$createTestsFromYaml$2(FlowScriptProcessesTest.java:118)
	at java.base/java.util.Optional.ifPresent(Optional.java:178)
	at java.base/java.util.ArrayList.forEach(ArrayList.java:1604)
	at java.base/java.util.ArrayList.forEach(ArrayList.java:1604)

edu.eam.ingesoft.tlf.tester.FlowScriptProcessesTest.testFlowScriptProcesses -- Time elapsed: 0.001 s <<< FAILURE!
org.opentest4j.AssertionFailedError: 
No se pudieron encontrar las clases del lexer o parser.
Clases esperadas:
  - FlowScriptProcessesLexer
  - FlowScriptProcessesParser
Asegúrate de que:
1. La gramática FlowScriptProcesses.g4 esté en src/main/tlf/
2. ANTLR haya generado las clases en el paquete edu.eam.ingesoft.tlf
3. Las clases estén compiladas

Para generar las clases, ejecuta:
  antlr4 -package edu.eam.ingesoft.tlf FlowScriptProcesses.g4
  javac *.java
	at org.junit.jupiter.api.AssertionUtils.fail(AssertionUtils.java:38)
	at org.junit.jupiter.api.Assertions.fail(Assertions.java:138)
	at edu.eam.ingesoft.tlf.tester.FlowScriptProcessesTest.parseWithReflection(FlowScriptProcessesTest.java:212)
	at edu.eam.ingesoft.tlf.tester.FlowScriptProcessesTest.lambda$createTestsFromYaml$2(FlowScriptProcessesTest.java:118)
	at java.base/java.util.Optional.ifPresent(Optional.java:178)
	at java.base/java.util.ArrayList.forEach(ArrayList.java:1604)
	at java.base/java.util.ArrayList.forEach(ArrayList.java:1604)

edu.eam.ingesoft.tlf.tester.FlowScriptProcessesTest.testFlowScriptProcesses -- Time elapsed: 0.002 s <<< FAILURE!
org.opentest4j.AssertionFailedError: 
No se pudieron encontrar las clases del lexer o parser.
Clases esperadas:
  - FlowScriptProcessesLexer
  - FlowScriptProcessesParser
Asegúrate de que:
1. La gramática FlowScriptProcesses.g4 esté en src/main/tlf/
2. ANTLR haya generado las clases en el paquete edu.eam.ingesoft.tlf
3. Las clases estén compiladas

Para generar las clases, ejecuta:
  antlr4 -package edu.eam.ingesoft.tlf FlowScriptProcesses.g4
  javac *.java
	at org.junit.jupiter.api.AssertionUtils.fail(AssertionUtils.java:38)
	at org.junit.jupiter.api.Assertions.fail(Assertions.java:138)
	at edu.eam.ingesoft.tlf.tester.FlowScriptProcessesTest.parseWithReflection(FlowScriptProcessesTest.java:212)
	at edu.eam.ingesoft.tlf.tester.FlowScriptProcessesTest.lambda$createTestsFromYaml$2(FlowScriptProcessesTest.java:118)
	at java.base/java.util.Optional.ifPresent(Optional.java:178)
	at java.base/java.util.ArrayList.forEach(ArrayList.java:1604)
	at java.base/java.util.ArrayList.forEach(ArrayList.java:1604)

edu.eam.ingesoft.tlf.tester.FlowScriptProcessesTest.testFlowScriptProcesses -- Time elapsed: 0.001 s <<< FAILURE!
org.opentest4j.AssertionFailedError: 
No se pudieron encontrar las clases del lexer o parser.
Clases esperadas:
  - FlowScriptProcessesLexer
  - FlowScriptProcessesParser
Asegúrate de que:
1. La gramática FlowScriptProcesses.g4 esté en src/main/tlf/
2. ANTLR haya generado las clases en el paquete edu.eam.ingesoft.tlf
3. Las clases estén compiladas

Para generar las clases, ejecuta:
  antlr4 -package edu.eam.ingesoft.tlf FlowScriptProcesses.g4
  javac *.java
	at org.junit.jupiter.api.AssertionUtils.fail(AssertionUtils.java:38)
	at org.junit.jupiter.api.Assertions.fail(Assertions.java:138)
	at edu.eam.ingesoft.tlf.tester.FlowScriptProcessesTest.parseWithReflection(FlowScriptProcessesTest.java:212)
	at edu.eam.ingesoft.tlf.tester.FlowScriptProcessesTest.lambda$createTestsFromYaml$2(FlowScriptProcessesTest.java:118)
	at java.base/java.util.Optional.ifPresent(Optional.java:178)
	at java.base/java.util.ArrayList.forEach(ArrayList.java:1604)
	at java.base/java.util.ArrayList.forEach(ArrayList.java:1604)

edu.eam.ingesoft.tlf.tester.FlowScriptProcessesTest.testFlowScriptProcesses -- Time elapsed: 0.001 s <<< FAILURE!
org.opentest4j.AssertionFailedError: 
No se pudieron encontrar las clases del lexer o parser.
Clases esperadas:
  - FlowScriptProcessesLexer
  - FlowScriptProcessesParser
Asegúrate de que:
1. La gramática FlowScriptProcesses.g4 esté en src/main/tlf/
2. ANTLR haya generado las clases en el paquete edu.eam.ingesoft.tlf
3. Las clases estén compiladas

Para generar las clases, ejecuta:
  antlr4 -package edu.eam.ingesoft.tlf FlowScriptProcesses.g4
  javac *.java
	at org.junit.jupiter.api.AssertionUtils.fail(AssertionUtils.java:38)
	at org.junit.jupiter.api.Assertions.fail(Assertions.java:138)
	at edu.eam.ingesoft.tlf.tester.FlowScriptProcessesTest.parseWithReflection(FlowScriptProcessesTest.java:212)
	at edu.eam.ingesoft.tlf.tester.FlowScriptProcessesTest.lambda$createTestsFromYaml$2(FlowScriptProcessesTest.java:118)
	at java.base/java.util.Optional.ifPresent(Optional.java:178)
	at java.base/java.util.ArrayList.forEach(ArrayList.java:1604)
	at java.base/java.util.ArrayList.forEach(ArrayList.java:1604)

edu.eam.ingesoft.tlf.tester.FlowScriptProcessesTest.testFlowScriptProcesses -- Time elapsed: 0.001 s <<< FAILURE!
org.opentest4j.AssertionFailedError: 
No se pudieron encontrar las clases del lexer o parser.
Clases esperadas:
  - FlowScriptProcessesLexer
  - FlowScriptProcessesParser
Asegúrate de que:
1. La gramática FlowScriptProcesses.g4 esté en src/main/tlf/
2. ANTLR haya generado las clases en el paquete edu.eam.ingesoft.tlf
3. Las clases estén compiladas

Para generar las clases, ejecuta:
  antlr4 -package edu.eam.ingesoft.tlf FlowScriptProcesses.g4
  javac *.java
	at org.junit.jupiter.api.AssertionUtils.fail(AssertionUtils.java:38)
	at org.junit.jupiter.api.Assertions.fail(Assertions.java:138)
	at edu.eam.ingesoft.tlf.tester.FlowScriptProcessesTest.parseWithReflection(FlowScriptProcessesTest.java:212)
	at edu.eam.ingesoft.tlf.tester.FlowScriptProcessesTest.lambda$createTestsFromYaml$2(FlowScriptProcessesTest.java:118)
	at java.base/java.util.Optional.ifPresent(Optional.java:178)
	at java.base/java.util.ArrayList.forEach(ArrayList.java:1604)
	at java.base/java.util.ArrayList.forEach(ArrayList.java:1604)

edu.eam.ingesoft.tlf.tester.FlowScriptProcessesTest.testFlowScriptProcesses -- Time elapsed: 0.002 s <<< FAILURE!
org.opentest4j.AssertionFailedError: 
No se pudieron encontrar las clases del lexer o parser.
Clases esperadas:
  - FlowScriptProcessesLexer
  - FlowScriptProcessesParser
Asegúrate de que:
1. La gramática FlowScriptProcesses.g4 esté en src/main/tlf/
2. ANTLR haya generado las clases en el paquete edu.eam.ingesoft.tlf
3. Las clases estén compiladas

Para generar las clases, ejecuta:
  antlr4 -package edu.eam.ingesoft.tlf FlowScriptProcesses.g4
  javac *.java
	at org.junit.jupiter.api.AssertionUtils.fail(AssertionUtils.java:38)
	at org.junit.jupiter.api.Assertions.fail(Assertions.java:138)
	at edu.eam.ingesoft.tlf.tester.FlowScriptProcessesTest.parseWithReflection(FlowScriptProcessesTest.java:212)
	at edu.eam.ingesoft.tlf.tester.FlowScriptProcessesTest.lambda$createTestsFromYaml$2(FlowScriptProcessesTest.java:118)
	at java.base/java.util.Optional.ifPresent(Optional.java:178)
	at java.base/java.util.ArrayList.forEach(ArrayList.java:1604)
	at java.base/java.util.ArrayList.forEach(ArrayList.java:1604)

edu.eam.ingesoft.tlf.tester.FlowScriptProcessesTest.testFlowScriptProcesses -- Time elapsed: 0 s <<< FAILURE!
org.opentest4j.AssertionFailedError: 
No se pudieron encontrar las clases del lexer o parser.
Clases esperadas:
  - FlowScriptProcessesLexer
  - FlowScriptProcessesParser
Asegúrate de que:
1. La gramática FlowScriptProcesses.g4 esté en src/main/tlf/
2. ANTLR haya generado las clases en el paquete edu.eam.ingesoft.tlf
3. Las clases estén compiladas

Para generar las clases, ejecuta:
  antlr4 -package edu.eam.ingesoft.tlf FlowScriptProcesses.g4
  javac *.java
	at org.junit.jupiter.api.AssertionUtils.fail(AssertionUtils.java:38)
	at org.junit.jupiter.api.Assertions.fail(Assertions.java:138)
	at edu.eam.ingesoft.tlf.tester.FlowScriptProcessesTest.parseWithReflection(FlowScriptProcessesTest.java:212)
	at edu.eam.ingesoft.tlf.tester.FlowScriptProcessesTest.lambda$createTestsFromYaml$2(FlowScriptProcessesTest.java:118)
	at java.base/java.util.Optional.ifPresent(Optional.java:178)
	at java.base/java.util.ArrayList.forEach(ArrayList.java:1604)
	at java.base/java.util.ArrayList.forEach(ArrayList.java:1604)

edu.eam.ingesoft.tlf.tester.FlowScriptProcessesTest.testFlowScriptProcesses -- Time elapsed: 0.001 s <<< FAILURE!
org.opentest4j.AssertionFailedError: 
No se pudieron encontrar las clases del lexer o parser.
Clases esperadas:
  - FlowScriptProcessesLexer
  - FlowScriptProcessesParser
Asegúrate de que:
1. La gramática FlowScriptProcesses.g4 esté en src/main/tlf/
2. ANTLR haya generado las clases en el paquete edu.eam.ingesoft.tlf
3. Las clases estén compiladas

Para generar las clases, ejecuta:
  antlr4 -package edu.eam.ingesoft.tlf FlowScriptProcesses.g4
  javac *.java
	at org.junit.jupiter.api.AssertionUtils.fail(AssertionUtils.java:38)
	at org.junit.jupiter.api.Assertions.fail(Assertions.java:138)
	at edu.eam.ingesoft.tlf.tester.FlowScriptProcessesTest.parseWithReflection(FlowScriptProcessesTest.java:212)
	at edu.eam.ingesoft.tlf.tester.FlowScriptProcessesTest.lambda$createTestsFromYaml$2(FlowScriptProcessesTest.java:118)
	at java.base/java.util.Optional.ifPresent(Optional.java:178)
	at java.base/java.util.ArrayList.forEach(ArrayList.java:1604)
	at java.base/java.util.ArrayList.forEach(ArrayList.java:1604)

edu.eam.ingesoft.tlf.tester.FlowScriptProcessesTest.testFlowScriptProcesses -- Time elapsed: 0 s <<< FAILURE!
org.opentest4j.AssertionFailedError: 
No se pudieron encontrar las clases del lexer o parser.
Clases esperadas:
  - FlowScriptProcessesLexer
  - FlowScriptProcessesParser
Asegúrate de que:
1. La gramática FlowScriptProcesses.g4 esté en src/main/tlf/
2. ANTLR haya generado las clases en el paquete edu.eam.ingesoft.tlf
3. Las clases estén compiladas

Para generar las clases, ejecuta:
  antlr4 -package edu.eam.ingesoft.tlf FlowScriptProcesses.g4
  javac *.java
	at org.junit.jupiter.api.AssertionUtils.fail(AssertionUtils.java:38)
	at org.junit.jupiter.api.Assertions.fail(Assertions.java:138)
	at edu.eam.ingesoft.tlf.tester.FlowScriptProcessesTest.parseWithReflection(FlowScriptProcessesTest.java:212)
	at edu.eam.ingesoft.tlf.tester.FlowScriptProcessesTest.lambda$createTestsFromYaml$2(FlowScriptProcessesTest.java:118)
	at java.base/java.util.Optional.ifPresent(Optional.java:178)
	at java.base/java.util.ArrayList.forEach(ArrayList.java:1604)
	at java.base/java.util.ArrayList.forEach(ArrayList.java:1604)

