<?xml version="1.0" encoding="UTF-8"?>
<testsuite xmlns:xsi="http://www.w3.org/2001/XMLSchema-instance" xsi:noNamespaceSchemaLocation="https://maven.apache.org/surefire/maven-surefire-plugin/xsd/surefire-test-report-3.0.xsd" version="3.0" name="com.flowscript.sintactic.parsers.process.clausulas_control.WhenClauseParserTest" time="0.098" tests="6" errors="4" skipped="0" failures="1">
  <properties>
[...]
</properties>
  <testcase name="testInvalidWhenClause_MissingCondition" classname="com.flowscript.sintactic.parsers.process.clausulas_control.WhenClauseParserTest" time="0.007"/>
  <testcase name="testWhenClauseWithFunctionCall" classname="com.flowscript.sintactic.parsers.process.clausulas_control.WhenClauseParserTest" time="0.016">
    <error message="ExpressionParser no implementado - Tarea del estudiante" type="java.lang.UnsupportedOperationException"><![CDATA[java.lang.UnsupportedOperationException: ExpressionParser no implementado - Tarea del estudiante
	at com.flowscript.sintactic.parsers.functions.expresiones.ExpressionParser.parse(ExpressionParser.java:62)
	at com.flowscript.sintactic.parsers.process.clausulas_control.WhenClauseParser.parse(WhenClauseParser.java:94)
	at com.flowscript.sintactic.parsers.process.clausulas_control.WhenClauseParserTest.testWhenClauseWithFunctionCall(WhenClauseParserTest.java:59)
	at java.base/java.lang.reflect.Method.invoke(Method.java:580)
	at java.base/java.util.ArrayList.forEach(ArrayList.java:1596)
	at java.base/java.util.ArrayList.forEach(ArrayList.java:1596)
]]></error>
  </testcase>
  <testcase name="testInvalidWhenClause_MissingArrow" classname="com.flowscript.sintactic.parsers.process.clausulas_control.WhenClauseParserTest" time="0.019">
    <failure message="Unexpected exception type thrown, expected: &lt;com.flowscript.sintactic.Parser.ParseException&gt; but was: &lt;java.lang.UnsupportedOperationException&gt;" type="org.opentest4j.AssertionFailedError"><![CDATA[org.opentest4j.AssertionFailedError: Unexpected exception type thrown, expected: <com.flowscript.sintactic.Parser.ParseException> but was: <java.lang.UnsupportedOperationException>
	at org.junit.jupiter.api.AssertionFailureBuilder.build(AssertionFailureBuilder.java:151)
	at org.junit.jupiter.api.AssertThrows.assertThrows(AssertThrows.java:67)
	at org.junit.jupiter.api.AssertThrows.assertThrows(AssertThrows.java:35)
	at org.junit.jupiter.api.Assertions.assertThrows(Assertions.java:3115)
	at com.flowscript.sintactic.parsers.process.clausulas_control.WhenClauseParserTest.testInvalidWhenClause_MissingArrow(WhenClauseParserTest.java:85)
	at java.base/java.lang.reflect.Method.invoke(Method.java:580)
	at java.base/java.util.ArrayList.forEach(ArrayList.java:1596)
	at java.base/java.util.ArrayList.forEach(ArrayList.java:1596)
Caused by: java.lang.UnsupportedOperationException: ExpressionParser no implementado - Tarea del estudiante
	at com.flowscript.sintactic.parsers.functions.expresiones.ExpressionParser.parse(ExpressionParser.java:62)
	at com.flowscript.sintactic.parsers.process.clausulas_control.WhenClauseParser.parse(WhenClauseParser.java:94)
	at com.flowscript.sintactic.parsers.process.clausulas_control.WhenClauseParserTest.lambda$testInvalidWhenClause_MissingArrow$0(WhenClauseParserTest.java:86)
	at org.junit.jupiter.api.AssertThrows.assertThrows(AssertThrows.java:53)
	... 6 more
]]></failure>
  </testcase>
  <testcase name="testSimpleWhenClause" classname="com.flowscript.sintactic.parsers.process.clausulas_control.WhenClauseParserTest" time="0.004">
    <error message="ExpressionParser no implementado - Tarea del estudiante" type="java.lang.UnsupportedOperationException"><![CDATA[java.lang.UnsupportedOperationException: ExpressionParser no implementado - Tarea del estudiante
	at com.flowscript.sintactic.parsers.functions.expresiones.ExpressionParser.parse(ExpressionParser.java:62)
	at com.flowscript.sintactic.parsers.process.clausulas_control.WhenClauseParser.parse(WhenClauseParser.java:94)
	at com.flowscript.sintactic.parsers.process.clausulas_control.WhenClauseParserTest.testSimpleWhenClause(WhenClauseParserTest.java:31)
	at java.base/java.lang.reflect.Method.invoke(Method.java:580)
	at java.base/java.util.ArrayList.forEach(ArrayList.java:1596)
	at java.base/java.util.ArrayList.forEach(ArrayList.java:1596)
]]></error>
  </testcase>
  <testcase name="testWhenClauseWithComplexCondition" classname="com.flowscript.sintactic.parsers.process.clausulas_control.WhenClauseParserTest" time="0.006">
    <error message="ExpressionParser no implementado - Tarea del estudiante" type="java.lang.UnsupportedOperationException"><![CDATA[java.lang.UnsupportedOperationException: ExpressionParser no implementado - Tarea del estudiante
	at com.flowscript.sintactic.parsers.functions.expresiones.ExpressionParser.parse(ExpressionParser.java:62)
	at com.flowscript.sintactic.parsers.process.clausulas_control.WhenClauseParser.parse(WhenClauseParser.java:94)
	at com.flowscript.sintactic.parsers.process.clausulas_control.WhenClauseParserTest.testWhenClauseWithComplexCondition(WhenClauseParserTest.java:45)
	at java.base/java.lang.reflect.Method.invoke(Method.java:580)
	at java.base/java.util.ArrayList.forEach(ArrayList.java:1596)
	at java.base/java.util.ArrayList.forEach(ArrayList.java:1596)
]]></error>
  </testcase>
  <testcase name="testWhenClauseWithBoolean" classname="com.flowscript.sintactic.parsers.process.clausulas_control.WhenClauseParserTest" time="0.004">
    <error message="ExpressionParser no implementado - Tarea del estudiante" type="java.lang.UnsupportedOperationException"><![CDATA[java.lang.UnsupportedOperationException: ExpressionParser no implementado - Tarea del estudiante
	at com.flowscript.sintactic.parsers.functions.expresiones.ExpressionParser.parse(ExpressionParser.java:62)
	at com.flowscript.sintactic.parsers.process.clausulas_control.WhenClauseParser.parse(WhenClauseParser.java:94)
	at com.flowscript.sintactic.parsers.process.clausulas_control.WhenClauseParserTest.testWhenClauseWithBoolean(WhenClauseParserTest.java:72)
	at java.base/java.lang.reflect.Method.invoke(Method.java:580)
	at java.base/java.util.ArrayList.forEach(ArrayList.java:1596)
	at java.base/java.util.ArrayList.forEach(ArrayList.java:1596)
]]></error>
  </testcase>
</testsuite>