<?xml version="1.0" encoding="UTF-8"?>
<testsuite xmlns:xsi="http://www.w3.org/2001/XMLSchema-instance" xsi:noNamespaceSchemaLocation="https://maven.apache.org/surefire/maven-surefire-plugin/xsd/surefire-test-report-3.0.xsd" version="3.0" name="edu.eam.ingesoft.tlf.tester.FlowScriptFunctionsTest" time="0.413" tests="49" errors="0" skipped="0" failures="5">
  <properties>
[...]
</properties>
  <testcase name="testFlowScriptFunctions" classname="edu.eam.ingesoft.tlf.tester.FlowScriptFunctionsTest" time="0.125">
    <system-out><![CDATA[
================================================================================
INICIANDO PRUEBAS DE GRAMÁTICA: FlowScript Functions
================================================================================
Probando sistema completo de funciones FlowScript
Incluye: declaraciones, parámetros, tipos, control de flujo, recursión

Cargados 49 casos de prueba desde flowscript-functions.yaml
  • Casos válidos esperados: 32
  • Casos inválidos esperados: 17

]]></system-out>
  </testcase>
  <testcase name="testFlowScriptFunctions" classname="edu.eam.ingesoft.tlf.tester.FlowScriptFunctionsTest" time="0.003"/>
  <testcase name="testFlowScriptFunctions" classname="edu.eam.ingesoft.tlf.tester.FlowScriptFunctionsTest" time="0.005"/>
  <testcase name="testFlowScriptFunctions" classname="edu.eam.ingesoft.tlf.tester.FlowScriptFunctionsTest" time="0.003"/>
  <testcase name="testFlowScriptFunctions" classname="edu.eam.ingesoft.tlf.tester.FlowScriptFunctionsTest" time="0.005"/>
  <testcase name="testFlowScriptFunctions" classname="edu.eam.ingesoft.tlf.tester.FlowScriptFunctionsTest" time="0.019">
    <failure message="ESPERADO VÁLIDO: &apos;Función con tipos compuestos&apos;&#10;Texto: function process_list(items: list, config: object) -&gt; list {&#10;    result = []&#10;    for each item in it...&#10;Errores encontrados: [PARSER ERROR - Línea 5:36 - mismatched input &apos;=&apos; expecting {&apos;and&apos;, &apos;or&apos;, &apos;+&apos;, &apos;-&apos;, &apos;*&apos;, &apos;/&apos;, &apos;%&apos;, &apos;&lt;&apos;, &apos;&gt;&apos;, &apos;&lt;=&apos;, &apos;&gt;=&apos;, &apos;==&apos;, &apos;!=&apos;, &apos;(&apos;, &apos;[&apos;, &apos;]&apos;, &apos;.&apos;}, PARSER ERROR - Línea 8:4 - extraneous input &apos;return&apos; expecting {&lt;EOF&gt;, &apos;function&apos;}] ==&gt; expected: &lt;true&gt; but was: &lt;false&gt;" type="org.opentest4j.AssertionFailedError"><![CDATA[org.opentest4j.AssertionFailedError: 
ESPERADO VÁLIDO: 'Función con tipos compuestos'
Texto: function process_list(items: list, config: object) -> list {
    result = []
    for each item in it...
Errores encontrados: [PARSER ERROR - Línea 5:36 - mismatched input '=' expecting {'and', 'or', '+', '-', '*', '/', '%', '<', '>', '<=', '>=', '==', '!=', '(', '[', ']', '.'}, PARSER ERROR - Línea 8:4 - extraneous input 'return' expecting {<EOF>, 'function'}] ==> expected: <true> but was: <false>
	at org.junit.jupiter.api.AssertionFailureBuilder.build(AssertionFailureBuilder.java:151)
	at org.junit.jupiter.api.AssertionFailureBuilder.buildAndThrow(AssertionFailureBuilder.java:132)
	at org.junit.jupiter.api.AssertTrue.failNotTrue(AssertTrue.java:63)
	at org.junit.jupiter.api.AssertTrue.assertTrue(AssertTrue.java:36)
	at org.junit.jupiter.api.Assertions.assertTrue(Assertions.java:214)
	at edu.eam.ingesoft.tlf.tester.FlowScriptFunctionsTest.lambda$createTestsFromYaml$1(FlowScriptFunctionsTest.java:121)
	at java.base/java.util.Optional.ifPresent(Optional.java:178)
	at java.base/java.util.ArrayList.forEach(ArrayList.java:1596)
	at java.base/java.util.ArrayList.forEach(ArrayList.java:1596)
]]></failure>
  </testcase>
  <testcase name="testFlowScriptFunctions" classname="edu.eam.ingesoft.tlf.tester.FlowScriptFunctionsTest" time="0.004"/>
  <testcase name="testFlowScriptFunctions" classname="edu.eam.ingesoft.tlf.tester.FlowScriptFunctionsTest" time="0.003"/>
  <testcase name="testFlowScriptFunctions" classname="edu.eam.ingesoft.tlf.tester.FlowScriptFunctionsTest" time="0.002"/>
  <testcase name="testFlowScriptFunctions" classname="edu.eam.ingesoft.tlf.tester.FlowScriptFunctionsTest" time="0.005">
    <failure message="ESPERADO VÁLIDO: &apos;Función con for-range&apos;&#10;Texto: function fill_array(size: integer) -&gt; list {&#10;    result = []&#10;    for i from 0 to size - 1 {&#10;        ...&#10;Errores encontrados: [PARSER ERROR - Línea 4:18 - mismatched input &apos;=&apos; expecting {&apos;and&apos;, &apos;or&apos;, &apos;+&apos;, &apos;-&apos;, &apos;*&apos;, &apos;/&apos;, &apos;%&apos;, &apos;&lt;&apos;, &apos;&gt;&apos;, &apos;&lt;=&apos;, &apos;&gt;=&apos;, &apos;==&apos;, &apos;!=&apos;, &apos;(&apos;, &apos;[&apos;, &apos;]&apos;, &apos;.&apos;}, PARSER ERROR - Línea 6:4 - extraneous input &apos;return&apos; expecting {&lt;EOF&gt;, &apos;function&apos;}] ==&gt; expected: &lt;true&gt; but was: &lt;false&gt;" type="org.opentest4j.AssertionFailedError"><![CDATA[org.opentest4j.AssertionFailedError: 
ESPERADO VÁLIDO: 'Función con for-range'
Texto: function fill_array(size: integer) -> list {
    result = []
    for i from 0 to size - 1 {
        ...
Errores encontrados: [PARSER ERROR - Línea 4:18 - mismatched input '=' expecting {'and', 'or', '+', '-', '*', '/', '%', '<', '>', '<=', '>=', '==', '!=', '(', '[', ']', '.'}, PARSER ERROR - Línea 6:4 - extraneous input 'return' expecting {<EOF>, 'function'}] ==> expected: <true> but was: <false>
	at org.junit.jupiter.api.AssertionFailureBuilder.build(AssertionFailureBuilder.java:151)
	at org.junit.jupiter.api.AssertionFailureBuilder.buildAndThrow(AssertionFailureBuilder.java:132)
	at org.junit.jupiter.api.AssertTrue.failNotTrue(AssertTrue.java:63)
	at org.junit.jupiter.api.AssertTrue.assertTrue(AssertTrue.java:36)
	at org.junit.jupiter.api.Assertions.assertTrue(Assertions.java:214)
	at edu.eam.ingesoft.tlf.tester.FlowScriptFunctionsTest.lambda$createTestsFromYaml$1(FlowScriptFunctionsTest.java:121)
	at java.base/java.util.Optional.ifPresent(Optional.java:178)
	at java.base/java.util.ArrayList.forEach(ArrayList.java:1596)
	at java.base/java.util.ArrayList.forEach(ArrayList.java:1596)
]]></failure>
  </testcase>
  <testcase name="testFlowScriptFunctions" classname="edu.eam.ingesoft.tlf.tester.FlowScriptFunctionsTest" time="0.003">
    <failure message="ESPERADO VÁLIDO: &apos;Función con for-range y step&apos;&#10;Texto: function even_numbers(max: integer) -&gt; list {&#10;    result = []&#10;    index = 0&#10;    for i from 0 to max ...&#10;Errores encontrados: [PARSER ERROR - Línea 5:22 - mismatched input &apos;=&apos; expecting {&apos;and&apos;, &apos;or&apos;, &apos;+&apos;, &apos;-&apos;, &apos;*&apos;, &apos;/&apos;, &apos;%&apos;, &apos;&lt;&apos;, &apos;&gt;&apos;, &apos;&lt;=&apos;, &apos;&gt;=&apos;, &apos;==&apos;, &apos;!=&apos;, &apos;(&apos;, &apos;[&apos;, &apos;]&apos;, &apos;.&apos;}, PARSER ERROR - Línea 8:4 - extraneous input &apos;return&apos; expecting {&lt;EOF&gt;, &apos;function&apos;}] ==&gt; expected: &lt;true&gt; but was: &lt;false&gt;" type="org.opentest4j.AssertionFailedError"><![CDATA[org.opentest4j.AssertionFailedError: 
ESPERADO VÁLIDO: 'Función con for-range y step'
Texto: function even_numbers(max: integer) -> list {
    result = []
    index = 0
    for i from 0 to max ...
Errores encontrados: [PARSER ERROR - Línea 5:22 - mismatched input '=' expecting {'and', 'or', '+', '-', '*', '/', '%', '<', '>', '<=', '>=', '==', '!=', '(', '[', ']', '.'}, PARSER ERROR - Línea 8:4 - extraneous input 'return' expecting {<EOF>, 'function'}] ==> expected: <true> but was: <false>
	at org.junit.jupiter.api.AssertionFailureBuilder.build(AssertionFailureBuilder.java:151)
	at org.junit.jupiter.api.AssertionFailureBuilder.buildAndThrow(AssertionFailureBuilder.java:132)
	at org.junit.jupiter.api.AssertTrue.failNotTrue(AssertTrue.java:63)
	at org.junit.jupiter.api.AssertTrue.assertTrue(AssertTrue.java:36)
	at org.junit.jupiter.api.Assertions.assertTrue(Assertions.java:214)
	at edu.eam.ingesoft.tlf.tester.FlowScriptFunctionsTest.lambda$createTestsFromYaml$1(FlowScriptFunctionsTest.java:121)
	at java.base/java.util.Optional.ifPresent(Optional.java:178)
	at java.base/java.util.ArrayList.forEach(ArrayList.java:1596)
	at java.base/java.util.ArrayList.forEach(ArrayList.java:1596)
]]></failure>
  </testcase>
  <testcase name="testFlowScriptFunctions" classname="edu.eam.ingesoft.tlf.tester.FlowScriptFunctionsTest" time="0.004"/>
  <testcase name="testFlowScriptFunctions" classname="edu.eam.ingesoft.tlf.tester.FlowScriptFunctionsTest" time="0.007"/>
  <testcase name="testFlowScriptFunctions" classname="edu.eam.ingesoft.tlf.tester.FlowScriptFunctionsTest" time="0.004"/>
  <testcase name="testFlowScriptFunctions" classname="edu.eam.ingesoft.tlf.tester.FlowScriptFunctionsTest" time="0.0"/>
  <testcase name="testFlowScriptFunctions" classname="edu.eam.ingesoft.tlf.tester.FlowScriptFunctionsTest" time="0.004"/>
  <testcase name="testFlowScriptFunctions" classname="edu.eam.ingesoft.tlf.tester.FlowScriptFunctionsTest" time="0.002"/>
  <testcase name="testFlowScriptFunctions" classname="edu.eam.ingesoft.tlf.tester.FlowScriptFunctionsTest" time="0.003"/>
  <testcase name="testFlowScriptFunctions" classname="edu.eam.ingesoft.tlf.tester.FlowScriptFunctionsTest" time="0.002">
    <failure message="ESPERADO VÁLIDO: &apos;Función que retorna lista&apos;&#10;Texto: function create_range(start: integer, end: integer) -&gt; list {&#10;    result = []&#10;    for i from start t...&#10;Errores encontrados: [PARSER ERROR - Línea 4:32 - mismatched input &apos;=&apos; expecting {&apos;and&apos;, &apos;or&apos;, &apos;+&apos;, &apos;-&apos;, &apos;*&apos;, &apos;/&apos;, &apos;%&apos;, &apos;&lt;&apos;, &apos;&gt;&apos;, &apos;&lt;=&apos;, &apos;&gt;=&apos;, &apos;==&apos;, &apos;!=&apos;, &apos;(&apos;, &apos;[&apos;, &apos;]&apos;, &apos;.&apos;}, PARSER ERROR - Línea 6:4 - extraneous input &apos;return&apos; expecting {&lt;EOF&gt;, &apos;function&apos;}] ==&gt; expected: &lt;true&gt; but was: &lt;false&gt;" type="org.opentest4j.AssertionFailedError"><![CDATA[org.opentest4j.AssertionFailedError: 
ESPERADO VÁLIDO: 'Función que retorna lista'
Texto: function create_range(start: integer, end: integer) -> list {
    result = []
    for i from start t...
Errores encontrados: [PARSER ERROR - Línea 4:32 - mismatched input '=' expecting {'and', 'or', '+', '-', '*', '/', '%', '<', '>', '<=', '>=', '==', '!=', '(', '[', ']', '.'}, PARSER ERROR - Línea 6:4 - extraneous input 'return' expecting {<EOF>, 'function'}] ==> expected: <true> but was: <false>
	at org.junit.jupiter.api.AssertionFailureBuilder.build(AssertionFailureBuilder.java:151)
	at org.junit.jupiter.api.AssertionFailureBuilder.buildAndThrow(AssertionFailureBuilder.java:132)
	at org.junit.jupiter.api.AssertTrue.failNotTrue(AssertTrue.java:63)
	at org.junit.jupiter.api.AssertTrue.assertTrue(AssertTrue.java:36)
	at org.junit.jupiter.api.Assertions.assertTrue(Assertions.java:214)
	at edu.eam.ingesoft.tlf.tester.FlowScriptFunctionsTest.lambda$createTestsFromYaml$1(FlowScriptFunctionsTest.java:121)
	at java.base/java.util.Optional.ifPresent(Optional.java:178)
	at java.base/java.util.ArrayList.forEach(ArrayList.java:1596)
	at java.base/java.util.ArrayList.forEach(ArrayList.java:1596)
]]></failure>
  </testcase>
  <testcase name="testFlowScriptFunctions" classname="edu.eam.ingesoft.tlf.tester.FlowScriptFunctionsTest" time="0.003"/>
  <testcase name="testFlowScriptFunctions" classname="edu.eam.ingesoft.tlf.tester.FlowScriptFunctionsTest" time="0.003">
    <failure message="ESPERADO VÁLIDO: &apos;Función con listas y objetos anidados&apos;&#10;Texto: function process_orders(orders: list) -&gt; object {&#10;    summary = {&#10;        total_orders: orders.lengt...&#10;Errores encontrados: [PARSER ERROR - Línea 10:29 - mismatched input &apos;=&apos; expecting {&apos;return&apos;, &apos;if&apos;, &apos;while&apos;, &apos;for&apos;, &apos;break&apos;, &apos;continue&apos;, &apos;try&apos;, &apos;throw&apos;, &apos;true&apos;, &apos;false&apos;, &apos;null&apos;, &apos;and&apos;, &apos;or&apos;, &apos;not&apos;, &apos;+&apos;, &apos;-&apos;, &apos;*&apos;, &apos;/&apos;, &apos;%&apos;, &apos;&lt;&apos;, &apos;&gt;&apos;, &apos;&lt;=&apos;, &apos;&gt;=&apos;, &apos;==&apos;, &apos;!=&apos;, &apos;(&apos;, &apos;{&apos;, &apos;}&apos;, &apos;[&apos;, &apos;.&apos;, INTEGER_LITERAL, DECIMAL_LITERAL, TEXT_LITERAL, IDENTIFIER}, PARSER ERROR - Línea 14:44 - mismatched input &apos;=&apos; expecting {&apos;and&apos;, &apos;or&apos;, &apos;+&apos;, &apos;-&apos;, &apos;*&apos;, &apos;/&apos;, &apos;%&apos;, &apos;&lt;&apos;, &apos;&gt;&apos;, &apos;&lt;=&apos;, &apos;&gt;=&apos;, &apos;==&apos;, &apos;!=&apos;, &apos;(&apos;, &apos;[&apos;, &apos;]&apos;, &apos;.&apos;}, PARSER ERROR - Línea 15:10 - extraneous input &apos;else&apos; expecting {&lt;EOF&gt;, &apos;function&apos;}] ==&gt; expected: &lt;true&gt; but was: &lt;false&gt;" type="org.opentest4j.AssertionFailedError"><![CDATA[org.opentest4j.AssertionFailedError: 
ESPERADO VÁLIDO: 'Función con listas y objetos anidados'
Texto: function process_orders(orders: list) -> object {
    summary = {
        total_orders: orders.lengt...
Errores encontrados: [PARSER ERROR - Línea 10:29 - mismatched input '=' expecting {'return', 'if', 'while', 'for', 'break', 'continue', 'try', 'throw', 'true', 'false', 'null', 'and', 'or', 'not', '+', '-', '*', '/', '%', '<', '>', '<=', '>=', '==', '!=', '(', '{', '}', '[', '.', INTEGER_LITERAL, DECIMAL_LITERAL, TEXT_LITERAL, IDENTIFIER}, PARSER ERROR - Línea 14:44 - mismatched input '=' expecting {'and', 'or', '+', '-', '*', '/', '%', '<', '>', '<=', '>=', '==', '!=', '(', '[', ']', '.'}, PARSER ERROR - Línea 15:10 - extraneous input 'else' expecting {<EOF>, 'function'}] ==> expected: <true> but was: <false>
	at org.junit.jupiter.api.AssertionFailureBuilder.build(AssertionFailureBuilder.java:151)
	at org.junit.jupiter.api.AssertionFailureBuilder.buildAndThrow(AssertionFailureBuilder.java:132)
	at org.junit.jupiter.api.AssertTrue.failNotTrue(AssertTrue.java:63)
	at org.junit.jupiter.api.AssertTrue.assertTrue(AssertTrue.java:36)
	at org.junit.jupiter.api.Assertions.assertTrue(Assertions.java:214)
	at edu.eam.ingesoft.tlf.tester.FlowScriptFunctionsTest.lambda$createTestsFromYaml$1(FlowScriptFunctionsTest.java:121)
	at java.base/java.util.Optional.ifPresent(Optional.java:178)
	at java.base/java.util.ArrayList.forEach(ArrayList.java:1596)
	at java.base/java.util.ArrayList.forEach(ArrayList.java:1596)
]]></failure>
  </testcase>
  <testcase name="testFlowScriptFunctions" classname="edu.eam.ingesoft.tlf.tester.FlowScriptFunctionsTest" time="0.002"/>
  <testcase name="testFlowScriptFunctions" classname="edu.eam.ingesoft.tlf.tester.FlowScriptFunctionsTest" time="0.002"/>
  <testcase name="testFlowScriptFunctions" classname="edu.eam.ingesoft.tlf.tester.FlowScriptFunctionsTest" time="0.002"/>
  <testcase name="testFlowScriptFunctions" classname="edu.eam.ingesoft.tlf.tester.FlowScriptFunctionsTest" time="0.001"/>
  <testcase name="testFlowScriptFunctions" classname="edu.eam.ingesoft.tlf.tester.FlowScriptFunctionsTest" time="0.002"/>
  <testcase name="testFlowScriptFunctions" classname="edu.eam.ingesoft.tlf.tester.FlowScriptFunctionsTest" time="0.004"/>
  <testcase name="testFlowScriptFunctions" classname="edu.eam.ingesoft.tlf.tester.FlowScriptFunctionsTest" time="0.001"/>
  <testcase name="testFlowScriptFunctions" classname="edu.eam.ingesoft.tlf.tester.FlowScriptFunctionsTest" time="0.001"/>
  <testcase name="testFlowScriptFunctions" classname="edu.eam.ingesoft.tlf.tester.FlowScriptFunctionsTest" time="0.0"/>
  <testcase name="testFlowScriptFunctions" classname="edu.eam.ingesoft.tlf.tester.FlowScriptFunctionsTest" time="0.0"/>
  <testcase name="testFlowScriptFunctions" classname="edu.eam.ingesoft.tlf.tester.FlowScriptFunctionsTest" time="0.001"/>
  <testcase name="testFlowScriptFunctions" classname="edu.eam.ingesoft.tlf.tester.FlowScriptFunctionsTest" time="0.0"/>
  <testcase name="testFlowScriptFunctions" classname="edu.eam.ingesoft.tlf.tester.FlowScriptFunctionsTest" time="0.0"/>
  <testcase name="testFlowScriptFunctions" classname="edu.eam.ingesoft.tlf.tester.FlowScriptFunctionsTest" time="0.001"/>
  <testcase name="testFlowScriptFunctions" classname="edu.eam.ingesoft.tlf.tester.FlowScriptFunctionsTest" time="0.001"/>
  <testcase name="testFlowScriptFunctions" classname="edu.eam.ingesoft.tlf.tester.FlowScriptFunctionsTest" time="0.001"/>
  <testcase name="testFlowScriptFunctions" classname="edu.eam.ingesoft.tlf.tester.FlowScriptFunctionsTest" time="0.001"/>
  <testcase name="testFlowScriptFunctions" classname="edu.eam.ingesoft.tlf.tester.FlowScriptFunctionsTest" time="0.001"/>
  <testcase name="testFlowScriptFunctions" classname="edu.eam.ingesoft.tlf.tester.FlowScriptFunctionsTest" time="0.001"/>
  <testcase name="testFlowScriptFunctions" classname="edu.eam.ingesoft.tlf.tester.FlowScriptFunctionsTest" time="0.0"/>
  <testcase name="testFlowScriptFunctions" classname="edu.eam.ingesoft.tlf.tester.FlowScriptFunctionsTest" time="0.001"/>
  <testcase name="testFlowScriptFunctions" classname="edu.eam.ingesoft.tlf.tester.FlowScriptFunctionsTest" time="0.001"/>
  <testcase name="testFlowScriptFunctions" classname="edu.eam.ingesoft.tlf.tester.FlowScriptFunctionsTest" time="0.001"/>
  <testcase name="testFlowScriptFunctions" classname="edu.eam.ingesoft.tlf.tester.FlowScriptFunctionsTest" time="0.002"/>
  <testcase name="testFlowScriptFunctions" classname="edu.eam.ingesoft.tlf.tester.FlowScriptFunctionsTest" time="0.001"/>
  <testcase name="testFlowScriptFunctions" classname="edu.eam.ingesoft.tlf.tester.FlowScriptFunctionsTest" time="0.001"/>
  <testcase name="testFlowScriptFunctions" classname="edu.eam.ingesoft.tlf.tester.FlowScriptFunctionsTest" time="0.0"/>
  <testcase name="testFlowScriptFunctions" classname="edu.eam.ingesoft.tlf.tester.FlowScriptFunctionsTest" time="0.001"/>
</testsuite>