<?xml version="1.0" encoding="UTF-8"?>
<testsuite xmlns:xsi="http://www.w3.org/2001/XMLSchema-instance" xsi:noNamespaceSchemaLocation="https://maven.apache.org/surefire/maven-surefire-plugin/xsd/surefire-test-report-3.0.xsd" version="3.0" name="edu.eam.ingesoft.tlf.tester.FlowScriptProcessesTest" time="0.303" tests="34" errors="0" skipped="0" failures="0">
  <properties>
[...]
</properties>
  <testcase name="testFlowScriptProcesses" classname="edu.eam.ingesoft.tlf.tester.FlowScriptProcessesTest" time="0.14">
    <system-out><![CDATA[
================================================================================
INICIANDO PRUEBAS DE GRAMÁTICA: FlowScript Processes
================================================================================
Probando sistema completo de procesos FlowScript
Incluye: imports, procesos, nodos, gateways, variables globales

Cargados 34 casos de prueba desde flowscript-processes.yaml
  • Casos válidos esperados: 18
  • Casos inválidos esperados: 16

]]></system-out>
  </testcase>
  <testcase name="testFlowScriptProcesses" classname="edu.eam.ingesoft.tlf.tester.FlowScriptProcessesTest" time="0.004"/>
  <testcase name="testFlowScriptProcesses" classname="edu.eam.ingesoft.tlf.tester.FlowScriptProcessesTest" time="0.001"/>
  <testcase name="testFlowScriptProcesses" classname="edu.eam.ingesoft.tlf.tester.FlowScriptProcessesTest" time="0.001"/>
  <testcase name="testFlowScriptProcesses" classname="edu.eam.ingesoft.tlf.tester.FlowScriptProcessesTest" time="0.001"/>
  <testcase name="testFlowScriptProcesses" classname="edu.eam.ingesoft.tlf.tester.FlowScriptProcessesTest" time="0.003"/>
  <testcase name="testFlowScriptProcesses" classname="edu.eam.ingesoft.tlf.tester.FlowScriptProcessesTest" time="0.004"/>
  <testcase name="testFlowScriptProcesses" classname="edu.eam.ingesoft.tlf.tester.FlowScriptProcessesTest" time="0.002"/>
  <testcase name="testFlowScriptProcesses" classname="edu.eam.ingesoft.tlf.tester.FlowScriptProcessesTest" time="0.002"/>
  <testcase name="testFlowScriptProcesses" classname="edu.eam.ingesoft.tlf.tester.FlowScriptProcessesTest" time="0.003"/>
  <testcase name="testFlowScriptProcesses" classname="edu.eam.ingesoft.tlf.tester.FlowScriptProcessesTest" time="0.003"/>
  <testcase name="testFlowScriptProcesses" classname="edu.eam.ingesoft.tlf.tester.FlowScriptProcessesTest" time="0.005"/>
  <testcase name="testFlowScriptProcesses" classname="edu.eam.ingesoft.tlf.tester.FlowScriptProcessesTest" time="0.003"/>
  <testcase name="testFlowScriptProcesses" classname="edu.eam.ingesoft.tlf.tester.FlowScriptProcessesTest" time="0.004"/>
  <testcase name="testFlowScriptProcesses" classname="edu.eam.ingesoft.tlf.tester.FlowScriptProcessesTest" time="0.003"/>
  <testcase name="testFlowScriptProcesses" classname="edu.eam.ingesoft.tlf.tester.FlowScriptProcessesTest" time="0.002"/>
  <testcase name="testFlowScriptProcesses" classname="edu.eam.ingesoft.tlf.tester.FlowScriptProcessesTest" time="0.001"/>
  <testcase name="testFlowScriptProcesses" classname="edu.eam.ingesoft.tlf.tester.FlowScriptProcessesTest" time="0.001"/>
  <testcase name="testFlowScriptProcesses" classname="edu.eam.ingesoft.tlf.tester.FlowScriptProcessesTest" time="0.001"/>
  <testcase name="testFlowScriptProcesses" classname="edu.eam.ingesoft.tlf.tester.FlowScriptProcessesTest" time="0.001"/>
  <testcase name="testFlowScriptProcesses" classname="edu.eam.ingesoft.tlf.tester.FlowScriptProcessesTest" time="0.001"/>
  <testcase name="testFlowScriptProcesses" classname="edu.eam.ingesoft.tlf.tester.FlowScriptProcessesTest" time="0.001"/>
  <testcase name="testFlowScriptProcesses" classname="edu.eam.ingesoft.tlf.tester.FlowScriptProcessesTest" time="0.001"/>
  <testcase name="testFlowScriptProcesses" classname="edu.eam.ingesoft.tlf.tester.FlowScriptProcessesTest" time="0.0"/>
  <testcase name="testFlowScriptProcesses" classname="edu.eam.ingesoft.tlf.tester.FlowScriptProcessesTest" time="0.001"/>
  <testcase name="testFlowScriptProcesses" classname="edu.eam.ingesoft.tlf.tester.FlowScriptProcessesTest" time="0.001"/>
  <testcase name="testFlowScriptProcesses" classname="edu.eam.ingesoft.tlf.tester.FlowScriptProcessesTest" time="0.001"/>
  <testcase name="testFlowScriptProcesses" classname="edu.eam.ingesoft.tlf.tester.FlowScriptProcessesTest" time="0.0"/>
  <testcase name="testFlowScriptProcesses" classname="edu.eam.ingesoft.tlf.tester.FlowScriptProcessesTest" time="0.001"/>
  <testcase name="testFlowScriptProcesses" classname="edu.eam.ingesoft.tlf.tester.FlowScriptProcessesTest" time="0.0"/>
  <testcase name="testFlowScriptProcesses" classname="edu.eam.ingesoft.tlf.tester.FlowScriptProcessesTest" time="0.0"/>
  <testcase name="testFlowScriptProcesses" classname="edu.eam.ingesoft.tlf.tester.FlowScriptProcessesTest" time="0.001"/>
  <testcase name="testFlowScriptProcesses" classname="edu.eam.ingesoft.tlf.tester.FlowScriptProcessesTest" time="0.0"/>
  <testcase name="testFlowScriptProcesses" classname="edu.eam.ingesoft.tlf.tester.FlowScriptProcessesTest" time="0.001"/>
</testsuite>