<?xml version="1.0" encoding="UTF-8"?>
<testsuite xmlns:xsi="http://www.w3.org/2001/XMLSchema-instance" xsi:noNamespaceSchemaLocation="https://maven.apache.org/surefire/maven-surefire-plugin/xsd/surefire-test-report-3.0.xsd" version="3.0" name="edu.eam.ingesoft.tlf.tester.FlowScriptFunctionsTest" time="0.31" tests="49" errors="0" skipped="0" failures="0">
  <properties>
[...]
</properties>
  <testcase name="testFlowScriptFunctions" classname="edu.eam.ingesoft.tlf.tester.FlowScriptFunctionsTest" time="0.084">
    <system-out><![CDATA[
================================================================================
INICIANDO PRUEBAS DE GRAMÁTICA: FlowScript Functions
================================================================================
Probando sistema completo de funciones FlowScript
Incluye: declaraciones, parámetros, tipos, control de flujo, recursión

Cargados 49 casos de prueba desde flowscript-functions.yaml
  • Casos válidos esperados: 32
  • Casos inválidos esperados: 17

]]></system-out>
  </testcase>
  <testcase name="testFlowScriptFunctions" classname="edu.eam.ingesoft.tlf.tester.FlowScriptFunctionsTest" time="0.001"/>
  <testcase name="testFlowScriptFunctions" classname="edu.eam.ingesoft.tlf.tester.FlowScriptFunctionsTest" time="0.003"/>
  <testcase name="testFlowScriptFunctions" classname="edu.eam.ingesoft.tlf.tester.FlowScriptFunctionsTest" time="0.003"/>
  <testcase name="testFlowScriptFunctions" classname="edu.eam.ingesoft.tlf.tester.FlowScriptFunctionsTest" time="0.004"/>
  <testcase name="testFlowScriptFunctions" classname="edu.eam.ingesoft.tlf.tester.FlowScriptFunctionsTest" time="0.005"/>
  <testcase name="testFlowScriptFunctions" classname="edu.eam.ingesoft.tlf.tester.FlowScriptFunctionsTest" time="0.002"/>
  <testcase name="testFlowScriptFunctions" classname="edu.eam.ingesoft.tlf.tester.FlowScriptFunctionsTest" time="0.003"/>
  <testcase name="testFlowScriptFunctions" classname="edu.eam.ingesoft.tlf.tester.FlowScriptFunctionsTest" time="0.004"/>
  <testcase name="testFlowScriptFunctions" classname="edu.eam.ingesoft.tlf.tester.FlowScriptFunctionsTest" time="0.003"/>
  <testcase name="testFlowScriptFunctions" classname="edu.eam.ingesoft.tlf.tester.FlowScriptFunctionsTest" time="0.001"/>
  <testcase name="testFlowScriptFunctions" classname="edu.eam.ingesoft.tlf.tester.FlowScriptFunctionsTest" time="0.001"/>
  <testcase name="testFlowScriptFunctions" classname="edu.eam.ingesoft.tlf.tester.FlowScriptFunctionsTest" time="0.005"/>
  <testcase name="testFlowScriptFunctions" classname="edu.eam.ingesoft.tlf.tester.FlowScriptFunctionsTest" time="0.004"/>
  <testcase name="testFlowScriptFunctions" classname="edu.eam.ingesoft.tlf.tester.FlowScriptFunctionsTest" time="0.001"/>
  <testcase name="testFlowScriptFunctions" classname="edu.eam.ingesoft.tlf.tester.FlowScriptFunctionsTest" time="0.005"/>
  <testcase name="testFlowScriptFunctions" classname="edu.eam.ingesoft.tlf.tester.FlowScriptFunctionsTest" time="0.009"/>
  <testcase name="testFlowScriptFunctions" classname="edu.eam.ingesoft.tlf.tester.FlowScriptFunctionsTest" time="0.003"/>
  <testcase name="testFlowScriptFunctions" classname="edu.eam.ingesoft.tlf.tester.FlowScriptFunctionsTest" time="0.002"/>
  <testcase name="testFlowScriptFunctions" classname="edu.eam.ingesoft.tlf.tester.FlowScriptFunctionsTest" time="0.003"/>
  <testcase name="testFlowScriptFunctions" classname="edu.eam.ingesoft.tlf.tester.FlowScriptFunctionsTest" time="0.007"/>
  <testcase name="testFlowScriptFunctions" classname="edu.eam.ingesoft.tlf.tester.FlowScriptFunctionsTest" time="0.002"/>
  <testcase name="testFlowScriptFunctions" classname="edu.eam.ingesoft.tlf.tester.FlowScriptFunctionsTest" time="0.005"/>
  <testcase name="testFlowScriptFunctions" classname="edu.eam.ingesoft.tlf.tester.FlowScriptFunctionsTest" time="0.002"/>
  <testcase name="testFlowScriptFunctions" classname="edu.eam.ingesoft.tlf.tester.FlowScriptFunctionsTest" time="0.002"/>
  <testcase name="testFlowScriptFunctions" classname="edu.eam.ingesoft.tlf.tester.FlowScriptFunctionsTest" time="0.001"/>
  <testcase name="testFlowScriptFunctions" classname="edu.eam.ingesoft.tlf.tester.FlowScriptFunctionsTest" time="0.002"/>
  <testcase name="testFlowScriptFunctions" classname="edu.eam.ingesoft.tlf.tester.FlowScriptFunctionsTest" time="0.001"/>
  <testcase name="testFlowScriptFunctions" classname="edu.eam.ingesoft.tlf.tester.FlowScriptFunctionsTest" time="0.002"/>
  <testcase name="testFlowScriptFunctions" classname="edu.eam.ingesoft.tlf.tester.FlowScriptFunctionsTest" time="0.0"/>
  <testcase name="testFlowScriptFunctions" classname="edu.eam.ingesoft.tlf.tester.FlowScriptFunctionsTest" time="0.001"/>
  <testcase name="testFlowScriptFunctions" classname="edu.eam.ingesoft.tlf.tester.FlowScriptFunctionsTest" time="0.001"/>
  <testcase name="testFlowScriptFunctions" classname="edu.eam.ingesoft.tlf.tester.FlowScriptFunctionsTest" time="0.0"/>
  <testcase name="testFlowScriptFunctions" classname="edu.eam.ingesoft.tlf.tester.FlowScriptFunctionsTest" time="0.001"/>
  <testcase name="testFlowScriptFunctions" classname="edu.eam.ingesoft.tlf.tester.FlowScriptFunctionsTest" time="0.001"/>
  <testcase name="testFlowScriptFunctions" classname="edu.eam.ingesoft.tlf.tester.FlowScriptFunctionsTest" time="0.0"/>
  <testcase name="testFlowScriptFunctions" classname="edu.eam.ingesoft.tlf.tester.FlowScriptFunctionsTest" time="0.002"/>
  <testcase name="testFlowScriptFunctions" classname="edu.eam.ingesoft.tlf.tester.FlowScriptFunctionsTest" time="0.0"/>
  <testcase name="testFlowScriptFunctions" classname="edu.eam.ingesoft.tlf.tester.FlowScriptFunctionsTest" time="0.0"/>
  <testcase name="testFlowScriptFunctions" classname="edu.eam.ingesoft.tlf.tester.FlowScriptFunctionsTest" time="0.001"/>
  <testcase name="testFlowScriptFunctions" classname="edu.eam.ingesoft.tlf.tester.FlowScriptFunctionsTest" time="0.001"/>
  <testcase name="testFlowScriptFunctions" classname="edu.eam.ingesoft.tlf.tester.FlowScriptFunctionsTest" time="0.0"/>
  <testcase name="testFlowScriptFunctions" classname="edu.eam.ingesoft.tlf.tester.FlowScriptFunctionsTest" time="0.001"/>
  <testcase name="testFlowScriptFunctions" classname="edu.eam.ingesoft.tlf.tester.FlowScriptFunctionsTest" time="0.001"/>
  <testcase name="testFlowScriptFunctions" classname="edu.eam.ingesoft.tlf.tester.FlowScriptFunctionsTest" time="0.001"/>
  <testcase name="testFlowScriptFunctions" classname="edu.eam.ingesoft.tlf.tester.FlowScriptFunctionsTest" time="0.0"/>
  <testcase name="testFlowScriptFunctions" classname="edu.eam.ingesoft.tlf.tester.FlowScriptFunctionsTest" time="0.0"/>
  <testcase name="testFlowScriptFunctions" classname="edu.eam.ingesoft.tlf.tester.FlowScriptFunctionsTest" time="0.002"/>
  <testcase name="testFlowScriptFunctions" classname="edu.eam.ingesoft.tlf.tester.FlowScriptFunctionsTest" time="0.001"/>
</testsuite>