<?xml version="1.0" encoding="UTF-8"?>
<testsuite xmlns:xsi="http://www.w3.org/2001/XMLSchema-instance" xsi:noNamespaceSchemaLocation="https://maven.apache.org/surefire/maven-surefire-plugin/xsd/surefire-test-report-3.0.xsd" version="3.0" name="edu.eam.ingesoft.tlf.tester.FlowScriptProcessesTest" time="0.131" tests="34" errors="0" skipped="0" failures="34">
  <properties>
[...]
</properties>
  <testcase name="testFlowScriptProcesses" classname="edu.eam.ingesoft.tlf.tester.FlowScriptProcessesTest" time="0.019">
    <failure message="No se pudieron encontrar las clases del lexer o parser.&#10;Clases esperadas:&#10;  - FlowScriptProcessesLexer&#10;  - FlowScriptProcessesParser&#10;Asegúrate de que:&#10;1. La gramática FlowScriptProcesses.g4 esté en src/main/tlf/&#10;2. ANTLR haya generado las clases en el paquete edu.eam.ingesoft.tlf&#10;3. Las clases estén compiladas&#10;&#10;Para generar las clases, ejecuta:&#10;  antlr4 -package edu.eam.ingesoft.tlf FlowScriptProcesses.g4&#10;  javac *.java" type="org.opentest4j.AssertionFailedError"><![CDATA[org.opentest4j.AssertionFailedError: 
No se pudieron encontrar las clases del lexer o parser.
Clases esperadas:
  - FlowScriptProcessesLexer
  - FlowScriptProcessesParser
Asegúrate de que:
1. La gramática FlowScriptProcesses.g4 esté en src/main/tlf/
2. ANTLR haya generado las clases en el paquete edu.eam.ingesoft.tlf
3. Las clases estén compiladas

Para generar las clases, ejecuta:
  antlr4 -package edu.eam.ingesoft.tlf FlowScriptProcesses.g4
  javac *.java
	at org.junit.jupiter.api.AssertionUtils.fail(AssertionUtils.java:38)
	at org.junit.jupiter.api.Assertions.fail(Assertions.java:138)
	at edu.eam.ingesoft.tlf.tester.FlowScriptProcessesTest.parseWithReflection(FlowScriptProcessesTest.java:212)
	at edu.eam.ingesoft.tlf.tester.FlowScriptProcessesTest.lambda$createTestsFromYaml$2(FlowScriptProcessesTest.java:118)
	at java.base/java.util.Optional.ifPresent(Optional.java:178)
	at java.base/java.util.ArrayList.forEach(ArrayList.java:1604)
	at java.base/java.util.ArrayList.forEach(ArrayList.java:1604)
]]></failure>
    <system-out><![CDATA[
================================================================================
INICIANDO PRUEBAS DE GRAMÁTICA: FlowScript Processes
================================================================================
Probando sistema completo de procesos FlowScript
Incluye: imports, procesos, nodos, gateways, variables globales

Cargados 34 casos de prueba desde flowscript-processes.yaml
  • Casos válidos esperados: 18
  • Casos inválidos esperados: 16

]]></system-out>
  </testcase>
  <testcase name="testFlowScriptProcesses" classname="edu.eam.ingesoft.tlf.tester.FlowScriptProcessesTest" time="0.004">
    <failure message="No se pudieron encontrar las clases del lexer o parser.&#10;Clases esperadas:&#10;  - FlowScriptProcessesLexer&#10;  - FlowScriptProcessesParser&#10;Asegúrate de que:&#10;1. La gramática FlowScriptProcesses.g4 esté en src/main/tlf/&#10;2. ANTLR haya generado las clases en el paquete edu.eam.ingesoft.tlf&#10;3. Las clases estén compiladas&#10;&#10;Para generar las clases, ejecuta:&#10;  antlr4 -package edu.eam.ingesoft.tlf FlowScriptProcesses.g4&#10;  javac *.java" type="org.opentest4j.AssertionFailedError"><![CDATA[org.opentest4j.AssertionFailedError: 
No se pudieron encontrar las clases del lexer o parser.
Clases esperadas:
  - FlowScriptProcessesLexer
  - FlowScriptProcessesParser
Asegúrate de que:
1. La gramática FlowScriptProcesses.g4 esté en src/main/tlf/
2. ANTLR haya generado las clases en el paquete edu.eam.ingesoft.tlf
3. Las clases estén compiladas

Para generar las clases, ejecuta:
  antlr4 -package edu.eam.ingesoft.tlf FlowScriptProcesses.g4
  javac *.java
	at org.junit.jupiter.api.AssertionUtils.fail(AssertionUtils.java:38)
	at org.junit.jupiter.api.Assertions.fail(Assertions.java:138)
	at edu.eam.ingesoft.tlf.tester.FlowScriptProcessesTest.parseWithReflection(FlowScriptProcessesTest.java:212)
	at edu.eam.ingesoft.tlf.tester.FlowScriptProcessesTest.lambda$createTestsFromYaml$2(FlowScriptProcessesTest.java:118)
	at java.base/java.util.Optional.ifPresent(Optional.java:178)
	at java.base/java.util.ArrayList.forEach(ArrayList.java:1604)
	at java.base/java.util.ArrayList.forEach(ArrayList.java:1604)
]]></failure>
  </testcase>
  <testcase name="testFlowScriptProcesses" classname="edu.eam.ingesoft.tlf.tester.FlowScriptProcessesTest" time="0.003">
    <failure message="No se pudieron encontrar las clases del lexer o parser.&#10;Clases esperadas:&#10;  - FlowScriptProcessesLexer&#10;  - FlowScriptProcessesParser&#10;Asegúrate de que:&#10;1. La gramática FlowScriptProcesses.g4 esté en src/main/tlf/&#10;2. ANTLR haya generado las clases en el paquete edu.eam.ingesoft.tlf&#10;3. Las clases estén compiladas&#10;&#10;Para generar las clases, ejecuta:&#10;  antlr4 -package edu.eam.ingesoft.tlf FlowScriptProcesses.g4&#10;  javac *.java" type="org.opentest4j.AssertionFailedError"><![CDATA[org.opentest4j.AssertionFailedError: 
No se pudieron encontrar las clases del lexer o parser.
Clases esperadas:
  - FlowScriptProcessesLexer
  - FlowScriptProcessesParser
Asegúrate de que:
1. La gramática FlowScriptProcesses.g4 esté en src/main/tlf/
2. ANTLR haya generado las clases en el paquete edu.eam.ingesoft.tlf
3. Las clases estén compiladas

Para generar las clases, ejecuta:
  antlr4 -package edu.eam.ingesoft.tlf FlowScriptProcesses.g4
  javac *.java
	at org.junit.jupiter.api.AssertionUtils.fail(AssertionUtils.java:38)
	at org.junit.jupiter.api.Assertions.fail(Assertions.java:138)
	at edu.eam.ingesoft.tlf.tester.FlowScriptProcessesTest.parseWithReflection(FlowScriptProcessesTest.java:212)
	at edu.eam.ingesoft.tlf.tester.FlowScriptProcessesTest.lambda$createTestsFromYaml$2(FlowScriptProcessesTest.java:118)
	at java.base/java.util.Optional.ifPresent(Optional.java:178)
	at java.base/java.util.ArrayList.forEach(ArrayList.java:1604)
	at java.base/java.util.ArrayList.forEach(ArrayList.java:1604)
]]></failure>
  </testcase>
  <testcase name="testFlowScriptProcesses" classname="edu.eam.ingesoft.tlf.tester.FlowScriptProcessesTest" time="0.003">
    <failure message="No se pudieron encontrar las clases del lexer o parser.&#10;Clases esperadas:&#10;  - FlowScriptProcessesLexer&#10;  - FlowScriptProcessesParser&#10;Asegúrate de que:&#10;1. La gramática FlowScriptProcesses.g4 esté en src/main/tlf/&#10;2. ANTLR haya generado las clases en el paquete edu.eam.ingesoft.tlf&#10;3. Las clases estén compiladas&#10;&#10;Para generar las clases, ejecuta:&#10;  antlr4 -package edu.eam.ingesoft.tlf FlowScriptProcesses.g4&#10;  javac *.java" type="org.opentest4j.AssertionFailedError"><![CDATA[org.opentest4j.AssertionFailedError: 
No se pudieron encontrar las clases del lexer o parser.
Clases esperadas:
  - FlowScriptProcessesLexer
  - FlowScriptProcessesParser
Asegúrate de que:
1. La gramática FlowScriptProcesses.g4 esté en src/main/tlf/
2. ANTLR haya generado las clases en el paquete edu.eam.ingesoft.tlf
3. Las clases estén compiladas

Para generar las clases, ejecuta:
  antlr4 -package edu.eam.ingesoft.tlf FlowScriptProcesses.g4
  javac *.java
	at org.junit.jupiter.api.AssertionUtils.fail(AssertionUtils.java:38)
	at org.junit.jupiter.api.Assertions.fail(Assertions.java:138)
	at edu.eam.ingesoft.tlf.tester.FlowScriptProcessesTest.parseWithReflection(FlowScriptProcessesTest.java:212)
	at edu.eam.ingesoft.tlf.tester.FlowScriptProcessesTest.lambda$createTestsFromYaml$2(FlowScriptProcessesTest.java:118)
	at java.base/java.util.Optional.ifPresent(Optional.java:178)
	at java.base/java.util.ArrayList.forEach(ArrayList.java:1604)
	at java.base/java.util.ArrayList.forEach(ArrayList.java:1604)
]]></failure>
  </testcase>
  <testcase name="testFlowScriptProcesses" classname="edu.eam.ingesoft.tlf.tester.FlowScriptProcessesTest" time="0.003">
    <failure message="No se pudieron encontrar las clases del lexer o parser.&#10;Clases esperadas:&#10;  - FlowScriptProcessesLexer&#10;  - FlowScriptProcessesParser&#10;Asegúrate de que:&#10;1. La gramática FlowScriptProcesses.g4 esté en src/main/tlf/&#10;2. ANTLR haya generado las clases en el paquete edu.eam.ingesoft.tlf&#10;3. Las clases estén compiladas&#10;&#10;Para generar las clases, ejecuta:&#10;  antlr4 -package edu.eam.ingesoft.tlf FlowScriptProcesses.g4&#10;  javac *.java" type="org.opentest4j.AssertionFailedError"><![CDATA[org.opentest4j.AssertionFailedError: 
No se pudieron encontrar las clases del lexer o parser.
Clases esperadas:
  - FlowScriptProcessesLexer
  - FlowScriptProcessesParser
Asegúrate de que:
1. La gramática FlowScriptProcesses.g4 esté en src/main/tlf/
2. ANTLR haya generado las clases en el paquete edu.eam.ingesoft.tlf
3. Las clases estén compiladas

Para generar las clases, ejecuta:
  antlr4 -package edu.eam.ingesoft.tlf FlowScriptProcesses.g4
  javac *.java
	at org.junit.jupiter.api.AssertionUtils.fail(AssertionUtils.java:38)
	at org.junit.jupiter.api.Assertions.fail(Assertions.java:138)
	at edu.eam.ingesoft.tlf.tester.FlowScriptProcessesTest.parseWithReflection(FlowScriptProcessesTest.java:212)
	at edu.eam.ingesoft.tlf.tester.FlowScriptProcessesTest.lambda$createTestsFromYaml$2(FlowScriptProcessesTest.java:118)
	at java.base/java.util.Optional.ifPresent(Optional.java:178)
	at java.base/java.util.ArrayList.forEach(ArrayList.java:1604)
	at java.base/java.util.ArrayList.forEach(ArrayList.java:1604)
]]></failure>
  </testcase>
  <testcase name="testFlowScriptProcesses" classname="edu.eam.ingesoft.tlf.tester.FlowScriptProcessesTest" time="0.003">
    <failure message="No se pudieron encontrar las clases del lexer o parser.&#10;Clases esperadas:&#10;  - FlowScriptProcessesLexer&#10;  - FlowScriptProcessesParser&#10;Asegúrate de que:&#10;1. La gramática FlowScriptProcesses.g4 esté en src/main/tlf/&#10;2. ANTLR haya generado las clases en el paquete edu.eam.ingesoft.tlf&#10;3. Las clases estén compiladas&#10;&#10;Para generar las clases, ejecuta:&#10;  antlr4 -package edu.eam.ingesoft.tlf FlowScriptProcesses.g4&#10;  javac *.java" type="org.opentest4j.AssertionFailedError"><![CDATA[org.opentest4j.AssertionFailedError: 
No se pudieron encontrar las clases del lexer o parser.
Clases esperadas:
  - FlowScriptProcessesLexer
  - FlowScriptProcessesParser
Asegúrate de que:
1. La gramática FlowScriptProcesses.g4 esté en src/main/tlf/
2. ANTLR haya generado las clases en el paquete edu.eam.ingesoft.tlf
3. Las clases estén compiladas

Para generar las clases, ejecuta:
  antlr4 -package edu.eam.ingesoft.tlf FlowScriptProcesses.g4
  javac *.java
	at org.junit.jupiter.api.AssertionUtils.fail(AssertionUtils.java:38)
	at org.junit.jupiter.api.Assertions.fail(Assertions.java:138)
	at edu.eam.ingesoft.tlf.tester.FlowScriptProcessesTest.parseWithReflection(FlowScriptProcessesTest.java:212)
	at edu.eam.ingesoft.tlf.tester.FlowScriptProcessesTest.lambda$createTestsFromYaml$2(FlowScriptProcessesTest.java:118)
	at java.base/java.util.Optional.ifPresent(Optional.java:178)
	at java.base/java.util.ArrayList.forEach(ArrayList.java:1604)
	at java.base/java.util.ArrayList.forEach(ArrayList.java:1604)
]]></failure>
  </testcase>
  <testcase name="testFlowScriptProcesses" classname="edu.eam.ingesoft.tlf.tester.FlowScriptProcessesTest" time="0.002">
    <failure message="No se pudieron encontrar las clases del lexer o parser.&#10;Clases esperadas:&#10;  - FlowScriptProcessesLexer&#10;  - FlowScriptProcessesParser&#10;Asegúrate de que:&#10;1. La gramática FlowScriptProcesses.g4 esté en src/main/tlf/&#10;2. ANTLR haya generado las clases en el paquete edu.eam.ingesoft.tlf&#10;3. Las clases estén compiladas&#10;&#10;Para generar las clases, ejecuta:&#10;  antlr4 -package edu.eam.ingesoft.tlf FlowScriptProcesses.g4&#10;  javac *.java" type="org.opentest4j.AssertionFailedError"><![CDATA[org.opentest4j.AssertionFailedError: 
No se pudieron encontrar las clases del lexer o parser.
Clases esperadas:
  - FlowScriptProcessesLexer
  - FlowScriptProcessesParser
Asegúrate de que:
1. La gramática FlowScriptProcesses.g4 esté en src/main/tlf/
2. ANTLR haya generado las clases en el paquete edu.eam.ingesoft.tlf
3. Las clases estén compiladas

Para generar las clases, ejecuta:
  antlr4 -package edu.eam.ingesoft.tlf FlowScriptProcesses.g4
  javac *.java
	at org.junit.jupiter.api.AssertionUtils.fail(AssertionUtils.java:38)
	at org.junit.jupiter.api.Assertions.fail(Assertions.java:138)
	at edu.eam.ingesoft.tlf.tester.FlowScriptProcessesTest.parseWithReflection(FlowScriptProcessesTest.java:212)
	at edu.eam.ingesoft.tlf.tester.FlowScriptProcessesTest.lambda$createTestsFromYaml$2(FlowScriptProcessesTest.java:118)
	at java.base/java.util.Optional.ifPresent(Optional.java:178)
	at java.base/java.util.ArrayList.forEach(ArrayList.java:1604)
	at java.base/java.util.ArrayList.forEach(ArrayList.java:1604)
]]></failure>
  </testcase>
  <testcase name="testFlowScriptProcesses" classname="edu.eam.ingesoft.tlf.tester.FlowScriptProcessesTest" time="0.001">
    <failure message="No se pudieron encontrar las clases del lexer o parser.&#10;Clases esperadas:&#10;  - FlowScriptProcessesLexer&#10;  - FlowScriptProcessesParser&#10;Asegúrate de que:&#10;1. La gramática FlowScriptProcesses.g4 esté en src/main/tlf/&#10;2. ANTLR haya generado las clases en el paquete edu.eam.ingesoft.tlf&#10;3. Las clases estén compiladas&#10;&#10;Para generar las clases, ejecuta:&#10;  antlr4 -package edu.eam.ingesoft.tlf FlowScriptProcesses.g4&#10;  javac *.java" type="org.opentest4j.AssertionFailedError"><![CDATA[org.opentest4j.AssertionFailedError: 
No se pudieron encontrar las clases del lexer o parser.
Clases esperadas:
  - FlowScriptProcessesLexer
  - FlowScriptProcessesParser
Asegúrate de que:
1. La gramática FlowScriptProcesses.g4 esté en src/main/tlf/
2. ANTLR haya generado las clases en el paquete edu.eam.ingesoft.tlf
3. Las clases estén compiladas

Para generar las clases, ejecuta:
  antlr4 -package edu.eam.ingesoft.tlf FlowScriptProcesses.g4
  javac *.java
	at org.junit.jupiter.api.AssertionUtils.fail(AssertionUtils.java:38)
	at org.junit.jupiter.api.Assertions.fail(Assertions.java:138)
	at edu.eam.ingesoft.tlf.tester.FlowScriptProcessesTest.parseWithReflection(FlowScriptProcessesTest.java:212)
	at edu.eam.ingesoft.tlf.tester.FlowScriptProcessesTest.lambda$createTestsFromYaml$2(FlowScriptProcessesTest.java:118)
	at java.base/java.util.Optional.ifPresent(Optional.java:178)
	at java.base/java.util.ArrayList.forEach(ArrayList.java:1604)
	at java.base/java.util.ArrayList.forEach(ArrayList.java:1604)
]]></failure>
  </testcase>
  <testcase name="testFlowScriptProcesses" classname="edu.eam.ingesoft.tlf.tester.FlowScriptProcessesTest" time="0.001">
    <failure message="No se pudieron encontrar las clases del lexer o parser.&#10;Clases esperadas:&#10;  - FlowScriptProcessesLexer&#10;  - FlowScriptProcessesParser&#10;Asegúrate de que:&#10;1. La gramática FlowScriptProcesses.g4 esté en src/main/tlf/&#10;2. ANTLR haya generado las clases en el paquete edu.eam.ingesoft.tlf&#10;3. Las clases estén compiladas&#10;&#10;Para generar las clases, ejecuta:&#10;  antlr4 -package edu.eam.ingesoft.tlf FlowScriptProcesses.g4&#10;  javac *.java" type="org.opentest4j.AssertionFailedError"><![CDATA[org.opentest4j.AssertionFailedError: 
No se pudieron encontrar las clases del lexer o parser.
Clases esperadas:
  - FlowScriptProcessesLexer
  - FlowScriptProcessesParser
Asegúrate de que:
1. La gramática FlowScriptProcesses.g4 esté en src/main/tlf/
2. ANTLR haya generado las clases en el paquete edu.eam.ingesoft.tlf
3. Las clases estén compiladas

Para generar las clases, ejecuta:
  antlr4 -package edu.eam.ingesoft.tlf FlowScriptProcesses.g4
  javac *.java
	at org.junit.jupiter.api.AssertionUtils.fail(AssertionUtils.java:38)
	at org.junit.jupiter.api.Assertions.fail(Assertions.java:138)
	at edu.eam.ingesoft.tlf.tester.FlowScriptProcessesTest.parseWithReflection(FlowScriptProcessesTest.java:212)
	at edu.eam.ingesoft.tlf.tester.FlowScriptProcessesTest.lambda$createTestsFromYaml$2(FlowScriptProcessesTest.java:118)
	at java.base/java.util.Optional.ifPresent(Optional.java:178)
	at java.base/java.util.ArrayList.forEach(ArrayList.java:1604)
	at java.base/java.util.ArrayList.forEach(ArrayList.java:1604)
]]></failure>
  </testcase>
  <testcase name="testFlowScriptProcesses" classname="edu.eam.ingesoft.tlf.tester.FlowScriptProcessesTest" time="0.002">
    <failure message="No se pudieron encontrar las clases del lexer o parser.&#10;Clases esperadas:&#10;  - FlowScriptProcessesLexer&#10;  - FlowScriptProcessesParser&#10;Asegúrate de que:&#10;1. La gramática FlowScriptProcesses.g4 esté en src/main/tlf/&#10;2. ANTLR haya generado las clases en el paquete edu.eam.ingesoft.tlf&#10;3. Las clases estén compiladas&#10;&#10;Para generar las clases, ejecuta:&#10;  antlr4 -package edu.eam.ingesoft.tlf FlowScriptProcesses.g4&#10;  javac *.java" type="org.opentest4j.AssertionFailedError"><![CDATA[org.opentest4j.AssertionFailedError: 
No se pudieron encontrar las clases del lexer o parser.
Clases esperadas:
  - FlowScriptProcessesLexer
  - FlowScriptProcessesParser
Asegúrate de que:
1. La gramática FlowScriptProcesses.g4 esté en src/main/tlf/
2. ANTLR haya generado las clases en el paquete edu.eam.ingesoft.tlf
3. Las clases estén compiladas

Para generar las clases, ejecuta:
  antlr4 -package edu.eam.ingesoft.tlf FlowScriptProcesses.g4
  javac *.java
	at org.junit.jupiter.api.AssertionUtils.fail(AssertionUtils.java:38)
	at org.junit.jupiter.api.Assertions.fail(Assertions.java:138)
	at edu.eam.ingesoft.tlf.tester.FlowScriptProcessesTest.parseWithReflection(FlowScriptProcessesTest.java:212)
	at edu.eam.ingesoft.tlf.tester.FlowScriptProcessesTest.lambda$createTestsFromYaml$2(FlowScriptProcessesTest.java:118)
	at java.base/java.util.Optional.ifPresent(Optional.java:178)
	at java.base/java.util.ArrayList.forEach(ArrayList.java:1604)
	at java.base/java.util.ArrayList.forEach(ArrayList.java:1604)
]]></failure>
  </testcase>
  <testcase name="testFlowScriptProcesses" classname="edu.eam.ingesoft.tlf.tester.FlowScriptProcessesTest" time="0.001">
    <failure message="No se pudieron encontrar las clases del lexer o parser.&#10;Clases esperadas:&#10;  - FlowScriptProcessesLexer&#10;  - FlowScriptProcessesParser&#10;Asegúrate de que:&#10;1. La gramática FlowScriptProcesses.g4 esté en src/main/tlf/&#10;2. ANTLR haya generado las clases en el paquete edu.eam.ingesoft.tlf&#10;3. Las clases estén compiladas&#10;&#10;Para generar las clases, ejecuta:&#10;  antlr4 -package edu.eam.ingesoft.tlf FlowScriptProcesses.g4&#10;  javac *.java" type="org.opentest4j.AssertionFailedError"><![CDATA[org.opentest4j.AssertionFailedError: 
No se pudieron encontrar las clases del lexer o parser.
Clases esperadas:
  - FlowScriptProcessesLexer
  - FlowScriptProcessesParser
Asegúrate de que:
1. La gramática FlowScriptProcesses.g4 esté en src/main/tlf/
2. ANTLR haya generado las clases en el paquete edu.eam.ingesoft.tlf
3. Las clases estén compiladas

Para generar las clases, ejecuta:
  antlr4 -package edu.eam.ingesoft.tlf FlowScriptProcesses.g4
  javac *.java
	at org.junit.jupiter.api.AssertionUtils.fail(AssertionUtils.java:38)
	at org.junit.jupiter.api.Assertions.fail(Assertions.java:138)
	at edu.eam.ingesoft.tlf.tester.FlowScriptProcessesTest.parseWithReflection(FlowScriptProcessesTest.java:212)
	at edu.eam.ingesoft.tlf.tester.FlowScriptProcessesTest.lambda$createTestsFromYaml$2(FlowScriptProcessesTest.java:118)
	at java.base/java.util.Optional.ifPresent(Optional.java:178)
	at java.base/java.util.ArrayList.forEach(ArrayList.java:1604)
	at java.base/java.util.ArrayList.forEach(ArrayList.java:1604)
]]></failure>
  </testcase>
  <testcase name="testFlowScriptProcesses" classname="edu.eam.ingesoft.tlf.tester.FlowScriptProcessesTest" time="0.002">
    <failure message="No se pudieron encontrar las clases del lexer o parser.&#10;Clases esperadas:&#10;  - FlowScriptProcessesLexer&#10;  - FlowScriptProcessesParser&#10;Asegúrate de que:&#10;1. La gramática FlowScriptProcesses.g4 esté en src/main/tlf/&#10;2. ANTLR haya generado las clases en el paquete edu.eam.ingesoft.tlf&#10;3. Las clases estén compiladas&#10;&#10;Para generar las clases, ejecuta:&#10;  antlr4 -package edu.eam.ingesoft.tlf FlowScriptProcesses.g4&#10;  javac *.java" type="org.opentest4j.AssertionFailedError"><![CDATA[org.opentest4j.AssertionFailedError: 
No se pudieron encontrar las clases del lexer o parser.
Clases esperadas:
  - FlowScriptProcessesLexer
  - FlowScriptProcessesParser
Asegúrate de que:
1. La gramática FlowScriptProcesses.g4 esté en src/main/tlf/
2. ANTLR haya generado las clases en el paquete edu.eam.ingesoft.tlf
3. Las clases estén compiladas

Para generar las clases, ejecuta:
  antlr4 -package edu.eam.ingesoft.tlf FlowScriptProcesses.g4
  javac *.java
	at org.junit.jupiter.api.AssertionUtils.fail(AssertionUtils.java:38)
	at org.junit.jupiter.api.Assertions.fail(Assertions.java:138)
	at edu.eam.ingesoft.tlf.tester.FlowScriptProcessesTest.parseWithReflection(FlowScriptProcessesTest.java:212)
	at edu.eam.ingesoft.tlf.tester.FlowScriptProcessesTest.lambda$createTestsFromYaml$2(FlowScriptProcessesTest.java:118)
	at java.base/java.util.Optional.ifPresent(Optional.java:178)
	at java.base/java.util.ArrayList.forEach(ArrayList.java:1604)
	at java.base/java.util.ArrayList.forEach(ArrayList.java:1604)
]]></failure>
  </testcase>
  <testcase name="testFlowScriptProcesses" classname="edu.eam.ingesoft.tlf.tester.FlowScriptProcessesTest" time="0.001">
    <failure message="No se pudieron encontrar las clases del lexer o parser.&#10;Clases esperadas:&#10;  - FlowScriptProcessesLexer&#10;  - FlowScriptProcessesParser&#10;Asegúrate de que:&#10;1. La gramática FlowScriptProcesses.g4 esté en src/main/tlf/&#10;2. ANTLR haya generado las clases en el paquete edu.eam.ingesoft.tlf&#10;3. Las clases estén compiladas&#10;&#10;Para generar las clases, ejecuta:&#10;  antlr4 -package edu.eam.ingesoft.tlf FlowScriptProcesses.g4&#10;  javac *.java" type="org.opentest4j.AssertionFailedError"><![CDATA[org.opentest4j.AssertionFailedError: 
No se pudieron encontrar las clases del lexer o parser.
Clases esperadas:
  - FlowScriptProcessesLexer
  - FlowScriptProcessesParser
Asegúrate de que:
1. La gramática FlowScriptProcesses.g4 esté en src/main/tlf/
2. ANTLR haya generado las clases en el paquete edu.eam.ingesoft.tlf
3. Las clases estén compiladas

Para generar las clases, ejecuta:
  antlr4 -package edu.eam.ingesoft.tlf FlowScriptProcesses.g4
  javac *.java
	at org.junit.jupiter.api.AssertionUtils.fail(AssertionUtils.java:38)
	at org.junit.jupiter.api.Assertions.fail(Assertions.java:138)
	at edu.eam.ingesoft.tlf.tester.FlowScriptProcessesTest.parseWithReflection(FlowScriptProcessesTest.java:212)
	at edu.eam.ingesoft.tlf.tester.FlowScriptProcessesTest.lambda$createTestsFromYaml$2(FlowScriptProcessesTest.java:118)
	at java.base/java.util.Optional.ifPresent(Optional.java:178)
	at java.base/java.util.ArrayList.forEach(ArrayList.java:1604)
	at java.base/java.util.ArrayList.forEach(ArrayList.java:1604)
]]></failure>
  </testcase>
  <testcase name="testFlowScriptProcesses" classname="edu.eam.ingesoft.tlf.tester.FlowScriptProcessesTest" time="0.002">
    <failure message="No se pudieron encontrar las clases del lexer o parser.&#10;Clases esperadas:&#10;  - FlowScriptProcessesLexer&#10;  - FlowScriptProcessesParser&#10;Asegúrate de que:&#10;1. La gramática FlowScriptProcesses.g4 esté en src/main/tlf/&#10;2. ANTLR haya generado las clases en el paquete edu.eam.ingesoft.tlf&#10;3. Las clases estén compiladas&#10;&#10;Para generar las clases, ejecuta:&#10;  antlr4 -package edu.eam.ingesoft.tlf FlowScriptProcesses.g4&#10;  javac *.java" type="org.opentest4j.AssertionFailedError"><![CDATA[org.opentest4j.AssertionFailedError: 
No se pudieron encontrar las clases del lexer o parser.
Clases esperadas:
  - FlowScriptProcessesLexer
  - FlowScriptProcessesParser
Asegúrate de que:
1. La gramática FlowScriptProcesses.g4 esté en src/main/tlf/
2. ANTLR haya generado las clases en el paquete edu.eam.ingesoft.tlf
3. Las clases estén compiladas

Para generar las clases, ejecuta:
  antlr4 -package edu.eam.ingesoft.tlf FlowScriptProcesses.g4
  javac *.java
	at org.junit.jupiter.api.AssertionUtils.fail(AssertionUtils.java:38)
	at org.junit.jupiter.api.Assertions.fail(Assertions.java:138)
	at edu.eam.ingesoft.tlf.tester.FlowScriptProcessesTest.parseWithReflection(FlowScriptProcessesTest.java:212)
	at edu.eam.ingesoft.tlf.tester.FlowScriptProcessesTest.lambda$createTestsFromYaml$2(FlowScriptProcessesTest.java:118)
	at java.base/java.util.Optional.ifPresent(Optional.java:178)
	at java.base/java.util.ArrayList.forEach(ArrayList.java:1604)
	at java.base/java.util.ArrayList.forEach(ArrayList.java:1604)
]]></failure>
  </testcase>
  <testcase name="testFlowScriptProcesses" classname="edu.eam.ingesoft.tlf.tester.FlowScriptProcessesTest" time="0.002">
    <failure message="No se pudieron encontrar las clases del lexer o parser.&#10;Clases esperadas:&#10;  - FlowScriptProcessesLexer&#10;  - FlowScriptProcessesParser&#10;Asegúrate de que:&#10;1. La gramática FlowScriptProcesses.g4 esté en src/main/tlf/&#10;2. ANTLR haya generado las clases en el paquete edu.eam.ingesoft.tlf&#10;3. Las clases estén compiladas&#10;&#10;Para generar las clases, ejecuta:&#10;  antlr4 -package edu.eam.ingesoft.tlf FlowScriptProcesses.g4&#10;  javac *.java" type="org.opentest4j.AssertionFailedError"><![CDATA[org.opentest4j.AssertionFailedError: 
No se pudieron encontrar las clases del lexer o parser.
Clases esperadas:
  - FlowScriptProcessesLexer
  - FlowScriptProcessesParser
Asegúrate de que:
1. La gramática FlowScriptProcesses.g4 esté en src/main/tlf/
2. ANTLR haya generado las clases en el paquete edu.eam.ingesoft.tlf
3. Las clases estén compiladas

Para generar las clases, ejecuta:
  antlr4 -package edu.eam.ingesoft.tlf FlowScriptProcesses.g4
  javac *.java
	at org.junit.jupiter.api.AssertionUtils.fail(AssertionUtils.java:38)
	at org.junit.jupiter.api.Assertions.fail(Assertions.java:138)
	at edu.eam.ingesoft.tlf.tester.FlowScriptProcessesTest.parseWithReflection(FlowScriptProcessesTest.java:212)
	at edu.eam.ingesoft.tlf.tester.FlowScriptProcessesTest.lambda$createTestsFromYaml$2(FlowScriptProcessesTest.java:118)
	at java.base/java.util.Optional.ifPresent(Optional.java:178)
	at java.base/java.util.ArrayList.forEach(ArrayList.java:1604)
	at java.base/java.util.ArrayList.forEach(ArrayList.java:1604)
]]></failure>
  </testcase>
  <testcase name="testFlowScriptProcesses" classname="edu.eam.ingesoft.tlf.tester.FlowScriptProcessesTest" time="0.002">
    <failure message="No se pudieron encontrar las clases del lexer o parser.&#10;Clases esperadas:&#10;  - FlowScriptProcessesLexer&#10;  - FlowScriptProcessesParser&#10;Asegúrate de que:&#10;1. La gramática FlowScriptProcesses.g4 esté en src/main/tlf/&#10;2. ANTLR haya generado las clases en el paquete edu.eam.ingesoft.tlf&#10;3. Las clases estén compiladas&#10;&#10;Para generar las clases, ejecuta:&#10;  antlr4 -package edu.eam.ingesoft.tlf FlowScriptProcesses.g4&#10;  javac *.java" type="org.opentest4j.AssertionFailedError"><![CDATA[org.opentest4j.AssertionFailedError: 
No se pudieron encontrar las clases del lexer o parser.
Clases esperadas:
  - FlowScriptProcessesLexer
  - FlowScriptProcessesParser
Asegúrate de que:
1. La gramática FlowScriptProcesses.g4 esté en src/main/tlf/
2. ANTLR haya generado las clases en el paquete edu.eam.ingesoft.tlf
3. Las clases estén compiladas

Para generar las clases, ejecuta:
  antlr4 -package edu.eam.ingesoft.tlf FlowScriptProcesses.g4
  javac *.java
	at org.junit.jupiter.api.AssertionUtils.fail(AssertionUtils.java:38)
	at org.junit.jupiter.api.Assertions.fail(Assertions.java:138)
	at edu.eam.ingesoft.tlf.tester.FlowScriptProcessesTest.parseWithReflection(FlowScriptProcessesTest.java:212)
	at edu.eam.ingesoft.tlf.tester.FlowScriptProcessesTest.lambda$createTestsFromYaml$2(FlowScriptProcessesTest.java:118)
	at java.base/java.util.Optional.ifPresent(Optional.java:178)
	at java.base/java.util.ArrayList.forEach(ArrayList.java:1604)
	at java.base/java.util.ArrayList.forEach(ArrayList.java:1604)
]]></failure>
  </testcase>
  <testcase name="testFlowScriptProcesses" classname="edu.eam.ingesoft.tlf.tester.FlowScriptProcessesTest" time="0.001">
    <failure message="No se pudieron encontrar las clases del lexer o parser.&#10;Clases esperadas:&#10;  - FlowScriptProcessesLexer&#10;  - FlowScriptProcessesParser&#10;Asegúrate de que:&#10;1. La gramática FlowScriptProcesses.g4 esté en src/main/tlf/&#10;2. ANTLR haya generado las clases en el paquete edu.eam.ingesoft.tlf&#10;3. Las clases estén compiladas&#10;&#10;Para generar las clases, ejecuta:&#10;  antlr4 -package edu.eam.ingesoft.tlf FlowScriptProcesses.g4&#10;  javac *.java" type="org.opentest4j.AssertionFailedError"><![CDATA[org.opentest4j.AssertionFailedError: 
No se pudieron encontrar las clases del lexer o parser.
Clases esperadas:
  - FlowScriptProcessesLexer
  - FlowScriptProcessesParser
Asegúrate de que:
1. La gramática FlowScriptProcesses.g4 esté en src/main/tlf/
2. ANTLR haya generado las clases en el paquete edu.eam.ingesoft.tlf
3. Las clases estén compiladas

Para generar las clases, ejecuta:
  antlr4 -package edu.eam.ingesoft.tlf FlowScriptProcesses.g4
  javac *.java
	at org.junit.jupiter.api.AssertionUtils.fail(AssertionUtils.java:38)
	at org.junit.jupiter.api.Assertions.fail(Assertions.java:138)
	at edu.eam.ingesoft.tlf.tester.FlowScriptProcessesTest.parseWithReflection(FlowScriptProcessesTest.java:212)
	at edu.eam.ingesoft.tlf.tester.FlowScriptProcessesTest.lambda$createTestsFromYaml$2(FlowScriptProcessesTest.java:118)
	at java.base/java.util.Optional.ifPresent(Optional.java:178)
	at java.base/java.util.ArrayList.forEach(ArrayList.java:1604)
	at java.base/java.util.ArrayList.forEach(ArrayList.java:1604)
]]></failure>
  </testcase>
  <testcase name="testFlowScriptProcesses" classname="edu.eam.ingesoft.tlf.tester.FlowScriptProcessesTest" time="0.002">
    <failure message="No se pudieron encontrar las clases del lexer o parser.&#10;Clases esperadas:&#10;  - FlowScriptProcessesLexer&#10;  - FlowScriptProcessesParser&#10;Asegúrate de que:&#10;1. La gramática FlowScriptProcesses.g4 esté en src/main/tlf/&#10;2. ANTLR haya generado las clases en el paquete edu.eam.ingesoft.tlf&#10;3. Las clases estén compiladas&#10;&#10;Para generar las clases, ejecuta:&#10;  antlr4 -package edu.eam.ingesoft.tlf FlowScriptProcesses.g4&#10;  javac *.java" type="org.opentest4j.AssertionFailedError"><![CDATA[org.opentest4j.AssertionFailedError: 
No se pudieron encontrar las clases del lexer o parser.
Clases esperadas:
  - FlowScriptProcessesLexer
  - FlowScriptProcessesParser
Asegúrate de que:
1. La gramática FlowScriptProcesses.g4 esté en src/main/tlf/
2. ANTLR haya generado las clases en el paquete edu.eam.ingesoft.tlf
3. Las clases estén compiladas

Para generar las clases, ejecuta:
  antlr4 -package edu.eam.ingesoft.tlf FlowScriptProcesses.g4
  javac *.java
	at org.junit.jupiter.api.AssertionUtils.fail(AssertionUtils.java:38)
	at org.junit.jupiter.api.Assertions.fail(Assertions.java:138)
	at edu.eam.ingesoft.tlf.tester.FlowScriptProcessesTest.parseWithReflection(FlowScriptProcessesTest.java:212)
	at edu.eam.ingesoft.tlf.tester.FlowScriptProcessesTest.lambda$createTestsFromYaml$2(FlowScriptProcessesTest.java:118)
	at java.base/java.util.Optional.ifPresent(Optional.java:178)
	at java.base/java.util.ArrayList.forEach(ArrayList.java:1604)
	at java.base/java.util.ArrayList.forEach(ArrayList.java:1604)
]]></failure>
  </testcase>
  <testcase name="testFlowScriptProcesses" classname="edu.eam.ingesoft.tlf.tester.FlowScriptProcessesTest" time="0.002">
    <failure message="No se pudieron encontrar las clases del lexer o parser.&#10;Clases esperadas:&#10;  - FlowScriptProcessesLexer&#10;  - FlowScriptProcessesParser&#10;Asegúrate de que:&#10;1. La gramática FlowScriptProcesses.g4 esté en src/main/tlf/&#10;2. ANTLR haya generado las clases en el paquete edu.eam.ingesoft.tlf&#10;3. Las clases estén compiladas&#10;&#10;Para generar las clases, ejecuta:&#10;  antlr4 -package edu.eam.ingesoft.tlf FlowScriptProcesses.g4&#10;  javac *.java" type="org.opentest4j.AssertionFailedError"><![CDATA[org.opentest4j.AssertionFailedError: 
No se pudieron encontrar las clases del lexer o parser.
Clases esperadas:
  - FlowScriptProcessesLexer
  - FlowScriptProcessesParser
Asegúrate de que:
1. La gramática FlowScriptProcesses.g4 esté en src/main/tlf/
2. ANTLR haya generado las clases en el paquete edu.eam.ingesoft.tlf
3. Las clases estén compiladas

Para generar las clases, ejecuta:
  antlr4 -package edu.eam.ingesoft.tlf FlowScriptProcesses.g4
  javac *.java
	at org.junit.jupiter.api.AssertionUtils.fail(AssertionUtils.java:38)
	at org.junit.jupiter.api.Assertions.fail(Assertions.java:138)
	at edu.eam.ingesoft.tlf.tester.FlowScriptProcessesTest.parseWithReflection(FlowScriptProcessesTest.java:212)
	at edu.eam.ingesoft.tlf.tester.FlowScriptProcessesTest.lambda$createTestsFromYaml$2(FlowScriptProcessesTest.java:118)
	at java.base/java.util.Optional.ifPresent(Optional.java:178)
	at java.base/java.util.ArrayList.forEach(ArrayList.java:1604)
	at java.base/java.util.ArrayList.forEach(ArrayList.java:1604)
]]></failure>
  </testcase>
  <testcase name="testFlowScriptProcesses" classname="edu.eam.ingesoft.tlf.tester.FlowScriptProcessesTest" time="0.001">
    <failure message="No se pudieron encontrar las clases del lexer o parser.&#10;Clases esperadas:&#10;  - FlowScriptProcessesLexer&#10;  - FlowScriptProcessesParser&#10;Asegúrate de que:&#10;1. La gramática FlowScriptProcesses.g4 esté en src/main/tlf/&#10;2. ANTLR haya generado las clases en el paquete edu.eam.ingesoft.tlf&#10;3. Las clases estén compiladas&#10;&#10;Para generar las clases, ejecuta:&#10;  antlr4 -package edu.eam.ingesoft.tlf FlowScriptProcesses.g4&#10;  javac *.java" type="org.opentest4j.AssertionFailedError"><![CDATA[org.opentest4j.AssertionFailedError: 
No se pudieron encontrar las clases del lexer o parser.
Clases esperadas:
  - FlowScriptProcessesLexer
  - FlowScriptProcessesParser
Asegúrate de que:
1. La gramática FlowScriptProcesses.g4 esté en src/main/tlf/
2. ANTLR haya generado las clases en el paquete edu.eam.ingesoft.tlf
3. Las clases estén compiladas

Para generar las clases, ejecuta:
  antlr4 -package edu.eam.ingesoft.tlf FlowScriptProcesses.g4
  javac *.java
	at org.junit.jupiter.api.AssertionUtils.fail(AssertionUtils.java:38)
	at org.junit.jupiter.api.Assertions.fail(Assertions.java:138)
	at edu.eam.ingesoft.tlf.tester.FlowScriptProcessesTest.parseWithReflection(FlowScriptProcessesTest.java:212)
	at edu.eam.ingesoft.tlf.tester.FlowScriptProcessesTest.lambda$createTestsFromYaml$2(FlowScriptProcessesTest.java:118)
	at java.base/java.util.Optional.ifPresent(Optional.java:178)
	at java.base/java.util.ArrayList.forEach(ArrayList.java:1604)
	at java.base/java.util.ArrayList.forEach(ArrayList.java:1604)
]]></failure>
  </testcase>
  <testcase name="testFlowScriptProcesses" classname="edu.eam.ingesoft.tlf.tester.FlowScriptProcessesTest" time="0.0">
    <failure message="No se pudieron encontrar las clases del lexer o parser.&#10;Clases esperadas:&#10;  - FlowScriptProcessesLexer&#10;  - FlowScriptProcessesParser&#10;Asegúrate de que:&#10;1. La gramática FlowScriptProcesses.g4 esté en src/main/tlf/&#10;2. ANTLR haya generado las clases en el paquete edu.eam.ingesoft.tlf&#10;3. Las clases estén compiladas&#10;&#10;Para generar las clases, ejecuta:&#10;  antlr4 -package edu.eam.ingesoft.tlf FlowScriptProcesses.g4&#10;  javac *.java" type="org.opentest4j.AssertionFailedError"><![CDATA[org.opentest4j.AssertionFailedError: 
No se pudieron encontrar las clases del lexer o parser.
Clases esperadas:
  - FlowScriptProcessesLexer
  - FlowScriptProcessesParser
Asegúrate de que:
1. La gramática FlowScriptProcesses.g4 esté en src/main/tlf/
2. ANTLR haya generado las clases en el paquete edu.eam.ingesoft.tlf
3. Las clases estén compiladas

Para generar las clases, ejecuta:
  antlr4 -package edu.eam.ingesoft.tlf FlowScriptProcesses.g4
  javac *.java
	at org.junit.jupiter.api.AssertionUtils.fail(AssertionUtils.java:38)
	at org.junit.jupiter.api.Assertions.fail(Assertions.java:138)
	at edu.eam.ingesoft.tlf.tester.FlowScriptProcessesTest.parseWithReflection(FlowScriptProcessesTest.java:212)
	at edu.eam.ingesoft.tlf.tester.FlowScriptProcessesTest.lambda$createTestsFromYaml$2(FlowScriptProcessesTest.java:118)
	at java.base/java.util.Optional.ifPresent(Optional.java:178)
	at java.base/java.util.ArrayList.forEach(ArrayList.java:1604)
	at java.base/java.util.ArrayList.forEach(ArrayList.java:1604)
]]></failure>
  </testcase>
  <testcase name="testFlowScriptProcesses" classname="edu.eam.ingesoft.tlf.tester.FlowScriptProcessesTest" time="0.001">
    <failure message="No se pudieron encontrar las clases del lexer o parser.&#10;Clases esperadas:&#10;  - FlowScriptProcessesLexer&#10;  - FlowScriptProcessesParser&#10;Asegúrate de que:&#10;1. La gramática FlowScriptProcesses.g4 esté en src/main/tlf/&#10;2. ANTLR haya generado las clases en el paquete edu.eam.ingesoft.tlf&#10;3. Las clases estén compiladas&#10;&#10;Para generar las clases, ejecuta:&#10;  antlr4 -package edu.eam.ingesoft.tlf FlowScriptProcesses.g4&#10;  javac *.java" type="org.opentest4j.AssertionFailedError"><![CDATA[org.opentest4j.AssertionFailedError: 
No se pudieron encontrar las clases del lexer o parser.
Clases esperadas:
  - FlowScriptProcessesLexer
  - FlowScriptProcessesParser
Asegúrate de que:
1. La gramática FlowScriptProcesses.g4 esté en src/main/tlf/
2. ANTLR haya generado las clases en el paquete edu.eam.ingesoft.tlf
3. Las clases estén compiladas

Para generar las clases, ejecuta:
  antlr4 -package edu.eam.ingesoft.tlf FlowScriptProcesses.g4
  javac *.java
	at org.junit.jupiter.api.AssertionUtils.fail(AssertionUtils.java:38)
	at org.junit.jupiter.api.Assertions.fail(Assertions.java:138)
	at edu.eam.ingesoft.tlf.tester.FlowScriptProcessesTest.parseWithReflection(FlowScriptProcessesTest.java:212)
	at edu.eam.ingesoft.tlf.tester.FlowScriptProcessesTest.lambda$createTestsFromYaml$2(FlowScriptProcessesTest.java:118)
	at java.base/java.util.Optional.ifPresent(Optional.java:178)
	at java.base/java.util.ArrayList.forEach(ArrayList.java:1604)
	at java.base/java.util.ArrayList.forEach(ArrayList.java:1604)
]]></failure>
  </testcase>
  <testcase name="testFlowScriptProcesses" classname="edu.eam.ingesoft.tlf.tester.FlowScriptProcessesTest" time="0.001">
    <failure message="No se pudieron encontrar las clases del lexer o parser.&#10;Clases esperadas:&#10;  - FlowScriptProcessesLexer&#10;  - FlowScriptProcessesParser&#10;Asegúrate de que:&#10;1. La gramática FlowScriptProcesses.g4 esté en src/main/tlf/&#10;2. ANTLR haya generado las clases en el paquete edu.eam.ingesoft.tlf&#10;3. Las clases estén compiladas&#10;&#10;Para generar las clases, ejecuta:&#10;  antlr4 -package edu.eam.ingesoft.tlf FlowScriptProcesses.g4&#10;  javac *.java" type="org.opentest4j.AssertionFailedError"><![CDATA[org.opentest4j.AssertionFailedError: 
No se pudieron encontrar las clases del lexer o parser.
Clases esperadas:
  - FlowScriptProcessesLexer
  - FlowScriptProcessesParser
Asegúrate de que:
1. La gramática FlowScriptProcesses.g4 esté en src/main/tlf/
2. ANTLR haya generado las clases en el paquete edu.eam.ingesoft.tlf
3. Las clases estén compiladas

Para generar las clases, ejecuta:
  antlr4 -package edu.eam.ingesoft.tlf FlowScriptProcesses.g4
  javac *.java
	at org.junit.jupiter.api.AssertionUtils.fail(AssertionUtils.java:38)
	at org.junit.jupiter.api.Assertions.fail(Assertions.java:138)
	at edu.eam.ingesoft.tlf.tester.FlowScriptProcessesTest.parseWithReflection(FlowScriptProcessesTest.java:212)
	at edu.eam.ingesoft.tlf.tester.FlowScriptProcessesTest.lambda$createTestsFromYaml$2(FlowScriptProcessesTest.java:118)
	at java.base/java.util.Optional.ifPresent(Optional.java:178)
	at java.base/java.util.ArrayList.forEach(ArrayList.java:1604)
	at java.base/java.util.ArrayList.forEach(ArrayList.java:1604)
]]></failure>
  </testcase>
  <testcase name="testFlowScriptProcesses" classname="edu.eam.ingesoft.tlf.tester.FlowScriptProcessesTest" time="0.001">
    <failure message="No se pudieron encontrar las clases del lexer o parser.&#10;Clases esperadas:&#10;  - FlowScriptProcessesLexer&#10;  - FlowScriptProcessesParser&#10;Asegúrate de que:&#10;1. La gramática FlowScriptProcesses.g4 esté en src/main/tlf/&#10;2. ANTLR haya generado las clases en el paquete edu.eam.ingesoft.tlf&#10;3. Las clases estén compiladas&#10;&#10;Para generar las clases, ejecuta:&#10;  antlr4 -package edu.eam.ingesoft.tlf FlowScriptProcesses.g4&#10;  javac *.java" type="org.opentest4j.AssertionFailedError"><![CDATA[org.opentest4j.AssertionFailedError: 
No se pudieron encontrar las clases del lexer o parser.
Clases esperadas:
  - FlowScriptProcessesLexer
  - FlowScriptProcessesParser
Asegúrate de que:
1. La gramática FlowScriptProcesses.g4 esté en src/main/tlf/
2. ANTLR haya generado las clases en el paquete edu.eam.ingesoft.tlf
3. Las clases estén compiladas

Para generar las clases, ejecuta:
  antlr4 -package edu.eam.ingesoft.tlf FlowScriptProcesses.g4
  javac *.java
	at org.junit.jupiter.api.AssertionUtils.fail(AssertionUtils.java:38)
	at org.junit.jupiter.api.Assertions.fail(Assertions.java:138)
	at edu.eam.ingesoft.tlf.tester.FlowScriptProcessesTest.parseWithReflection(FlowScriptProcessesTest.java:212)
	at edu.eam.ingesoft.tlf.tester.FlowScriptProcessesTest.lambda$createTestsFromYaml$2(FlowScriptProcessesTest.java:118)
	at java.base/java.util.Optional.ifPresent(Optional.java:178)
	at java.base/java.util.ArrayList.forEach(ArrayList.java:1604)
	at java.base/java.util.ArrayList.forEach(ArrayList.java:1604)
]]></failure>
  </testcase>
  <testcase name="testFlowScriptProcesses" classname="edu.eam.ingesoft.tlf.tester.FlowScriptProcessesTest" time="0.001">
    <failure message="No se pudieron encontrar las clases del lexer o parser.&#10;Clases esperadas:&#10;  - FlowScriptProcessesLexer&#10;  - FlowScriptProcessesParser&#10;Asegúrate de que:&#10;1. La gramática FlowScriptProcesses.g4 esté en src/main/tlf/&#10;2. ANTLR haya generado las clases en el paquete edu.eam.ingesoft.tlf&#10;3. Las clases estén compiladas&#10;&#10;Para generar las clases, ejecuta:&#10;  antlr4 -package edu.eam.ingesoft.tlf FlowScriptProcesses.g4&#10;  javac *.java" type="org.opentest4j.AssertionFailedError"><![CDATA[org.opentest4j.AssertionFailedError: 
No se pudieron encontrar las clases del lexer o parser.
Clases esperadas:
  - FlowScriptProcessesLexer
  - FlowScriptProcessesParser
Asegúrate de que:
1. La gramática FlowScriptProcesses.g4 esté en src/main/tlf/
2. ANTLR haya generado las clases en el paquete edu.eam.ingesoft.tlf
3. Las clases estén compiladas

Para generar las clases, ejecuta:
  antlr4 -package edu.eam.ingesoft.tlf FlowScriptProcesses.g4
  javac *.java
	at org.junit.jupiter.api.AssertionUtils.fail(AssertionUtils.java:38)
	at org.junit.jupiter.api.Assertions.fail(Assertions.java:138)
	at edu.eam.ingesoft.tlf.tester.FlowScriptProcessesTest.parseWithReflection(FlowScriptProcessesTest.java:212)
	at edu.eam.ingesoft.tlf.tester.FlowScriptProcessesTest.lambda$createTestsFromYaml$2(FlowScriptProcessesTest.java:118)
	at java.base/java.util.Optional.ifPresent(Optional.java:178)
	at java.base/java.util.ArrayList.forEach(ArrayList.java:1604)
	at java.base/java.util.ArrayList.forEach(ArrayList.java:1604)
]]></failure>
  </testcase>
  <testcase name="testFlowScriptProcesses" classname="edu.eam.ingesoft.tlf.tester.FlowScriptProcessesTest" time="0.001">
    <failure message="No se pudieron encontrar las clases del lexer o parser.&#10;Clases esperadas:&#10;  - FlowScriptProcessesLexer&#10;  - FlowScriptProcessesParser&#10;Asegúrate de que:&#10;1. La gramática FlowScriptProcesses.g4 esté en src/main/tlf/&#10;2. ANTLR haya generado las clases en el paquete edu.eam.ingesoft.tlf&#10;3. Las clases estén compiladas&#10;&#10;Para generar las clases, ejecuta:&#10;  antlr4 -package edu.eam.ingesoft.tlf FlowScriptProcesses.g4&#10;  javac *.java" type="org.opentest4j.AssertionFailedError"><![CDATA[org.opentest4j.AssertionFailedError: 
No se pudieron encontrar las clases del lexer o parser.
Clases esperadas:
  - FlowScriptProcessesLexer
  - FlowScriptProcessesParser
Asegúrate de que:
1. La gramática FlowScriptProcesses.g4 esté en src/main/tlf/
2. ANTLR haya generado las clases en el paquete edu.eam.ingesoft.tlf
3. Las clases estén compiladas

Para generar las clases, ejecuta:
  antlr4 -package edu.eam.ingesoft.tlf FlowScriptProcesses.g4
  javac *.java
	at org.junit.jupiter.api.AssertionUtils.fail(AssertionUtils.java:38)
	at org.junit.jupiter.api.Assertions.fail(Assertions.java:138)
	at edu.eam.ingesoft.tlf.tester.FlowScriptProcessesTest.parseWithReflection(FlowScriptProcessesTest.java:212)
	at edu.eam.ingesoft.tlf.tester.FlowScriptProcessesTest.lambda$createTestsFromYaml$2(FlowScriptProcessesTest.java:118)
	at java.base/java.util.Optional.ifPresent(Optional.java:178)
	at java.base/java.util.ArrayList.forEach(ArrayList.java:1604)
	at java.base/java.util.ArrayList.forEach(ArrayList.java:1604)
]]></failure>
  </testcase>
  <testcase name="testFlowScriptProcesses" classname="edu.eam.ingesoft.tlf.tester.FlowScriptProcessesTest" time="0.002">
    <failure message="No se pudieron encontrar las clases del lexer o parser.&#10;Clases esperadas:&#10;  - FlowScriptProcessesLexer&#10;  - FlowScriptProcessesParser&#10;Asegúrate de que:&#10;1. La gramática FlowScriptProcesses.g4 esté en src/main/tlf/&#10;2. ANTLR haya generado las clases en el paquete edu.eam.ingesoft.tlf&#10;3. Las clases estén compiladas&#10;&#10;Para generar las clases, ejecuta:&#10;  antlr4 -package edu.eam.ingesoft.tlf FlowScriptProcesses.g4&#10;  javac *.java" type="org.opentest4j.AssertionFailedError"><![CDATA[org.opentest4j.AssertionFailedError: 
No se pudieron encontrar las clases del lexer o parser.
Clases esperadas:
  - FlowScriptProcessesLexer
  - FlowScriptProcessesParser
Asegúrate de que:
1. La gramática FlowScriptProcesses.g4 esté en src/main/tlf/
2. ANTLR haya generado las clases en el paquete edu.eam.ingesoft.tlf
3. Las clases estén compiladas

Para generar las clases, ejecuta:
  antlr4 -package edu.eam.ingesoft.tlf FlowScriptProcesses.g4
  javac *.java
	at org.junit.jupiter.api.AssertionUtils.fail(AssertionUtils.java:38)
	at org.junit.jupiter.api.Assertions.fail(Assertions.java:138)
	at edu.eam.ingesoft.tlf.tester.FlowScriptProcessesTest.parseWithReflection(FlowScriptProcessesTest.java:212)
	at edu.eam.ingesoft.tlf.tester.FlowScriptProcessesTest.lambda$createTestsFromYaml$2(FlowScriptProcessesTest.java:118)
	at java.base/java.util.Optional.ifPresent(Optional.java:178)
	at java.base/java.util.ArrayList.forEach(ArrayList.java:1604)
	at java.base/java.util.ArrayList.forEach(ArrayList.java:1604)
]]></failure>
  </testcase>
  <testcase name="testFlowScriptProcesses" classname="edu.eam.ingesoft.tlf.tester.FlowScriptProcessesTest" time="0.001">
    <failure message="No se pudieron encontrar las clases del lexer o parser.&#10;Clases esperadas:&#10;  - FlowScriptProcessesLexer&#10;  - FlowScriptProcessesParser&#10;Asegúrate de que:&#10;1. La gramática FlowScriptProcesses.g4 esté en src/main/tlf/&#10;2. ANTLR haya generado las clases en el paquete edu.eam.ingesoft.tlf&#10;3. Las clases estén compiladas&#10;&#10;Para generar las clases, ejecuta:&#10;  antlr4 -package edu.eam.ingesoft.tlf FlowScriptProcesses.g4&#10;  javac *.java" type="org.opentest4j.AssertionFailedError"><![CDATA[org.opentest4j.AssertionFailedError: 
No se pudieron encontrar las clases del lexer o parser.
Clases esperadas:
  - FlowScriptProcessesLexer
  - FlowScriptProcessesParser
Asegúrate de que:
1. La gramática FlowScriptProcesses.g4 esté en src/main/tlf/
2. ANTLR haya generado las clases en el paquete edu.eam.ingesoft.tlf
3. Las clases estén compiladas

Para generar las clases, ejecuta:
  antlr4 -package edu.eam.ingesoft.tlf FlowScriptProcesses.g4
  javac *.java
	at org.junit.jupiter.api.AssertionUtils.fail(AssertionUtils.java:38)
	at org.junit.jupiter.api.Assertions.fail(Assertions.java:138)
	at edu.eam.ingesoft.tlf.tester.FlowScriptProcessesTest.parseWithReflection(FlowScriptProcessesTest.java:212)
	at edu.eam.ingesoft.tlf.tester.FlowScriptProcessesTest.lambda$createTestsFromYaml$2(FlowScriptProcessesTest.java:118)
	at java.base/java.util.Optional.ifPresent(Optional.java:178)
	at java.base/java.util.ArrayList.forEach(ArrayList.java:1604)
	at java.base/java.util.ArrayList.forEach(ArrayList.java:1604)
]]></failure>
  </testcase>
  <testcase name="testFlowScriptProcesses" classname="edu.eam.ingesoft.tlf.tester.FlowScriptProcessesTest" time="0.001">
    <failure message="No se pudieron encontrar las clases del lexer o parser.&#10;Clases esperadas:&#10;  - FlowScriptProcessesLexer&#10;  - FlowScriptProcessesParser&#10;Asegúrate de que:&#10;1. La gramática FlowScriptProcesses.g4 esté en src/main/tlf/&#10;2. ANTLR haya generado las clases en el paquete edu.eam.ingesoft.tlf&#10;3. Las clases estén compiladas&#10;&#10;Para generar las clases, ejecuta:&#10;  antlr4 -package edu.eam.ingesoft.tlf FlowScriptProcesses.g4&#10;  javac *.java" type="org.opentest4j.AssertionFailedError"><![CDATA[org.opentest4j.AssertionFailedError: 
No se pudieron encontrar las clases del lexer o parser.
Clases esperadas:
  - FlowScriptProcessesLexer
  - FlowScriptProcessesParser
Asegúrate de que:
1. La gramática FlowScriptProcesses.g4 esté en src/main/tlf/
2. ANTLR haya generado las clases en el paquete edu.eam.ingesoft.tlf
3. Las clases estén compiladas

Para generar las clases, ejecuta:
  antlr4 -package edu.eam.ingesoft.tlf FlowScriptProcesses.g4
  javac *.java
	at org.junit.jupiter.api.AssertionUtils.fail(AssertionUtils.java:38)
	at org.junit.jupiter.api.Assertions.fail(Assertions.java:138)
	at edu.eam.ingesoft.tlf.tester.FlowScriptProcessesTest.parseWithReflection(FlowScriptProcessesTest.java:212)
	at edu.eam.ingesoft.tlf.tester.FlowScriptProcessesTest.lambda$createTestsFromYaml$2(FlowScriptProcessesTest.java:118)
	at java.base/java.util.Optional.ifPresent(Optional.java:178)
	at java.base/java.util.ArrayList.forEach(ArrayList.java:1604)
	at java.base/java.util.ArrayList.forEach(ArrayList.java:1604)
]]></failure>
  </testcase>
  <testcase name="testFlowScriptProcesses" classname="edu.eam.ingesoft.tlf.tester.FlowScriptProcessesTest" time="0.001">
    <failure message="No se pudieron encontrar las clases del lexer o parser.&#10;Clases esperadas:&#10;  - FlowScriptProcessesLexer&#10;  - FlowScriptProcessesParser&#10;Asegúrate de que:&#10;1. La gramática FlowScriptProcesses.g4 esté en src/main/tlf/&#10;2. ANTLR haya generado las clases en el paquete edu.eam.ingesoft.tlf&#10;3. Las clases estén compiladas&#10;&#10;Para generar las clases, ejecuta:&#10;  antlr4 -package edu.eam.ingesoft.tlf FlowScriptProcesses.g4&#10;  javac *.java" type="org.opentest4j.AssertionFailedError"><![CDATA[org.opentest4j.AssertionFailedError: 
No se pudieron encontrar las clases del lexer o parser.
Clases esperadas:
  - FlowScriptProcessesLexer
  - FlowScriptProcessesParser
Asegúrate de que:
1. La gramática FlowScriptProcesses.g4 esté en src/main/tlf/
2. ANTLR haya generado las clases en el paquete edu.eam.ingesoft.tlf
3. Las clases estén compiladas

Para generar las clases, ejecuta:
  antlr4 -package edu.eam.ingesoft.tlf FlowScriptProcesses.g4
  javac *.java
	at org.junit.jupiter.api.AssertionUtils.fail(AssertionUtils.java:38)
	at org.junit.jupiter.api.Assertions.fail(Assertions.java:138)
	at edu.eam.ingesoft.tlf.tester.FlowScriptProcessesTest.parseWithReflection(FlowScriptProcessesTest.java:212)
	at edu.eam.ingesoft.tlf.tester.FlowScriptProcessesTest.lambda$createTestsFromYaml$2(FlowScriptProcessesTest.java:118)
	at java.base/java.util.Optional.ifPresent(Optional.java:178)
	at java.base/java.util.ArrayList.forEach(ArrayList.java:1604)
	at java.base/java.util.ArrayList.forEach(ArrayList.java:1604)
]]></failure>
  </testcase>
  <testcase name="testFlowScriptProcesses" classname="edu.eam.ingesoft.tlf.tester.FlowScriptProcessesTest" time="0.002">
    <failure message="No se pudieron encontrar las clases del lexer o parser.&#10;Clases esperadas:&#10;  - FlowScriptProcessesLexer&#10;  - FlowScriptProcessesParser&#10;Asegúrate de que:&#10;1. La gramática FlowScriptProcesses.g4 esté en src/main/tlf/&#10;2. ANTLR haya generado las clases en el paquete edu.eam.ingesoft.tlf&#10;3. Las clases estén compiladas&#10;&#10;Para generar las clases, ejecuta:&#10;  antlr4 -package edu.eam.ingesoft.tlf FlowScriptProcesses.g4&#10;  javac *.java" type="org.opentest4j.AssertionFailedError"><![CDATA[org.opentest4j.AssertionFailedError: 
No se pudieron encontrar las clases del lexer o parser.
Clases esperadas:
  - FlowScriptProcessesLexer
  - FlowScriptProcessesParser
Asegúrate de que:
1. La gramática FlowScriptProcesses.g4 esté en src/main/tlf/
2. ANTLR haya generado las clases en el paquete edu.eam.ingesoft.tlf
3. Las clases estén compiladas

Para generar las clases, ejecuta:
  antlr4 -package edu.eam.ingesoft.tlf FlowScriptProcesses.g4
  javac *.java
	at org.junit.jupiter.api.AssertionUtils.fail(AssertionUtils.java:38)
	at org.junit.jupiter.api.Assertions.fail(Assertions.java:138)
	at edu.eam.ingesoft.tlf.tester.FlowScriptProcessesTest.parseWithReflection(FlowScriptProcessesTest.java:212)
	at edu.eam.ingesoft.tlf.tester.FlowScriptProcessesTest.lambda$createTestsFromYaml$2(FlowScriptProcessesTest.java:118)
	at java.base/java.util.Optional.ifPresent(Optional.java:178)
	at java.base/java.util.ArrayList.forEach(ArrayList.java:1604)
	at java.base/java.util.ArrayList.forEach(ArrayList.java:1604)
]]></failure>
  </testcase>
  <testcase name="testFlowScriptProcesses" classname="edu.eam.ingesoft.tlf.tester.FlowScriptProcessesTest" time="0.0">
    <failure message="No se pudieron encontrar las clases del lexer o parser.&#10;Clases esperadas:&#10;  - FlowScriptProcessesLexer&#10;  - FlowScriptProcessesParser&#10;Asegúrate de que:&#10;1. La gramática FlowScriptProcesses.g4 esté en src/main/tlf/&#10;2. ANTLR haya generado las clases en el paquete edu.eam.ingesoft.tlf&#10;3. Las clases estén compiladas&#10;&#10;Para generar las clases, ejecuta:&#10;  antlr4 -package edu.eam.ingesoft.tlf FlowScriptProcesses.g4&#10;  javac *.java" type="org.opentest4j.AssertionFailedError"><![CDATA[org.opentest4j.AssertionFailedError: 
No se pudieron encontrar las clases del lexer o parser.
Clases esperadas:
  - FlowScriptProcessesLexer
  - FlowScriptProcessesParser
Asegúrate de que:
1. La gramática FlowScriptProcesses.g4 esté en src/main/tlf/
2. ANTLR haya generado las clases en el paquete edu.eam.ingesoft.tlf
3. Las clases estén compiladas

Para generar las clases, ejecuta:
  antlr4 -package edu.eam.ingesoft.tlf FlowScriptProcesses.g4
  javac *.java
	at org.junit.jupiter.api.AssertionUtils.fail(AssertionUtils.java:38)
	at org.junit.jupiter.api.Assertions.fail(Assertions.java:138)
	at edu.eam.ingesoft.tlf.tester.FlowScriptProcessesTest.parseWithReflection(FlowScriptProcessesTest.java:212)
	at edu.eam.ingesoft.tlf.tester.FlowScriptProcessesTest.lambda$createTestsFromYaml$2(FlowScriptProcessesTest.java:118)
	at java.base/java.util.Optional.ifPresent(Optional.java:178)
	at java.base/java.util.ArrayList.forEach(ArrayList.java:1604)
	at java.base/java.util.ArrayList.forEach(ArrayList.java:1604)
]]></failure>
  </testcase>
  <testcase name="testFlowScriptProcesses" classname="edu.eam.ingesoft.tlf.tester.FlowScriptProcessesTest" time="0.001">
    <failure message="No se pudieron encontrar las clases del lexer o parser.&#10;Clases esperadas:&#10;  - FlowScriptProcessesLexer&#10;  - FlowScriptProcessesParser&#10;Asegúrate de que:&#10;1. La gramática FlowScriptProcesses.g4 esté en src/main/tlf/&#10;2. ANTLR haya generado las clases en el paquete edu.eam.ingesoft.tlf&#10;3. Las clases estén compiladas&#10;&#10;Para generar las clases, ejecuta:&#10;  antlr4 -package edu.eam.ingesoft.tlf FlowScriptProcesses.g4&#10;  javac *.java" type="org.opentest4j.AssertionFailedError"><![CDATA[org.opentest4j.AssertionFailedError: 
No se pudieron encontrar las clases del lexer o parser.
Clases esperadas:
  - FlowScriptProcessesLexer
  - FlowScriptProcessesParser
Asegúrate de que:
1. La gramática FlowScriptProcesses.g4 esté en src/main/tlf/
2. ANTLR haya generado las clases en el paquete edu.eam.ingesoft.tlf
3. Las clases estén compiladas

Para generar las clases, ejecuta:
  antlr4 -package edu.eam.ingesoft.tlf FlowScriptProcesses.g4
  javac *.java
	at org.junit.jupiter.api.AssertionUtils.fail(AssertionUtils.java:38)
	at org.junit.jupiter.api.Assertions.fail(Assertions.java:138)
	at edu.eam.ingesoft.tlf.tester.FlowScriptProcessesTest.parseWithReflection(FlowScriptProcessesTest.java:212)
	at edu.eam.ingesoft.tlf.tester.FlowScriptProcessesTest.lambda$createTestsFromYaml$2(FlowScriptProcessesTest.java:118)
	at java.base/java.util.Optional.ifPresent(Optional.java:178)
	at java.base/java.util.ArrayList.forEach(ArrayList.java:1604)
	at java.base/java.util.ArrayList.forEach(ArrayList.java:1604)
]]></failure>
  </testcase>
  <testcase name="testFlowScriptProcesses" classname="edu.eam.ingesoft.tlf.tester.FlowScriptProcessesTest" time="0.0">
    <failure message="No se pudieron encontrar las clases del lexer o parser.&#10;Clases esperadas:&#10;  - FlowScriptProcessesLexer&#10;  - FlowScriptProcessesParser&#10;Asegúrate de que:&#10;1. La gramática FlowScriptProcesses.g4 esté en src/main/tlf/&#10;2. ANTLR haya generado las clases en el paquete edu.eam.ingesoft.tlf&#10;3. Las clases estén compiladas&#10;&#10;Para generar las clases, ejecuta:&#10;  antlr4 -package edu.eam.ingesoft.tlf FlowScriptProcesses.g4&#10;  javac *.java" type="org.opentest4j.AssertionFailedError"><![CDATA[org.opentest4j.AssertionFailedError: 
No se pudieron encontrar las clases del lexer o parser.
Clases esperadas:
  - FlowScriptProcessesLexer
  - FlowScriptProcessesParser
Asegúrate de que:
1. La gramática FlowScriptProcesses.g4 esté en src/main/tlf/
2. ANTLR haya generado las clases en el paquete edu.eam.ingesoft.tlf
3. Las clases estén compiladas

Para generar las clases, ejecuta:
  antlr4 -package edu.eam.ingesoft.tlf FlowScriptProcesses.g4
  javac *.java
	at org.junit.jupiter.api.AssertionUtils.fail(AssertionUtils.java:38)
	at org.junit.jupiter.api.Assertions.fail(Assertions.java:138)
	at edu.eam.ingesoft.tlf.tester.FlowScriptProcessesTest.parseWithReflection(FlowScriptProcessesTest.java:212)
	at edu.eam.ingesoft.tlf.tester.FlowScriptProcessesTest.lambda$createTestsFromYaml$2(FlowScriptProcessesTest.java:118)
	at java.base/java.util.Optional.ifPresent(Optional.java:178)
	at java.base/java.util.ArrayList.forEach(ArrayList.java:1604)
	at java.base/java.util.ArrayList.forEach(ArrayList.java:1604)
]]></failure>
  </testcase>
</testsuite>