<?xml version="1.0" encoding="UTF-8"?>
<testsuite xmlns:xsi="http://www.w3.org/2001/XMLSchema-instance" xsi:noNamespaceSchemaLocation="https://maven.apache.org/surefire/maven-surefire-plugin/xsd/surefire-test-report-3.0.xsd" version="3.0" name="edu.eam.ingesoft.tlf.tester.FlowScriptFunctionsTest" time="0.162" tests="49" errors="0" skipped="0" failures="49">
  <properties>
[...]
</properties>
  <testcase name="testFlowScriptFunctions" classname="edu.eam.ingesoft.tlf.tester.FlowScriptFunctionsTest" time="0.015">
    <failure message="No se pudieron encontrar las clases del lexer o parser.&#10;Clases esperadas:&#10;  - FlowScriptFunctionsLexer&#10;  - FlowScriptFunctionsParser&#10;Asegúrate de que:&#10;1. La gramática FlowScriptFunctions.g4 esté en src/main/tlf/&#10;2. ANTLR haya generado las clases en el paquete edu.eam.ingesoft.tlf&#10;3. Las clases estén compiladas" type="org.opentest4j.AssertionFailedError"><![CDATA[org.opentest4j.AssertionFailedError: 
No se pudieron encontrar las clases del lexer o parser.
Clases esperadas:
  - FlowScriptFunctionsLexer
  - FlowScriptFunctionsParser
Asegúrate de que:
1. La gramática FlowScriptFunctions.g4 esté en src/main/tlf/
2. ANTLR haya generado las clases en el paquete edu.eam.ingesoft.tlf
3. Las clases estén compiladas
	at org.junit.jupiter.api.AssertionUtils.fail(AssertionUtils.java:38)
	at org.junit.jupiter.api.Assertions.fail(Assertions.java:138)
	at edu.eam.ingesoft.tlf.tester.FlowScriptFunctionsTest.parseWithReflection(FlowScriptFunctionsTest.java:212)
	at edu.eam.ingesoft.tlf.tester.FlowScriptFunctionsTest.lambda$createTestsFromYaml$1(FlowScriptFunctionsTest.java:118)
	at java.base/java.util.Optional.ifPresent(Optional.java:178)
	at java.base/java.util.ArrayList.forEach(ArrayList.java:1597)
	at java.base/java.util.ArrayList.forEach(ArrayList.java:1597)
]]></failure>
    <system-out><![CDATA[
================================================================================
INICIANDO PRUEBAS DE GRAMÁTICA: FlowScript Functions
================================================================================
Probando sistema completo de funciones FlowScript
Incluye: declaraciones, parámetros, tipos, control de flujo, recursión

Cargados 49 casos de prueba desde flowscript-functions.yaml
  • Casos válidos esperados: 32
  • Casos inválidos esperados: 17

]]></system-out>
  </testcase>
  <testcase name="testFlowScriptFunctions" classname="edu.eam.ingesoft.tlf.tester.FlowScriptFunctionsTest" time="0.003">
    <failure message="No se pudieron encontrar las clases del lexer o parser.&#10;Clases esperadas:&#10;  - FlowScriptFunctionsLexer&#10;  - FlowScriptFunctionsParser&#10;Asegúrate de que:&#10;1. La gramática FlowScriptFunctions.g4 esté en src/main/tlf/&#10;2. ANTLR haya generado las clases en el paquete edu.eam.ingesoft.tlf&#10;3. Las clases estén compiladas" type="org.opentest4j.AssertionFailedError"><![CDATA[org.opentest4j.AssertionFailedError: 
No se pudieron encontrar las clases del lexer o parser.
Clases esperadas:
  - FlowScriptFunctionsLexer
  - FlowScriptFunctionsParser
Asegúrate de que:
1. La gramática FlowScriptFunctions.g4 esté en src/main/tlf/
2. ANTLR haya generado las clases en el paquete edu.eam.ingesoft.tlf
3. Las clases estén compiladas
	at org.junit.jupiter.api.AssertionUtils.fail(AssertionUtils.java:38)
	at org.junit.jupiter.api.Assertions.fail(Assertions.java:138)
	at edu.eam.ingesoft.tlf.tester.FlowScriptFunctionsTest.parseWithReflection(FlowScriptFunctionsTest.java:212)
	at edu.eam.ingesoft.tlf.tester.FlowScriptFunctionsTest.lambda$createTestsFromYaml$1(FlowScriptFunctionsTest.java:118)
	at java.base/java.util.Optional.ifPresent(Optional.java:178)
	at java.base/java.util.ArrayList.forEach(ArrayList.java:1597)
	at java.base/java.util.ArrayList.forEach(ArrayList.java:1597)
]]></failure>
  </testcase>
  <testcase name="testFlowScriptFunctions" classname="edu.eam.ingesoft.tlf.tester.FlowScriptFunctionsTest" time="0.003">
    <failure message="No se pudieron encontrar las clases del lexer o parser.&#10;Clases esperadas:&#10;  - FlowScriptFunctionsLexer&#10;  - FlowScriptFunctionsParser&#10;Asegúrate de que:&#10;1. La gramática FlowScriptFunctions.g4 esté en src/main/tlf/&#10;2. ANTLR haya generado las clases en el paquete edu.eam.ingesoft.tlf&#10;3. Las clases estén compiladas" type="org.opentest4j.AssertionFailedError"><![CDATA[org.opentest4j.AssertionFailedError: 
No se pudieron encontrar las clases del lexer o parser.
Clases esperadas:
  - FlowScriptFunctionsLexer
  - FlowScriptFunctionsParser
Asegúrate de que:
1. La gramática FlowScriptFunctions.g4 esté en src/main/tlf/
2. ANTLR haya generado las clases en el paquete edu.eam.ingesoft.tlf
3. Las clases estén compiladas
	at org.junit.jupiter.api.AssertionUtils.fail(AssertionUtils.java:38)
	at org.junit.jupiter.api.Assertions.fail(Assertions.java:138)
	at edu.eam.ingesoft.tlf.tester.FlowScriptFunctionsTest.parseWithReflection(FlowScriptFunctionsTest.java:212)
	at edu.eam.ingesoft.tlf.tester.FlowScriptFunctionsTest.lambda$createTestsFromYaml$1(FlowScriptFunctionsTest.java:118)
	at java.base/java.util.Optional.ifPresent(Optional.java:178)
	at java.base/java.util.ArrayList.forEach(ArrayList.java:1597)
	at java.base/java.util.ArrayList.forEach(ArrayList.java:1597)
]]></failure>
  </testcase>
  <testcase name="testFlowScriptFunctions" classname="edu.eam.ingesoft.tlf.tester.FlowScriptFunctionsTest" time="0.001">
    <failure message="No se pudieron encontrar las clases del lexer o parser.&#10;Clases esperadas:&#10;  - FlowScriptFunctionsLexer&#10;  - FlowScriptFunctionsParser&#10;Asegúrate de que:&#10;1. La gramática FlowScriptFunctions.g4 esté en src/main/tlf/&#10;2. ANTLR haya generado las clases en el paquete edu.eam.ingesoft.tlf&#10;3. Las clases estén compiladas" type="org.opentest4j.AssertionFailedError"><![CDATA[org.opentest4j.AssertionFailedError: 
No se pudieron encontrar las clases del lexer o parser.
Clases esperadas:
  - FlowScriptFunctionsLexer
  - FlowScriptFunctionsParser
Asegúrate de que:
1. La gramática FlowScriptFunctions.g4 esté en src/main/tlf/
2. ANTLR haya generado las clases en el paquete edu.eam.ingesoft.tlf
3. Las clases estén compiladas
	at org.junit.jupiter.api.AssertionUtils.fail(AssertionUtils.java:38)
	at org.junit.jupiter.api.Assertions.fail(Assertions.java:138)
	at edu.eam.ingesoft.tlf.tester.FlowScriptFunctionsTest.parseWithReflection(FlowScriptFunctionsTest.java:212)
	at edu.eam.ingesoft.tlf.tester.FlowScriptFunctionsTest.lambda$createTestsFromYaml$1(FlowScriptFunctionsTest.java:118)
	at java.base/java.util.Optional.ifPresent(Optional.java:178)
	at java.base/java.util.ArrayList.forEach(ArrayList.java:1597)
	at java.base/java.util.ArrayList.forEach(ArrayList.java:1597)
]]></failure>
  </testcase>
  <testcase name="testFlowScriptFunctions" classname="edu.eam.ingesoft.tlf.tester.FlowScriptFunctionsTest" time="0.0">
    <failure message="No se pudieron encontrar las clases del lexer o parser.&#10;Clases esperadas:&#10;  - FlowScriptFunctionsLexer&#10;  - FlowScriptFunctionsParser&#10;Asegúrate de que:&#10;1. La gramática FlowScriptFunctions.g4 esté en src/main/tlf/&#10;2. ANTLR haya generado las clases en el paquete edu.eam.ingesoft.tlf&#10;3. Las clases estén compiladas" type="org.opentest4j.AssertionFailedError"><![CDATA[org.opentest4j.AssertionFailedError: 
No se pudieron encontrar las clases del lexer o parser.
Clases esperadas:
  - FlowScriptFunctionsLexer
  - FlowScriptFunctionsParser
Asegúrate de que:
1. La gramática FlowScriptFunctions.g4 esté en src/main/tlf/
2. ANTLR haya generado las clases en el paquete edu.eam.ingesoft.tlf
3. Las clases estén compiladas
	at org.junit.jupiter.api.AssertionUtils.fail(AssertionUtils.java:38)
	at org.junit.jupiter.api.Assertions.fail(Assertions.java:138)
	at edu.eam.ingesoft.tlf.tester.FlowScriptFunctionsTest.parseWithReflection(FlowScriptFunctionsTest.java:212)
	at edu.eam.ingesoft.tlf.tester.FlowScriptFunctionsTest.lambda$createTestsFromYaml$1(FlowScriptFunctionsTest.java:118)
	at java.base/java.util.Optional.ifPresent(Optional.java:178)
	at java.base/java.util.ArrayList.forEach(ArrayList.java:1597)
	at java.base/java.util.ArrayList.forEach(ArrayList.java:1597)
]]></failure>
  </testcase>
  <testcase name="testFlowScriptFunctions" classname="edu.eam.ingesoft.tlf.tester.FlowScriptFunctionsTest" time="0.001">
    <failure message="No se pudieron encontrar las clases del lexer o parser.&#10;Clases esperadas:&#10;  - FlowScriptFunctionsLexer&#10;  - FlowScriptFunctionsParser&#10;Asegúrate de que:&#10;1. La gramática FlowScriptFunctions.g4 esté en src/main/tlf/&#10;2. ANTLR haya generado las clases en el paquete edu.eam.ingesoft.tlf&#10;3. Las clases estén compiladas" type="org.opentest4j.AssertionFailedError"><![CDATA[org.opentest4j.AssertionFailedError: 
No se pudieron encontrar las clases del lexer o parser.
Clases esperadas:
  - FlowScriptFunctionsLexer
  - FlowScriptFunctionsParser
Asegúrate de que:
1. La gramática FlowScriptFunctions.g4 esté en src/main/tlf/
2. ANTLR haya generado las clases en el paquete edu.eam.ingesoft.tlf
3. Las clases estén compiladas
	at org.junit.jupiter.api.AssertionUtils.fail(AssertionUtils.java:38)
	at org.junit.jupiter.api.Assertions.fail(Assertions.java:138)
	at edu.eam.ingesoft.tlf.tester.FlowScriptFunctionsTest.parseWithReflection(FlowScriptFunctionsTest.java:212)
	at edu.eam.ingesoft.tlf.tester.FlowScriptFunctionsTest.lambda$createTestsFromYaml$1(FlowScriptFunctionsTest.java:118)
	at java.base/java.util.Optional.ifPresent(Optional.java:178)
	at java.base/java.util.ArrayList.forEach(ArrayList.java:1597)
	at java.base/java.util.ArrayList.forEach(ArrayList.java:1597)
]]></failure>
  </testcase>
  <testcase name="testFlowScriptFunctions" classname="edu.eam.ingesoft.tlf.tester.FlowScriptFunctionsTest" time="0.001">
    <failure message="No se pudieron encontrar las clases del lexer o parser.&#10;Clases esperadas:&#10;  - FlowScriptFunctionsLexer&#10;  - FlowScriptFunctionsParser&#10;Asegúrate de que:&#10;1. La gramática FlowScriptFunctions.g4 esté en src/main/tlf/&#10;2. ANTLR haya generado las clases en el paquete edu.eam.ingesoft.tlf&#10;3. Las clases estén compiladas" type="org.opentest4j.AssertionFailedError"><![CDATA[org.opentest4j.AssertionFailedError: 
No se pudieron encontrar las clases del lexer o parser.
Clases esperadas:
  - FlowScriptFunctionsLexer
  - FlowScriptFunctionsParser
Asegúrate de que:
1. La gramática FlowScriptFunctions.g4 esté en src/main/tlf/
2. ANTLR haya generado las clases en el paquete edu.eam.ingesoft.tlf
3. Las clases estén compiladas
	at org.junit.jupiter.api.AssertionUtils.fail(AssertionUtils.java:38)
	at org.junit.jupiter.api.Assertions.fail(Assertions.java:138)
	at edu.eam.ingesoft.tlf.tester.FlowScriptFunctionsTest.parseWithReflection(FlowScriptFunctionsTest.java:212)
	at edu.eam.ingesoft.tlf.tester.FlowScriptFunctionsTest.lambda$createTestsFromYaml$1(FlowScriptFunctionsTest.java:118)
	at java.base/java.util.Optional.ifPresent(Optional.java:178)
	at java.base/java.util.ArrayList.forEach(ArrayList.java:1597)
	at java.base/java.util.ArrayList.forEach(ArrayList.java:1597)
]]></failure>
  </testcase>
  <testcase name="testFlowScriptFunctions" classname="edu.eam.ingesoft.tlf.tester.FlowScriptFunctionsTest" time="0.0">
    <failure message="No se pudieron encontrar las clases del lexer o parser.&#10;Clases esperadas:&#10;  - FlowScriptFunctionsLexer&#10;  - FlowScriptFunctionsParser&#10;Asegúrate de que:&#10;1. La gramática FlowScriptFunctions.g4 esté en src/main/tlf/&#10;2. ANTLR haya generado las clases en el paquete edu.eam.ingesoft.tlf&#10;3. Las clases estén compiladas" type="org.opentest4j.AssertionFailedError"><![CDATA[org.opentest4j.AssertionFailedError: 
No se pudieron encontrar las clases del lexer o parser.
Clases esperadas:
  - FlowScriptFunctionsLexer
  - FlowScriptFunctionsParser
Asegúrate de que:
1. La gramática FlowScriptFunctions.g4 esté en src/main/tlf/
2. ANTLR haya generado las clases en el paquete edu.eam.ingesoft.tlf
3. Las clases estén compiladas
	at org.junit.jupiter.api.AssertionUtils.fail(AssertionUtils.java:38)
	at org.junit.jupiter.api.Assertions.fail(Assertions.java:138)
	at edu.eam.ingesoft.tlf.tester.FlowScriptFunctionsTest.parseWithReflection(FlowScriptFunctionsTest.java:212)
	at edu.eam.ingesoft.tlf.tester.FlowScriptFunctionsTest.lambda$createTestsFromYaml$1(FlowScriptFunctionsTest.java:118)
	at java.base/java.util.Optional.ifPresent(Optional.java:178)
	at java.base/java.util.ArrayList.forEach(ArrayList.java:1597)
	at java.base/java.util.ArrayList.forEach(ArrayList.java:1597)
]]></failure>
  </testcase>
  <testcase name="testFlowScriptFunctions" classname="edu.eam.ingesoft.tlf.tester.FlowScriptFunctionsTest" time="0.001">
    <failure message="No se pudieron encontrar las clases del lexer o parser.&#10;Clases esperadas:&#10;  - FlowScriptFunctionsLexer&#10;  - FlowScriptFunctionsParser&#10;Asegúrate de que:&#10;1. La gramática FlowScriptFunctions.g4 esté en src/main/tlf/&#10;2. ANTLR haya generado las clases en el paquete edu.eam.ingesoft.tlf&#10;3. Las clases estén compiladas" type="org.opentest4j.AssertionFailedError"><![CDATA[org.opentest4j.AssertionFailedError: 
No se pudieron encontrar las clases del lexer o parser.
Clases esperadas:
  - FlowScriptFunctionsLexer
  - FlowScriptFunctionsParser
Asegúrate de que:
1. La gramática FlowScriptFunctions.g4 esté en src/main/tlf/
2. ANTLR haya generado las clases en el paquete edu.eam.ingesoft.tlf
3. Las clases estén compiladas
	at org.junit.jupiter.api.AssertionUtils.fail(AssertionUtils.java:38)
	at org.junit.jupiter.api.Assertions.fail(Assertions.java:138)
	at edu.eam.ingesoft.tlf.tester.FlowScriptFunctionsTest.parseWithReflection(FlowScriptFunctionsTest.java:212)
	at edu.eam.ingesoft.tlf.tester.FlowScriptFunctionsTest.lambda$createTestsFromYaml$1(FlowScriptFunctionsTest.java:118)
	at java.base/java.util.Optional.ifPresent(Optional.java:178)
	at java.base/java.util.ArrayList.forEach(ArrayList.java:1597)
	at java.base/java.util.ArrayList.forEach(ArrayList.java:1597)
]]></failure>
  </testcase>
  <testcase name="testFlowScriptFunctions" classname="edu.eam.ingesoft.tlf.tester.FlowScriptFunctionsTest" time="0.001">
    <failure message="No se pudieron encontrar las clases del lexer o parser.&#10;Clases esperadas:&#10;  - FlowScriptFunctionsLexer&#10;  - FlowScriptFunctionsParser&#10;Asegúrate de que:&#10;1. La gramática FlowScriptFunctions.g4 esté en src/main/tlf/&#10;2. ANTLR haya generado las clases en el paquete edu.eam.ingesoft.tlf&#10;3. Las clases estén compiladas" type="org.opentest4j.AssertionFailedError"><![CDATA[org.opentest4j.AssertionFailedError: 
No se pudieron encontrar las clases del lexer o parser.
Clases esperadas:
  - FlowScriptFunctionsLexer
  - FlowScriptFunctionsParser
Asegúrate de que:
1. La gramática FlowScriptFunctions.g4 esté en src/main/tlf/
2. ANTLR haya generado las clases en el paquete edu.eam.ingesoft.tlf
3. Las clases estén compiladas
	at org.junit.jupiter.api.AssertionUtils.fail(AssertionUtils.java:38)
	at org.junit.jupiter.api.Assertions.fail(Assertions.java:138)
	at edu.eam.ingesoft.tlf.tester.FlowScriptFunctionsTest.parseWithReflection(FlowScriptFunctionsTest.java:212)
	at edu.eam.ingesoft.tlf.tester.FlowScriptFunctionsTest.lambda$createTestsFromYaml$1(FlowScriptFunctionsTest.java:118)
	at java.base/java.util.Optional.ifPresent(Optional.java:178)
	at java.base/java.util.ArrayList.forEach(ArrayList.java:1597)
	at java.base/java.util.ArrayList.forEach(ArrayList.java:1597)
]]></failure>
  </testcase>
  <testcase name="testFlowScriptFunctions" classname="edu.eam.ingesoft.tlf.tester.FlowScriptFunctionsTest" time="0.0">
    <failure message="No se pudieron encontrar las clases del lexer o parser.&#10;Clases esperadas:&#10;  - FlowScriptFunctionsLexer&#10;  - FlowScriptFunctionsParser&#10;Asegúrate de que:&#10;1. La gramática FlowScriptFunctions.g4 esté en src/main/tlf/&#10;2. ANTLR haya generado las clases en el paquete edu.eam.ingesoft.tlf&#10;3. Las clases estén compiladas" type="org.opentest4j.AssertionFailedError"><![CDATA[org.opentest4j.AssertionFailedError: 
No se pudieron encontrar las clases del lexer o parser.
Clases esperadas:
  - FlowScriptFunctionsLexer
  - FlowScriptFunctionsParser
Asegúrate de que:
1. La gramática FlowScriptFunctions.g4 esté en src/main/tlf/
2. ANTLR haya generado las clases en el paquete edu.eam.ingesoft.tlf
3. Las clases estén compiladas
	at org.junit.jupiter.api.AssertionUtils.fail(AssertionUtils.java:38)
	at org.junit.jupiter.api.Assertions.fail(Assertions.java:138)
	at edu.eam.ingesoft.tlf.tester.FlowScriptFunctionsTest.parseWithReflection(FlowScriptFunctionsTest.java:212)
	at edu.eam.ingesoft.tlf.tester.FlowScriptFunctionsTest.lambda$createTestsFromYaml$1(FlowScriptFunctionsTest.java:118)
	at java.base/java.util.Optional.ifPresent(Optional.java:178)
	at java.base/java.util.ArrayList.forEach(ArrayList.java:1597)
	at java.base/java.util.ArrayList.forEach(ArrayList.java:1597)
]]></failure>
  </testcase>
  <testcase name="testFlowScriptFunctions" classname="edu.eam.ingesoft.tlf.tester.FlowScriptFunctionsTest" time="0.0">
    <failure message="No se pudieron encontrar las clases del lexer o parser.&#10;Clases esperadas:&#10;  - FlowScriptFunctionsLexer&#10;  - FlowScriptFunctionsParser&#10;Asegúrate de que:&#10;1. La gramática FlowScriptFunctions.g4 esté en src/main/tlf/&#10;2. ANTLR haya generado las clases en el paquete edu.eam.ingesoft.tlf&#10;3. Las clases estén compiladas" type="org.opentest4j.AssertionFailedError"><![CDATA[org.opentest4j.AssertionFailedError: 
No se pudieron encontrar las clases del lexer o parser.
Clases esperadas:
  - FlowScriptFunctionsLexer
  - FlowScriptFunctionsParser
Asegúrate de que:
1. La gramática FlowScriptFunctions.g4 esté en src/main/tlf/
2. ANTLR haya generado las clases en el paquete edu.eam.ingesoft.tlf
3. Las clases estén compiladas
	at org.junit.jupiter.api.AssertionUtils.fail(AssertionUtils.java:38)
	at org.junit.jupiter.api.Assertions.fail(Assertions.java:138)
	at edu.eam.ingesoft.tlf.tester.FlowScriptFunctionsTest.parseWithReflection(FlowScriptFunctionsTest.java:212)
	at edu.eam.ingesoft.tlf.tester.FlowScriptFunctionsTest.lambda$createTestsFromYaml$1(FlowScriptFunctionsTest.java:118)
	at java.base/java.util.Optional.ifPresent(Optional.java:178)
	at java.base/java.util.ArrayList.forEach(ArrayList.java:1597)
	at java.base/java.util.ArrayList.forEach(ArrayList.java:1597)
]]></failure>
  </testcase>
  <testcase name="testFlowScriptFunctions" classname="edu.eam.ingesoft.tlf.tester.FlowScriptFunctionsTest" time="0.0">
    <failure message="No se pudieron encontrar las clases del lexer o parser.&#10;Clases esperadas:&#10;  - FlowScriptFunctionsLexer&#10;  - FlowScriptFunctionsParser&#10;Asegúrate de que:&#10;1. La gramática FlowScriptFunctions.g4 esté en src/main/tlf/&#10;2. ANTLR haya generado las clases en el paquete edu.eam.ingesoft.tlf&#10;3. Las clases estén compiladas" type="org.opentest4j.AssertionFailedError"><![CDATA[org.opentest4j.AssertionFailedError: 
No se pudieron encontrar las clases del lexer o parser.
Clases esperadas:
  - FlowScriptFunctionsLexer
  - FlowScriptFunctionsParser
Asegúrate de que:
1. La gramática FlowScriptFunctions.g4 esté en src/main/tlf/
2. ANTLR haya generado las clases en el paquete edu.eam.ingesoft.tlf
3. Las clases estén compiladas
	at org.junit.jupiter.api.AssertionUtils.fail(AssertionUtils.java:38)
	at org.junit.jupiter.api.Assertions.fail(Assertions.java:138)
	at edu.eam.ingesoft.tlf.tester.FlowScriptFunctionsTest.parseWithReflection(FlowScriptFunctionsTest.java:212)
	at edu.eam.ingesoft.tlf.tester.FlowScriptFunctionsTest.lambda$createTestsFromYaml$1(FlowScriptFunctionsTest.java:118)
	at java.base/java.util.Optional.ifPresent(Optional.java:178)
	at java.base/java.util.ArrayList.forEach(ArrayList.java:1597)
	at java.base/java.util.ArrayList.forEach(ArrayList.java:1597)
]]></failure>
  </testcase>
  <testcase name="testFlowScriptFunctions" classname="edu.eam.ingesoft.tlf.tester.FlowScriptFunctionsTest" time="0.001">
    <failure message="No se pudieron encontrar las clases del lexer o parser.&#10;Clases esperadas:&#10;  - FlowScriptFunctionsLexer&#10;  - FlowScriptFunctionsParser&#10;Asegúrate de que:&#10;1. La gramática FlowScriptFunctions.g4 esté en src/main/tlf/&#10;2. ANTLR haya generado las clases en el paquete edu.eam.ingesoft.tlf&#10;3. Las clases estén compiladas" type="org.opentest4j.AssertionFailedError"><![CDATA[org.opentest4j.AssertionFailedError: 
No se pudieron encontrar las clases del lexer o parser.
Clases esperadas:
  - FlowScriptFunctionsLexer
  - FlowScriptFunctionsParser
Asegúrate de que:
1. La gramática FlowScriptFunctions.g4 esté en src/main/tlf/
2. ANTLR haya generado las clases en el paquete edu.eam.ingesoft.tlf
3. Las clases estén compiladas
	at org.junit.jupiter.api.AssertionUtils.fail(AssertionUtils.java:38)
	at org.junit.jupiter.api.Assertions.fail(Assertions.java:138)
	at edu.eam.ingesoft.tlf.tester.FlowScriptFunctionsTest.parseWithReflection(FlowScriptFunctionsTest.java:212)
	at edu.eam.ingesoft.tlf.tester.FlowScriptFunctionsTest.lambda$createTestsFromYaml$1(FlowScriptFunctionsTest.java:118)
	at java.base/java.util.Optional.ifPresent(Optional.java:178)
	at java.base/java.util.ArrayList.forEach(ArrayList.java:1597)
	at java.base/java.util.ArrayList.forEach(ArrayList.java:1597)
]]></failure>
  </testcase>
  <testcase name="testFlowScriptFunctions" classname="edu.eam.ingesoft.tlf.tester.FlowScriptFunctionsTest" time="0.001">
    <failure message="No se pudieron encontrar las clases del lexer o parser.&#10;Clases esperadas:&#10;  - FlowScriptFunctionsLexer&#10;  - FlowScriptFunctionsParser&#10;Asegúrate de que:&#10;1. La gramática FlowScriptFunctions.g4 esté en src/main/tlf/&#10;2. ANTLR haya generado las clases en el paquete edu.eam.ingesoft.tlf&#10;3. Las clases estén compiladas" type="org.opentest4j.AssertionFailedError"><![CDATA[org.opentest4j.AssertionFailedError: 
No se pudieron encontrar las clases del lexer o parser.
Clases esperadas:
  - FlowScriptFunctionsLexer
  - FlowScriptFunctionsParser
Asegúrate de que:
1. La gramática FlowScriptFunctions.g4 esté en src/main/tlf/
2. ANTLR haya generado las clases en el paquete edu.eam.ingesoft.tlf
3. Las clases estén compiladas
	at org.junit.jupiter.api.AssertionUtils.fail(AssertionUtils.java:38)
	at org.junit.jupiter.api.Assertions.fail(Assertions.java:138)
	at edu.eam.ingesoft.tlf.tester.FlowScriptFunctionsTest.parseWithReflection(FlowScriptFunctionsTest.java:212)
	at edu.eam.ingesoft.tlf.tester.FlowScriptFunctionsTest.lambda$createTestsFromYaml$1(FlowScriptFunctionsTest.java:118)
	at java.base/java.util.Optional.ifPresent(Optional.java:178)
	at java.base/java.util.ArrayList.forEach(ArrayList.java:1597)
	at java.base/java.util.ArrayList.forEach(ArrayList.java:1597)
]]></failure>
  </testcase>
  <testcase name="testFlowScriptFunctions" classname="edu.eam.ingesoft.tlf.tester.FlowScriptFunctionsTest" time="0.001">
    <failure message="No se pudieron encontrar las clases del lexer o parser.&#10;Clases esperadas:&#10;  - FlowScriptFunctionsLexer&#10;  - FlowScriptFunctionsParser&#10;Asegúrate de que:&#10;1. La gramática FlowScriptFunctions.g4 esté en src/main/tlf/&#10;2. ANTLR haya generado las clases en el paquete edu.eam.ingesoft.tlf&#10;3. Las clases estén compiladas" type="org.opentest4j.AssertionFailedError"><![CDATA[org.opentest4j.AssertionFailedError: 
No se pudieron encontrar las clases del lexer o parser.
Clases esperadas:
  - FlowScriptFunctionsLexer
  - FlowScriptFunctionsParser
Asegúrate de que:
1. La gramática FlowScriptFunctions.g4 esté en src/main/tlf/
2. ANTLR haya generado las clases en el paquete edu.eam.ingesoft.tlf
3. Las clases estén compiladas
	at org.junit.jupiter.api.AssertionUtils.fail(AssertionUtils.java:38)
	at org.junit.jupiter.api.Assertions.fail(Assertions.java:138)
	at edu.eam.ingesoft.tlf.tester.FlowScriptFunctionsTest.parseWithReflection(FlowScriptFunctionsTest.java:212)
	at edu.eam.ingesoft.tlf.tester.FlowScriptFunctionsTest.lambda$createTestsFromYaml$1(FlowScriptFunctionsTest.java:118)
	at java.base/java.util.Optional.ifPresent(Optional.java:178)
	at java.base/java.util.ArrayList.forEach(ArrayList.java:1597)
	at java.base/java.util.ArrayList.forEach(ArrayList.java:1597)
]]></failure>
  </testcase>
  <testcase name="testFlowScriptFunctions" classname="edu.eam.ingesoft.tlf.tester.FlowScriptFunctionsTest" time="0.001">
    <failure message="No se pudieron encontrar las clases del lexer o parser.&#10;Clases esperadas:&#10;  - FlowScriptFunctionsLexer&#10;  - FlowScriptFunctionsParser&#10;Asegúrate de que:&#10;1. La gramática FlowScriptFunctions.g4 esté en src/main/tlf/&#10;2. ANTLR haya generado las clases en el paquete edu.eam.ingesoft.tlf&#10;3. Las clases estén compiladas" type="org.opentest4j.AssertionFailedError"><![CDATA[org.opentest4j.AssertionFailedError: 
No se pudieron encontrar las clases del lexer o parser.
Clases esperadas:
  - FlowScriptFunctionsLexer
  - FlowScriptFunctionsParser
Asegúrate de que:
1. La gramática FlowScriptFunctions.g4 esté en src/main/tlf/
2. ANTLR haya generado las clases en el paquete edu.eam.ingesoft.tlf
3. Las clases estén compiladas
	at org.junit.jupiter.api.AssertionUtils.fail(AssertionUtils.java:38)
	at org.junit.jupiter.api.Assertions.fail(Assertions.java:138)
	at edu.eam.ingesoft.tlf.tester.FlowScriptFunctionsTest.parseWithReflection(FlowScriptFunctionsTest.java:212)
	at edu.eam.ingesoft.tlf.tester.FlowScriptFunctionsTest.lambda$createTestsFromYaml$1(FlowScriptFunctionsTest.java:118)
	at java.base/java.util.Optional.ifPresent(Optional.java:178)
	at java.base/java.util.ArrayList.forEach(ArrayList.java:1597)
	at java.base/java.util.ArrayList.forEach(ArrayList.java:1597)
]]></failure>
  </testcase>
  <testcase name="testFlowScriptFunctions" classname="edu.eam.ingesoft.tlf.tester.FlowScriptFunctionsTest" time="0.001">
    <failure message="No se pudieron encontrar las clases del lexer o parser.&#10;Clases esperadas:&#10;  - FlowScriptFunctionsLexer&#10;  - FlowScriptFunctionsParser&#10;Asegúrate de que:&#10;1. La gramática FlowScriptFunctions.g4 esté en src/main/tlf/&#10;2. ANTLR haya generado las clases en el paquete edu.eam.ingesoft.tlf&#10;3. Las clases estén compiladas" type="org.opentest4j.AssertionFailedError"><![CDATA[org.opentest4j.AssertionFailedError: 
No se pudieron encontrar las clases del lexer o parser.
Clases esperadas:
  - FlowScriptFunctionsLexer
  - FlowScriptFunctionsParser
Asegúrate de que:
1. La gramática FlowScriptFunctions.g4 esté en src/main/tlf/
2. ANTLR haya generado las clases en el paquete edu.eam.ingesoft.tlf
3. Las clases estén compiladas
	at org.junit.jupiter.api.AssertionUtils.fail(AssertionUtils.java:38)
	at org.junit.jupiter.api.Assertions.fail(Assertions.java:138)
	at edu.eam.ingesoft.tlf.tester.FlowScriptFunctionsTest.parseWithReflection(FlowScriptFunctionsTest.java:212)
	at edu.eam.ingesoft.tlf.tester.FlowScriptFunctionsTest.lambda$createTestsFromYaml$1(FlowScriptFunctionsTest.java:118)
	at java.base/java.util.Optional.ifPresent(Optional.java:178)
	at java.base/java.util.ArrayList.forEach(ArrayList.java:1597)
	at java.base/java.util.ArrayList.forEach(ArrayList.java:1597)
]]></failure>
  </testcase>
  <testcase name="testFlowScriptFunctions" classname="edu.eam.ingesoft.tlf.tester.FlowScriptFunctionsTest" time="0.001">
    <failure message="No se pudieron encontrar las clases del lexer o parser.&#10;Clases esperadas:&#10;  - FlowScriptFunctionsLexer&#10;  - FlowScriptFunctionsParser&#10;Asegúrate de que:&#10;1. La gramática FlowScriptFunctions.g4 esté en src/main/tlf/&#10;2. ANTLR haya generado las clases en el paquete edu.eam.ingesoft.tlf&#10;3. Las clases estén compiladas" type="org.opentest4j.AssertionFailedError"><![CDATA[org.opentest4j.AssertionFailedError: 
No se pudieron encontrar las clases del lexer o parser.
Clases esperadas:
  - FlowScriptFunctionsLexer
  - FlowScriptFunctionsParser
Asegúrate de que:
1. La gramática FlowScriptFunctions.g4 esté en src/main/tlf/
2. ANTLR haya generado las clases en el paquete edu.eam.ingesoft.tlf
3. Las clases estén compiladas
	at org.junit.jupiter.api.AssertionUtils.fail(AssertionUtils.java:38)
	at org.junit.jupiter.api.Assertions.fail(Assertions.java:138)
	at edu.eam.ingesoft.tlf.tester.FlowScriptFunctionsTest.parseWithReflection(FlowScriptFunctionsTest.java:212)
	at edu.eam.ingesoft.tlf.tester.FlowScriptFunctionsTest.lambda$createTestsFromYaml$1(FlowScriptFunctionsTest.java:118)
	at java.base/java.util.Optional.ifPresent(Optional.java:178)
	at java.base/java.util.ArrayList.forEach(ArrayList.java:1597)
	at java.base/java.util.ArrayList.forEach(ArrayList.java:1597)
]]></failure>
  </testcase>
  <testcase name="testFlowScriptFunctions" classname="edu.eam.ingesoft.tlf.tester.FlowScriptFunctionsTest" time="0.001">
    <failure message="No se pudieron encontrar las clases del lexer o parser.&#10;Clases esperadas:&#10;  - FlowScriptFunctionsLexer&#10;  - FlowScriptFunctionsParser&#10;Asegúrate de que:&#10;1. La gramática FlowScriptFunctions.g4 esté en src/main/tlf/&#10;2. ANTLR haya generado las clases en el paquete edu.eam.ingesoft.tlf&#10;3. Las clases estén compiladas" type="org.opentest4j.AssertionFailedError"><![CDATA[org.opentest4j.AssertionFailedError: 
No se pudieron encontrar las clases del lexer o parser.
Clases esperadas:
  - FlowScriptFunctionsLexer
  - FlowScriptFunctionsParser
Asegúrate de que:
1. La gramática FlowScriptFunctions.g4 esté en src/main/tlf/
2. ANTLR haya generado las clases en el paquete edu.eam.ingesoft.tlf
3. Las clases estén compiladas
	at org.junit.jupiter.api.AssertionUtils.fail(AssertionUtils.java:38)
	at org.junit.jupiter.api.Assertions.fail(Assertions.java:138)
	at edu.eam.ingesoft.tlf.tester.FlowScriptFunctionsTest.parseWithReflection(FlowScriptFunctionsTest.java:212)
	at edu.eam.ingesoft.tlf.tester.FlowScriptFunctionsTest.lambda$createTestsFromYaml$1(FlowScriptFunctionsTest.java:118)
	at java.base/java.util.Optional.ifPresent(Optional.java:178)
	at java.base/java.util.ArrayList.forEach(ArrayList.java:1597)
	at java.base/java.util.ArrayList.forEach(ArrayList.java:1597)
]]></failure>
  </testcase>
  <testcase name="testFlowScriptFunctions" classname="edu.eam.ingesoft.tlf.tester.FlowScriptFunctionsTest" time="0.001">
    <failure message="No se pudieron encontrar las clases del lexer o parser.&#10;Clases esperadas:&#10;  - FlowScriptFunctionsLexer&#10;  - FlowScriptFunctionsParser&#10;Asegúrate de que:&#10;1. La gramática FlowScriptFunctions.g4 esté en src/main/tlf/&#10;2. ANTLR haya generado las clases en el paquete edu.eam.ingesoft.tlf&#10;3. Las clases estén compiladas" type="org.opentest4j.AssertionFailedError"><![CDATA[org.opentest4j.AssertionFailedError: 
No se pudieron encontrar las clases del lexer o parser.
Clases esperadas:
  - FlowScriptFunctionsLexer
  - FlowScriptFunctionsParser
Asegúrate de que:
1. La gramática FlowScriptFunctions.g4 esté en src/main/tlf/
2. ANTLR haya generado las clases en el paquete edu.eam.ingesoft.tlf
3. Las clases estén compiladas
	at org.junit.jupiter.api.AssertionUtils.fail(AssertionUtils.java:38)
	at org.junit.jupiter.api.Assertions.fail(Assertions.java:138)
	at edu.eam.ingesoft.tlf.tester.FlowScriptFunctionsTest.parseWithReflection(FlowScriptFunctionsTest.java:212)
	at edu.eam.ingesoft.tlf.tester.FlowScriptFunctionsTest.lambda$createTestsFromYaml$1(FlowScriptFunctionsTest.java:118)
	at java.base/java.util.Optional.ifPresent(Optional.java:178)
	at java.base/java.util.ArrayList.forEach(ArrayList.java:1597)
	at java.base/java.util.ArrayList.forEach(ArrayList.java:1597)
]]></failure>
  </testcase>
  <testcase name="testFlowScriptFunctions" classname="edu.eam.ingesoft.tlf.tester.FlowScriptFunctionsTest" time="0.001">
    <failure message="No se pudieron encontrar las clases del lexer o parser.&#10;Clases esperadas:&#10;  - FlowScriptFunctionsLexer&#10;  - FlowScriptFunctionsParser&#10;Asegúrate de que:&#10;1. La gramática FlowScriptFunctions.g4 esté en src/main/tlf/&#10;2. ANTLR haya generado las clases en el paquete edu.eam.ingesoft.tlf&#10;3. Las clases estén compiladas" type="org.opentest4j.AssertionFailedError"><![CDATA[org.opentest4j.AssertionFailedError: 
No se pudieron encontrar las clases del lexer o parser.
Clases esperadas:
  - FlowScriptFunctionsLexer
  - FlowScriptFunctionsParser
Asegúrate de que:
1. La gramática FlowScriptFunctions.g4 esté en src/main/tlf/
2. ANTLR haya generado las clases en el paquete edu.eam.ingesoft.tlf
3. Las clases estén compiladas
	at org.junit.jupiter.api.AssertionUtils.fail(AssertionUtils.java:38)
	at org.junit.jupiter.api.Assertions.fail(Assertions.java:138)
	at edu.eam.ingesoft.tlf.tester.FlowScriptFunctionsTest.parseWithReflection(FlowScriptFunctionsTest.java:212)
	at edu.eam.ingesoft.tlf.tester.FlowScriptFunctionsTest.lambda$createTestsFromYaml$1(FlowScriptFunctionsTest.java:118)
	at java.base/java.util.Optional.ifPresent(Optional.java:178)
	at java.base/java.util.ArrayList.forEach(ArrayList.java:1597)
	at java.base/java.util.ArrayList.forEach(ArrayList.java:1597)
]]></failure>
  </testcase>
  <testcase name="testFlowScriptFunctions" classname="edu.eam.ingesoft.tlf.tester.FlowScriptFunctionsTest" time="0.0">
    <failure message="No se pudieron encontrar las clases del lexer o parser.&#10;Clases esperadas:&#10;  - FlowScriptFunctionsLexer&#10;  - FlowScriptFunctionsParser&#10;Asegúrate de que:&#10;1. La gramática FlowScriptFunctions.g4 esté en src/main/tlf/&#10;2. ANTLR haya generado las clases en el paquete edu.eam.ingesoft.tlf&#10;3. Las clases estén compiladas" type="org.opentest4j.AssertionFailedError"><![CDATA[org.opentest4j.AssertionFailedError: 
No se pudieron encontrar las clases del lexer o parser.
Clases esperadas:
  - FlowScriptFunctionsLexer
  - FlowScriptFunctionsParser
Asegúrate de que:
1. La gramática FlowScriptFunctions.g4 esté en src/main/tlf/
2. ANTLR haya generado las clases en el paquete edu.eam.ingesoft.tlf
3. Las clases estén compiladas
	at org.junit.jupiter.api.AssertionUtils.fail(AssertionUtils.java:38)
	at org.junit.jupiter.api.Assertions.fail(Assertions.java:138)
	at edu.eam.ingesoft.tlf.tester.FlowScriptFunctionsTest.parseWithReflection(FlowScriptFunctionsTest.java:212)
	at edu.eam.ingesoft.tlf.tester.FlowScriptFunctionsTest.lambda$createTestsFromYaml$1(FlowScriptFunctionsTest.java:118)
	at java.base/java.util.Optional.ifPresent(Optional.java:178)
	at java.base/java.util.ArrayList.forEach(ArrayList.java:1597)
	at java.base/java.util.ArrayList.forEach(ArrayList.java:1597)
]]></failure>
  </testcase>
  <testcase name="testFlowScriptFunctions" classname="edu.eam.ingesoft.tlf.tester.FlowScriptFunctionsTest" time="0.0">
    <failure message="No se pudieron encontrar las clases del lexer o parser.&#10;Clases esperadas:&#10;  - FlowScriptFunctionsLexer&#10;  - FlowScriptFunctionsParser&#10;Asegúrate de que:&#10;1. La gramática FlowScriptFunctions.g4 esté en src/main/tlf/&#10;2. ANTLR haya generado las clases en el paquete edu.eam.ingesoft.tlf&#10;3. Las clases estén compiladas" type="org.opentest4j.AssertionFailedError"><![CDATA[org.opentest4j.AssertionFailedError: 
No se pudieron encontrar las clases del lexer o parser.
Clases esperadas:
  - FlowScriptFunctionsLexer
  - FlowScriptFunctionsParser
Asegúrate de que:
1. La gramática FlowScriptFunctions.g4 esté en src/main/tlf/
2. ANTLR haya generado las clases en el paquete edu.eam.ingesoft.tlf
3. Las clases estén compiladas
	at org.junit.jupiter.api.AssertionUtils.fail(AssertionUtils.java:38)
	at org.junit.jupiter.api.Assertions.fail(Assertions.java:138)
	at edu.eam.ingesoft.tlf.tester.FlowScriptFunctionsTest.parseWithReflection(FlowScriptFunctionsTest.java:212)
	at edu.eam.ingesoft.tlf.tester.FlowScriptFunctionsTest.lambda$createTestsFromYaml$1(FlowScriptFunctionsTest.java:118)
	at java.base/java.util.Optional.ifPresent(Optional.java:178)
	at java.base/java.util.ArrayList.forEach(ArrayList.java:1597)
	at java.base/java.util.ArrayList.forEach(ArrayList.java:1597)
]]></failure>
  </testcase>
  <testcase name="testFlowScriptFunctions" classname="edu.eam.ingesoft.tlf.tester.FlowScriptFunctionsTest" time="0.001">
    <failure message="No se pudieron encontrar las clases del lexer o parser.&#10;Clases esperadas:&#10;  - FlowScriptFunctionsLexer&#10;  - FlowScriptFunctionsParser&#10;Asegúrate de que:&#10;1. La gramática FlowScriptFunctions.g4 esté en src/main/tlf/&#10;2. ANTLR haya generado las clases en el paquete edu.eam.ingesoft.tlf&#10;3. Las clases estén compiladas" type="org.opentest4j.AssertionFailedError"><![CDATA[org.opentest4j.AssertionFailedError: 
No se pudieron encontrar las clases del lexer o parser.
Clases esperadas:
  - FlowScriptFunctionsLexer
  - FlowScriptFunctionsParser
Asegúrate de que:
1. La gramática FlowScriptFunctions.g4 esté en src/main/tlf/
2. ANTLR haya generado las clases en el paquete edu.eam.ingesoft.tlf
3. Las clases estén compiladas
	at org.junit.jupiter.api.AssertionUtils.fail(AssertionUtils.java:38)
	at org.junit.jupiter.api.Assertions.fail(Assertions.java:138)
	at edu.eam.ingesoft.tlf.tester.FlowScriptFunctionsTest.parseWithReflection(FlowScriptFunctionsTest.java:212)
	at edu.eam.ingesoft.tlf.tester.FlowScriptFunctionsTest.lambda$createTestsFromYaml$1(FlowScriptFunctionsTest.java:118)
	at java.base/java.util.Optional.ifPresent(Optional.java:178)
	at java.base/java.util.ArrayList.forEach(ArrayList.java:1597)
	at java.base/java.util.ArrayList.forEach(ArrayList.java:1597)
]]></failure>
  </testcase>
  <testcase name="testFlowScriptFunctions" classname="edu.eam.ingesoft.tlf.tester.FlowScriptFunctionsTest" time="0.001">
    <failure message="No se pudieron encontrar las clases del lexer o parser.&#10;Clases esperadas:&#10;  - FlowScriptFunctionsLexer&#10;  - FlowScriptFunctionsParser&#10;Asegúrate de que:&#10;1. La gramática FlowScriptFunctions.g4 esté en src/main/tlf/&#10;2. ANTLR haya generado las clases en el paquete edu.eam.ingesoft.tlf&#10;3. Las clases estén compiladas" type="org.opentest4j.AssertionFailedError"><![CDATA[org.opentest4j.AssertionFailedError: 
No se pudieron encontrar las clases del lexer o parser.
Clases esperadas:
  - FlowScriptFunctionsLexer
  - FlowScriptFunctionsParser
Asegúrate de que:
1. La gramática FlowScriptFunctions.g4 esté en src/main/tlf/
2. ANTLR haya generado las clases en el paquete edu.eam.ingesoft.tlf
3. Las clases estén compiladas
	at org.junit.jupiter.api.AssertionUtils.fail(AssertionUtils.java:38)
	at org.junit.jupiter.api.Assertions.fail(Assertions.java:138)
	at edu.eam.ingesoft.tlf.tester.FlowScriptFunctionsTest.parseWithReflection(FlowScriptFunctionsTest.java:212)
	at edu.eam.ingesoft.tlf.tester.FlowScriptFunctionsTest.lambda$createTestsFromYaml$1(FlowScriptFunctionsTest.java:118)
	at java.base/java.util.Optional.ifPresent(Optional.java:178)
	at java.base/java.util.ArrayList.forEach(ArrayList.java:1597)
	at java.base/java.util.ArrayList.forEach(ArrayList.java:1597)
]]></failure>
  </testcase>
  <testcase name="testFlowScriptFunctions" classname="edu.eam.ingesoft.tlf.tester.FlowScriptFunctionsTest" time="0.001">
    <failure message="No se pudieron encontrar las clases del lexer o parser.&#10;Clases esperadas:&#10;  - FlowScriptFunctionsLexer&#10;  - FlowScriptFunctionsParser&#10;Asegúrate de que:&#10;1. La gramática FlowScriptFunctions.g4 esté en src/main/tlf/&#10;2. ANTLR haya generado las clases en el paquete edu.eam.ingesoft.tlf&#10;3. Las clases estén compiladas" type="org.opentest4j.AssertionFailedError"><![CDATA[org.opentest4j.AssertionFailedError: 
No se pudieron encontrar las clases del lexer o parser.
Clases esperadas:
  - FlowScriptFunctionsLexer
  - FlowScriptFunctionsParser
Asegúrate de que:
1. La gramática FlowScriptFunctions.g4 esté en src/main/tlf/
2. ANTLR haya generado las clases en el paquete edu.eam.ingesoft.tlf
3. Las clases estén compiladas
	at org.junit.jupiter.api.AssertionUtils.fail(AssertionUtils.java:38)
	at org.junit.jupiter.api.Assertions.fail(Assertions.java:138)
	at edu.eam.ingesoft.tlf.tester.FlowScriptFunctionsTest.parseWithReflection(FlowScriptFunctionsTest.java:212)
	at edu.eam.ingesoft.tlf.tester.FlowScriptFunctionsTest.lambda$createTestsFromYaml$1(FlowScriptFunctionsTest.java:118)
	at java.base/java.util.Optional.ifPresent(Optional.java:178)
	at java.base/java.util.ArrayList.forEach(ArrayList.java:1597)
	at java.base/java.util.ArrayList.forEach(ArrayList.java:1597)
]]></failure>
  </testcase>
  <testcase name="testFlowScriptFunctions" classname="edu.eam.ingesoft.tlf.tester.FlowScriptFunctionsTest" time="0.001">
    <failure message="No se pudieron encontrar las clases del lexer o parser.&#10;Clases esperadas:&#10;  - FlowScriptFunctionsLexer&#10;  - FlowScriptFunctionsParser&#10;Asegúrate de que:&#10;1. La gramática FlowScriptFunctions.g4 esté en src/main/tlf/&#10;2. ANTLR haya generado las clases en el paquete edu.eam.ingesoft.tlf&#10;3. Las clases estén compiladas" type="org.opentest4j.AssertionFailedError"><![CDATA[org.opentest4j.AssertionFailedError: 
No se pudieron encontrar las clases del lexer o parser.
Clases esperadas:
  - FlowScriptFunctionsLexer
  - FlowScriptFunctionsParser
Asegúrate de que:
1. La gramática FlowScriptFunctions.g4 esté en src/main/tlf/
2. ANTLR haya generado las clases en el paquete edu.eam.ingesoft.tlf
3. Las clases estén compiladas
	at org.junit.jupiter.api.AssertionUtils.fail(AssertionUtils.java:38)
	at org.junit.jupiter.api.Assertions.fail(Assertions.java:138)
	at edu.eam.ingesoft.tlf.tester.FlowScriptFunctionsTest.parseWithReflection(FlowScriptFunctionsTest.java:212)
	at edu.eam.ingesoft.tlf.tester.FlowScriptFunctionsTest.lambda$createTestsFromYaml$1(FlowScriptFunctionsTest.java:118)
	at java.base/java.util.Optional.ifPresent(Optional.java:178)
	at java.base/java.util.ArrayList.forEach(ArrayList.java:1597)
	at java.base/java.util.ArrayList.forEach(ArrayList.java:1597)
]]></failure>
  </testcase>
  <testcase name="testFlowScriptFunctions" classname="edu.eam.ingesoft.tlf.tester.FlowScriptFunctionsTest" time="0.001">
    <failure message="No se pudieron encontrar las clases del lexer o parser.&#10;Clases esperadas:&#10;  - FlowScriptFunctionsLexer&#10;  - FlowScriptFunctionsParser&#10;Asegúrate de que:&#10;1. La gramática FlowScriptFunctions.g4 esté en src/main/tlf/&#10;2. ANTLR haya generado las clases en el paquete edu.eam.ingesoft.tlf&#10;3. Las clases estén compiladas" type="org.opentest4j.AssertionFailedError"><![CDATA[org.opentest4j.AssertionFailedError: 
No se pudieron encontrar las clases del lexer o parser.
Clases esperadas:
  - FlowScriptFunctionsLexer
  - FlowScriptFunctionsParser
Asegúrate de que:
1. La gramática FlowScriptFunctions.g4 esté en src/main/tlf/
2. ANTLR haya generado las clases en el paquete edu.eam.ingesoft.tlf
3. Las clases estén compiladas
	at org.junit.jupiter.api.AssertionUtils.fail(AssertionUtils.java:38)
	at org.junit.jupiter.api.Assertions.fail(Assertions.java:138)
	at edu.eam.ingesoft.tlf.tester.FlowScriptFunctionsTest.parseWithReflection(FlowScriptFunctionsTest.java:212)
	at edu.eam.ingesoft.tlf.tester.FlowScriptFunctionsTest.lambda$createTestsFromYaml$1(FlowScriptFunctionsTest.java:118)
	at java.base/java.util.Optional.ifPresent(Optional.java:178)
	at java.base/java.util.ArrayList.forEach(ArrayList.java:1597)
	at java.base/java.util.ArrayList.forEach(ArrayList.java:1597)
]]></failure>
  </testcase>
  <testcase name="testFlowScriptFunctions" classname="edu.eam.ingesoft.tlf.tester.FlowScriptFunctionsTest" time="0.0">
    <failure message="No se pudieron encontrar las clases del lexer o parser.&#10;Clases esperadas:&#10;  - FlowScriptFunctionsLexer&#10;  - FlowScriptFunctionsParser&#10;Asegúrate de que:&#10;1. La gramática FlowScriptFunctions.g4 esté en src/main/tlf/&#10;2. ANTLR haya generado las clases en el paquete edu.eam.ingesoft.tlf&#10;3. Las clases estén compiladas" type="org.opentest4j.AssertionFailedError"><![CDATA[org.opentest4j.AssertionFailedError: 
No se pudieron encontrar las clases del lexer o parser.
Clases esperadas:
  - FlowScriptFunctionsLexer
  - FlowScriptFunctionsParser
Asegúrate de que:
1. La gramática FlowScriptFunctions.g4 esté en src/main/tlf/
2. ANTLR haya generado las clases en el paquete edu.eam.ingesoft.tlf
3. Las clases estén compiladas
	at org.junit.jupiter.api.AssertionUtils.fail(AssertionUtils.java:38)
	at org.junit.jupiter.api.Assertions.fail(Assertions.java:138)
	at edu.eam.ingesoft.tlf.tester.FlowScriptFunctionsTest.parseWithReflection(FlowScriptFunctionsTest.java:212)
	at edu.eam.ingesoft.tlf.tester.FlowScriptFunctionsTest.lambda$createTestsFromYaml$1(FlowScriptFunctionsTest.java:118)
	at java.base/java.util.Optional.ifPresent(Optional.java:178)
	at java.base/java.util.ArrayList.forEach(ArrayList.java:1597)
	at java.base/java.util.ArrayList.forEach(ArrayList.java:1597)
]]></failure>
  </testcase>
  <testcase name="testFlowScriptFunctions" classname="edu.eam.ingesoft.tlf.tester.FlowScriptFunctionsTest" time="0.0">
    <failure message="No se pudieron encontrar las clases del lexer o parser.&#10;Clases esperadas:&#10;  - FlowScriptFunctionsLexer&#10;  - FlowScriptFunctionsParser&#10;Asegúrate de que:&#10;1. La gramática FlowScriptFunctions.g4 esté en src/main/tlf/&#10;2. ANTLR haya generado las clases en el paquete edu.eam.ingesoft.tlf&#10;3. Las clases estén compiladas" type="org.opentest4j.AssertionFailedError"><![CDATA[org.opentest4j.AssertionFailedError: 
No se pudieron encontrar las clases del lexer o parser.
Clases esperadas:
  - FlowScriptFunctionsLexer
  - FlowScriptFunctionsParser
Asegúrate de que:
1. La gramática FlowScriptFunctions.g4 esté en src/main/tlf/
2. ANTLR haya generado las clases en el paquete edu.eam.ingesoft.tlf
3. Las clases estén compiladas
	at org.junit.jupiter.api.AssertionUtils.fail(AssertionUtils.java:38)
	at org.junit.jupiter.api.Assertions.fail(Assertions.java:138)
	at edu.eam.ingesoft.tlf.tester.FlowScriptFunctionsTest.parseWithReflection(FlowScriptFunctionsTest.java:212)
	at edu.eam.ingesoft.tlf.tester.FlowScriptFunctionsTest.lambda$createTestsFromYaml$1(FlowScriptFunctionsTest.java:118)
	at java.base/java.util.Optional.ifPresent(Optional.java:178)
	at java.base/java.util.ArrayList.forEach(ArrayList.java:1597)
	at java.base/java.util.ArrayList.forEach(ArrayList.java:1597)
]]></failure>
  </testcase>
  <testcase name="testFlowScriptFunctions" classname="edu.eam.ingesoft.tlf.tester.FlowScriptFunctionsTest" time="0.0">
    <failure message="No se pudieron encontrar las clases del lexer o parser.&#10;Clases esperadas:&#10;  - FlowScriptFunctionsLexer&#10;  - FlowScriptFunctionsParser&#10;Asegúrate de que:&#10;1. La gramática FlowScriptFunctions.g4 esté en src/main/tlf/&#10;2. ANTLR haya generado las clases en el paquete edu.eam.ingesoft.tlf&#10;3. Las clases estén compiladas" type="org.opentest4j.AssertionFailedError"><![CDATA[org.opentest4j.AssertionFailedError: 
No se pudieron encontrar las clases del lexer o parser.
Clases esperadas:
  - FlowScriptFunctionsLexer
  - FlowScriptFunctionsParser
Asegúrate de que:
1. La gramática FlowScriptFunctions.g4 esté en src/main/tlf/
2. ANTLR haya generado las clases en el paquete edu.eam.ingesoft.tlf
3. Las clases estén compiladas
	at org.junit.jupiter.api.AssertionUtils.fail(AssertionUtils.java:38)
	at org.junit.jupiter.api.Assertions.fail(Assertions.java:138)
	at edu.eam.ingesoft.tlf.tester.FlowScriptFunctionsTest.parseWithReflection(FlowScriptFunctionsTest.java:212)
	at edu.eam.ingesoft.tlf.tester.FlowScriptFunctionsTest.lambda$createTestsFromYaml$1(FlowScriptFunctionsTest.java:118)
	at java.base/java.util.Optional.ifPresent(Optional.java:178)
	at java.base/java.util.ArrayList.forEach(ArrayList.java:1597)
	at java.base/java.util.ArrayList.forEach(ArrayList.java:1597)
]]></failure>
  </testcase>
  <testcase name="testFlowScriptFunctions" classname="edu.eam.ingesoft.tlf.tester.FlowScriptFunctionsTest" time="0.0">
    <failure message="No se pudieron encontrar las clases del lexer o parser.&#10;Clases esperadas:&#10;  - FlowScriptFunctionsLexer&#10;  - FlowScriptFunctionsParser&#10;Asegúrate de que:&#10;1. La gramática FlowScriptFunctions.g4 esté en src/main/tlf/&#10;2. ANTLR haya generado las clases en el paquete edu.eam.ingesoft.tlf&#10;3. Las clases estén compiladas" type="org.opentest4j.AssertionFailedError"><![CDATA[org.opentest4j.AssertionFailedError: 
No se pudieron encontrar las clases del lexer o parser.
Clases esperadas:
  - FlowScriptFunctionsLexer
  - FlowScriptFunctionsParser
Asegúrate de que:
1. La gramática FlowScriptFunctions.g4 esté en src/main/tlf/
2. ANTLR haya generado las clases en el paquete edu.eam.ingesoft.tlf
3. Las clases estén compiladas
	at org.junit.jupiter.api.AssertionUtils.fail(AssertionUtils.java:38)
	at org.junit.jupiter.api.Assertions.fail(Assertions.java:138)
	at edu.eam.ingesoft.tlf.tester.FlowScriptFunctionsTest.parseWithReflection(FlowScriptFunctionsTest.java:212)
	at edu.eam.ingesoft.tlf.tester.FlowScriptFunctionsTest.lambda$createTestsFromYaml$1(FlowScriptFunctionsTest.java:118)
	at java.base/java.util.Optional.ifPresent(Optional.java:178)
	at java.base/java.util.ArrayList.forEach(ArrayList.java:1597)
	at java.base/java.util.ArrayList.forEach(ArrayList.java:1597)
]]></failure>
  </testcase>
  <testcase name="testFlowScriptFunctions" classname="edu.eam.ingesoft.tlf.tester.FlowScriptFunctionsTest" time="0.0">
    <failure message="No se pudieron encontrar las clases del lexer o parser.&#10;Clases esperadas:&#10;  - FlowScriptFunctionsLexer&#10;  - FlowScriptFunctionsParser&#10;Asegúrate de que:&#10;1. La gramática FlowScriptFunctions.g4 esté en src/main/tlf/&#10;2. ANTLR haya generado las clases en el paquete edu.eam.ingesoft.tlf&#10;3. Las clases estén compiladas" type="org.opentest4j.AssertionFailedError"><![CDATA[org.opentest4j.AssertionFailedError: 
No se pudieron encontrar las clases del lexer o parser.
Clases esperadas:
  - FlowScriptFunctionsLexer
  - FlowScriptFunctionsParser
Asegúrate de que:
1. La gramática FlowScriptFunctions.g4 esté en src/main/tlf/
2. ANTLR haya generado las clases en el paquete edu.eam.ingesoft.tlf
3. Las clases estén compiladas
	at org.junit.jupiter.api.AssertionUtils.fail(AssertionUtils.java:38)
	at org.junit.jupiter.api.Assertions.fail(Assertions.java:138)
	at edu.eam.ingesoft.tlf.tester.FlowScriptFunctionsTest.parseWithReflection(FlowScriptFunctionsTest.java:212)
	at edu.eam.ingesoft.tlf.tester.FlowScriptFunctionsTest.lambda$createTestsFromYaml$1(FlowScriptFunctionsTest.java:118)
	at java.base/java.util.Optional.ifPresent(Optional.java:178)
	at java.base/java.util.ArrayList.forEach(ArrayList.java:1597)
	at java.base/java.util.ArrayList.forEach(ArrayList.java:1597)
]]></failure>
  </testcase>
  <testcase name="testFlowScriptFunctions" classname="edu.eam.ingesoft.tlf.tester.FlowScriptFunctionsTest" time="0.0">
    <failure message="No se pudieron encontrar las clases del lexer o parser.&#10;Clases esperadas:&#10;  - FlowScriptFunctionsLexer&#10;  - FlowScriptFunctionsParser&#10;Asegúrate de que:&#10;1. La gramática FlowScriptFunctions.g4 esté en src/main/tlf/&#10;2. ANTLR haya generado las clases en el paquete edu.eam.ingesoft.tlf&#10;3. Las clases estén compiladas" type="org.opentest4j.AssertionFailedError"><![CDATA[org.opentest4j.AssertionFailedError: 
No se pudieron encontrar las clases del lexer o parser.
Clases esperadas:
  - FlowScriptFunctionsLexer
  - FlowScriptFunctionsParser
Asegúrate de que:
1. La gramática FlowScriptFunctions.g4 esté en src/main/tlf/
2. ANTLR haya generado las clases en el paquete edu.eam.ingesoft.tlf
3. Las clases estén compiladas
	at org.junit.jupiter.api.AssertionUtils.fail(AssertionUtils.java:38)
	at org.junit.jupiter.api.Assertions.fail(Assertions.java:138)
	at edu.eam.ingesoft.tlf.tester.FlowScriptFunctionsTest.parseWithReflection(FlowScriptFunctionsTest.java:212)
	at edu.eam.ingesoft.tlf.tester.FlowScriptFunctionsTest.lambda$createTestsFromYaml$1(FlowScriptFunctionsTest.java:118)
	at java.base/java.util.Optional.ifPresent(Optional.java:178)
	at java.base/java.util.ArrayList.forEach(ArrayList.java:1597)
	at java.base/java.util.ArrayList.forEach(ArrayList.java:1597)
]]></failure>
  </testcase>
  <testcase name="testFlowScriptFunctions" classname="edu.eam.ingesoft.tlf.tester.FlowScriptFunctionsTest" time="0.0">
    <failure message="No se pudieron encontrar las clases del lexer o parser.&#10;Clases esperadas:&#10;  - FlowScriptFunctionsLexer&#10;  - FlowScriptFunctionsParser&#10;Asegúrate de que:&#10;1. La gramática FlowScriptFunctions.g4 esté en src/main/tlf/&#10;2. ANTLR haya generado las clases en el paquete edu.eam.ingesoft.tlf&#10;3. Las clases estén compiladas" type="org.opentest4j.AssertionFailedError"><![CDATA[org.opentest4j.AssertionFailedError: 
No se pudieron encontrar las clases del lexer o parser.
Clases esperadas:
  - FlowScriptFunctionsLexer
  - FlowScriptFunctionsParser
Asegúrate de que:
1. La gramática FlowScriptFunctions.g4 esté en src/main/tlf/
2. ANTLR haya generado las clases en el paquete edu.eam.ingesoft.tlf
3. Las clases estén compiladas
	at org.junit.jupiter.api.AssertionUtils.fail(AssertionUtils.java:38)
	at org.junit.jupiter.api.Assertions.fail(Assertions.java:138)
	at edu.eam.ingesoft.tlf.tester.FlowScriptFunctionsTest.parseWithReflection(FlowScriptFunctionsTest.java:212)
	at edu.eam.ingesoft.tlf.tester.FlowScriptFunctionsTest.lambda$createTestsFromYaml$1(FlowScriptFunctionsTest.java:118)
	at java.base/java.util.Optional.ifPresent(Optional.java:178)
	at java.base/java.util.ArrayList.forEach(ArrayList.java:1597)
	at java.base/java.util.ArrayList.forEach(ArrayList.java:1597)
]]></failure>
  </testcase>
  <testcase name="testFlowScriptFunctions" classname="edu.eam.ingesoft.tlf.tester.FlowScriptFunctionsTest" time="0.0">
    <failure message="No se pudieron encontrar las clases del lexer o parser.&#10;Clases esperadas:&#10;  - FlowScriptFunctionsLexer&#10;  - FlowScriptFunctionsParser&#10;Asegúrate de que:&#10;1. La gramática FlowScriptFunctions.g4 esté en src/main/tlf/&#10;2. ANTLR haya generado las clases en el paquete edu.eam.ingesoft.tlf&#10;3. Las clases estén compiladas" type="org.opentest4j.AssertionFailedError"><![CDATA[org.opentest4j.AssertionFailedError: 
No se pudieron encontrar las clases del lexer o parser.
Clases esperadas:
  - FlowScriptFunctionsLexer
  - FlowScriptFunctionsParser
Asegúrate de que:
1. La gramática FlowScriptFunctions.g4 esté en src/main/tlf/
2. ANTLR haya generado las clases en el paquete edu.eam.ingesoft.tlf
3. Las clases estén compiladas
	at org.junit.jupiter.api.AssertionUtils.fail(AssertionUtils.java:38)
	at org.junit.jupiter.api.Assertions.fail(Assertions.java:138)
	at edu.eam.ingesoft.tlf.tester.FlowScriptFunctionsTest.parseWithReflection(FlowScriptFunctionsTest.java:212)
	at edu.eam.ingesoft.tlf.tester.FlowScriptFunctionsTest.lambda$createTestsFromYaml$1(FlowScriptFunctionsTest.java:118)
	at java.base/java.util.Optional.ifPresent(Optional.java:178)
	at java.base/java.util.ArrayList.forEach(ArrayList.java:1597)
	at java.base/java.util.ArrayList.forEach(ArrayList.java:1597)
]]></failure>
  </testcase>
  <testcase name="testFlowScriptFunctions" classname="edu.eam.ingesoft.tlf.tester.FlowScriptFunctionsTest" time="0.0">
    <failure message="No se pudieron encontrar las clases del lexer o parser.&#10;Clases esperadas:&#10;  - FlowScriptFunctionsLexer&#10;  - FlowScriptFunctionsParser&#10;Asegúrate de que:&#10;1. La gramática FlowScriptFunctions.g4 esté en src/main/tlf/&#10;2. ANTLR haya generado las clases en el paquete edu.eam.ingesoft.tlf&#10;3. Las clases estén compiladas" type="org.opentest4j.AssertionFailedError"><![CDATA[org.opentest4j.AssertionFailedError: 
No se pudieron encontrar las clases del lexer o parser.
Clases esperadas:
  - FlowScriptFunctionsLexer
  - FlowScriptFunctionsParser
Asegúrate de que:
1. La gramática FlowScriptFunctions.g4 esté en src/main/tlf/
2. ANTLR haya generado las clases en el paquete edu.eam.ingesoft.tlf
3. Las clases estén compiladas
	at org.junit.jupiter.api.AssertionUtils.fail(AssertionUtils.java:38)
	at org.junit.jupiter.api.Assertions.fail(Assertions.java:138)
	at edu.eam.ingesoft.tlf.tester.FlowScriptFunctionsTest.parseWithReflection(FlowScriptFunctionsTest.java:212)
	at edu.eam.ingesoft.tlf.tester.FlowScriptFunctionsTest.lambda$createTestsFromYaml$1(FlowScriptFunctionsTest.java:118)
	at java.base/java.util.Optional.ifPresent(Optional.java:178)
	at java.base/java.util.ArrayList.forEach(ArrayList.java:1597)
	at java.base/java.util.ArrayList.forEach(ArrayList.java:1597)
]]></failure>
  </testcase>
  <testcase name="testFlowScriptFunctions" classname="edu.eam.ingesoft.tlf.tester.FlowScriptFunctionsTest" time="0.0">
    <failure message="No se pudieron encontrar las clases del lexer o parser.&#10;Clases esperadas:&#10;  - FlowScriptFunctionsLexer&#10;  - FlowScriptFunctionsParser&#10;Asegúrate de que:&#10;1. La gramática FlowScriptFunctions.g4 esté en src/main/tlf/&#10;2. ANTLR haya generado las clases en el paquete edu.eam.ingesoft.tlf&#10;3. Las clases estén compiladas" type="org.opentest4j.AssertionFailedError"><![CDATA[org.opentest4j.AssertionFailedError: 
No se pudieron encontrar las clases del lexer o parser.
Clases esperadas:
  - FlowScriptFunctionsLexer
  - FlowScriptFunctionsParser
Asegúrate de que:
1. La gramática FlowScriptFunctions.g4 esté en src/main/tlf/
2. ANTLR haya generado las clases en el paquete edu.eam.ingesoft.tlf
3. Las clases estén compiladas
	at org.junit.jupiter.api.AssertionUtils.fail(AssertionUtils.java:38)
	at org.junit.jupiter.api.Assertions.fail(Assertions.java:138)
	at edu.eam.ingesoft.tlf.tester.FlowScriptFunctionsTest.parseWithReflection(FlowScriptFunctionsTest.java:212)
	at edu.eam.ingesoft.tlf.tester.FlowScriptFunctionsTest.lambda$createTestsFromYaml$1(FlowScriptFunctionsTest.java:118)
	at java.base/java.util.Optional.ifPresent(Optional.java:178)
	at java.base/java.util.ArrayList.forEach(ArrayList.java:1597)
	at java.base/java.util.ArrayList.forEach(ArrayList.java:1597)
]]></failure>
  </testcase>
  <testcase name="testFlowScriptFunctions" classname="edu.eam.ingesoft.tlf.tester.FlowScriptFunctionsTest" time="0.001">
    <failure message="No se pudieron encontrar las clases del lexer o parser.&#10;Clases esperadas:&#10;  - FlowScriptFunctionsLexer&#10;  - FlowScriptFunctionsParser&#10;Asegúrate de que:&#10;1. La gramática FlowScriptFunctions.g4 esté en src/main/tlf/&#10;2. ANTLR haya generado las clases en el paquete edu.eam.ingesoft.tlf&#10;3. Las clases estén compiladas" type="org.opentest4j.AssertionFailedError"><![CDATA[org.opentest4j.AssertionFailedError: 
No se pudieron encontrar las clases del lexer o parser.
Clases esperadas:
  - FlowScriptFunctionsLexer
  - FlowScriptFunctionsParser
Asegúrate de que:
1. La gramática FlowScriptFunctions.g4 esté en src/main/tlf/
2. ANTLR haya generado las clases en el paquete edu.eam.ingesoft.tlf
3. Las clases estén compiladas
	at org.junit.jupiter.api.AssertionUtils.fail(AssertionUtils.java:38)
	at org.junit.jupiter.api.Assertions.fail(Assertions.java:138)
	at edu.eam.ingesoft.tlf.tester.FlowScriptFunctionsTest.parseWithReflection(FlowScriptFunctionsTest.java:212)
	at edu.eam.ingesoft.tlf.tester.FlowScriptFunctionsTest.lambda$createTestsFromYaml$1(FlowScriptFunctionsTest.java:118)
	at java.base/java.util.Optional.ifPresent(Optional.java:178)
	at java.base/java.util.ArrayList.forEach(ArrayList.java:1597)
	at java.base/java.util.ArrayList.forEach(ArrayList.java:1597)
]]></failure>
  </testcase>
  <testcase name="testFlowScriptFunctions" classname="edu.eam.ingesoft.tlf.tester.FlowScriptFunctionsTest" time="0.001">
    <failure message="No se pudieron encontrar las clases del lexer o parser.&#10;Clases esperadas:&#10;  - FlowScriptFunctionsLexer&#10;  - FlowScriptFunctionsParser&#10;Asegúrate de que:&#10;1. La gramática FlowScriptFunctions.g4 esté en src/main/tlf/&#10;2. ANTLR haya generado las clases en el paquete edu.eam.ingesoft.tlf&#10;3. Las clases estén compiladas" type="org.opentest4j.AssertionFailedError"><![CDATA[org.opentest4j.AssertionFailedError: 
No se pudieron encontrar las clases del lexer o parser.
Clases esperadas:
  - FlowScriptFunctionsLexer
  - FlowScriptFunctionsParser
Asegúrate de que:
1. La gramática FlowScriptFunctions.g4 esté en src/main/tlf/
2. ANTLR haya generado las clases en el paquete edu.eam.ingesoft.tlf
3. Las clases estén compiladas
	at org.junit.jupiter.api.AssertionUtils.fail(AssertionUtils.java:38)
	at org.junit.jupiter.api.Assertions.fail(Assertions.java:138)
	at edu.eam.ingesoft.tlf.tester.FlowScriptFunctionsTest.parseWithReflection(FlowScriptFunctionsTest.java:212)
	at edu.eam.ingesoft.tlf.tester.FlowScriptFunctionsTest.lambda$createTestsFromYaml$1(FlowScriptFunctionsTest.java:118)
	at java.base/java.util.Optional.ifPresent(Optional.java:178)
	at java.base/java.util.ArrayList.forEach(ArrayList.java:1597)
	at java.base/java.util.ArrayList.forEach(ArrayList.java:1597)
]]></failure>
  </testcase>
  <testcase name="testFlowScriptFunctions" classname="edu.eam.ingesoft.tlf.tester.FlowScriptFunctionsTest" time="0.001">
    <failure message="No se pudieron encontrar las clases del lexer o parser.&#10;Clases esperadas:&#10;  - FlowScriptFunctionsLexer&#10;  - FlowScriptFunctionsParser&#10;Asegúrate de que:&#10;1. La gramática FlowScriptFunctions.g4 esté en src/main/tlf/&#10;2. ANTLR haya generado las clases en el paquete edu.eam.ingesoft.tlf&#10;3. Las clases estén compiladas" type="org.opentest4j.AssertionFailedError"><![CDATA[org.opentest4j.AssertionFailedError: 
No se pudieron encontrar las clases del lexer o parser.
Clases esperadas:
  - FlowScriptFunctionsLexer
  - FlowScriptFunctionsParser
Asegúrate de que:
1. La gramática FlowScriptFunctions.g4 esté en src/main/tlf/
2. ANTLR haya generado las clases en el paquete edu.eam.ingesoft.tlf
3. Las clases estén compiladas
	at org.junit.jupiter.api.AssertionUtils.fail(AssertionUtils.java:38)
	at org.junit.jupiter.api.Assertions.fail(Assertions.java:138)
	at edu.eam.ingesoft.tlf.tester.FlowScriptFunctionsTest.parseWithReflection(FlowScriptFunctionsTest.java:212)
	at edu.eam.ingesoft.tlf.tester.FlowScriptFunctionsTest.lambda$createTestsFromYaml$1(FlowScriptFunctionsTest.java:118)
	at java.base/java.util.Optional.ifPresent(Optional.java:178)
	at java.base/java.util.ArrayList.forEach(ArrayList.java:1597)
	at java.base/java.util.ArrayList.forEach(ArrayList.java:1597)
]]></failure>
  </testcase>
  <testcase name="testFlowScriptFunctions" classname="edu.eam.ingesoft.tlf.tester.FlowScriptFunctionsTest" time="0.001">
    <failure message="No se pudieron encontrar las clases del lexer o parser.&#10;Clases esperadas:&#10;  - FlowScriptFunctionsLexer&#10;  - FlowScriptFunctionsParser&#10;Asegúrate de que:&#10;1. La gramática FlowScriptFunctions.g4 esté en src/main/tlf/&#10;2. ANTLR haya generado las clases en el paquete edu.eam.ingesoft.tlf&#10;3. Las clases estén compiladas" type="org.opentest4j.AssertionFailedError"><![CDATA[org.opentest4j.AssertionFailedError: 
No se pudieron encontrar las clases del lexer o parser.
Clases esperadas:
  - FlowScriptFunctionsLexer
  - FlowScriptFunctionsParser
Asegúrate de que:
1. La gramática FlowScriptFunctions.g4 esté en src/main/tlf/
2. ANTLR haya generado las clases en el paquete edu.eam.ingesoft.tlf
3. Las clases estén compiladas
	at org.junit.jupiter.api.AssertionUtils.fail(AssertionUtils.java:38)
	at org.junit.jupiter.api.Assertions.fail(Assertions.java:138)
	at edu.eam.ingesoft.tlf.tester.FlowScriptFunctionsTest.parseWithReflection(FlowScriptFunctionsTest.java:212)
	at edu.eam.ingesoft.tlf.tester.FlowScriptFunctionsTest.lambda$createTestsFromYaml$1(FlowScriptFunctionsTest.java:118)
	at java.base/java.util.Optional.ifPresent(Optional.java:178)
	at java.base/java.util.ArrayList.forEach(ArrayList.java:1597)
	at java.base/java.util.ArrayList.forEach(ArrayList.java:1597)
]]></failure>
  </testcase>
  <testcase name="testFlowScriptFunctions" classname="edu.eam.ingesoft.tlf.tester.FlowScriptFunctionsTest" time="0.001">
    <failure message="No se pudieron encontrar las clases del lexer o parser.&#10;Clases esperadas:&#10;  - FlowScriptFunctionsLexer&#10;  - FlowScriptFunctionsParser&#10;Asegúrate de que:&#10;1. La gramática FlowScriptFunctions.g4 esté en src/main/tlf/&#10;2. ANTLR haya generado las clases en el paquete edu.eam.ingesoft.tlf&#10;3. Las clases estén compiladas" type="org.opentest4j.AssertionFailedError"><![CDATA[org.opentest4j.AssertionFailedError: 
No se pudieron encontrar las clases del lexer o parser.
Clases esperadas:
  - FlowScriptFunctionsLexer
  - FlowScriptFunctionsParser
Asegúrate de que:
1. La gramática FlowScriptFunctions.g4 esté en src/main/tlf/
2. ANTLR haya generado las clases en el paquete edu.eam.ingesoft.tlf
3. Las clases estén compiladas
	at org.junit.jupiter.api.AssertionUtils.fail(AssertionUtils.java:38)
	at org.junit.jupiter.api.Assertions.fail(Assertions.java:138)
	at edu.eam.ingesoft.tlf.tester.FlowScriptFunctionsTest.parseWithReflection(FlowScriptFunctionsTest.java:212)
	at edu.eam.ingesoft.tlf.tester.FlowScriptFunctionsTest.lambda$createTestsFromYaml$1(FlowScriptFunctionsTest.java:118)
	at java.base/java.util.Optional.ifPresent(Optional.java:178)
	at java.base/java.util.ArrayList.forEach(ArrayList.java:1597)
	at java.base/java.util.ArrayList.forEach(ArrayList.java:1597)
]]></failure>
  </testcase>
  <testcase name="testFlowScriptFunctions" classname="edu.eam.ingesoft.tlf.tester.FlowScriptFunctionsTest" time="0.0">
    <failure message="No se pudieron encontrar las clases del lexer o parser.&#10;Clases esperadas:&#10;  - FlowScriptFunctionsLexer&#10;  - FlowScriptFunctionsParser&#10;Asegúrate de que:&#10;1. La gramática FlowScriptFunctions.g4 esté en src/main/tlf/&#10;2. ANTLR haya generado las clases en el paquete edu.eam.ingesoft.tlf&#10;3. Las clases estén compiladas" type="org.opentest4j.AssertionFailedError"><![CDATA[org.opentest4j.AssertionFailedError: 
No se pudieron encontrar las clases del lexer o parser.
Clases esperadas:
  - FlowScriptFunctionsLexer
  - FlowScriptFunctionsParser
Asegúrate de que:
1. La gramática FlowScriptFunctions.g4 esté en src/main/tlf/
2. ANTLR haya generado las clases en el paquete edu.eam.ingesoft.tlf
3. Las clases estén compiladas
	at org.junit.jupiter.api.AssertionUtils.fail(AssertionUtils.java:38)
	at org.junit.jupiter.api.Assertions.fail(Assertions.java:138)
	at edu.eam.ingesoft.tlf.tester.FlowScriptFunctionsTest.parseWithReflection(FlowScriptFunctionsTest.java:212)
	at edu.eam.ingesoft.tlf.tester.FlowScriptFunctionsTest.lambda$createTestsFromYaml$1(FlowScriptFunctionsTest.java:118)
	at java.base/java.util.Optional.ifPresent(Optional.java:178)
	at java.base/java.util.ArrayList.forEach(ArrayList.java:1597)
	at java.base/java.util.ArrayList.forEach(ArrayList.java:1597)
]]></failure>
  </testcase>
  <testcase name="testFlowScriptFunctions" classname="edu.eam.ingesoft.tlf.tester.FlowScriptFunctionsTest" time="0.0">
    <failure message="No se pudieron encontrar las clases del lexer o parser.&#10;Clases esperadas:&#10;  - FlowScriptFunctionsLexer&#10;  - FlowScriptFunctionsParser&#10;Asegúrate de que:&#10;1. La gramática FlowScriptFunctions.g4 esté en src/main/tlf/&#10;2. ANTLR haya generado las clases en el paquete edu.eam.ingesoft.tlf&#10;3. Las clases estén compiladas" type="org.opentest4j.AssertionFailedError"><![CDATA[org.opentest4j.AssertionFailedError: 
No se pudieron encontrar las clases del lexer o parser.
Clases esperadas:
  - FlowScriptFunctionsLexer
  - FlowScriptFunctionsParser
Asegúrate de que:
1. La gramática FlowScriptFunctions.g4 esté en src/main/tlf/
2. ANTLR haya generado las clases en el paquete edu.eam.ingesoft.tlf
3. Las clases estén compiladas
	at org.junit.jupiter.api.AssertionUtils.fail(AssertionUtils.java:38)
	at org.junit.jupiter.api.Assertions.fail(Assertions.java:138)
	at edu.eam.ingesoft.tlf.tester.FlowScriptFunctionsTest.parseWithReflection(FlowScriptFunctionsTest.java:212)
	at edu.eam.ingesoft.tlf.tester.FlowScriptFunctionsTest.lambda$createTestsFromYaml$1(FlowScriptFunctionsTest.java:118)
	at java.base/java.util.Optional.ifPresent(Optional.java:178)
	at java.base/java.util.ArrayList.forEach(ArrayList.java:1597)
	at java.base/java.util.ArrayList.forEach(ArrayList.java:1597)
]]></failure>
  </testcase>
  <testcase name="testFlowScriptFunctions" classname="edu.eam.ingesoft.tlf.tester.FlowScriptFunctionsTest" time="0.001">
    <failure message="No se pudieron encontrar las clases del lexer o parser.&#10;Clases esperadas:&#10;  - FlowScriptFunctionsLexer&#10;  - FlowScriptFunctionsParser&#10;Asegúrate de que:&#10;1. La gramática FlowScriptFunctions.g4 esté en src/main/tlf/&#10;2. ANTLR haya generado las clases en el paquete edu.eam.ingesoft.tlf&#10;3. Las clases estén compiladas" type="org.opentest4j.AssertionFailedError"><![CDATA[org.opentest4j.AssertionFailedError: 
No se pudieron encontrar las clases del lexer o parser.
Clases esperadas:
  - FlowScriptFunctionsLexer
  - FlowScriptFunctionsParser
Asegúrate de que:
1. La gramática FlowScriptFunctions.g4 esté en src/main/tlf/
2. ANTLR haya generado las clases en el paquete edu.eam.ingesoft.tlf
3. Las clases estén compiladas
	at org.junit.jupiter.api.AssertionUtils.fail(AssertionUtils.java:38)
	at org.junit.jupiter.api.Assertions.fail(Assertions.java:138)
	at edu.eam.ingesoft.tlf.tester.FlowScriptFunctionsTest.parseWithReflection(FlowScriptFunctionsTest.java:212)
	at edu.eam.ingesoft.tlf.tester.FlowScriptFunctionsTest.lambda$createTestsFromYaml$1(FlowScriptFunctionsTest.java:118)
	at java.base/java.util.Optional.ifPresent(Optional.java:178)
	at java.base/java.util.ArrayList.forEach(ArrayList.java:1597)
	at java.base/java.util.ArrayList.forEach(ArrayList.java:1597)
]]></failure>
  </testcase>
  <testcase name="testFlowScriptFunctions" classname="edu.eam.ingesoft.tlf.tester.FlowScriptFunctionsTest" time="0.0">
    <failure message="No se pudieron encontrar las clases del lexer o parser.&#10;Clases esperadas:&#10;  - FlowScriptFunctionsLexer&#10;  - FlowScriptFunctionsParser&#10;Asegúrate de que:&#10;1. La gramática FlowScriptFunctions.g4 esté en src/main/tlf/&#10;2. ANTLR haya generado las clases en el paquete edu.eam.ingesoft.tlf&#10;3. Las clases estén compiladas" type="org.opentest4j.AssertionFailedError"><![CDATA[org.opentest4j.AssertionFailedError: 
No se pudieron encontrar las clases del lexer o parser.
Clases esperadas:
  - FlowScriptFunctionsLexer
  - FlowScriptFunctionsParser
Asegúrate de que:
1. La gramática FlowScriptFunctions.g4 esté en src/main/tlf/
2. ANTLR haya generado las clases en el paquete edu.eam.ingesoft.tlf
3. Las clases estén compiladas
	at org.junit.jupiter.api.AssertionUtils.fail(AssertionUtils.java:38)
	at org.junit.jupiter.api.Assertions.fail(Assertions.java:138)
	at edu.eam.ingesoft.tlf.tester.FlowScriptFunctionsTest.parseWithReflection(FlowScriptFunctionsTest.java:212)
	at edu.eam.ingesoft.tlf.tester.FlowScriptFunctionsTest.lambda$createTestsFromYaml$1(FlowScriptFunctionsTest.java:118)
	at java.base/java.util.Optional.ifPresent(Optional.java:178)
	at java.base/java.util.ArrayList.forEach(ArrayList.java:1597)
	at java.base/java.util.ArrayList.forEach(ArrayList.java:1597)
]]></failure>
  </testcase>
  <testcase name="testFlowScriptFunctions" classname="edu.eam.ingesoft.tlf.tester.FlowScriptFunctionsTest" time="0.001">
    <failure message="No se pudieron encontrar las clases del lexer o parser.&#10;Clases esperadas:&#10;  - FlowScriptFunctionsLexer&#10;  - FlowScriptFunctionsParser&#10;Asegúrate de que:&#10;1. La gramática FlowScriptFunctions.g4 esté en src/main/tlf/&#10;2. ANTLR haya generado las clases en el paquete edu.eam.ingesoft.tlf&#10;3. Las clases estén compiladas" type="org.opentest4j.AssertionFailedError"><![CDATA[org.opentest4j.AssertionFailedError: 
No se pudieron encontrar las clases del lexer o parser.
Clases esperadas:
  - FlowScriptFunctionsLexer
  - FlowScriptFunctionsParser
Asegúrate de que:
1. La gramática FlowScriptFunctions.g4 esté en src/main/tlf/
2. ANTLR haya generado las clases en el paquete edu.eam.ingesoft.tlf
3. Las clases estén compiladas
	at org.junit.jupiter.api.AssertionUtils.fail(AssertionUtils.java:38)
	at org.junit.jupiter.api.Assertions.fail(Assertions.java:138)
	at edu.eam.ingesoft.tlf.tester.FlowScriptFunctionsTest.parseWithReflection(FlowScriptFunctionsTest.java:212)
	at edu.eam.ingesoft.tlf.tester.FlowScriptFunctionsTest.lambda$createTestsFromYaml$1(FlowScriptFunctionsTest.java:118)
	at java.base/java.util.Optional.ifPresent(Optional.java:178)
	at java.base/java.util.ArrayList.forEach(ArrayList.java:1597)
	at java.base/java.util.ArrayList.forEach(ArrayList.java:1597)
]]></failure>
  </testcase>
</testsuite>